L 11/13/2015 - 01:57:10: SourceMod error session started
L 11/13/2015 - 01:57:10: Info (map "de_dust2") (file "errors_20151113.log")
L 11/13/2015 - 01:57:10: Failed to auto generate config for pugsetup.smx, make sure the directory has write permission.
L 11/13/2015 - 01:57:10: [pugsetup.smx] Missing map file: addons\sourcemod\configs\pugsetup\maps.txt
L 11/13/2015 - 01:57:10: [pugsetup.smx] Missing map file: addons\sourcemod\configs\pugsetup\aim_maps.txt
L 11/13/2015 - 01:57:18: Error log file session closed.
L 11/13/2015 - 01:57:18: SourceMod error session started
L 11/13/2015 - 01:57:18: Info (map "de_dust2") (file "errors_20151113.log")
L 11/13/2015 - 01:57:18: Failed to auto generate config for pugsetup.smx, make sure the directory has write permission.
L 11/13/2015 - 01:57:18: [pugsetup.smx] Missing map file: addons\sourcemod\configs\pugsetup\maps.txt
L 11/13/2015 - 01:57:18: [pugsetup.smx] Missing map file: addons\sourcemod\configs\pugsetup\aim_maps.txt
L 11/13/2015 - 02:00:19: SourceMod error session started
L 11/13/2015 - 02:00:19: Info (map "de_dust2") (file "errors_20151113.log")
L 11/13/2015 - 02:00:19: Failed to auto generate config for pugsetup.smx, make sure the directory has write permission.
L 11/13/2015 - 02:00:19: [pugsetup.smx] Missing map file: addons\sourcemod\configs\pugsetup\maps.txt
L 11/13/2015 - 02:00:19: [pugsetup.smx] Missing map file: addons\sourcemod\configs\pugsetup\aim_maps.txt
L 11/13/2015 - 02:00:35: SourceMod error session started
L 11/13/2015 - 02:00:35: Info (map "de_dust2") (file "errors_20151113.log")
L 11/13/2015 - 02:00:35: Failed to auto generate config for pugsetup.smx, make sure the directory has write permission.
L 11/13/2015 - 02:00:35: [pugsetup.smx] Missing map file: addons\sourcemod\configs\pugsetup\maps.txt
L 11/13/2015 - 02:00:35: [pugsetup.smx] Missing map file: addons\sourcemod\configs\pugsetup\aim_maps.txt
L 11/13/2015 - 02:00:43: Error log file session closed.
L 11/13/2015 - 02:00:43: SourceMod error session started
L 11/13/2015 - 02:00:43: Info (map "de_dust2") (file "errors_20151113.log")
L 11/13/2015 - 02:00:43: Failed to auto generate config for pugsetup.smx, make sure the directory has write permission.
L 11/13/2015 - 02:00:43: [pugsetup.smx] Missing map file: addons\sourcemod\configs\pugsetup\maps.txt
L 11/13/2015 - 02:00:43: [pugsetup.smx] Missing map file: addons\sourcemod\configs\pugsetup\aim_maps.txt
L 11/13/2015 - 03:33:10: SourceMod error session started
L 11/13/2015 - 03:33:10: Info (map "de_dust2") (file "errors_20151113.log")
L 11/13/2015 - 03:33:10: Failed to auto generate config for pugsetup.smx, make sure the directory has write permission.
L 11/13/2015 - 03:33:10: [pugsetup.smx] Missing map file: addons\sourcemod\configs\pugsetup\maps.txt
L 11/13/2015 - 03:33:10: [pugsetup.smx] Missing map file: addons\sourcemod\configs\pugsetup\aim_maps.txt
L 11/13/2015 - 03:33:51: Error log file session closed.
L 11/13/2015 - 03:33:51: SourceMod error session started
L 11/13/2015 - 03:33:51: Info (map "de_dust2") (file "errors_20151113.log")
L 11/13/2015 - 03:33:51: Failed to auto generate config for pugsetup.smx, make sure the directory has write permission.
L 11/13/2015 - 03:33:51: [pugsetup.smx] Missing map file: addons\sourcemod\configs\pugsetup\maps.txt
L 11/13/2015 - 03:33:51: [pugsetup.smx] Missing map file: addons\sourcemod\configs\pugsetup\aim_maps.txt
L 11/13/2015 - 13:38:23: Error log file session closed.
L 11/13/2015 - 13:38:24: SourceMod error session started
L 11/13/2015 - 13:38:24: Info (map "de_dust2") (file "errors_20151113.log")
L 11/13/2015 - 13:38:24: Failed to auto generate config for pugsetup.smx, make sure the directory has write permission.
L 11/13/2015 - 13:38:25: [pugsetup.smx] Missing map file: addons\sourcemod\configs\pugsetup\maps.txt
L 11/13/2015 - 13:38:25: [pugsetup.smx] Missing map file: addons\sourcemod\configs\pugsetup\aim_maps.txt
L 11/13/2015 - 13:48:02: SourceMod error session started
L 11/13/2015 - 13:48:02: Info (map "de_dust2") (file "errors_20151113.log")
L 11/13/2015 - 13:48:02: Failed to auto generate config for pugsetup.smx, make sure the directory has write permission.
L 11/13/2015 - 13:48:02: [pugsetup.smx] Missing map file: addons\sourcemod\configs\pugsetup\maps.txt
L 11/13/2015 - 13:48:02: [pugsetup.smx] Missing map file: addons\sourcemod\configs\pugsetup\aim_maps.txt
L 11/13/2015 - 13:49:09: Error log file session closed.
L 11/13/2015 - 13:49:23: SourceMod error session started
L 11/13/2015 - 13:49:23: Info (map "de_dust2") (file "errors_20151113.log")
L 11/13/2015 - 13:49:23: Failed to auto generate config for pugsetup.smx, make sure the directory has write permission.
L 11/13/2015 - 13:49:23: [pugsetup.smx] Missing map file: addons\sourcemod\configs\pugsetup\maps.txt
L 11/13/2015 - 13:49:23: [pugsetup.smx] Missing map file: addons\sourcemod\configs\pugsetup\aim_maps.txt
L 11/13/2015 - 13:49:40: Error log file session closed.
L 11/13/2015 - 13:49:40: SourceMod error session started
L 11/13/2015 - 13:49:40: Info (map "de_dust2") (file "errors_20151113.log")
L 11/13/2015 - 13:49:40: Failed to auto generate config for pugsetup.smx, make sure the directory has write permission.
L 11/13/2015 - 13:49:40: [pugsetup.smx] Missing map file: addons\sourcemod\configs\pugsetup\maps.txt
L 11/13/2015 - 13:49:40: [pugsetup.smx] Missing map file: addons\sourcemod\configs\pugsetup\aim_maps.txt
L 11/13/2015 - 13:53:42: SourceMod error session started
L 11/13/2015 - 13:53:42: Info (map "de_dust2") (file "errors_20151113.log")
L 11/13/2015 - 13:53:42: Failed to auto generate config for pugsetup.smx, make sure the directory has write permission.
L 11/13/2015 - 13:53:42: [pugsetup.smx] Missing map file: addons\sourcemod\configs\pugsetup\maps.txt
L 11/13/2015 - 13:53:42: [pugsetup.smx] Missing map file: addons\sourcemod\configs\pugsetup\aim_maps.txt
L 11/13/2015 - 13:55:50: SourceMod error session started
L 11/13/2015 - 13:55:50: Info (map "de_dust2") (file "errors_20151113.log")
L 11/13/2015 - 13:55:50: Failed to auto generate config for pugsetup.smx, make sure the directory has write permission.
L 11/13/2015 - 13:55:50: [pugsetup.smx] Missing map file: addons\sourcemod\configs\pugsetup\maps.txt
L 11/13/2015 - 13:55:50: [pugsetup.smx] Missing map file: addons\sourcemod\configs\pugsetup\aim_maps.txt
L 11/13/2015 - 13:59:30: Error log file session closed.
L 11/13/2015 - 13:59:30: SourceMod error session started
L 11/13/2015 - 13:59:30: Info (map "de_dust2") (file "errors_20151113.log")
L 11/13/2015 - 13:59:30: Failed to auto generate config for pugsetup.smx, make sure the directory has write permission.
L 11/13/2015 - 13:59:30: [pugsetup.smx] Missing map file: addons\sourcemod\configs\pugsetup\maps.txt
L 11/13/2015 - 13:59:30: [pugsetup.smx] Missing map file: addons\sourcemod\configs\pugsetup\aim_maps.txt
L 11/13/2015 - 14:07:49: Error log file session closed.
L 11/13/2015 - 14:07:59: SourceMod error session started
L 11/13/2015 - 14:07:59: Info (map "de_dust2") (file "errors_20151113.log")
L 11/13/2015 - 14:07:59: Failed to auto generate config for pugsetup.smx, make sure the directory has write permission.
L 11/13/2015 - 14:07:59: [pugsetup.smx] Missing map file: addons\sourcemod\configs\pugsetup\maps.txt
L 11/13/2015 - 14:07:59: [pugsetup.smx] Missing map file: addons\sourcemod\configs\pugsetup\aim_maps.txt
L 11/13/2015 - 14:09:04: Error log file session closed.
L 11/13/2015 - 14:09:04: SourceMod error session started
L 11/13/2015 - 14:09:04: Info (map "de_dust2") (file "errors_20151113.log")
L 11/13/2015 - 14:09:04: Failed to auto generate config for pugsetup.smx, make sure the directory has write permission.
L 11/13/2015 - 14:09:04: [pugsetup.smx] Missing map file: addons\sourcemod\configs\pugsetup\maps.txt
L 11/13/2015 - 14:09:04: [pugsetup.smx] Missing map file: addons\sourcemod\configs\pugsetup\aim_maps.txt
L 11/13/2015 - 14:10:12: Error log file session closed.
L 11/13/2015 - 14:10:21: SourceMod error session started
L 11/13/2015 - 14:10:21: Info (map "de_dust2") (file "errors_20151113.log")
L 11/13/2015 - 14:10:21: Failed to auto generate config for pugsetup.smx, make sure the directory has write permission.
L 11/13/2015 - 14:10:21: [pugsetup.smx] Missing map file: addons\sourcemod\configs\pugsetup\maps.txt
L 11/13/2015 - 14:10:21: [pugsetup.smx] Missing map file: addons\sourcemod\configs\pugsetup\aim_maps.txt
L 11/13/2015 - 14:11:34: Error log file session closed.
L 11/13/2015 - 14:11:34: SourceMod error session started
L 11/13/2015 - 14:11:34: Info (map "de_dust2") (file "errors_20151113.log")
L 11/13/2015 - 14:11:34: Failed to auto generate config for pugsetup.smx, make sure the directory has write permission.
L 11/13/2015 - 14:11:34: [pugsetup.smx] Missing map file: addons\sourcemod\configs\pugsetup\maps.txt
L 11/13/2015 - 14:11:34: [pugsetup.smx] Missing map file: addons\sourcemod\configs\pugsetup\aim_maps.txt
L 11/13/2015 - 14:12:53: Error log file session closed.
L 11/13/2015 - 14:12:54: SourceMod error session started
L 11/13/2015 - 14:12:54: Info (map "de_mirage") (file "errors_20151113.log")
L 11/13/2015 - 14:12:54: Failed to auto generate config for pugsetup.smx, make sure the directory has write permission.
L 11/13/2015 - 14:12:54: [pugsetup.smx] Missing map file: addons\sourcemod\configs\pugsetup\maps.txt
L 11/13/2015 - 14:12:54: [pugsetup.smx] Missing map file: addons\sourcemod\configs\pugsetup\aim_maps.txt
L 11/13/2015 - 14:56:09: SourceMod error session started
L 11/13/2015 - 14:56:09: Info (map "de_dust2") (file "errors_20151113.log")
L 11/13/2015 - 14:56:10: Failed to auto generate config for pugsetup.smx, make sure the directory has write permission.
L 11/13/2015 - 14:56:11: [pugsetup.smx] Missing map file: addons\sourcemod\configs\pugsetup\maps.txt
L 11/13/2015 - 14:56:11: [pugsetup.smx] Missing map file: addons\sourcemod\configs\pugsetup\aim_maps.txt
L 11/13/2015 - 15:06:32: Error log file session closed.
L 11/13/2015 - 15:06:32: SourceMod error session started
L 11/13/2015 - 15:06:32: Info (map "de_dust2") (file "errors_20151113.log")
L 11/13/2015 - 15:06:32: Failed to auto generate config for pugsetup.smx, make sure the directory has write permission.
L 11/13/2015 - 15:06:32: [pugsetup.smx] Missing map file: addons\sourcemod\configs\pugsetup\maps.txt
L 11/13/2015 - 15:06:32: [pugsetup.smx] Missing map file: addons\sourcemod\configs\pugsetup\aim_maps.txt
L 11/13/2015 - 15:13:15: Error log file session closed.
L 11/13/2015 - 15:13:28: SourceMod error session started
L 11/13/2015 - 15:13:28: Info (map "de_dust2") (file "errors_20151113.log")
L 11/13/2015 - 15:13:28: Failed to auto generate config for pugsetup.smx, make sure the directory has write permission.
L 11/13/2015 - 15:13:28: [pugsetup.smx] Missing map file: addons\sourcemod\configs\pugsetup\maps.txt
L 11/13/2015 - 15:13:28: [pugsetup.smx] Missing map file: addons\sourcemod\configs\pugsetup\aim_maps.txt
L 11/13/2015 - 15:15:13: Error log file session closed.
L 11/13/2015 - 15:15:13: SourceMod error session started
L 11/13/2015 - 15:15:13: Info (map "de_dust2") (file "errors_20151113.log")
L 11/13/2015 - 15:15:13: Failed to auto generate config for pugsetup.smx, make sure the directory has write permission.
L 11/13/2015 - 15:15:13: [pugsetup.smx] Missing map file: addons\sourcemod\configs\pugsetup\maps.txt
L 11/13/2015 - 15:15:13: [pugsetup.smx] Missing map file: addons\sourcemod\configs\pugsetup\aim_maps.txt
L 11/13/2015 - 15:41:13: SourceMod error session started
L 11/13/2015 - 15:41:13: Info (map "de_dust2") (file "errors_20151113.log")
L 11/13/2015 - 15:41:13: [SM] Plugin encountered error 25: Call was aborted
L 11/13/2015 - 15:41:13: [SM] Native "SetFailState" reported: CFG File not found: addons\sourcemod\configs\csgo_wpaints.cfg
L 11/13/2015 - 15:41:13: [SM] Displaying call stack trace for plugin "franug_weaponpaints.smx":
L 11/13/2015 - 15:41:13: [SM]   [0]  Line 394, franug_weaponpaints.sp::ReadPaints()
L 11/13/2015 - 15:41:13: [SM]   [1]  Line 101, franug_weaponpaints.sp::OnPluginStart()
L 11/13/2015 - 15:41:14: Failed to auto generate config for pugsetup.smx, make sure the directory has write permission.
L 11/13/2015 - 15:41:14: [pugsetup.smx] Missing map file: addons\sourcemod\configs\pugsetup\maps.txt
L 11/13/2015 - 15:41:14: [pugsetup.smx] Missing map file: addons\sourcemod\configs\pugsetup\aim_maps.txt
L 11/13/2015 - 15:42:39: SourceMod error session started
L 11/13/2015 - 15:42:39: Info (map "de_dust2") (file "errors_20151113.log")
L 11/13/2015 - 15:42:39: [SM] Plugin encountered error 25: Call was aborted
L 11/13/2015 - 15:42:39: [SM] Native "SetFailState" reported: CFG File not found: addons\sourcemod\configs\csgo_wpaints.cfg
L 11/13/2015 - 15:42:39: [SM] Displaying call stack trace for plugin "franug_weaponpaints.smx":
L 11/13/2015 - 15:42:39: [SM]   [0]  Line 394, franug_weaponpaints.sp::ReadPaints()
L 11/13/2015 - 15:42:39: [SM]   [1]  Line 101, franug_weaponpaints.sp::OnPluginStart()
L 11/13/2015 - 15:42:40: Failed to auto generate config for pugsetup.smx, make sure the directory has write permission.
L 11/13/2015 - 15:42:40: [pugsetup.smx] Missing map file: addons\sourcemod\configs\pugsetup\maps.txt
L 11/13/2015 - 15:42:40: [pugsetup.smx] Missing map file: addons\sourcemod\configs\pugsetup\aim_maps.txt
L 11/13/2015 - 15:43:39: Error log file session closed.
L 11/13/2015 - 15:43:39: SourceMod error session started
L 11/13/2015 - 15:43:39: Info (map "de_dust2") (file "errors_20151113.log")
L 11/13/2015 - 15:43:39: [SM] Plugin encountered error 25: Call was aborted
L 11/13/2015 - 15:43:39: [SM] Native "SetFailState" reported: CFG File not found: addons\sourcemod\configs\csgo_wpaints.cfg
L 11/13/2015 - 15:43:39: [SM] Displaying call stack trace for plugin "franug_weaponpaints.smx":
L 11/13/2015 - 15:43:39: [SM]   [0]  Line 394, franug_weaponpaints.sp::ReadPaints()
L 11/13/2015 - 15:43:39: [SM]   [1]  Line 101, franug_weaponpaints.sp::OnPluginStart()
L 11/13/2015 - 15:43:39: Failed to auto generate config for pugsetup.smx, make sure the directory has write permission.
L 11/13/2015 - 15:43:39: [pugsetup.smx] Missing map file: addons\sourcemod\configs\pugsetup\maps.txt
L 11/13/2015 - 15:43:39: [pugsetup.smx] Missing map file: addons\sourcemod\configs\pugsetup\aim_maps.txt
L 11/13/2015 - 15:51:17: Error log file session closed.
L 11/13/2015 - 15:51:17: SourceMod error session started
L 11/13/2015 - 15:51:17: Info (map "de_mirage") (file "errors_20151113.log")
L 11/13/2015 - 15:51:17: [SM] Plugin encountered error 25: Call was aborted
L 11/13/2015 - 15:51:17: [SM] Native "SetFailState" reported: CFG File not found: addons\sourcemod\configs\csgo_wpaints.cfg
L 11/13/2015 - 15:51:17: [SM] Displaying call stack trace for plugin "franug_weaponpaints.smx":
L 11/13/2015 - 15:51:17: [SM]   [0]  Line 394, franug_weaponpaints.sp::ReadPaints()
L 11/13/2015 - 15:51:17: [SM]   [1]  Line 101, franug_weaponpaints.sp::OnPluginStart()
L 11/13/2015 - 15:51:17: Failed to auto generate config for pugsetup.smx, make sure the directory has write permission.
L 11/13/2015 - 15:51:17: [pugsetup.smx] Missing map file: addons\sourcemod\configs\pugsetup\maps.txt
L 11/13/2015 - 15:51:17: [pugsetup.smx] Missing map file: addons\sourcemod\configs\pugsetup\aim_maps.txt
L 11/13/2015 - 15:56:08: SourceMod error session started
L 11/13/2015 - 15:56:08: Info (map "de_dust2") (file "errors_20151113.log")
L 11/13/2015 - 15:56:08: [SM] Plugin encountered error 25: Call was aborted
L 11/13/2015 - 15:56:08: [SM] Native "SetFailState" reported: CFG File not found: addons\sourcemod\configs\csgo_wpaints.cfg
L 11/13/2015 - 15:56:08: [SM] Displaying call stack trace for plugin "franug_weaponpaints.smx":
L 11/13/2015 - 15:56:08: [SM]   [0]  Line 394, franug_weaponpaints.sp::ReadPaints()
L 11/13/2015 - 15:56:08: [SM]   [1]  Line 101, franug_weaponpaints.sp::OnPluginStart()
L 11/13/2015 - 15:56:09: Failed to auto generate config for pugsetup.smx, make sure the directory has write permission.
L 11/13/2015 - 15:56:09: [pugsetup.smx] Missing map file: addons\sourcemod\configs\pugsetup\maps.txt
L 11/13/2015 - 15:56:09: [pugsetup.smx] Missing map file: addons\sourcemod\configs\pugsetup\aim_maps.txt
L 11/13/2015 - 15:56:58: Error log file session closed.
L 11/13/2015 - 15:56:58: SourceMod error session started
L 11/13/2015 - 15:56:58: Info (map "de_dust2") (file "errors_20151113.log")
L 11/13/2015 - 15:56:58: [SM] Plugin encountered error 25: Call was aborted
L 11/13/2015 - 15:56:58: [SM] Native "SetFailState" reported: CFG File not found: addons\sourcemod\configs\csgo_wpaints.cfg
L 11/13/2015 - 15:56:58: [SM] Displaying call stack trace for plugin "franug_weaponpaints.smx":
L 11/13/2015 - 15:56:58: [SM]   [0]  Line 394, franug_weaponpaints.sp::ReadPaints()
L 11/13/2015 - 15:56:58: [SM]   [1]  Line 101, franug_weaponpaints.sp::OnPluginStart()
L 11/13/2015 - 15:56:58: Failed to auto generate config for pugsetup.smx, make sure the directory has write permission.
L 11/13/2015 - 15:56:58: [pugsetup.smx] Missing map file: addons\sourcemod\configs\pugsetup\maps.txt
L 11/13/2015 - 15:56:58: [pugsetup.smx] Missing map file: addons\sourcemod\configs\pugsetup\aim_maps.txt
L 11/13/2015 - 16:01:34: Error log file session closed.
L 11/13/2015 - 16:01:34: SourceMod error session started
L 11/13/2015 - 16:01:34: Info (map "de_mirage") (file "errors_20151113.log")
L 11/13/2015 - 16:01:34: [SM] Plugin encountered error 25: Call was aborted
L 11/13/2015 - 16:01:34: [SM] Native "SetFailState" reported: CFG File not found: addons\sourcemod\configs\csgo_wpaints.cfg
L 11/13/2015 - 16:01:34: [SM] Displaying call stack trace for plugin "franug_weaponpaints.smx":
L 11/13/2015 - 16:01:34: [SM]   [0]  Line 394, franug_weaponpaints.sp::ReadPaints()
L 11/13/2015 - 16:01:34: [SM]   [1]  Line 101, franug_weaponpaints.sp::OnPluginStart()
L 11/13/2015 - 16:01:35: Failed to auto generate config for pugsetup.smx, make sure the directory has write permission.
L 11/13/2015 - 16:01:35: [pugsetup.smx] Missing map file: addons\sourcemod\configs\pugsetup\maps.txt
L 11/13/2015 - 16:01:35: [pugsetup.smx] Missing map file: addons\sourcemod\configs\pugsetup\aim_maps.txt
L 11/13/2015 - 16:05:00: Error log file session closed.
L 11/13/2015 - 16:05:00: SourceMod error session started
L 11/13/2015 - 16:05:00: Info (map "de_dust2") (file "errors_20151113.log")
L 11/13/2015 - 16:05:00: [SM] Plugin encountered error 25: Call was aborted
L 11/13/2015 - 16:05:00: [SM] Native "SetFailState" reported: CFG File not found: addons\sourcemod\configs\csgo_wpaints.cfg
L 11/13/2015 - 16:05:00: [SM] Displaying call stack trace for plugin "franug_weaponpaints.smx":
L 11/13/2015 - 16:05:00: [SM]   [0]  Line 394, franug_weaponpaints.sp::ReadPaints()
L 11/13/2015 - 16:05:00: [SM]   [1]  Line 101, franug_weaponpaints.sp::OnPluginStart()
L 11/13/2015 - 16:05:00: Failed to auto generate config for pugsetup.smx, make sure the directory has write permission.
L 11/13/2015 - 16:05:00: [pugsetup.smx] Missing map file: addons\sourcemod\configs\pugsetup\maps.txt
L 11/13/2015 - 16:05:00: [pugsetup.smx] Missing map file: addons\sourcemod\configs\pugsetup\aim_maps.txt
L 11/13/2015 - 16:16:42: SourceMod error session started
L 11/13/2015 - 16:16:42: Info (map "de_dust2") (file "errors_20151113.log")
L 11/13/2015 - 16:16:42: [SM] Plugin encountered error 25: Call was aborted
L 11/13/2015 - 16:16:42: [SM] Native "SetFailState" reported: CFG File not found: addons\sourcemod\configs\csgo_wpaints.cfg
L 11/13/2015 - 16:16:42: [SM] Displaying call stack trace for plugin "franug_weaponpaints.smx":
L 11/13/2015 - 16:16:42: [SM]   [0]  Line 394, franug_weaponpaints.sp::ReadPaints()
L 11/13/2015 - 16:16:42: [SM]   [1]  Line 101, franug_weaponpaints.sp::OnPluginStart()
L 11/13/2015 - 16:16:43: Failed to auto generate config for pugsetup.smx, make sure the directory has write permission.
L 11/13/2015 - 16:16:43: [pugsetup.smx] Missing map file: addons\sourcemod\configs\pugsetup\maps.txt
L 11/13/2015 - 16:16:43: [pugsetup.smx] Missing map file: addons\sourcemod\configs\pugsetup\aim_maps.txt
L 11/13/2015 - 16:16:52: Error log file session closed.
L 11/13/2015 - 16:16:52: SourceMod error session started
L 11/13/2015 - 16:16:52: Info (map "de_dust2") (file "errors_20151113.log")
L 11/13/2015 - 16:16:52: [SM] Plugin encountered error 25: Call was aborted
L 11/13/2015 - 16:16:52: [SM] Native "SetFailState" reported: CFG File not found: addons\sourcemod\configs\csgo_wpaints.cfg
L 11/13/2015 - 16:16:52: [SM] Displaying call stack trace for plugin "franug_weaponpaints.smx":
L 11/13/2015 - 16:16:52: [SM]   [0]  Line 394, franug_weaponpaints.sp::ReadPaints()
L 11/13/2015 - 16:16:52: [SM]   [1]  Line 101, franug_weaponpaints.sp::OnPluginStart()
L 11/13/2015 - 16:16:52: Failed to auto generate config for pugsetup.smx, make sure the directory has write permission.
L 11/13/2015 - 16:16:52: [pugsetup.smx] Missing map file: addons\sourcemod\configs\pugsetup\maps.txt
L 11/13/2015 - 16:16:52: [pugsetup.smx] Missing map file: addons\sourcemod\configs\pugsetup\aim_maps.txt
L 11/13/2015 - 16:33:29: Error log file session closed.
L 11/13/2015 - 16:33:29: SourceMod error session started
L 11/13/2015 - 16:33:29: Info (map "de_dust2") (file "errors_20151113.log")
L 11/13/2015 - 16:33:29: [SM] Plugin encountered error 25: Call was aborted
L 11/13/2015 - 16:33:29: [SM] Native "SetFailState" reported: CFG File not found: addons\sourcemod\configs\csgo_wpaints.cfg
L 11/13/2015 - 16:33:29: [SM] Displaying call stack trace for plugin "franug_weaponpaints.smx":
L 11/13/2015 - 16:33:29: [SM]   [0]  Line 394, franug_weaponpaints.sp::ReadPaints()
L 11/13/2015 - 16:33:29: [SM]   [1]  Line 101, franug_weaponpaints.sp::OnPluginStart()
L 11/13/2015 - 16:33:29: Failed to auto generate config for pugsetup.smx, make sure the directory has write permission.
L 11/13/2015 - 16:33:29: [pugsetup.smx] Missing map file: addons\sourcemod\configs\pugsetup\maps.txt
L 11/13/2015 - 16:33:29: [pugsetup.smx] Missing map file: addons\sourcemod\configs\pugsetup\aim_maps.txt
L 11/13/2015 - 16:34:43: Error log file session closed.
L 11/13/2015 - 16:34:43: SourceMod error session started
L 11/13/2015 - 16:34:43: Info (map "de_dust2") (file "errors_20151113.log")
L 11/13/2015 - 16:34:43: [SM] Plugin encountered error 25: Call was aborted
L 11/13/2015 - 16:34:43: [SM] Native "SetFailState" reported: CFG File not found: addons\sourcemod\configs\csgo_wpaints.cfg
L 11/13/2015 - 16:34:43: [SM] Displaying call stack trace for plugin "franug_weaponpaints.smx":
L 11/13/2015 - 16:34:43: [SM]   [0]  Line 394, franug_weaponpaints.sp::ReadPaints()
L 11/13/2015 - 16:34:43: [SM]   [1]  Line 101, franug_weaponpaints.sp::OnPluginStart()
L 11/13/2015 - 16:34:44: Failed to auto generate config for pugsetup.smx, make sure the directory has write permission.
L 11/13/2015 - 16:34:44: [pugsetup.smx] Missing map file: addons\sourcemod\configs\pugsetup\maps.txt
L 11/13/2015 - 16:34:44: [pugsetup.smx] Missing map file: addons\sourcemod\configs\pugsetup\aim_maps.txt
L 11/13/2015 - 22:38:48: Error log file session closed.
L 11/13/2015 - 22:38:48: SourceMod error session started
L 11/13/2015 - 22:38:48: Info (map "de_dust2") (file "errors_20151113.log")
L 11/13/2015 - 22:38:48: [SM] Plugin encountered error 25: Call was aborted
L 11/13/2015 - 22:38:48: [SM] Native "SetFailState" reported: CFG File not found: addons\sourcemod\configs\csgo_wpaints.cfg
L 11/13/2015 - 22:38:48: [SM] Displaying call stack trace for plugin "franug_weaponpaints.smx":
L 11/13/2015 - 22:38:48: [SM]   [0]  Line 394, franug_weaponpaints.sp::ReadPaints()
L 11/13/2015 - 22:38:48: [SM]   [1]  Line 101, franug_weaponpaints.sp::OnPluginStart()
L 11/13/2015 - 22:38:50: Failed to auto generate config for pugsetup.smx, make sure the directory has write permission.
L 11/13/2015 - 22:38:51: [pugsetup.smx] Missing map file: addons\sourcemod\configs\pugsetup\maps.txt
L 11/13/2015 - 22:38:51: [pugsetup.smx] Missing map file: addons\sourcemod\configs\pugsetup\aim_maps.txt
L 11/13/2015 - 22:46:54: Error log file session closed.
L 11/13/2015 - 22:46:54: SourceMod error session started
L 11/13/2015 - 22:46:54: Info (map "de_dust2") (file "errors_20151113.log")
L 11/13/2015 - 22:46:54: [SM] Plugin encountered error 25: Call was aborted
L 11/13/2015 - 22:46:54: [SM] Native "SetFailState" reported: CFG File not found: addons\sourcemod\configs\csgo_wpaints.cfg
L 11/13/2015 - 22:46:54: [SM] Displaying call stack trace for plugin "franug_weaponpaints.smx":
L 11/13/2015 - 22:46:54: [SM]   [0]  Line 394, franug_weaponpaints.sp::ReadPaints()
L 11/13/2015 - 22:46:54: [SM]   [1]  Line 101, franug_weaponpaints.sp::OnPluginStart()
L 11/13/2015 - 22:46:54: Failed to auto generate config for pugsetup.smx, make sure the directory has write permission.
L 11/13/2015 - 22:46:54: [pugsetup.smx] Missing map file: addons\sourcemod\configs\pugsetup\maps.txt
L 11/13/2015 - 22:46:54: [pugsetup.smx] Missing map file: addons\sourcemod\configs\pugsetup\aim_maps.txt
L 11/13/2015 - 22:47:42: Error log file session closed.
L 11/13/2015 - 22:47:42: SourceMod error session started
L 11/13/2015 - 22:47:42: Info (map "de_dust2") (file "errors_20151113.log")
L 11/13/2015 - 22:47:42: [SM] Plugin encountered error 25: Call was aborted
L 11/13/2015 - 22:47:42: [SM] Native "SetFailState" reported: CFG File not found: addons\sourcemod\configs\csgo_wpaints.cfg
L 11/13/2015 - 22:47:42: [SM] Displaying call stack trace for plugin "franug_weaponpaints.smx":
L 11/13/2015 - 22:47:42: [SM]   [0]  Line 394, franug_weaponpaints.sp::ReadPaints()
L 11/13/2015 - 22:47:42: [SM]   [1]  Line 101, franug_weaponpaints.sp::OnPluginStart()
L 11/13/2015 - 22:47:42: Failed to auto generate config for pugsetup.smx, make sure the directory has write permission.
L 11/13/2015 - 22:47:42: [pugsetup.smx] Missing map file: addons\sourcemod\configs\pugsetup\maps.txt
L 11/13/2015 - 22:47:42: [pugsetup.smx] Missing map file: addons\sourcemod\configs\pugsetup\aim_maps.txt
L 11/13/2015 - 23:24:26: Error log file session closed.
L 11/13/2015 - 23:24:26: SourceMod error session started
L 11/13/2015 - 23:24:26: Info (map "de_dust2") (file "errors_20151113.log")
L 11/13/2015 - 23:24:26: [SM] Plugin encountered error 25: Call was aborted
L 11/13/2015 - 23:24:26: [SM] Native "SetFailState" reported: CFG File not found: addons\sourcemod\configs\csgo_wpaints.cfg
L 11/13/2015 - 23:24:26: [SM] Displaying call stack trace for plugin "franug_weaponpaints.smx":
L 11/13/2015 - 23:24:26: [SM]   [0]  Line 394, franug_weaponpaints.sp::ReadPaints()
L 11/13/2015 - 23:24:26: [SM]   [1]  Line 101, franug_weaponpaints.sp::OnPluginStart()
L 11/13/2015 - 23:24:26: Failed to auto generate config for pugsetup.smx, make sure the directory has write permission.
L 11/13/2015 - 23:24:26: [pugsetup.smx] Missing map file: addons\sourcemod\configs\pugsetup\maps.txt
L 11/13/2015 - 23:24:26: [pugsetup.smx] Missing map file: addons\sourcemod\configs\pugsetup\aim_maps.txt
L 11/13/2015 - 23:30:24: Error log file session closed.
L 11/13/2015 - 23:30:24: SourceMod error session started
L 11/13/2015 - 23:30:24: Info (map "de_mirage") (file "errors_20151113.log")
L 11/13/2015 - 23:30:24: [SM] Plugin encountered error 25: Call was aborted
L 11/13/2015 - 23:30:24: [SM] Native "SetFailState" reported: CFG File not found: addons\sourcemod\configs\csgo_wpaints.cfg
L 11/13/2015 - 23:30:24: [SM] Displaying call stack trace for plugin "franug_weaponpaints.smx":
L 11/13/2015 - 23:30:24: [SM]   [0]  Line 394, franug_weaponpaints.sp::ReadPaints()
L 11/13/2015 - 23:30:24: [SM]   [1]  Line 101, franug_weaponpaints.sp::OnPluginStart()
L 11/13/2015 - 23:30:25: Failed to auto generate config for pugsetup.smx, make sure the directory has write permission.
L 11/13/2015 - 23:30:25: [pugsetup.smx] Missing map file: addons\sourcemod\configs\pugsetup\maps.txt
L 11/13/2015 - 23:30:25: [pugsetup.smx] Missing map file: addons\sourcemod\configs\pugsetup\aim_maps.txt
L 11/13/2015 - 23:31:33: [pugsetup.smx] Failed to open file for reading: cfg/sourcemod/pugsetup/knife.cfg
L 11/13/2015 - 23:31:33: [pugsetup.smx] Failed to save cvar values when executing sourcemod/pugsetup/knife.cfg
