L 12/05/2015 - 00:01:22: SourceMod error session started
L 12/05/2015 - 00:01:22: Info (map "surf_aircontrol_ksf") (file "errors_20151205.log")
L 12/05/2015 - 00:01:22: Error log file session closed.
L 12/05/2015 - 00:01:23: SourceMod error session started
L 12/05/2015 - 00:01:23: Info (map "surf_aircontrol_ksf") (file "errors_20151205.log")
L 12/05/2015 - 00:01:23: [SM] Plugin encountered error 25: Call was aborted
L 12/05/2015 - 00:01:23: [SM] Native "SetFailState" reported: CFG File not found: addons/sourcemod/configs/csgo_wpaints.cfg
L 12/05/2015 - 00:01:23: [SM] Displaying call stack trace for plugin "franug_weaponpaints.smx":
L 12/05/2015 - 00:01:23: [SM]   [0]  Line 394, franug_weaponpaints.sp::ReadPaints()
L 12/05/2015 - 00:01:23: [SM]   [1]  Line 101, franug_weaponpaints.sp::OnPluginStart()
L 12/05/2015 - 00:01:23: Failed to auto generate config for pugsetup.smx, make sure the directory has write permission.
L 12/05/2015 - 00:01:23: [pugsetup.smx] Missing map file: addons/sourcemod/configs/pugsetup/maps.txt
L 12/05/2015 - 00:01:23: [pugsetup.smx] Missing map file: addons/sourcemod/configs/pugsetup/aim_maps.txt
L 12/05/2015 - 00:59:41: Error log file session closed.
L 12/05/2015 - 00:59:41: SourceMod error session started
L 12/05/2015 - 00:59:41: Info (map "surf_aircontrol_ksf") (file "errors_20151205.log")
L 12/05/2015 - 00:59:41: [SM] Plugin encountered error 25: Call was aborted
L 12/05/2015 - 00:59:41: [SM] Native "SetFailState" reported: CFG File not found: addons/sourcemod/configs/csgo_wpaints.cfg
L 12/05/2015 - 00:59:41: [SM] Displaying call stack trace for plugin "franug_weaponpaints.smx":
L 12/05/2015 - 00:59:41: [SM]   [0]  Line 394, franug_weaponpaints.sp::ReadPaints()
L 12/05/2015 - 00:59:41: [SM]   [1]  Line 101, franug_weaponpaints.sp::OnPluginStart()
L 12/05/2015 - 00:59:42: Failed to auto generate config for pugsetup.smx, make sure the directory has write permission.
L 12/05/2015 - 00:59:42: [pugsetup.smx] Missing map file: addons/sourcemod/configs/pugsetup/maps.txt
L 12/05/2015 - 00:59:42: [pugsetup.smx] Missing map file: addons/sourcemod/configs/pugsetup/aim_maps.txt
L 12/05/2015 - 01:00:02: Error log file session closed.
L 12/05/2015 - 01:00:02: SourceMod error session started
L 12/05/2015 - 01:00:02: Info (map "surf_cookiejar") (file "errors_20151205.log")
L 12/05/2015 - 01:00:02: [SM] Plugin encountered error 25: Call was aborted
L 12/05/2015 - 01:00:02: [SM] Native "SetFailState" reported: CFG File not found: addons/sourcemod/configs/csgo_wpaints.cfg
L 12/05/2015 - 01:00:02: [SM] Displaying call stack trace for plugin "franug_weaponpaints.smx":
L 12/05/2015 - 01:00:02: [SM]   [0]  Line 394, franug_weaponpaints.sp::ReadPaints()
L 12/05/2015 - 01:00:02: [SM]   [1]  Line 101, franug_weaponpaints.sp::OnPluginStart()
L 12/05/2015 - 01:00:02: Failed to auto generate config for pugsetup.smx, make sure the directory has write permission.
L 12/05/2015 - 01:00:02: [pugsetup.smx] Missing map file: addons/sourcemod/configs/pugsetup/maps.txt
L 12/05/2015 - 01:00:02: [pugsetup.smx] Missing map file: addons/sourcemod/configs/pugsetup/aim_maps.txt
L 12/05/2015 - 01:02:18: Error log file session closed.
L 12/05/2015 - 01:02:18: SourceMod error session started
L 12/05/2015 - 01:02:18: Info (map "surf_oompa_loompa_") (file "errors_20151205.log")
L 12/05/2015 - 01:02:18: [SM] Plugin encountered error 25: Call was aborted
L 12/05/2015 - 01:02:18: [SM] Native "SetFailState" reported: CFG File not found: addons/sourcemod/configs/csgo_wpaints.cfg
L 12/05/2015 - 01:02:18: [SM] Displaying call stack trace for plugin "franug_weaponpaints.smx":
L 12/05/2015 - 01:02:18: [SM]   [0]  Line 394, franug_weaponpaints.sp::ReadPaints()
L 12/05/2015 - 01:02:18: [SM]   [1]  Line 101, franug_weaponpaints.sp::OnPluginStart()
L 12/05/2015 - 01:02:31: SourceMod error session started
L 12/05/2015 - 01:02:31: Info (map "surf_prelude_ksf") (file "errors_20151205.log")
L 12/05/2015 - 01:02:31: [SM] Plugin encountered error 25: Call was aborted
L 12/05/2015 - 01:02:31: [SM] Native "SetFailState" reported: CFG File not found: addons/sourcemod/configs/csgo_wpaints.cfg
L 12/05/2015 - 01:02:31: [SM] Displaying call stack trace for plugin "franug_weaponpaints.smx":
L 12/05/2015 - 01:02:31: [SM]   [0]  Line 394, franug_weaponpaints.sp::ReadPaints()
L 12/05/2015 - 01:02:31: [SM]   [1]  Line 101, franug_weaponpaints.sp::OnPluginStart()
L 12/05/2015 - 01:02:32: Failed to auto generate config for pugsetup.smx, make sure the directory has write permission.
L 12/05/2015 - 01:03:01: Error log file session closed.
L 12/05/2015 - 01:03:01: SourceMod error session started
L 12/05/2015 - 01:03:01: Info (map "surf_oompa_loompa_") (file "errors_20151205.log")
L 12/05/2015 - 01:03:01: [SM] Plugin encountered error 25: Call was aborted
L 12/05/2015 - 01:03:01: [SM] Native "SetFailState" reported: CFG File not found: addons/sourcemod/configs/csgo_wpaints.cfg
L 12/05/2015 - 01:03:01: [SM] Displaying call stack trace for plugin "franug_weaponpaints.smx":
L 12/05/2015 - 01:03:01: [SM]   [0]  Line 394, franug_weaponpaints.sp::ReadPaints()
L 12/05/2015 - 01:03:01: [SM]   [1]  Line 101, franug_weaponpaints.sp::OnPluginStart()
L 12/05/2015 - 01:03:15: SourceMod error session started
L 12/05/2015 - 01:03:15: Info (map "surf_prelude_ksf") (file "errors_20151205.log")
L 12/05/2015 - 01:03:15: [SM] Plugin encountered error 25: Call was aborted
L 12/05/2015 - 01:03:15: [SM] Native "SetFailState" reported: CFG File not found: addons/sourcemod/configs/csgo_wpaints.cfg
L 12/05/2015 - 01:03:15: [SM] Displaying call stack trace for plugin "franug_weaponpaints.smx":
L 12/05/2015 - 01:03:15: [SM]   [0]  Line 394, franug_weaponpaints.sp::ReadPaints()
L 12/05/2015 - 01:03:15: [SM]   [1]  Line 101, franug_weaponpaints.sp::OnPluginStart()
L 12/05/2015 - 01:03:16: Failed to auto generate config for pugsetup.smx, make sure the directory has write permission.
L 12/05/2015 - 01:03:25: Error log file session closed.
L 12/05/2015 - 01:03:25: SourceMod error session started
L 12/05/2015 - 01:03:25: Info (map "surf_cyka") (file "errors_20151205.log")
L 12/05/2015 - 01:03:25: [SM] Plugin encountered error 25: Call was aborted
L 12/05/2015 - 01:03:25: [SM] Native "SetFailState" reported: CFG File not found: addons/sourcemod/configs/csgo_wpaints.cfg
L 12/05/2015 - 01:03:25: [SM] Displaying call stack trace for plugin "franug_weaponpaints.smx":
L 12/05/2015 - 01:03:25: [SM]   [0]  Line 394, franug_weaponpaints.sp::ReadPaints()
L 12/05/2015 - 01:03:25: [SM]   [1]  Line 101, franug_weaponpaints.sp::OnPluginStart()
L 12/05/2015 - 01:03:25: Failed to auto generate config for pugsetup.smx, make sure the directory has write permission.
L 12/05/2015 - 01:03:57: SourceMod error session started
L 12/05/2015 - 01:03:57: Info (map "surf_prelude_ksf") (file "errors_20151205.log")
L 12/05/2015 - 01:03:57: [SM] Plugin encountered error 25: Call was aborted
L 12/05/2015 - 01:03:57: [SM] Native "SetFailState" reported: CFG File not found: addons/sourcemod/configs/csgo_wpaints.cfg
L 12/05/2015 - 01:03:57: [SM] Displaying call stack trace for plugin "franug_weaponpaints.smx":
L 12/05/2015 - 01:03:57: [SM]   [0]  Line 394, franug_weaponpaints.sp::ReadPaints()
L 12/05/2015 - 01:03:57: [SM]   [1]  Line 101, franug_weaponpaints.sp::OnPluginStart()
L 12/05/2015 - 01:03:57: Failed to auto generate config for pugsetup.smx, make sure the directory has write permission.
L 12/05/2015 - 01:04:11: Error log file session closed.
L 12/05/2015 - 01:04:11: SourceMod error session started
L 12/05/2015 - 01:04:11: Info (map "surf_prelude_ksf") (file "errors_20151205.log")
L 12/05/2015 - 01:04:11: [SM] Plugin encountered error 25: Call was aborted
L 12/05/2015 - 01:04:11: [SM] Native "SetFailState" reported: CFG File not found: addons/sourcemod/configs/csgo_wpaints.cfg
L 12/05/2015 - 01:04:11: [SM] Displaying call stack trace for plugin "franug_weaponpaints.smx":
L 12/05/2015 - 01:04:11: [SM]   [0]  Line 394, franug_weaponpaints.sp::ReadPaints()
L 12/05/2015 - 01:04:11: [SM]   [1]  Line 101, franug_weaponpaints.sp::OnPluginStart()
L 12/05/2015 - 01:04:12: Failed to auto generate config for pugsetup.smx, make sure the directory has write permission.
L 12/05/2015 - 01:04:12: [pugsetup.smx] Missing map file: addons/sourcemod/configs/pugsetup/maps.txt
L 12/05/2015 - 01:04:12: [pugsetup.smx] Missing map file: addons/sourcemod/configs/pugsetup/aim_maps.txt
L 12/05/2015 - 01:04:41: Error log file session closed.
L 12/05/2015 - 01:04:41: SourceMod error session started
L 12/05/2015 - 01:04:41: Info (map "surf_awp_sk337_v3") (file "errors_20151205.log")
L 12/05/2015 - 01:04:41: [SM] Plugin encountered error 25: Call was aborted
L 12/05/2015 - 01:04:41: [SM] Native "SetFailState" reported: CFG File not found: addons/sourcemod/configs/csgo_wpaints.cfg
L 12/05/2015 - 01:04:41: [SM] Displaying call stack trace for plugin "franug_weaponpaints.smx":
L 12/05/2015 - 01:04:41: [SM]   [0]  Line 394, franug_weaponpaints.sp::ReadPaints()
L 12/05/2015 - 01:04:41: [SM]   [1]  Line 101, franug_weaponpaints.sp::OnPluginStart()
L 12/05/2015 - 01:04:42: Failed to auto generate config for pugsetup.smx, make sure the directory has write permission.
L 12/05/2015 - 01:04:42: [pugsetup.smx] Missing map file: addons/sourcemod/configs/pugsetup/maps.txt
L 12/05/2015 - 01:04:42: [pugsetup.smx] Missing map file: addons/sourcemod/configs/pugsetup/aim_maps.txt
L 12/05/2015 - 01:05:01: Error log file session closed.
L 12/05/2015 - 01:05:01: SourceMod error session started
L 12/05/2015 - 01:05:01: Info (map "surf_3") (file "errors_20151205.log")
L 12/05/2015 - 01:05:01: [SM] Plugin encountered error 25: Call was aborted
L 12/05/2015 - 01:05:01: [SM] Native "SetFailState" reported: CFG File not found: addons/sourcemod/configs/csgo_wpaints.cfg
L 12/05/2015 - 01:05:01: [SM] Displaying call stack trace for plugin "franug_weaponpaints.smx":
L 12/05/2015 - 01:05:01: [SM]   [0]  Line 394, franug_weaponpaints.sp::ReadPaints()
L 12/05/2015 - 01:05:01: [SM]   [1]  Line 101, franug_weaponpaints.sp::OnPluginStart()
L 12/05/2015 - 01:05:01: Failed to auto generate config for pugsetup.smx, make sure the directory has write permission.
L 12/05/2015 - 01:05:01: [pugsetup.smx] Missing map file: addons/sourcemod/configs/pugsetup/maps.txt
L 12/05/2015 - 01:05:01: [pugsetup.smx] Missing map file: addons/sourcemod/configs/pugsetup/aim_maps.txt
L 12/05/2015 - 01:05:27: Error log file session closed.
L 12/05/2015 - 01:05:27: SourceMod error session started
L 12/05/2015 - 01:05:27: Info (map "surf_colours") (file "errors_20151205.log")
L 12/05/2015 - 01:05:27: [SM] Plugin encountered error 25: Call was aborted
L 12/05/2015 - 01:05:27: [SM] Native "SetFailState" reported: CFG File not found: addons/sourcemod/configs/csgo_wpaints.cfg
L 12/05/2015 - 01:05:27: [SM] Displaying call stack trace for plugin "franug_weaponpaints.smx":
L 12/05/2015 - 01:05:27: [SM]   [0]  Line 394, franug_weaponpaints.sp::ReadPaints()
L 12/05/2015 - 01:05:27: [SM]   [1]  Line 101, franug_weaponpaints.sp::OnPluginStart()
L 12/05/2015 - 01:05:27: Failed to auto generate config for pugsetup.smx, make sure the directory has write permission.
L 12/05/2015 - 01:05:27: [pugsetup.smx] Missing map file: addons/sourcemod/configs/pugsetup/maps.txt
L 12/05/2015 - 01:05:27: [pugsetup.smx] Missing map file: addons/sourcemod/configs/pugsetup/aim_maps.txt
L 12/05/2015 - 01:22:10: Error log file session closed.
L 12/05/2015 - 01:22:11: SourceMod error session started
L 12/05/2015 - 01:22:11: Info (map "surf_fruits") (file "errors_20151205.log")
L 12/05/2015 - 01:22:11: [SM] Plugin encountered error 25: Call was aborted
L 12/05/2015 - 01:22:11: [SM] Native "SetFailState" reported: CFG File not found: addons/sourcemod/configs/csgo_wpaints.cfg
L 12/05/2015 - 01:22:11: [SM] Displaying call stack trace for plugin "franug_weaponpaints.smx":
L 12/05/2015 - 01:22:11: [SM]   [0]  Line 394, franug_weaponpaints.sp::ReadPaints()
L 12/05/2015 - 01:22:11: [SM]   [1]  Line 101, franug_weaponpaints.sp::OnPluginStart()
L 12/05/2015 - 01:22:12: Failed to auto generate config for pugsetup.smx, make sure the directory has write permission.
L 12/05/2015 - 01:22:12: [pugsetup.smx] Missing map file: addons/sourcemod/configs/pugsetup/maps.txt
L 12/05/2015 - 01:22:12: [pugsetup.smx] Missing map file: addons/sourcemod/configs/pugsetup/aim_maps.txt
L 12/05/2015 - 01:23:01: Error log file session closed.
L 12/05/2015 - 01:23:01: SourceMod error session started
L 12/05/2015 - 01:23:01: Info (map "surf_waterworks") (file "errors_20151205.log")
L 12/05/2015 - 01:23:01: [SM] Plugin encountered error 25: Call was aborted
L 12/05/2015 - 01:23:01: [SM] Native "SetFailState" reported: CFG File not found: addons/sourcemod/configs/csgo_wpaints.cfg
L 12/05/2015 - 01:23:01: [SM] Displaying call stack trace for plugin "franug_weaponpaints.smx":
L 12/05/2015 - 01:23:01: [SM]   [0]  Line 394, franug_weaponpaints.sp::ReadPaints()
L 12/05/2015 - 01:23:01: [SM]   [1]  Line 101, franug_weaponpaints.sp::OnPluginStart()
L 12/05/2015 - 01:23:02: Failed to auto generate config for pugsetup.smx, make sure the directory has write permission.
L 12/05/2015 - 01:23:02: [pugsetup.smx] Missing map file: addons/sourcemod/configs/pugsetup/maps.txt
L 12/05/2015 - 01:23:02: [pugsetup.smx] Missing map file: addons/sourcemod/configs/pugsetup/aim_maps.txt
L 12/05/2015 - 01:23:15: Error log file session closed.
L 12/05/2015 - 01:23:15: SourceMod error session started
L 12/05/2015 - 01:23:15: Info (map "surf_beginner_ug") (file "errors_20151205.log")
L 12/05/2015 - 01:23:15: [SM] Plugin encountered error 25: Call was aborted
L 12/05/2015 - 01:23:15: [SM] Native "SetFailState" reported: CFG File not found: addons/sourcemod/configs/csgo_wpaints.cfg
L 12/05/2015 - 01:23:15: [SM] Displaying call stack trace for plugin "franug_weaponpaints.smx":
L 12/05/2015 - 01:23:15: [SM]   [0]  Line 394, franug_weaponpaints.sp::ReadPaints()
L 12/05/2015 - 01:23:15: [SM]   [1]  Line 101, franug_weaponpaints.sp::OnPluginStart()
L 12/05/2015 - 01:23:16: Failed to auto generate config for pugsetup.smx, make sure the directory has write permission.
L 12/05/2015 - 01:23:16: [pugsetup.smx] Missing map file: addons/sourcemod/configs/pugsetup/maps.txt
L 12/05/2015 - 01:23:16: [pugsetup.smx] Missing map file: addons/sourcemod/configs/pugsetup/aim_maps.txt
L 12/05/2015 - 01:24:38: Error log file session closed.
L 12/05/2015 - 01:24:39: SourceMod error session started
L 12/05/2015 - 01:24:39: Info (map "surf_beginner_ug") (file "errors_20151205.log")
L 12/05/2015 - 01:24:39: [SM] Plugin encountered error 25: Call was aborted
L 12/05/2015 - 01:24:39: [SM] Native "SetFailState" reported: CFG File not found: addons/sourcemod/configs/csgo_wpaints.cfg
L 12/05/2015 - 01:24:39: [SM] Displaying call stack trace for plugin "franug_weaponpaints.smx":
L 12/05/2015 - 01:24:39: [SM]   [0]  Line 394, franug_weaponpaints.sp::ReadPaints()
L 12/05/2015 - 01:24:39: [SM]   [1]  Line 101, franug_weaponpaints.sp::OnPluginStart()
L 12/05/2015 - 01:24:39: Failed to auto generate config for pugsetup.smx, make sure the directory has write permission.
L 12/05/2015 - 01:24:39: [pugsetup.smx] Missing map file: addons/sourcemod/configs/pugsetup/maps.txt
L 12/05/2015 - 01:24:39: [pugsetup.smx] Missing map file: addons/sourcemod/configs/pugsetup/aim_maps.txt
L 12/05/2015 - 01:28:30: Error log file session closed.
L 12/05/2015 - 01:28:30: SourceMod error session started
L 12/05/2015 - 01:28:30: Info (map "surf_rookie_fix") (file "errors_20151205.log")
L 12/05/2015 - 01:28:30: [SM] Plugin encountered error 25: Call was aborted
L 12/05/2015 - 01:28:30: [SM] Native "SetFailState" reported: CFG File not found: addons/sourcemod/configs/csgo_wpaints.cfg
L 12/05/2015 - 01:28:30: [SM] Displaying call stack trace for plugin "franug_weaponpaints.smx":
L 12/05/2015 - 01:28:30: [SM]   [0]  Line 394, franug_weaponpaints.sp::ReadPaints()
L 12/05/2015 - 01:28:30: [SM]   [1]  Line 101, franug_weaponpaints.sp::OnPluginStart()
L 12/05/2015 - 01:28:30: Failed to auto generate config for pugsetup.smx, make sure the directory has write permission.
L 12/05/2015 - 01:28:30: [pugsetup.smx] Missing map file: addons/sourcemod/configs/pugsetup/maps.txt
L 12/05/2015 - 01:28:30: [pugsetup.smx] Missing map file: addons/sourcemod/configs/pugsetup/aim_maps.txt
L 12/05/2015 - 01:51:13: SourceMod error session started
L 12/05/2015 - 01:51:13: Info (map "surf_prelude_ksf") (file "errors_20151205.log")
L 12/05/2015 - 01:51:13: [SM] Plugin encountered error 25: Call was aborted
L 12/05/2015 - 01:51:13: [SM] Native "SetFailState" reported: CFG File not found: addons/sourcemod/configs/csgo_wpaints.cfg
L 12/05/2015 - 01:51:13: [SM] Displaying call stack trace for plugin "franug_weaponpaints.smx":
L 12/05/2015 - 01:51:13: [SM]   [0]  Line 394, franug_weaponpaints.sp::ReadPaints()
L 12/05/2015 - 01:51:13: [SM]   [1]  Line 101, franug_weaponpaints.sp::OnPluginStart()
L 12/05/2015 - 01:51:13: Failed to auto generate config for pugsetup.smx, make sure the directory has write permission.
L 12/05/2015 - 01:51:18: Error log file session closed.
L 12/05/2015 - 01:51:18: SourceMod error session started
L 12/05/2015 - 01:51:18: Info (map "surf_prelude_ksf") (file "errors_20151205.log")
L 12/05/2015 - 01:51:18: [SM] Plugin encountered error 25: Call was aborted
L 12/05/2015 - 01:51:18: [SM] Native "SetFailState" reported: CFG File not found: addons/sourcemod/configs/csgo_wpaints.cfg
L 12/05/2015 - 01:51:18: [SM] Displaying call stack trace for plugin "franug_weaponpaints.smx":
L 12/05/2015 - 01:51:18: [SM]   [0]  Line 394, franug_weaponpaints.sp::ReadPaints()
L 12/05/2015 - 01:51:18: [SM]   [1]  Line 101, franug_weaponpaints.sp::OnPluginStart()
L 12/05/2015 - 01:51:19: Failed to auto generate config for pugsetup.smx, make sure the directory has write permission.
L 12/05/2015 - 01:51:19: [pugsetup.smx] Missing map file: addons/sourcemod/configs/pugsetup/maps.txt
L 12/05/2015 - 01:51:19: [pugsetup.smx] Missing map file: addons/sourcemod/configs/pugsetup/aim_maps.txt
L 12/05/2015 - 01:51:36: Error log file session closed.
L 12/05/2015 - 01:51:36: SourceMod error session started
L 12/05/2015 - 01:51:36: Info (map "kz_frozen_go") (file "errors_20151205.log")
L 12/05/2015 - 01:51:36: [SM] Plugin encountered error 25: Call was aborted
L 12/05/2015 - 01:51:36: [SM] Native "SetFailState" reported: CFG File not found: addons/sourcemod/configs/csgo_wpaints.cfg
L 12/05/2015 - 01:51:36: [SM] Displaying call stack trace for plugin "franug_weaponpaints.smx":
L 12/05/2015 - 01:51:36: [SM]   [0]  Line 394, franug_weaponpaints.sp::ReadPaints()
L 12/05/2015 - 01:51:36: [SM]   [1]  Line 101, franug_weaponpaints.sp::OnPluginStart()
L 12/05/2015 - 01:51:36: Failed to auto generate config for pugsetup.smx, make sure the directory has write permission.
L 12/05/2015 - 01:51:36: [pugsetup.smx] Missing map file: addons/sourcemod/configs/pugsetup/maps.txt
L 12/05/2015 - 01:51:36: [pugsetup.smx] Missing map file: addons/sourcemod/configs/pugsetup/aim_maps.txt
L 12/05/2015 - 01:53:22: Error log file session closed.
L 12/05/2015 - 01:53:22: SourceMod error session started
L 12/05/2015 - 01:53:22: Info (map "surf_aircontrol_ksf") (file "errors_20151205.log")
L 12/05/2015 - 01:53:22: [SM] Plugin encountered error 25: Call was aborted
L 12/05/2015 - 01:53:22: [SM] Native "SetFailState" reported: CFG File not found: addons/sourcemod/configs/csgo_wpaints.cfg
L 12/05/2015 - 01:53:22: [SM] Displaying call stack trace for plugin "franug_weaponpaints.smx":
L 12/05/2015 - 01:53:22: [SM]   [0]  Line 394, franug_weaponpaints.sp::ReadPaints()
L 12/05/2015 - 01:53:22: [SM]   [1]  Line 101, franug_weaponpaints.sp::OnPluginStart()
L 12/05/2015 - 01:53:22: Failed to auto generate config for pugsetup.smx, make sure the directory has write permission.
L 12/05/2015 - 01:53:22: [pugsetup.smx] Missing map file: addons/sourcemod/configs/pugsetup/maps.txt
L 12/05/2015 - 01:53:22: [pugsetup.smx] Missing map file: addons/sourcemod/configs/pugsetup/aim_maps.txt
L 12/05/2015 - 01:53:40: Error log file session closed.
L 12/05/2015 - 01:53:40: SourceMod error session started
L 12/05/2015 - 01:53:40: Info (map "kz_frozen_go") (file "errors_20151205.log")
L 12/05/2015 - 01:53:40: [SM] Plugin encountered error 25: Call was aborted
L 12/05/2015 - 01:53:40: [SM] Native "SetFailState" reported: CFG File not found: addons/sourcemod/configs/csgo_wpaints.cfg
L 12/05/2015 - 01:53:40: [SM] Displaying call stack trace for plugin "franug_weaponpaints.smx":
L 12/05/2015 - 01:53:40: [SM]   [0]  Line 394, franug_weaponpaints.sp::ReadPaints()
L 12/05/2015 - 01:53:40: [SM]   [1]  Line 101, franug_weaponpaints.sp::OnPluginStart()
L 12/05/2015 - 01:53:40: Failed to auto generate config for pugsetup.smx, make sure the directory has write permission.
L 12/05/2015 - 01:53:40: [pugsetup.smx] Missing map file: addons/sourcemod/configs/pugsetup/maps.txt
L 12/05/2015 - 01:53:40: [pugsetup.smx] Missing map file: addons/sourcemod/configs/pugsetup/aim_maps.txt
L 12/05/2015 - 01:59:07: SourceMod error session started
L 12/05/2015 - 01:59:07: Info (map "surf_prelude_ksf") (file "errors_20151205.log")
L 12/05/2015 - 01:59:07: [SM] Plugin encountered error 25: Call was aborted
L 12/05/2015 - 01:59:07: [SM] Native "SetFailState" reported: CFG File not found: addons/sourcemod/configs/csgo_wpaints.cfg
L 12/05/2015 - 01:59:07: [SM] Displaying call stack trace for plugin "franug_weaponpaints.smx":
L 12/05/2015 - 01:59:07: [SM]   [0]  Line 394, franug_weaponpaints.sp::ReadPaints()
L 12/05/2015 - 01:59:07: [SM]   [1]  Line 101, franug_weaponpaints.sp::OnPluginStart()
L 12/05/2015 - 01:59:07: Failed to auto generate config for pugsetup.smx, make sure the directory has write permission.
L 12/05/2015 - 01:59:25: Error log file session closed.
L 12/05/2015 - 01:59:25: SourceMod error session started
L 12/05/2015 - 01:59:25: Info (map "surf_prelude_ksf") (file "errors_20151205.log")
L 12/05/2015 - 01:59:25: [SM] Plugin encountered error 25: Call was aborted
L 12/05/2015 - 01:59:25: [SM] Native "SetFailState" reported: CFG File not found: addons/sourcemod/configs/csgo_wpaints.cfg
L 12/05/2015 - 01:59:25: [SM] Displaying call stack trace for plugin "franug_weaponpaints.smx":
L 12/05/2015 - 01:59:25: [SM]   [0]  Line 394, franug_weaponpaints.sp::ReadPaints()
L 12/05/2015 - 01:59:25: [SM]   [1]  Line 101, franug_weaponpaints.sp::OnPluginStart()
L 12/05/2015 - 01:59:25: Failed to auto generate config for pugsetup.smx, make sure the directory has write permission.
L 12/05/2015 - 01:59:25: [pugsetup.smx] Missing map file: addons/sourcemod/configs/pugsetup/maps.txt
L 12/05/2015 - 01:59:25: [pugsetup.smx] Missing map file: addons/sourcemod/configs/pugsetup/aim_maps.txt
L 12/05/2015 - 02:00:38: Error log file session closed.
L 12/05/2015 - 02:00:38: SourceMod error session started
L 12/05/2015 - 02:00:38: Info (map "surf_waterworks") (file "errors_20151205.log")
L 12/05/2015 - 02:00:38: [SM] Plugin encountered error 25: Call was aborted
L 12/05/2015 - 02:00:38: [SM] Native "SetFailState" reported: CFG File not found: addons/sourcemod/configs/csgo_wpaints.cfg
L 12/05/2015 - 02:00:38: [SM] Displaying call stack trace for plugin "franug_weaponpaints.smx":
L 12/05/2015 - 02:00:38: [SM]   [0]  Line 394, franug_weaponpaints.sp::ReadPaints()
L 12/05/2015 - 02:00:38: [SM]   [1]  Line 101, franug_weaponpaints.sp::OnPluginStart()
L 12/05/2015 - 02:00:38: Failed to auto generate config for pugsetup.smx, make sure the directory has write permission.
L 12/05/2015 - 02:00:38: [pugsetup.smx] Missing map file: addons/sourcemod/configs/pugsetup/maps.txt
L 12/05/2015 - 02:00:38: [pugsetup.smx] Missing map file: addons/sourcemod/configs/pugsetup/aim_maps.txt
L 12/05/2015 - 02:38:31: Error log file session closed.
L 12/05/2015 - 02:38:31: SourceMod error session started
L 12/05/2015 - 02:38:31: Info (map "surf_waterworks") (file "errors_20151205.log")
L 12/05/2015 - 02:38:31: [SM] Plugin encountered error 25: Call was aborted
L 12/05/2015 - 02:38:31: [SM] Native "SetFailState" reported: CFG File not found: addons/sourcemod/configs/csgo_wpaints.cfg
L 12/05/2015 - 02:38:31: [SM] Displaying call stack trace for plugin "franug_weaponpaints.smx":
L 12/05/2015 - 02:38:31: [SM]   [0]  Line 394, franug_weaponpaints.sp::ReadPaints()
L 12/05/2015 - 02:38:31: [SM]   [1]  Line 101, franug_weaponpaints.sp::OnPluginStart()
L 12/05/2015 - 02:38:32: Failed to auto generate config for pugsetup.smx, make sure the directory has write permission.
L 12/05/2015 - 02:38:32: [pugsetup.smx] Missing map file: addons/sourcemod/configs/pugsetup/maps.txt
L 12/05/2015 - 02:38:32: [pugsetup.smx] Missing map file: addons/sourcemod/configs/pugsetup/aim_maps.txt
L 12/05/2015 - 02:59:43: Error log file session closed.
L 12/05/2015 - 02:59:43: SourceMod error session started
L 12/05/2015 - 02:59:43: Info (map "surf_waterworks") (file "errors_20151205.log")
L 12/05/2015 - 02:59:43: [SM] Plugin encountered error 25: Call was aborted
L 12/05/2015 - 02:59:43: [SM] Native "SetFailState" reported: CFG File not found: addons/sourcemod/configs/csgo_wpaints.cfg
L 12/05/2015 - 02:59:43: [SM] Displaying call stack trace for plugin "franug_weaponpaints.smx":
L 12/05/2015 - 02:59:43: [SM]   [0]  Line 394, franug_weaponpaints.sp::ReadPaints()
L 12/05/2015 - 02:59:43: [SM]   [1]  Line 101, franug_weaponpaints.sp::OnPluginStart()
L 12/05/2015 - 02:59:44: Failed to auto generate config for pugsetup.smx, make sure the directory has write permission.
L 12/05/2015 - 02:59:44: [pugsetup.smx] Missing map file: addons/sourcemod/configs/pugsetup/maps.txt
L 12/05/2015 - 02:59:44: [pugsetup.smx] Missing map file: addons/sourcemod/configs/pugsetup/aim_maps.txt
L 12/05/2015 - 03:00:29: SourceMod error session started
L 12/05/2015 - 03:00:29: Info (map "de_dust2") (file "errors_20151205.log")
L 12/05/2015 - 03:00:29: [SM] Plugin encountered error 25: Call was aborted
L 12/05/2015 - 03:00:29: [SM] Native "SetFailState" reported: CFG File not found: addons/sourcemod/configs/csgo_wpaints.cfg
L 12/05/2015 - 03:00:29: [SM] Displaying call stack trace for plugin "franug_weaponpaints.smx":
L 12/05/2015 - 03:00:29: [SM]   [0]  Line 394, franug_weaponpaints.sp::ReadPaints()
L 12/05/2015 - 03:00:29: [SM]   [1]  Line 101, franug_weaponpaints.sp::OnPluginStart()
L 12/05/2015 - 03:00:30: Failed to auto generate config for pugsetup.smx, make sure the directory has write permission.
L 12/05/2015 - 03:00:41: SourceMod error session started
L 12/05/2015 - 03:00:41: Info (map "de_dust2") (file "errors_20151205.log")
L 12/05/2015 - 03:00:41: [SM] Plugin encountered error 25: Call was aborted
L 12/05/2015 - 03:00:41: [SM] Native "SetFailState" reported: CFG File not found: addons/sourcemod/configs/csgo_wpaints.cfg
L 12/05/2015 - 03:00:41: [SM] Displaying call stack trace for plugin "franug_weaponpaints.smx":
L 12/05/2015 - 03:00:41: [SM]   [0]  Line 394, franug_weaponpaints.sp::ReadPaints()
L 12/05/2015 - 03:00:41: [SM]   [1]  Line 101, franug_weaponpaints.sp::OnPluginStart()
L 12/05/2015 - 03:00:42: Failed to auto generate config for pugsetup.smx, make sure the directory has write permission.
L 12/05/2015 - 03:00:57: Error log file session closed.
L 12/05/2015 - 03:00:57: SourceMod error session started
L 12/05/2015 - 03:00:57: Info (map "de_dust2") (file "errors_20151205.log")
L 12/05/2015 - 03:00:57: [SM] Plugin encountered error 25: Call was aborted
L 12/05/2015 - 03:00:57: [SM] Native "SetFailState" reported: CFG File not found: addons/sourcemod/configs/csgo_wpaints.cfg
L 12/05/2015 - 03:00:57: [SM] Displaying call stack trace for plugin "franug_weaponpaints.smx":
L 12/05/2015 - 03:00:57: [SM]   [0]  Line 394, franug_weaponpaints.sp::ReadPaints()
L 12/05/2015 - 03:00:57: [SM]   [1]  Line 101, franug_weaponpaints.sp::OnPluginStart()
L 12/05/2015 - 03:00:57: [pugsetup.smx] Missing map file: addons/sourcemod/configs/pugsetup/maps.txt
L 12/05/2015 - 03:00:57: [pugsetup.smx] Missing map file: addons/sourcemod/configs/pugsetup/aim_maps.txt
L 12/05/2015 - 03:00:57: Failed to auto generate config for pugsetup.smx, make sure the directory has write permission.
L 12/05/2015 - 03:01:48: Error log file session closed.
L 12/05/2015 - 03:01:48: SourceMod error session started
L 12/05/2015 - 03:01:48: Info (map "de_dust2snow") (file "errors_20151205.log")
L 12/05/2015 - 03:01:48: [SM] Plugin encountered error 25: Call was aborted
L 12/05/2015 - 03:01:48: [SM] Native "SetFailState" reported: CFG File not found: addons/sourcemod/configs/csgo_wpaints.cfg
L 12/05/2015 - 03:01:48: [SM] Displaying call stack trace for plugin "franug_weaponpaints.smx":
L 12/05/2015 - 03:01:48: [SM]   [0]  Line 394, franug_weaponpaints.sp::ReadPaints()
L 12/05/2015 - 03:01:48: [SM]   [1]  Line 101, franug_weaponpaints.sp::OnPluginStart()
L 12/05/2015 - 03:01:49: Failed to auto generate config for pugsetup.smx, make sure the directory has write permission.
L 12/05/2015 - 03:01:49: [pugsetup.smx] Missing map file: addons/sourcemod/configs/pugsetup/maps.txt
L 12/05/2015 - 03:01:49: [pugsetup.smx] Missing map file: addons/sourcemod/configs/pugsetup/aim_maps.txt
L 12/05/2015 - 03:14:20: [pugsetup.smx] Failed to open file for reading: cfg/sourcemod/pugsetup/knife.cfg
L 12/05/2015 - 03:14:20: [pugsetup.smx] Failed to save cvar values when executing sourcemod/pugsetup/knife.cfg
L 12/05/2015 - 04:08:50: Error log file session closed.
L 12/05/2015 - 04:08:51: SourceMod error session started
L 12/05/2015 - 04:08:51: Info (map "de_overpass") (file "errors_20151205.log")
L 12/05/2015 - 04:08:51: [SM] Plugin encountered error 25: Call was aborted
L 12/05/2015 - 04:08:51: [SM] Native "SetFailState" reported: CFG File not found: addons/sourcemod/configs/csgo_wpaints.cfg
L 12/05/2015 - 04:08:51: [SM] Displaying call stack trace for plugin "franug_weaponpaints.smx":
L 12/05/2015 - 04:08:51: [SM]   [0]  Line 394, franug_weaponpaints.sp::ReadPaints()
L 12/05/2015 - 04:08:51: [SM]   [1]  Line 101, franug_weaponpaints.sp::OnPluginStart()
L 12/05/2015 - 04:08:52: Failed to auto generate config for pugsetup.smx, make sure the directory has write permission.
L 12/05/2015 - 04:08:52: [pugsetup.smx] Missing map file: addons/sourcemod/configs/pugsetup/maps.txt
L 12/05/2015 - 04:08:52: [pugsetup.smx] Missing map file: addons/sourcemod/configs/pugsetup/aim_maps.txt
L 12/05/2015 - 04:10:30: [pugsetup.smx] Failed to open file for reading: cfg/sourcemod/pugsetup/knife.cfg
L 12/05/2015 - 04:10:30: [pugsetup.smx] Failed to save cvar values when executing sourcemod/pugsetup/knife.cfg
L 12/05/2015 - 05:06:52: Error log file session closed.
L 12/05/2015 - 05:06:52: SourceMod error session started
L 12/05/2015 - 05:06:52: Info (map "de_cbble") (file "errors_20151205.log")
L 12/05/2015 - 05:06:52: [SM] Plugin encountered error 25: Call was aborted
L 12/05/2015 - 05:06:52: [SM] Native "SetFailState" reported: CFG File not found: addons/sourcemod/configs/csgo_wpaints.cfg
L 12/05/2015 - 05:06:52: [SM] Displaying call stack trace for plugin "franug_weaponpaints.smx":
L 12/05/2015 - 05:06:52: [SM]   [0]  Line 394, franug_weaponpaints.sp::ReadPaints()
L 12/05/2015 - 05:06:52: [SM]   [1]  Line 101, franug_weaponpaints.sp::OnPluginStart()
L 12/05/2015 - 05:06:55: Failed to auto generate config for pugsetup.smx, make sure the directory has write permission.
L 12/05/2015 - 05:06:55: [pugsetup.smx] Missing map file: addons/sourcemod/configs/pugsetup/maps.txt
L 12/05/2015 - 05:06:55: [pugsetup.smx] Missing map file: addons/sourcemod/configs/pugsetup/aim_maps.txt
L 12/05/2015 - 05:08:43: [pugsetup.smx] Failed to open file for reading: cfg/sourcemod/pugsetup/knife.cfg
L 12/05/2015 - 05:08:43: [pugsetup.smx] Failed to save cvar values when executing sourcemod/pugsetup/knife.cfg
L 12/05/2015 - 05:11:05: SourceMod error session started
L 12/05/2015 - 05:11:05: Info (map "de_dust2") (file "errors_20151205.log")
L 12/05/2015 - 05:11:05: [SM] Plugin encountered error 25: Call was aborted
L 12/05/2015 - 05:11:05: [SM] Native "SetFailState" reported: CFG File not found: addons/sourcemod/configs/csgo_wpaints.cfg
L 12/05/2015 - 05:11:05: [SM] Displaying call stack trace for plugin "franug_weaponpaints.smx":
L 12/05/2015 - 05:11:05: [SM]   [0]  Line 394, franug_weaponpaints.sp::ReadPaints()
L 12/05/2015 - 05:11:05: [SM]   [1]  Line 101, franug_weaponpaints.sp::OnPluginStart()
L 12/05/2015 - 05:11:07: Failed to auto generate config for pugsetup.smx, make sure the directory has write permission.
L 12/05/2015 - 05:11:16: Error log file session closed.
L 12/05/2015 - 05:11:16: SourceMod error session started
L 12/05/2015 - 05:11:16: Info (map "de_dust2") (file "errors_20151205.log")
L 12/05/2015 - 05:11:16: [SM] Plugin encountered error 25: Call was aborted
L 12/05/2015 - 05:11:16: [SM] Native "SetFailState" reported: CFG File not found: addons/sourcemod/configs/csgo_wpaints.cfg
L 12/05/2015 - 05:11:16: [SM] Displaying call stack trace for plugin "franug_weaponpaints.smx":
L 12/05/2015 - 05:11:16: [SM]   [0]  Line 394, franug_weaponpaints.sp::ReadPaints()
L 12/05/2015 - 05:11:16: [SM]   [1]  Line 101, franug_weaponpaints.sp::OnPluginStart()
L 12/05/2015 - 05:11:17: Failed to auto generate config for pugsetup.smx, make sure the directory has write permission.
L 12/05/2015 - 05:11:17: [pugsetup.smx] Missing map file: addons/sourcemod/configs/pugsetup/maps.txt
L 12/05/2015 - 05:11:17: [pugsetup.smx] Missing map file: addons/sourcemod/configs/pugsetup/aim_maps.txt
L 12/05/2015 - 05:13:00: Error log file session closed.
L 12/05/2015 - 05:13:00: SourceMod error session started
L 12/05/2015 - 05:13:00: Info (map "de_cbble") (file "errors_20151205.log")
L 12/05/2015 - 05:13:00: [SM] Plugin encountered error 25: Call was aborted
L 12/05/2015 - 05:13:00: [SM] Native "SetFailState" reported: CFG File not found: addons/sourcemod/configs/csgo_wpaints.cfg
L 12/05/2015 - 05:13:00: [SM] Displaying call stack trace for plugin "franug_weaponpaints.smx":
L 12/05/2015 - 05:13:00: [SM]   [0]  Line 394, franug_weaponpaints.sp::ReadPaints()
L 12/05/2015 - 05:13:00: [SM]   [1]  Line 101, franug_weaponpaints.sp::OnPluginStart()
L 12/05/2015 - 05:13:01: Failed to auto generate config for pugsetup.smx, make sure the directory has write permission.
L 12/05/2015 - 05:13:01: [pugsetup.smx] Missing map file: addons/sourcemod/configs/pugsetup/maps.txt
L 12/05/2015 - 05:13:01: [pugsetup.smx] Missing map file: addons/sourcemod/configs/pugsetup/aim_maps.txt
L 12/05/2015 - 05:18:14: [pugsetup.smx] Failed to open file for reading: cfg/sourcemod/pugsetup/knife.cfg
L 12/05/2015 - 05:18:14: [pugsetup.smx] Failed to save cvar values when executing sourcemod/pugsetup/knife.cfg
L 12/05/2015 - 06:20:33: Error log file session closed.
L 12/05/2015 - 06:20:33: SourceMod error session started
L 12/05/2015 - 06:20:33: Info (map "de_train") (file "errors_20151205.log")
L 12/05/2015 - 06:20:33: [SM] Plugin encountered error 25: Call was aborted
L 12/05/2015 - 06:20:33: [SM] Native "SetFailState" reported: CFG File not found: addons/sourcemod/configs/csgo_wpaints.cfg
L 12/05/2015 - 06:20:33: [SM] Displaying call stack trace for plugin "franug_weaponpaints.smx":
L 12/05/2015 - 06:20:33: [SM]   [0]  Line 394, franug_weaponpaints.sp::ReadPaints()
L 12/05/2015 - 06:20:33: [SM]   [1]  Line 101, franug_weaponpaints.sp::OnPluginStart()
L 12/05/2015 - 06:20:34: Failed to auto generate config for pugsetup.smx, make sure the directory has write permission.
L 12/05/2015 - 06:20:34: [pugsetup.smx] Missing map file: addons/sourcemod/configs/pugsetup/maps.txt
L 12/05/2015 - 06:20:34: [pugsetup.smx] Missing map file: addons/sourcemod/configs/pugsetup/aim_maps.txt
L 12/05/2015 - 06:24:07: [pugsetup.smx] Failed to open file for reading: cfg/sourcemod/pugsetup/knife.cfg
L 12/05/2015 - 06:24:07: [pugsetup.smx] Failed to save cvar values when executing sourcemod/pugsetup/knife.cfg
L 12/05/2015 - 06:58:19: Error log file session closed.
L 12/05/2015 - 06:58:19: SourceMod error session started
L 12/05/2015 - 06:58:19: Info (map "de_dust2snow") (file "errors_20151205.log")
L 12/05/2015 - 06:58:19: [SM] Plugin encountered error 25: Call was aborted
L 12/05/2015 - 06:58:19: [SM] Native "SetFailState" reported: CFG File not found: addons/sourcemod/configs/csgo_wpaints.cfg
L 12/05/2015 - 06:58:19: [SM] Displaying call stack trace for plugin "franug_weaponpaints.smx":
L 12/05/2015 - 06:58:19: [SM]   [0]  Line 394, franug_weaponpaints.sp::ReadPaints()
L 12/05/2015 - 06:58:19: [SM]   [1]  Line 101, franug_weaponpaints.sp::OnPluginStart()
L 12/05/2015 - 06:58:20: Failed to auto generate config for pugsetup.smx, make sure the directory has write permission.
L 12/05/2015 - 06:58:20: [pugsetup.smx] Missing map file: addons/sourcemod/configs/pugsetup/maps.txt
L 12/05/2015 - 06:58:20: [pugsetup.smx] Missing map file: addons/sourcemod/configs/pugsetup/aim_maps.txt
L 12/05/2015 - 07:03:31: [pugsetup.smx] Failed to open file for reading: cfg/sourcemod/pugsetup/knife.cfg
L 12/05/2015 - 07:03:31: [pugsetup.smx] Failed to save cvar values when executing sourcemod/pugsetup/knife.cfg
L 12/05/2015 - 07:38:17: SourceMod error session started
L 12/05/2015 - 07:38:17: Info (map "surf_prelude_ksf") (file "errors_20151205.log")
L 12/05/2015 - 07:38:17: [SM] Plugin encountered error 25: Call was aborted
L 12/05/2015 - 07:38:17: [SM] Native "SetFailState" reported: CFG File not found: addons/sourcemod/configs/csgo_wpaints.cfg
L 12/05/2015 - 07:38:17: [SM] Displaying call stack trace for plugin "franug_weaponpaints.smx":
L 12/05/2015 - 07:38:17: [SM]   [0]  Line 394, franug_weaponpaints.sp::ReadPaints()
L 12/05/2015 - 07:38:17: [SM]   [1]  Line 101, franug_weaponpaints.sp::OnPluginStart()
L 12/05/2015 - 07:38:17: Failed to auto generate config for pugsetup.smx, make sure the directory has write permission.
L 12/05/2015 - 07:38:38: SourceMod error session started
L 12/05/2015 - 07:38:38: Info (map "surf_prelude_ksf") (file "errors_20151205.log")
L 12/05/2015 - 07:38:38: [SM] Plugin encountered error 25: Call was aborted
L 12/05/2015 - 07:38:38: [SM] Native "SetFailState" reported: CFG File not found: addons/sourcemod/configs/csgo_wpaints.cfg
L 12/05/2015 - 07:38:38: [SM] Displaying call stack trace for plugin "franug_weaponpaints.smx":
L 12/05/2015 - 07:38:38: [SM]   [0]  Line 394, franug_weaponpaints.sp::ReadPaints()
L 12/05/2015 - 07:38:38: [SM]   [1]  Line 101, franug_weaponpaints.sp::OnPluginStart()
L 12/05/2015 - 07:38:39: Failed to auto generate config for pugsetup.smx, make sure the directory has write permission.
L 12/05/2015 - 07:40:14: Error log file session closed.
L 12/05/2015 - 07:40:14: SourceMod error session started
L 12/05/2015 - 07:40:14: Info (map "surf_prelude_ksf") (file "errors_20151205.log")
L 12/05/2015 - 07:40:14: [SM] Plugin encountered error 25: Call was aborted
L 12/05/2015 - 07:40:14: [SM] Native "SetFailState" reported: CFG File not found: addons/sourcemod/configs/csgo_wpaints.cfg
L 12/05/2015 - 07:40:14: [SM] Displaying call stack trace for plugin "franug_weaponpaints.smx":
L 12/05/2015 - 07:40:14: [SM]   [0]  Line 394, franug_weaponpaints.sp::ReadPaints()
L 12/05/2015 - 07:40:14: [SM]   [1]  Line 101, franug_weaponpaints.sp::OnPluginStart()
L 12/05/2015 - 07:40:14: Failed to auto generate config for pugsetup.smx, make sure the directory has write permission.
L 12/05/2015 - 07:40:14: [pugsetup.smx] Missing map file: addons/sourcemod/configs/pugsetup/maps.txt
L 12/05/2015 - 07:40:14: [pugsetup.smx] Missing map file: addons/sourcemod/configs/pugsetup/aim_maps.txt
L 12/05/2015 - 07:43:24: Error log file session closed.
L 12/05/2015 - 07:43:24: SourceMod error session started
L 12/05/2015 - 07:43:24: Info (map "surf_aircontrol_ksf") (file "errors_20151205.log")
L 12/05/2015 - 07:43:24: [SM] Plugin encountered error 25: Call was aborted
L 12/05/2015 - 07:43:24: [SM] Native "SetFailState" reported: CFG File not found: addons/sourcemod/configs/csgo_wpaints.cfg
L 12/05/2015 - 07:43:24: [SM] Displaying call stack trace for plugin "franug_weaponpaints.smx":
L 12/05/2015 - 07:43:24: [SM]   [0]  Line 394, franug_weaponpaints.sp::ReadPaints()
L 12/05/2015 - 07:43:24: [SM]   [1]  Line 101, franug_weaponpaints.sp::OnPluginStart()
L 12/05/2015 - 07:43:25: Failed to auto generate config for pugsetup.smx, make sure the directory has write permission.
L 12/05/2015 - 07:43:25: [pugsetup.smx] Missing map file: addons/sourcemod/configs/pugsetup/maps.txt
L 12/05/2015 - 07:43:25: [pugsetup.smx] Missing map file: addons/sourcemod/configs/pugsetup/aim_maps.txt
L 12/05/2015 - 07:47:56: Error log file session closed.
L 12/05/2015 - 07:47:56: SourceMod error session started
L 12/05/2015 - 07:47:56: Info (map "surf_aircontrol_ksf") (file "errors_20151205.log")
L 12/05/2015 - 07:47:56: [SM] Plugin encountered error 25: Call was aborted
L 12/05/2015 - 07:47:56: [SM] Native "SetFailState" reported: CFG File not found: addons/sourcemod/configs/csgo_wpaints.cfg
L 12/05/2015 - 07:47:56: [SM] Displaying call stack trace for plugin "franug_weaponpaints.smx":
L 12/05/2015 - 07:47:56: [SM]   [0]  Line 394, franug_weaponpaints.sp::ReadPaints()
L 12/05/2015 - 07:47:56: [SM]   [1]  Line 101, franug_weaponpaints.sp::OnPluginStart()
L 12/05/2015 - 07:47:56: Failed to auto generate config for pugsetup.smx, make sure the directory has write permission.
L 12/05/2015 - 07:47:56: [pugsetup.smx] Missing map file: addons/sourcemod/configs/pugsetup/maps.txt
L 12/05/2015 - 07:47:56: [pugsetup.smx] Missing map file: addons/sourcemod/configs/pugsetup/aim_maps.txt
L 12/05/2015 - 09:25:25: Error log file session closed.
L 12/05/2015 - 09:25:25: SourceMod error session started
L 12/05/2015 - 09:25:25: Info (map "surf_aircontrol_ksf") (file "errors_20151205.log")
L 12/05/2015 - 09:25:25: [SM] Plugin encountered error 25: Call was aborted
L 12/05/2015 - 09:25:25: [SM] Native "SetFailState" reported: CFG File not found: addons/sourcemod/configs/csgo_wpaints.cfg
L 12/05/2015 - 09:25:25: [SM] Displaying call stack trace for plugin "franug_weaponpaints.smx":
L 12/05/2015 - 09:25:25: [SM]   [0]  Line 394, franug_weaponpaints.sp::ReadPaints()
L 12/05/2015 - 09:25:25: [SM]   [1]  Line 101, franug_weaponpaints.sp::OnPluginStart()
L 12/05/2015 - 09:25:25: Failed to auto generate config for pugsetup.smx, make sure the directory has write permission.
L 12/05/2015 - 09:25:25: [pugsetup.smx] Missing map file: addons/sourcemod/configs/pugsetup/maps.txt
L 12/05/2015 - 09:25:25: [pugsetup.smx] Missing map file: addons/sourcemod/configs/pugsetup/aim_maps.txt
L 12/05/2015 - 12:14:48: SourceMod error session started
L 12/05/2015 - 12:14:48: Info (map "de_dust2") (file "errors_20151205.log")
L 12/05/2015 - 12:14:48: [SM] Plugin encountered error 25: Call was aborted
L 12/05/2015 - 12:14:48: [SM] Native "SetFailState" reported: CFG File not found: addons/sourcemod/configs/csgo_wpaints.cfg
L 12/05/2015 - 12:14:48: [SM] Displaying call stack trace for plugin "franug_weaponpaints.smx":
L 12/05/2015 - 12:14:48: [SM]   [0]  Line 394, franug_weaponpaints.sp::ReadPaints()
L 12/05/2015 - 12:14:48: [SM]   [1]  Line 101, franug_weaponpaints.sp::OnPluginStart()
L 12/05/2015 - 12:14:48: Failed to auto generate config for pugsetup.smx, make sure the directory has write permission.
L 12/05/2015 - 12:15:17: SourceMod error session started
L 12/05/2015 - 12:15:17: Info (map "de_dust2") (file "errors_20151205.log")
L 12/05/2015 - 12:15:17: [SM] Plugin encountered error 25: Call was aborted
L 12/05/2015 - 12:15:17: [SM] Native "SetFailState" reported: CFG File not found: addons/sourcemod/configs/csgo_wpaints.cfg
L 12/05/2015 - 12:15:17: [SM] Displaying call stack trace for plugin "franug_weaponpaints.smx":
L 12/05/2015 - 12:15:17: [SM]   [0]  Line 394, franug_weaponpaints.sp::ReadPaints()
L 12/05/2015 - 12:15:17: [SM]   [1]  Line 101, franug_weaponpaints.sp::OnPluginStart()
L 12/05/2015 - 12:15:17: Failed to auto generate config for pugsetup.smx, make sure the directory has write permission.
L 12/05/2015 - 12:15:26: Error log file session closed.
L 12/05/2015 - 12:15:26: SourceMod error session started
L 12/05/2015 - 12:15:26: Info (map "de_dust2") (file "errors_20151205.log")
L 12/05/2015 - 12:15:26: [SM] Plugin encountered error 25: Call was aborted
L 12/05/2015 - 12:15:26: [SM] Native "SetFailState" reported: CFG File not found: addons/sourcemod/configs/csgo_wpaints.cfg
L 12/05/2015 - 12:15:26: [SM] Displaying call stack trace for plugin "franug_weaponpaints.smx":
L 12/05/2015 - 12:15:26: [SM]   [0]  Line 394, franug_weaponpaints.sp::ReadPaints()
L 12/05/2015 - 12:15:26: [SM]   [1]  Line 101, franug_weaponpaints.sp::OnPluginStart()
L 12/05/2015 - 12:15:26: Failed to auto generate config for pugsetup.smx, make sure the directory has write permission.
L 12/05/2015 - 12:15:26: [pugsetup.smx] Missing map file: addons/sourcemod/configs/pugsetup/maps.txt
L 12/05/2015 - 12:15:26: [pugsetup.smx] Missing map file: addons/sourcemod/configs/pugsetup/aim_maps.txt
L 12/05/2015 - 12:23:28: SourceMod error session started
L 12/05/2015 - 12:23:28: Info (map "surf_prelude_ksf") (file "errors_20151205.log")
L 12/05/2015 - 12:23:28: [SM] Plugin encountered error 25: Call was aborted
L 12/05/2015 - 12:23:28: [SM] Native "SetFailState" reported: CFG File not found: addons/sourcemod/configs/csgo_wpaints.cfg
L 12/05/2015 - 12:23:28: [SM] Displaying call stack trace for plugin "franug_weaponpaints.smx":
L 12/05/2015 - 12:23:28: [SM]   [0]  Line 394, franug_weaponpaints.sp::ReadPaints()
L 12/05/2015 - 12:23:28: [SM]   [1]  Line 101, franug_weaponpaints.sp::OnPluginStart()
L 12/05/2015 - 12:23:29: Failed to auto generate config for pugsetup.smx, make sure the directory has write permission.
L 12/05/2015 - 12:51:13: Error log file session closed.
L 12/05/2015 - 12:51:13: SourceMod error session started
L 12/05/2015 - 12:51:13: Info (map "surf_prelude_ksf") (file "errors_20151205.log")
L 12/05/2015 - 12:51:13: [SM] Plugin encountered error 25: Call was aborted
L 12/05/2015 - 12:51:13: [SM] Native "SetFailState" reported: CFG File not found: addons/sourcemod/configs/csgo_wpaints.cfg
L 12/05/2015 - 12:51:13: [SM] Displaying call stack trace for plugin "franug_weaponpaints.smx":
L 12/05/2015 - 12:51:13: [SM]   [0]  Line 394, franug_weaponpaints.sp::ReadPaints()
L 12/05/2015 - 12:51:13: [SM]   [1]  Line 101, franug_weaponpaints.sp::OnPluginStart()
L 12/05/2015 - 12:51:14: Failed to auto generate config for pugsetup.smx, make sure the directory has write permission.
L 12/05/2015 - 12:51:14: [pugsetup.smx] Missing map file: addons/sourcemod/configs/pugsetup/maps.txt
L 12/05/2015 - 12:51:14: [pugsetup.smx] Missing map file: addons/sourcemod/configs/pugsetup/aim_maps.txt
L 12/05/2015 - 18:35:55: Error log file session closed.
L 12/05/2015 - 18:35:55: SourceMod error session started
L 12/05/2015 - 18:35:55: Info (map "surf_prelude_ksf") (file "errors_20151205.log")
L 12/05/2015 - 18:35:55: [SM] Plugin encountered error 25: Call was aborted
L 12/05/2015 - 18:35:55: [SM] Native "SetFailState" reported: CFG File not found: addons/sourcemod/configs/csgo_wpaints.cfg
L 12/05/2015 - 18:35:55: [SM] Displaying call stack trace for plugin "franug_weaponpaints.smx":
L 12/05/2015 - 18:35:55: [SM]   [0]  Line 394, franug_weaponpaints.sp::ReadPaints()
L 12/05/2015 - 18:35:55: [SM]   [1]  Line 101, franug_weaponpaints.sp::OnPluginStart()
L 12/05/2015 - 18:35:56: Failed to auto generate config for pugsetup.smx, make sure the directory has write permission.
L 12/05/2015 - 18:35:56: [pugsetup.smx] Missing map file: addons/sourcemod/configs/pugsetup/maps.txt
L 12/05/2015 - 18:35:56: [pugsetup.smx] Missing map file: addons/sourcemod/configs/pugsetup/aim_maps.txt
L 12/05/2015 - 18:37:26: Error log file session closed.
L 12/05/2015 - 18:37:26: SourceMod error session started
L 12/05/2015 - 18:37:26: Info (map "surf_fruits") (file "errors_20151205.log")
L 12/05/2015 - 18:37:26: [SM] Plugin encountered error 25: Call was aborted
L 12/05/2015 - 18:37:26: [SM] Native "SetFailState" reported: CFG File not found: addons/sourcemod/configs/csgo_wpaints.cfg
L 12/05/2015 - 18:37:26: [SM] Displaying call stack trace for plugin "franug_weaponpaints.smx":
L 12/05/2015 - 18:37:26: [SM]   [0]  Line 394, franug_weaponpaints.sp::ReadPaints()
L 12/05/2015 - 18:37:26: [SM]   [1]  Line 101, franug_weaponpaints.sp::OnPluginStart()
L 12/05/2015 - 18:37:27: Failed to auto generate config for pugsetup.smx, make sure the directory has write permission.
L 12/05/2015 - 18:37:27: [pugsetup.smx] Missing map file: addons/sourcemod/configs/pugsetup/maps.txt
L 12/05/2015 - 18:37:27: [pugsetup.smx] Missing map file: addons/sourcemod/configs/pugsetup/aim_maps.txt
L 12/05/2015 - 19:37:51: Error log file session closed.
L 12/05/2015 - 19:37:51: SourceMod error session started
L 12/05/2015 - 19:37:51: Info (map "surf_vegetables") (file "errors_20151205.log")
L 12/05/2015 - 19:37:51: [SM] Plugin encountered error 25: Call was aborted
L 12/05/2015 - 19:37:51: [SM] Native "SetFailState" reported: CFG File not found: addons/sourcemod/configs/csgo_wpaints.cfg
L 12/05/2015 - 19:37:51: [SM] Displaying call stack trace for plugin "franug_weaponpaints.smx":
L 12/05/2015 - 19:37:51: [SM]   [0]  Line 394, franug_weaponpaints.sp::ReadPaints()
L 12/05/2015 - 19:37:51: [SM]   [1]  Line 101, franug_weaponpaints.sp::OnPluginStart()
L 12/05/2015 - 19:37:52: Failed to auto generate config for pugsetup.smx, make sure the directory has write permission.
L 12/05/2015 - 19:37:52: [pugsetup.smx] Missing map file: addons/sourcemod/configs/pugsetup/maps.txt
L 12/05/2015 - 19:37:52: [pugsetup.smx] Missing map file: addons/sourcemod/configs/pugsetup/aim_maps.txt
L 12/05/2015 - 19:50:04: Error log file session closed.
L 12/05/2015 - 19:50:04: SourceMod error session started
L 12/05/2015 - 19:50:04: Info (map "kz_frozen_go") (file "errors_20151205.log")
L 12/05/2015 - 19:50:04: [SM] Plugin encountered error 25: Call was aborted
L 12/05/2015 - 19:50:04: [SM] Native "SetFailState" reported: CFG File not found: addons/sourcemod/configs/csgo_wpaints.cfg
L 12/05/2015 - 19:50:04: [SM] Displaying call stack trace for plugin "franug_weaponpaints.smx":
L 12/05/2015 - 19:50:04: [SM]   [0]  Line 394, franug_weaponpaints.sp::ReadPaints()
L 12/05/2015 - 19:50:04: [SM]   [1]  Line 101, franug_weaponpaints.sp::OnPluginStart()
L 12/05/2015 - 19:50:04: Failed to auto generate config for pugsetup.smx, make sure the directory has write permission.
L 12/05/2015 - 19:50:04: [pugsetup.smx] Missing map file: addons/sourcemod/configs/pugsetup/maps.txt
L 12/05/2015 - 19:50:04: [pugsetup.smx] Missing map file: addons/sourcemod/configs/pugsetup/aim_maps.txt
L 12/05/2015 - 21:08:43: Error log file session closed.
L 12/05/2015 - 21:08:43: SourceMod error session started
L 12/05/2015 - 21:08:43: Info (map "kz_frozen_go") (file "errors_20151205.log")
L 12/05/2015 - 21:08:43: [SM] Plugin encountered error 25: Call was aborted
L 12/05/2015 - 21:08:43: [SM] Native "SetFailState" reported: CFG File not found: addons/sourcemod/configs/csgo_wpaints.cfg
L 12/05/2015 - 21:08:43: [SM] Displaying call stack trace for plugin "franug_weaponpaints.smx":
L 12/05/2015 - 21:08:43: [SM]   [0]  Line 394, franug_weaponpaints.sp::ReadPaints()
L 12/05/2015 - 21:08:43: [SM]   [1]  Line 101, franug_weaponpaints.sp::OnPluginStart()
L 12/05/2015 - 21:08:43: Failed to auto generate config for pugsetup.smx, make sure the directory has write permission.
L 12/05/2015 - 21:08:43: [pugsetup.smx] Missing map file: addons/sourcemod/configs/pugsetup/maps.txt
L 12/05/2015 - 21:08:43: [pugsetup.smx] Missing map file: addons/sourcemod/configs/pugsetup/aim_maps.txt
L 12/05/2015 - 21:15:50: Error log file session closed.
L 12/05/2015 - 21:15:50: SourceMod error session started
L 12/05/2015 - 21:15:50: Info (map "surf_waterworks") (file "errors_20151205.log")
L 12/05/2015 - 21:15:50: [SM] Plugin encountered error 25: Call was aborted
L 12/05/2015 - 21:15:50: [SM] Native "SetFailState" reported: CFG File not found: addons/sourcemod/configs/csgo_wpaints.cfg
L 12/05/2015 - 21:15:50: [SM] Displaying call stack trace for plugin "franug_weaponpaints.smx":
L 12/05/2015 - 21:15:50: [SM]   [0]  Line 394, franug_weaponpaints.sp::ReadPaints()
L 12/05/2015 - 21:15:50: [SM]   [1]  Line 101, franug_weaponpaints.sp::OnPluginStart()
L 12/05/2015 - 21:15:51: Failed to auto generate config for pugsetup.smx, make sure the directory has write permission.
L 12/05/2015 - 21:15:51: [pugsetup.smx] Missing map file: addons/sourcemod/configs/pugsetup/maps.txt
L 12/05/2015 - 21:15:51: [pugsetup.smx] Missing map file: addons/sourcemod/configs/pugsetup/aim_maps.txt
L 12/05/2015 - 21:17:19: Error log file session closed.
L 12/05/2015 - 21:17:19: SourceMod error session started
L 12/05/2015 - 21:17:19: Info (map "de_dust2snow") (file "errors_20151205.log")
L 12/05/2015 - 21:17:19: [SM] Plugin encountered error 25: Call was aborted
L 12/05/2015 - 21:17:19: [SM] Native "SetFailState" reported: CFG File not found: addons/sourcemod/configs/csgo_wpaints.cfg
L 12/05/2015 - 21:17:19: [SM] Displaying call stack trace for plugin "franug_weaponpaints.smx":
L 12/05/2015 - 21:17:19: [SM]   [0]  Line 394, franug_weaponpaints.sp::ReadPaints()
L 12/05/2015 - 21:17:19: [SM]   [1]  Line 101, franug_weaponpaints.sp::OnPluginStart()
L 12/05/2015 - 21:17:19: Failed to auto generate config for pugsetup.smx, make sure the directory has write permission.
L 12/05/2015 - 21:17:20: [pugsetup.smx] Missing map file: addons/sourcemod/configs/pugsetup/maps.txt
L 12/05/2015 - 21:17:20: [pugsetup.smx] Missing map file: addons/sourcemod/configs/pugsetup/aim_maps.txt
L 12/05/2015 - 21:22:16: Error log file session closed.
L 12/05/2015 - 21:22:16: SourceMod error session started
L 12/05/2015 - 21:22:16: Info (map "surf_waterworks") (file "errors_20151205.log")
L 12/05/2015 - 21:22:16: [SM] Plugin encountered error 25: Call was aborted
L 12/05/2015 - 21:22:16: [SM] Native "SetFailState" reported: CFG File not found: addons/sourcemod/configs/csgo_wpaints.cfg
L 12/05/2015 - 21:22:16: [SM] Displaying call stack trace for plugin "franug_weaponpaints.smx":
L 12/05/2015 - 21:22:16: [SM]   [0]  Line 394, franug_weaponpaints.sp::ReadPaints()
L 12/05/2015 - 21:22:16: [SM]   [1]  Line 101, franug_weaponpaints.sp::OnPluginStart()
L 12/05/2015 - 21:22:16: Failed to auto generate config for pugsetup.smx, make sure the directory has write permission.
L 12/05/2015 - 21:22:16: [pugsetup.smx] Missing map file: addons/sourcemod/configs/pugsetup/maps.txt
L 12/05/2015 - 21:22:16: [pugsetup.smx] Missing map file: addons/sourcemod/configs/pugsetup/aim_maps.txt
L 12/05/2015 - 21:23:54: Error log file session closed.
L 12/05/2015 - 21:23:54: SourceMod error session started
L 12/05/2015 - 21:23:54: Info (map "surf_animals") (file "errors_20151205.log")
L 12/05/2015 - 21:23:54: [SM] Plugin encountered error 25: Call was aborted
L 12/05/2015 - 21:23:54: [SM] Native "SetFailState" reported: CFG File not found: addons/sourcemod/configs/csgo_wpaints.cfg
L 12/05/2015 - 21:23:54: [SM] Displaying call stack trace for plugin "franug_weaponpaints.smx":
L 12/05/2015 - 21:23:54: [SM]   [0]  Line 394, franug_weaponpaints.sp::ReadPaints()
L 12/05/2015 - 21:23:54: [SM]   [1]  Line 101, franug_weaponpaints.sp::OnPluginStart()
L 12/05/2015 - 21:23:54: Failed to auto generate config for pugsetup.smx, make sure the directory has write permission.
L 12/05/2015 - 21:23:54: [pugsetup.smx] Missing map file: addons/sourcemod/configs/pugsetup/maps.txt
L 12/05/2015 - 21:23:54: [pugsetup.smx] Missing map file: addons/sourcemod/configs/pugsetup/aim_maps.txt
L 12/05/2015 - 21:26:03: Error log file session closed.
L 12/05/2015 - 21:26:03: SourceMod error session started
L 12/05/2015 - 21:26:03: Info (map "surf_1day") (file "errors_20151205.log")
L 12/05/2015 - 21:26:03: [SM] Plugin encountered error 25: Call was aborted
L 12/05/2015 - 21:26:03: [SM] Native "SetFailState" reported: CFG File not found: addons/sourcemod/configs/csgo_wpaints.cfg
L 12/05/2015 - 21:26:03: [SM] Displaying call stack trace for plugin "franug_weaponpaints.smx":
L 12/05/2015 - 21:26:03: [SM]   [0]  Line 394, franug_weaponpaints.sp::ReadPaints()
L 12/05/2015 - 21:26:03: [SM]   [1]  Line 101, franug_weaponpaints.sp::OnPluginStart()
L 12/05/2015 - 21:26:04: Failed to auto generate config for pugsetup.smx, make sure the directory has write permission.
L 12/05/2015 - 21:26:04: [pugsetup.smx] Missing map file: addons/sourcemod/configs/pugsetup/maps.txt
L 12/05/2015 - 21:26:04: [pugsetup.smx] Missing map file: addons/sourcemod/configs/pugsetup/aim_maps.txt
L 12/05/2015 - 21:28:12: Error log file session closed.
L 12/05/2015 - 21:28:12: SourceMod error session started
L 12/05/2015 - 21:28:12: Info (map "surf_porn_fix") (file "errors_20151205.log")
L 12/05/2015 - 21:28:12: [SM] Plugin encountered error 25: Call was aborted
L 12/05/2015 - 21:28:12: [SM] Native "SetFailState" reported: CFG File not found: addons/sourcemod/configs/csgo_wpaints.cfg
L 12/05/2015 - 21:28:12: [SM] Displaying call stack trace for plugin "franug_weaponpaints.smx":
L 12/05/2015 - 21:28:12: [SM]   [0]  Line 394, franug_weaponpaints.sp::ReadPaints()
L 12/05/2015 - 21:28:12: [SM]   [1]  Line 101, franug_weaponpaints.sp::OnPluginStart()
L 12/05/2015 - 21:28:12: Failed to auto generate config for pugsetup.smx, make sure the directory has write permission.
L 12/05/2015 - 21:28:12: [pugsetup.smx] Missing map file: addons/sourcemod/configs/pugsetup/maps.txt
L 12/05/2015 - 21:28:12: [pugsetup.smx] Missing map file: addons/sourcemod/configs/pugsetup/aim_maps.txt
L 12/05/2015 - 21:31:01: Error log file session closed.
L 12/05/2015 - 21:31:01: SourceMod error session started
L 12/05/2015 - 21:31:01: Info (map "surf_cookiejar") (file "errors_20151205.log")
L 12/05/2015 - 21:31:01: [SM] Plugin encountered error 25: Call was aborted
L 12/05/2015 - 21:31:01: [SM] Native "SetFailState" reported: CFG File not found: addons/sourcemod/configs/csgo_wpaints.cfg
L 12/05/2015 - 21:31:01: [SM] Displaying call stack trace for plugin "franug_weaponpaints.smx":
L 12/05/2015 - 21:31:01: [SM]   [0]  Line 394, franug_weaponpaints.sp::ReadPaints()
L 12/05/2015 - 21:31:01: [SM]   [1]  Line 101, franug_weaponpaints.sp::OnPluginStart()
L 12/05/2015 - 21:31:02: Failed to auto generate config for pugsetup.smx, make sure the directory has write permission.
L 12/05/2015 - 21:31:02: [pugsetup.smx] Missing map file: addons/sourcemod/configs/pugsetup/maps.txt
L 12/05/2015 - 21:31:02: [pugsetup.smx] Missing map file: addons/sourcemod/configs/pugsetup/aim_maps.txt
L 12/05/2015 - 21:32:44: Error log file session closed.
L 12/05/2015 - 21:32:44: SourceMod error session started
L 12/05/2015 - 21:32:44: Info (map "surf_eclipse") (file "errors_20151205.log")
L 12/05/2015 - 21:32:44: [SM] Plugin encountered error 25: Call was aborted
L 12/05/2015 - 21:32:44: [SM] Native "SetFailState" reported: CFG File not found: addons/sourcemod/configs/csgo_wpaints.cfg
L 12/05/2015 - 21:32:44: [SM] Displaying call stack trace for plugin "franug_weaponpaints.smx":
L 12/05/2015 - 21:32:44: [SM]   [0]  Line 394, franug_weaponpaints.sp::ReadPaints()
L 12/05/2015 - 21:32:44: [SM]   [1]  Line 101, franug_weaponpaints.sp::OnPluginStart()
L 12/05/2015 - 21:32:44: Failed to auto generate config for pugsetup.smx, make sure the directory has write permission.
L 12/05/2015 - 21:32:44: [pugsetup.smx] Missing map file: addons/sourcemod/configs/pugsetup/maps.txt
L 12/05/2015 - 21:32:44: [pugsetup.smx] Missing map file: addons/sourcemod/configs/pugsetup/aim_maps.txt
L 12/05/2015 - 21:41:59: Error log file session closed.
L 12/05/2015 - 21:41:59: SourceMod error session started
L 12/05/2015 - 21:41:59: Info (map "surf_kitsune") (file "errors_20151205.log")
L 12/05/2015 - 21:41:59: [SM] Plugin encountered error 25: Call was aborted
L 12/05/2015 - 21:41:59: [SM] Native "SetFailState" reported: CFG File not found: addons/sourcemod/configs/csgo_wpaints.cfg
L 12/05/2015 - 21:41:59: [SM] Displaying call stack trace for plugin "franug_weaponpaints.smx":
L 12/05/2015 - 21:41:59: [SM]   [0]  Line 394, franug_weaponpaints.sp::ReadPaints()
L 12/05/2015 - 21:41:59: [SM]   [1]  Line 101, franug_weaponpaints.sp::OnPluginStart()
L 12/05/2015 - 21:42:00: Failed to auto generate config for pugsetup.smx, make sure the directory has write permission.
L 12/05/2015 - 21:42:00: [pugsetup.smx] Missing map file: addons/sourcemod/configs/pugsetup/maps.txt
L 12/05/2015 - 21:42:00: [pugsetup.smx] Missing map file: addons/sourcemod/configs/pugsetup/aim_maps.txt
L 12/05/2015 - 22:16:26: SourceMod error session started
L 12/05/2015 - 22:16:26: Info (map "surf_prelude_ksf") (file "errors_20151205.log")
L 12/05/2015 - 22:16:26: [SM] Plugin encountered error 25: Call was aborted
L 12/05/2015 - 22:16:26: [SM] Native "SetFailState" reported: CFG File not found: addons/sourcemod/configs/csgo_wpaints.cfg
L 12/05/2015 - 22:16:26: [SM] Displaying call stack trace for plugin "franug_weaponpaints.smx":
L 12/05/2015 - 22:16:26: [SM]   [0]  Line 394, franug_weaponpaints.sp::ReadPaints()
L 12/05/2015 - 22:16:26: [SM]   [1]  Line 101, franug_weaponpaints.sp::OnPluginStart()
L 12/05/2015 - 22:16:27: Failed to auto generate config for pugsetup.smx, make sure the directory has write permission.
L 12/05/2015 - 22:17:00: Error log file session closed.
L 12/05/2015 - 22:17:00: SourceMod error session started
L 12/05/2015 - 22:17:00: Info (map "surf_prelude_ksf") (file "errors_20151205.log")
L 12/05/2015 - 22:17:00: [SM] Plugin encountered error 25: Call was aborted
L 12/05/2015 - 22:17:00: [SM] Native "SetFailState" reported: CFG File not found: addons/sourcemod/configs/csgo_wpaints.cfg
L 12/05/2015 - 22:17:00: [SM] Displaying call stack trace for plugin "franug_weaponpaints.smx":
L 12/05/2015 - 22:17:00: [SM]   [0]  Line 394, franug_weaponpaints.sp::ReadPaints()
L 12/05/2015 - 22:17:00: [SM]   [1]  Line 101, franug_weaponpaints.sp::OnPluginStart()
L 12/05/2015 - 22:17:00: Failed to auto generate config for pugsetup.smx, make sure the directory has write permission.
L 12/05/2015 - 22:17:00: [pugsetup.smx] Missing map file: addons/sourcemod/configs/pugsetup/maps.txt
L 12/05/2015 - 22:17:00: [pugsetup.smx] Missing map file: addons/sourcemod/configs/pugsetup/aim_maps.txt
L 12/05/2015 - 22:19:01: Error log file session closed.
L 12/05/2015 - 22:19:01: SourceMod error session started
L 12/05/2015 - 22:19:01: Info (map "surf_kitsune") (file "errors_20151205.log")
L 12/05/2015 - 22:19:01: [SM] Plugin encountered error 25: Call was aborted
L 12/05/2015 - 22:19:01: [SM] Native "SetFailState" reported: CFG File not found: addons/sourcemod/configs/csgo_wpaints.cfg
L 12/05/2015 - 22:19:01: [SM] Displaying call stack trace for plugin "franug_weaponpaints.smx":
L 12/05/2015 - 22:19:01: [SM]   [0]  Line 394, franug_weaponpaints.sp::ReadPaints()
L 12/05/2015 - 22:19:01: [SM]   [1]  Line 101, franug_weaponpaints.sp::OnPluginStart()
L 12/05/2015 - 22:19:02: Failed to auto generate config for pugsetup.smx, make sure the directory has write permission.
L 12/05/2015 - 22:19:02: [pugsetup.smx] Missing map file: addons/sourcemod/configs/pugsetup/maps.txt
L 12/05/2015 - 22:19:02: [pugsetup.smx] Missing map file: addons/sourcemod/configs/pugsetup/aim_maps.txt
L 12/05/2015 - 22:49:03: Error log file session closed.
L 12/05/2015 - 22:49:03: SourceMod error session started
L 12/05/2015 - 22:49:03: Info (map "surf_aircontrol_ksf") (file "errors_20151205.log")
L 12/05/2015 - 22:49:03: [SM] Plugin encountered error 25: Call was aborted
L 12/05/2015 - 22:49:03: [SM] Native "SetFailState" reported: CFG File not found: addons/sourcemod/configs/csgo_wpaints.cfg
L 12/05/2015 - 22:49:03: [SM] Displaying call stack trace for plugin "franug_weaponpaints.smx":
L 12/05/2015 - 22:49:03: [SM]   [0]  Line 394, franug_weaponpaints.sp::ReadPaints()
L 12/05/2015 - 22:49:03: [SM]   [1]  Line 101, franug_weaponpaints.sp::OnPluginStart()
L 12/05/2015 - 22:49:04: Failed to auto generate config for pugsetup.smx, make sure the directory has write permission.
L 12/05/2015 - 22:49:04: [pugsetup.smx] Missing map file: addons/sourcemod/configs/pugsetup/maps.txt
L 12/05/2015 - 22:49:04: [pugsetup.smx] Missing map file: addons/sourcemod/configs/pugsetup/aim_maps.txt
L 12/05/2015 - 22:53:42: Error log file session closed.
L 12/05/2015 - 22:53:42: SourceMod error session started
L 12/05/2015 - 22:53:42: Info (map "surf_simpsons_go") (file "errors_20151205.log")
L 12/05/2015 - 22:53:42: [SM] Plugin encountered error 25: Call was aborted
L 12/05/2015 - 22:53:42: [SM] Native "SetFailState" reported: CFG File not found: addons/sourcemod/configs/csgo_wpaints.cfg
L 12/05/2015 - 22:53:42: [SM] Displaying call stack trace for plugin "franug_weaponpaints.smx":
L 12/05/2015 - 22:53:42: [SM]   [0]  Line 394, franug_weaponpaints.sp::ReadPaints()
L 12/05/2015 - 22:53:42: [SM]   [1]  Line 101, franug_weaponpaints.sp::OnPluginStart()
L 12/05/2015 - 22:53:42: Failed to auto generate config for pugsetup.smx, make sure the directory has write permission.
L 12/05/2015 - 22:53:42: [pugsetup.smx] Missing map file: addons/sourcemod/configs/pugsetup/maps.txt
L 12/05/2015 - 22:53:42: [pugsetup.smx] Missing map file: addons/sourcemod/configs/pugsetup/aim_maps.txt
L 12/05/2015 - 22:56:29: Error log file session closed.
L 12/05/2015 - 22:56:29: SourceMod error session started
L 12/05/2015 - 22:56:29: Info (map "surf_waterworks") (file "errors_20151205.log")
L 12/05/2015 - 22:56:29: [SM] Plugin encountered error 25: Call was aborted
L 12/05/2015 - 22:56:29: [SM] Native "SetFailState" reported: CFG File not found: addons/sourcemod/configs/csgo_wpaints.cfg
L 12/05/2015 - 22:56:29: [SM] Displaying call stack trace for plugin "franug_weaponpaints.smx":
L 12/05/2015 - 22:56:29: [SM]   [0]  Line 394, franug_weaponpaints.sp::ReadPaints()
L 12/05/2015 - 22:56:29: [SM]   [1]  Line 101, franug_weaponpaints.sp::OnPluginStart()
L 12/05/2015 - 22:56:30: Failed to auto generate config for pugsetup.smx, make sure the directory has write permission.
L 12/05/2015 - 22:56:30: [pugsetup.smx] Missing map file: addons/sourcemod/configs/pugsetup/maps.txt
L 12/05/2015 - 22:56:30: [pugsetup.smx] Missing map file: addons/sourcemod/configs/pugsetup/aim_maps.txt
