L 12/08/2015 - 00:14:16: SourceMod error session started
L 12/08/2015 - 00:14:16: Info (map "surf_prelude_ksf") (file "errors_20151208.log")
L 12/08/2015 - 00:14:16: [SM] Plugin encountered error 25: Call was aborted
L 12/08/2015 - 00:14:16: [SM] Native "SetFailState" reported: CFG File not found: addons/sourcemod/configs/csgo_wpaints.cfg
L 12/08/2015 - 00:14:16: [SM] Displaying call stack trace for plugin "franug_weaponpaints.smx":
L 12/08/2015 - 00:14:16: [SM]   [0]  Line 394, franug_weaponpaints.sp::ReadPaints()
L 12/08/2015 - 00:14:16: [SM]   [1]  Line 101, franug_weaponpaints.sp::OnPluginStart()
L 12/08/2015 - 00:14:17: Failed to auto generate config for pugsetup.smx, make sure the directory has write permission.
L 12/08/2015 - 01:08:23: Error log file session closed.
L 12/08/2015 - 01:08:23: SourceMod error session started
L 12/08/2015 - 01:08:23: Info (map "surf_prelude_ksf") (file "errors_20151208.log")
L 12/08/2015 - 01:08:23: [SM] Plugin encountered error 25: Call was aborted
L 12/08/2015 - 01:08:23: [SM] Native "SetFailState" reported: CFG File not found: addons/sourcemod/configs/csgo_wpaints.cfg
L 12/08/2015 - 01:08:23: [SM] Displaying call stack trace for plugin "franug_weaponpaints.smx":
L 12/08/2015 - 01:08:23: [SM]   [0]  Line 394, franug_weaponpaints.sp::ReadPaints()
L 12/08/2015 - 01:08:23: [SM]   [1]  Line 101, franug_weaponpaints.sp::OnPluginStart()
L 12/08/2015 - 01:08:23: Failed to auto generate config for pugsetup.smx, make sure the directory has write permission.
L 12/08/2015 - 01:08:43: [pugsetup.smx] Missing map file: addons/sourcemod/configs/pugsetup/maps.txt
L 12/08/2015 - 01:08:43: [pugsetup.smx] Missing map file: addons/sourcemod/configs/pugsetup/aim_maps.txt
L 12/08/2015 - 01:13:31: Error log file session closed.
L 12/08/2015 - 01:13:31: SourceMod error session started
L 12/08/2015 - 01:13:31: Info (map "surf_prelude_ksf") (file "errors_20151208.log")
L 12/08/2015 - 01:13:31: [SM] Plugin encountered error 25: Call was aborted
L 12/08/2015 - 01:13:31: [SM] Native "SetFailState" reported: CFG File not found: addons/sourcemod/configs/csgo_wpaints.cfg
L 12/08/2015 - 01:13:31: [SM] Displaying call stack trace for plugin "franug_weaponpaints.smx":
L 12/08/2015 - 01:13:31: [SM]   [0]  Line 394, franug_weaponpaints.sp::ReadPaints()
L 12/08/2015 - 01:13:31: [SM]   [1]  Line 101, franug_weaponpaints.sp::OnPluginStart()
L 12/08/2015 - 01:13:31: Failed to auto generate config for pugsetup.smx, make sure the directory has write permission.
L 12/08/2015 - 01:13:32: [pugsetup.smx] Missing map file: addons/sourcemod/configs/pugsetup/maps.txt
L 12/08/2015 - 01:13:32: [pugsetup.smx] Missing map file: addons/sourcemod/configs/pugsetup/aim_maps.txt
L 12/08/2015 - 02:05:49: Error log file session closed.
L 12/08/2015 - 02:05:49: SourceMod error session started
L 12/08/2015 - 02:05:49: Info (map "surf_prelude_ksf") (file "errors_20151208.log")
L 12/08/2015 - 02:05:49: [SM] Plugin encountered error 25: Call was aborted
L 12/08/2015 - 02:05:49: [SM] Native "SetFailState" reported: CFG File not found: addons/sourcemod/configs/csgo_wpaints.cfg
L 12/08/2015 - 02:05:49: [SM] Displaying call stack trace for plugin "franug_weaponpaints.smx":
L 12/08/2015 - 02:05:49: [SM]   [0]  Line 394, franug_weaponpaints.sp::ReadPaints()
L 12/08/2015 - 02:05:49: [SM]   [1]  Line 101, franug_weaponpaints.sp::OnPluginStart()
L 12/08/2015 - 02:05:49: Failed to auto generate config for pugsetup.smx, make sure the directory has write permission.
L 12/08/2015 - 02:05:49: [pugsetup.smx] Missing map file: addons/sourcemod/configs/pugsetup/maps.txt
L 12/08/2015 - 02:05:49: [pugsetup.smx] Missing map file: addons/sourcemod/configs/pugsetup/aim_maps.txt
L 12/08/2015 - 02:06:19: Error log file session closed.
L 12/08/2015 - 02:06:19: SourceMod error session started
L 12/08/2015 - 02:06:19: Info (map "surf_prelude_ksf") (file "errors_20151208.log")
L 12/08/2015 - 02:06:19: [SM] Plugin encountered error 25: Call was aborted
L 12/08/2015 - 02:06:19: [SM] Native "SetFailState" reported: CFG File not found: addons/sourcemod/configs/csgo_wpaints.cfg
L 12/08/2015 - 02:06:19: [SM] Displaying call stack trace for plugin "franug_weaponpaints.smx":
L 12/08/2015 - 02:06:19: [SM]   [0]  Line 394, franug_weaponpaints.sp::ReadPaints()
L 12/08/2015 - 02:06:19: [SM]   [1]  Line 101, franug_weaponpaints.sp::OnPluginStart()
L 12/08/2015 - 02:06:20: Failed to auto generate config for pugsetup.smx, make sure the directory has write permission.
L 12/08/2015 - 02:06:20: [pugsetup.smx] Missing map file: addons/sourcemod/configs/pugsetup/maps.txt
L 12/08/2015 - 02:06:20: [pugsetup.smx] Missing map file: addons/sourcemod/configs/pugsetup/aim_maps.txt
L 12/08/2015 - 02:13:03: Error log file session closed.
L 12/08/2015 - 02:13:03: SourceMod error session started
L 12/08/2015 - 02:13:03: Info (map "surf_prelude_ksf") (file "errors_20151208.log")
L 12/08/2015 - 02:13:03: [SM] Plugin encountered error 25: Call was aborted
L 12/08/2015 - 02:13:03: [SM] Native "SetFailState" reported: CFG File not found: addons/sourcemod/configs/csgo_wpaints.cfg
L 12/08/2015 - 02:13:03: [SM] Displaying call stack trace for plugin "franug_weaponpaints.smx":
L 12/08/2015 - 02:13:03: [SM]   [0]  Line 394, franug_weaponpaints.sp::ReadPaints()
L 12/08/2015 - 02:13:03: [SM]   [1]  Line 101, franug_weaponpaints.sp::OnPluginStart()
L 12/08/2015 - 02:13:03: Failed to auto generate config for pugsetup.smx, make sure the directory has write permission.
L 12/08/2015 - 02:13:03: [pugsetup.smx] Missing map file: addons/sourcemod/configs/pugsetup/maps.txt
L 12/08/2015 - 02:13:03: [pugsetup.smx] Missing map file: addons/sourcemod/configs/pugsetup/aim_maps.txt
L 12/08/2015 - 03:09:06: Error log file session closed.
L 12/08/2015 - 03:09:06: SourceMod error session started
L 12/08/2015 - 03:09:06: Info (map "surf_prelude_ksf") (file "errors_20151208.log")
L 12/08/2015 - 03:09:06: [SM] Plugin encountered error 25: Call was aborted
L 12/08/2015 - 03:09:06: [SM] Native "SetFailState" reported: CFG File not found: addons/sourcemod/configs/csgo_wpaints.cfg
L 12/08/2015 - 03:09:06: [SM] Displaying call stack trace for plugin "franug_weaponpaints.smx":
L 12/08/2015 - 03:09:06: [SM]   [0]  Line 394, franug_weaponpaints.sp::ReadPaints()
L 12/08/2015 - 03:09:06: [SM]   [1]  Line 101, franug_weaponpaints.sp::OnPluginStart()
L 12/08/2015 - 03:09:07: Failed to auto generate config for pugsetup.smx, make sure the directory has write permission.
L 12/08/2015 - 03:09:07: [pugsetup.smx] Missing map file: addons/sourcemod/configs/pugsetup/maps.txt
L 12/08/2015 - 03:09:07: [pugsetup.smx] Missing map file: addons/sourcemod/configs/pugsetup/aim_maps.txt
L 12/08/2015 - 03:14:30: Error log file session closed.
L 12/08/2015 - 03:14:30: SourceMod error session started
L 12/08/2015 - 03:14:30: Info (map "surf_prelude_ksf") (file "errors_20151208.log")
L 12/08/2015 - 03:14:30: [SM] Plugin encountered error 25: Call was aborted
L 12/08/2015 - 03:14:30: [SM] Native "SetFailState" reported: CFG File not found: addons/sourcemod/configs/csgo_wpaints.cfg
L 12/08/2015 - 03:14:30: [SM] Displaying call stack trace for plugin "franug_weaponpaints.smx":
L 12/08/2015 - 03:14:30: [SM]   [0]  Line 394, franug_weaponpaints.sp::ReadPaints()
L 12/08/2015 - 03:14:30: [SM]   [1]  Line 101, franug_weaponpaints.sp::OnPluginStart()
L 12/08/2015 - 03:14:30: Failed to auto generate config for pugsetup.smx, make sure the directory has write permission.
L 12/08/2015 - 03:14:30: [pugsetup.smx] Missing map file: addons/sourcemod/configs/pugsetup/maps.txt
L 12/08/2015 - 03:14:30: [pugsetup.smx] Missing map file: addons/sourcemod/configs/pugsetup/aim_maps.txt
L 12/08/2015 - 06:18:29: Error log file session closed.
L 12/08/2015 - 06:18:29: SourceMod error session started
L 12/08/2015 - 06:18:29: Info (map "surf_prelude_ksf") (file "errors_20151208.log")
L 12/08/2015 - 06:18:29: [SM] Plugin encountered error 25: Call was aborted
L 12/08/2015 - 06:18:29: [SM] Native "SetFailState" reported: CFG File not found: addons/sourcemod/configs/csgo_wpaints.cfg
L 12/08/2015 - 06:18:29: [SM] Displaying call stack trace for plugin "franug_weaponpaints.smx":
L 12/08/2015 - 06:18:29: [SM]   [0]  Line 394, franug_weaponpaints.sp::ReadPaints()
L 12/08/2015 - 06:18:29: [SM]   [1]  Line 101, franug_weaponpaints.sp::OnPluginStart()
L 12/08/2015 - 06:18:29: Failed to auto generate config for pugsetup.smx, make sure the directory has write permission.
L 12/08/2015 - 06:18:29: [pugsetup.smx] Missing map file: addons/sourcemod/configs/pugsetup/maps.txt
L 12/08/2015 - 06:18:29: [pugsetup.smx] Missing map file: addons/sourcemod/configs/pugsetup/aim_maps.txt
L 12/08/2015 - 06:25:24: Error log file session closed.
L 12/08/2015 - 06:25:24: SourceMod error session started
L 12/08/2015 - 06:25:24: Info (map "surf_eclipse") (file "errors_20151208.log")
L 12/08/2015 - 06:25:24: [SM] Plugin encountered error 25: Call was aborted
L 12/08/2015 - 06:25:24: [SM] Native "SetFailState" reported: CFG File not found: addons/sourcemod/configs/csgo_wpaints.cfg
L 12/08/2015 - 06:25:24: [SM] Displaying call stack trace for plugin "franug_weaponpaints.smx":
L 12/08/2015 - 06:25:24: [SM]   [0]  Line 394, franug_weaponpaints.sp::ReadPaints()
L 12/08/2015 - 06:25:24: [SM]   [1]  Line 101, franug_weaponpaints.sp::OnPluginStart()
L 12/08/2015 - 06:25:25: Failed to auto generate config for pugsetup.smx, make sure the directory has write permission.
L 12/08/2015 - 06:25:25: [pugsetup.smx] Missing map file: addons/sourcemod/configs/pugsetup/maps.txt
L 12/08/2015 - 06:25:25: [pugsetup.smx] Missing map file: addons/sourcemod/configs/pugsetup/aim_maps.txt
L 12/08/2015 - 06:41:32: Error log file session closed.
L 12/08/2015 - 06:41:32: SourceMod error session started
L 12/08/2015 - 06:41:32: Info (map "surf_glass7") (file "errors_20151208.log")
L 12/08/2015 - 06:41:32: [SM] Plugin encountered error 25: Call was aborted
L 12/08/2015 - 06:41:32: [SM] Native "SetFailState" reported: CFG File not found: addons/sourcemod/configs/csgo_wpaints.cfg
L 12/08/2015 - 06:41:32: [SM] Displaying call stack trace for plugin "franug_weaponpaints.smx":
L 12/08/2015 - 06:41:32: [SM]   [0]  Line 394, franug_weaponpaints.sp::ReadPaints()
L 12/08/2015 - 06:41:32: [SM]   [1]  Line 101, franug_weaponpaints.sp::OnPluginStart()
L 12/08/2015 - 06:41:33: Failed to auto generate config for pugsetup.smx, make sure the directory has write permission.
L 12/08/2015 - 06:41:33: [pugsetup.smx] Missing map file: addons/sourcemod/configs/pugsetup/maps.txt
L 12/08/2015 - 06:41:33: [pugsetup.smx] Missing map file: addons/sourcemod/configs/pugsetup/aim_maps.txt
L 12/08/2015 - 06:50:32: Error log file session closed.
L 12/08/2015 - 06:50:32: SourceMod error session started
L 12/08/2015 - 06:50:32: Info (map "surf_utopia_v3") (file "errors_20151208.log")
L 12/08/2015 - 06:50:32: [SM] Plugin encountered error 25: Call was aborted
L 12/08/2015 - 06:50:32: [SM] Native "SetFailState" reported: CFG File not found: addons/sourcemod/configs/csgo_wpaints.cfg
L 12/08/2015 - 06:50:32: [SM] Displaying call stack trace for plugin "franug_weaponpaints.smx":
L 12/08/2015 - 06:50:32: [SM]   [0]  Line 394, franug_weaponpaints.sp::ReadPaints()
L 12/08/2015 - 06:50:32: [SM]   [1]  Line 101, franug_weaponpaints.sp::OnPluginStart()
L 12/08/2015 - 06:50:33: Failed to auto generate config for pugsetup.smx, make sure the directory has write permission.
L 12/08/2015 - 06:50:33: [pugsetup.smx] Missing map file: addons/sourcemod/configs/pugsetup/maps.txt
L 12/08/2015 - 06:50:33: [pugsetup.smx] Missing map file: addons/sourcemod/configs/pugsetup/aim_maps.txt
L 12/08/2015 - 06:52:22: Error log file session closed.
L 12/08/2015 - 06:52:22: SourceMod error session started
L 12/08/2015 - 06:52:22: Info (map "de_dust") (file "errors_20151208.log")
L 12/08/2015 - 06:52:22: [SM] Plugin encountered error 25: Call was aborted
L 12/08/2015 - 06:52:22: [SM] Native "SetFailState" reported: CFG File not found: addons/sourcemod/configs/csgo_wpaints.cfg
L 12/08/2015 - 06:52:22: [SM] Displaying call stack trace for plugin "franug_weaponpaints.smx":
L 12/08/2015 - 06:52:22: [SM]   [0]  Line 394, franug_weaponpaints.sp::ReadPaints()
L 12/08/2015 - 06:52:22: [SM]   [1]  Line 101, franug_weaponpaints.sp::OnPluginStart()
L 12/08/2015 - 06:52:22: Failed to auto generate config for pugsetup.smx, make sure the directory has write permission.
L 12/08/2015 - 06:52:22: [pugsetup.smx] Missing map file: addons/sourcemod/configs/pugsetup/maps.txt
L 12/08/2015 - 06:52:22: [pugsetup.smx] Missing map file: addons/sourcemod/configs/pugsetup/aim_maps.txt
L 12/08/2015 - 06:53:03: Error log file session closed.
L 12/08/2015 - 06:53:03: SourceMod error session started
L 12/08/2015 - 06:53:03: Info (map "surf_trance_ksf") (file "errors_20151208.log")
L 12/08/2015 - 06:53:03: [SM] Plugin encountered error 25: Call was aborted
L 12/08/2015 - 06:53:03: [SM] Native "SetFailState" reported: CFG File not found: addons/sourcemod/configs/csgo_wpaints.cfg
L 12/08/2015 - 06:53:03: [SM] Displaying call stack trace for plugin "franug_weaponpaints.smx":
L 12/08/2015 - 06:53:03: [SM]   [0]  Line 394, franug_weaponpaints.sp::ReadPaints()
L 12/08/2015 - 06:53:03: [SM]   [1]  Line 101, franug_weaponpaints.sp::OnPluginStart()
L 12/08/2015 - 06:53:03: Failed to auto generate config for pugsetup.smx, make sure the directory has write permission.
L 12/08/2015 - 06:53:03: [pugsetup.smx] Missing map file: addons/sourcemod/configs/pugsetup/maps.txt
L 12/08/2015 - 06:53:03: [pugsetup.smx] Missing map file: addons/sourcemod/configs/pugsetup/aim_maps.txt
L 12/08/2015 - 07:01:59: Error log file session closed.
L 12/08/2015 - 07:01:59: SourceMod error session started
L 12/08/2015 - 07:01:59: Info (map "surf_mesa_mine") (file "errors_20151208.log")
L 12/08/2015 - 07:01:59: [SM] Plugin encountered error 25: Call was aborted
L 12/08/2015 - 07:01:59: [SM] Native "SetFailState" reported: CFG File not found: addons/sourcemod/configs/csgo_wpaints.cfg
L 12/08/2015 - 07:01:59: [SM] Displaying call stack trace for plugin "franug_weaponpaints.smx":
L 12/08/2015 - 07:01:59: [SM]   [0]  Line 394, franug_weaponpaints.sp::ReadPaints()
L 12/08/2015 - 07:01:59: [SM]   [1]  Line 101, franug_weaponpaints.sp::OnPluginStart()
L 12/08/2015 - 07:02:00: Failed to auto generate config for pugsetup.smx, make sure the directory has write permission.
L 12/08/2015 - 07:02:00: [pugsetup.smx] Missing map file: addons/sourcemod/configs/pugsetup/maps.txt
L 12/08/2015 - 07:02:00: [pugsetup.smx] Missing map file: addons/sourcemod/configs/pugsetup/aim_maps.txt
L 12/08/2015 - 07:11:35: Error log file session closed.
L 12/08/2015 - 07:11:35: SourceMod error session started
L 12/08/2015 - 07:11:35: Info (map "surf_lullaby_ksf") (file "errors_20151208.log")
L 12/08/2015 - 07:11:35: [SM] Plugin encountered error 25: Call was aborted
L 12/08/2015 - 07:11:35: [SM] Native "SetFailState" reported: CFG File not found: addons/sourcemod/configs/csgo_wpaints.cfg
L 12/08/2015 - 07:11:35: [SM] Displaying call stack trace for plugin "franug_weaponpaints.smx":
L 12/08/2015 - 07:11:35: [SM]   [0]  Line 394, franug_weaponpaints.sp::ReadPaints()
L 12/08/2015 - 07:11:35: [SM]   [1]  Line 101, franug_weaponpaints.sp::OnPluginStart()
L 12/08/2015 - 07:11:35: Failed to auto generate config for pugsetup.smx, make sure the directory has write permission.
L 12/08/2015 - 07:11:35: [pugsetup.smx] Missing map file: addons/sourcemod/configs/pugsetup/maps.txt
L 12/08/2015 - 07:11:35: [pugsetup.smx] Missing map file: addons/sourcemod/configs/pugsetup/aim_maps.txt
L 12/08/2015 - 07:29:08: Error log file session closed.
L 12/08/2015 - 07:29:08: SourceMod error session started
L 12/08/2015 - 07:29:08: Info (map "surf_lux") (file "errors_20151208.log")
L 12/08/2015 - 07:29:08: [SM] Plugin encountered error 25: Call was aborted
L 12/08/2015 - 07:29:08: [SM] Native "SetFailState" reported: CFG File not found: addons/sourcemod/configs/csgo_wpaints.cfg
L 12/08/2015 - 07:29:08: [SM] Displaying call stack trace for plugin "franug_weaponpaints.smx":
L 12/08/2015 - 07:29:08: [SM]   [0]  Line 394, franug_weaponpaints.sp::ReadPaints()
L 12/08/2015 - 07:29:08: [SM]   [1]  Line 101, franug_weaponpaints.sp::OnPluginStart()
L 12/08/2015 - 07:29:09: Failed to auto generate config for pugsetup.smx, make sure the directory has write permission.
L 12/08/2015 - 07:29:09: [pugsetup.smx] Missing map file: addons/sourcemod/configs/pugsetup/maps.txt
L 12/08/2015 - 07:29:09: [pugsetup.smx] Missing map file: addons/sourcemod/configs/pugsetup/aim_maps.txt
L 12/08/2015 - 07:35:57: Error log file session closed.
L 12/08/2015 - 07:35:57: SourceMod error session started
L 12/08/2015 - 07:35:57: Info (map "surf_year3000") (file "errors_20151208.log")
L 12/08/2015 - 07:35:57: [SM] Plugin encountered error 25: Call was aborted
L 12/08/2015 - 07:35:57: [SM] Native "SetFailState" reported: CFG File not found: addons/sourcemod/configs/csgo_wpaints.cfg
L 12/08/2015 - 07:35:57: [SM] Displaying call stack trace for plugin "franug_weaponpaints.smx":
L 12/08/2015 - 07:35:57: [SM]   [0]  Line 394, franug_weaponpaints.sp::ReadPaints()
L 12/08/2015 - 07:35:57: [SM]   [1]  Line 101, franug_weaponpaints.sp::OnPluginStart()
L 12/08/2015 - 07:36:11: SourceMod error session started
L 12/08/2015 - 07:36:11: Info (map "surf_prelude_ksf") (file "errors_20151208.log")
L 12/08/2015 - 07:36:11: [SM] Plugin encountered error 25: Call was aborted
L 12/08/2015 - 07:36:11: [SM] Native "SetFailState" reported: CFG File not found: addons/sourcemod/configs/csgo_wpaints.cfg
L 12/08/2015 - 07:36:11: [SM] Displaying call stack trace for plugin "franug_weaponpaints.smx":
L 12/08/2015 - 07:36:11: [SM]   [0]  Line 394, franug_weaponpaints.sp::ReadPaints()
L 12/08/2015 - 07:36:11: [SM]   [1]  Line 101, franug_weaponpaints.sp::OnPluginStart()
L 12/08/2015 - 07:36:12: Failed to auto generate config for pugsetup.smx, make sure the directory has write permission.
L 12/08/2015 - 13:57:22: SourceMod error session started
L 12/08/2015 - 13:57:22: Info (map "surf_prelude_ksf") (file "errors_20151208.log")
L 12/08/2015 - 13:57:22: [SM] Plugin encountered error 25: Call was aborted
L 12/08/2015 - 13:57:22: [SM] Native "SetFailState" reported: CFG File not found: addons/sourcemod/configs/csgo_wpaints.cfg
L 12/08/2015 - 13:57:22: [SM] Displaying call stack trace for plugin "franug_weaponpaints.smx":
L 12/08/2015 - 13:57:22: [SM]   [0]  Line 394, franug_weaponpaints.sp::ReadPaints()
L 12/08/2015 - 13:57:22: [SM]   [1]  Line 101, franug_weaponpaints.sp::OnPluginStart()
L 12/08/2015 - 13:58:49: Failed to auto generate config for pugsetup.smx, make sure the directory has write permission.
L 12/08/2015 - 15:27:01: [UPDATER] --- BEGIN ERRORS FROM AUTOMATIC UPDATER ---
L 12/08/2015 - 15:27:01: [UPDATER] Could not download "http://update.sourcemod.net/update/"
L 12/08/2015 - 15:27:01: [UPDATER] Error: Couldn't resolve host 'update.sourcemod.net'
L 12/08/2015 - 15:27:01: [UPDATER] --- END ERRORS FROM AUTOMATIC UPDATER ---
L 12/08/2015 - 15:27:02: Error log file session closed.
L 12/08/2015 - 15:27:03: SourceMod error session started
L 12/08/2015 - 15:27:03: Info (map "surf_prelude_ksf") (file "errors_20151208.log")
L 12/08/2015 - 15:27:03: [SM] Plugin encountered error 25: Call was aborted
L 12/08/2015 - 15:27:03: [SM] Native "SetFailState" reported: CFG File not found: addons/sourcemod/configs/csgo_wpaints.cfg
L 12/08/2015 - 15:27:03: [SM] Displaying call stack trace for plugin "franug_weaponpaints.smx":
L 12/08/2015 - 15:27:03: [SM]   [0]  Line 394, franug_weaponpaints.sp::ReadPaints()
L 12/08/2015 - 15:27:03: [SM]   [1]  Line 101, franug_weaponpaints.sp::OnPluginStart()
L 12/08/2015 - 15:27:05: [pugsetup.smx] Missing map file: addons/sourcemod/configs/pugsetup/maps.txt
L 12/08/2015 - 15:27:05: [pugsetup.smx] Missing map file: addons/sourcemod/configs/pugsetup/aim_maps.txt
L 12/08/2015 - 15:27:08: Failed to auto generate config for pugsetup.smx, make sure the directory has write permission.
L 12/08/2015 - 17:07:16: SourceMod error session started
L 12/08/2015 - 17:07:16: Info (map "surf_prelude_ksf") (file "errors_20151208.log")
L 12/08/2015 - 17:07:16: [SM] Plugin encountered error 25: Call was aborted
L 12/08/2015 - 17:07:16: [SM] Native "SetFailState" reported: CFG File not found: addons/sourcemod/configs/csgo_wpaints.cfg
L 12/08/2015 - 17:07:16: [SM] Displaying call stack trace for plugin "franug_weaponpaints.smx":
L 12/08/2015 - 17:07:16: [SM]   [0]  Line 394, franug_weaponpaints.sp::ReadPaints()
L 12/08/2015 - 17:07:16: [SM]   [1]  Line 101, franug_weaponpaints.sp::OnPluginStart()
L 12/08/2015 - 17:07:18: Failed to auto generate config for pugsetup.smx, make sure the directory has write permission.
L 12/08/2015 - 19:41:36: Error log file session closed.
L 12/08/2015 - 19:41:36: SourceMod error session started
L 12/08/2015 - 19:41:36: Info (map "surf_prelude_ksf") (file "errors_20151208.log")
L 12/08/2015 - 19:41:36: [SM] Plugin encountered error 25: Call was aborted
L 12/08/2015 - 19:41:36: [SM] Native "SetFailState" reported: CFG File not found: addons/sourcemod/configs/csgo_wpaints.cfg
L 12/08/2015 - 19:41:36: [SM] Displaying call stack trace for plugin "franug_weaponpaints.smx":
L 12/08/2015 - 19:41:36: [SM]   [0]  Line 394, franug_weaponpaints.sp::ReadPaints()
L 12/08/2015 - 19:41:36: [SM]   [1]  Line 101, franug_weaponpaints.sp::OnPluginStart()
L 12/08/2015 - 19:41:36: Failed to auto generate config for pugsetup.smx, make sure the directory has write permission.
L 12/08/2015 - 19:41:36: [pugsetup.smx] Missing map file: addons/sourcemod/configs/pugsetup/maps.txt
L 12/08/2015 - 19:41:36: [pugsetup.smx] Missing map file: addons/sourcemod/configs/pugsetup/aim_maps.txt
L 12/08/2015 - 19:48:31: Error log file session closed.
L 12/08/2015 - 19:48:31: SourceMod error session started
L 12/08/2015 - 19:48:31: Info (map "surf_prelude_ksf") (file "errors_20151208.log")
L 12/08/2015 - 19:48:31: [SM] Plugin encountered error 25: Call was aborted
L 12/08/2015 - 19:48:31: [SM] Native "SetFailState" reported: CFG File not found: addons/sourcemod/configs/csgo_wpaints.cfg
L 12/08/2015 - 19:48:31: [SM] Displaying call stack trace for plugin "franug_weaponpaints.smx":
L 12/08/2015 - 19:48:31: [SM]   [0]  Line 394, franug_weaponpaints.sp::ReadPaints()
L 12/08/2015 - 19:48:31: [SM]   [1]  Line 101, franug_weaponpaints.sp::OnPluginStart()
L 12/08/2015 - 19:48:31: Failed to auto generate config for pugsetup.smx, make sure the directory has write permission.
L 12/08/2015 - 19:48:31: [pugsetup.smx] Missing map file: addons/sourcemod/configs/pugsetup/maps.txt
L 12/08/2015 - 19:48:31: [pugsetup.smx] Missing map file: addons/sourcemod/configs/pugsetup/aim_maps.txt
L 12/08/2015 - 19:49:12: Error log file session closed.
L 12/08/2015 - 19:49:12: SourceMod error session started
L 12/08/2015 - 19:49:12: Info (map "surf_fruits") (file "errors_20151208.log")
L 12/08/2015 - 19:49:12: [SM] Plugin encountered error 25: Call was aborted
L 12/08/2015 - 19:49:12: [SM] Native "SetFailState" reported: CFG File not found: addons/sourcemod/configs/csgo_wpaints.cfg
L 12/08/2015 - 19:49:12: [SM] Displaying call stack trace for plugin "franug_weaponpaints.smx":
L 12/08/2015 - 19:49:12: [SM]   [0]  Line 394, franug_weaponpaints.sp::ReadPaints()
L 12/08/2015 - 19:49:12: [SM]   [1]  Line 101, franug_weaponpaints.sp::OnPluginStart()
L 12/08/2015 - 19:49:13: Failed to auto generate config for pugsetup.smx, make sure the directory has write permission.
L 12/08/2015 - 19:49:13: [pugsetup.smx] Missing map file: addons/sourcemod/configs/pugsetup/maps.txt
L 12/08/2015 - 19:49:13: [pugsetup.smx] Missing map file: addons/sourcemod/configs/pugsetup/aim_maps.txt
L 12/08/2015 - 20:13:50: Error log file session closed.
L 12/08/2015 - 20:13:50: SourceMod error session started
L 12/08/2015 - 20:13:50: Info (map "surf_prelude_ksf") (file "errors_20151208.log")
L 12/08/2015 - 20:13:50: [SM] Plugin encountered error 25: Call was aborted
L 12/08/2015 - 20:13:50: [SM] Native "SetFailState" reported: CFG File not found: addons/sourcemod/configs/csgo_wpaints.cfg
L 12/08/2015 - 20:13:50: [SM] Displaying call stack trace for plugin "franug_weaponpaints.smx":
L 12/08/2015 - 20:13:50: [SM]   [0]  Line 394, franug_weaponpaints.sp::ReadPaints()
L 12/08/2015 - 20:13:50: [SM]   [1]  Line 101, franug_weaponpaints.sp::OnPluginStart()
L 12/08/2015 - 20:13:51: Failed to auto generate config for pugsetup.smx, make sure the directory has write permission.
L 12/08/2015 - 20:13:51: [pugsetup.smx] Missing map file: addons/sourcemod/configs/pugsetup/maps.txt
L 12/08/2015 - 20:13:51: [pugsetup.smx] Missing map file: addons/sourcemod/configs/pugsetup/aim_maps.txt
L 12/08/2015 - 20:15:00: Error log file session closed.
L 12/08/2015 - 20:15:00: SourceMod error session started
L 12/08/2015 - 20:15:00: Info (map "surf_fruits") (file "errors_20151208.log")
L 12/08/2015 - 20:15:00: [SM] Plugin encountered error 25: Call was aborted
L 12/08/2015 - 20:15:00: [SM] Native "SetFailState" reported: CFG File not found: addons/sourcemod/configs/csgo_wpaints.cfg
L 12/08/2015 - 20:15:00: [SM] Displaying call stack trace for plugin "franug_weaponpaints.smx":
L 12/08/2015 - 20:15:00: [SM]   [0]  Line 394, franug_weaponpaints.sp::ReadPaints()
L 12/08/2015 - 20:15:00: [SM]   [1]  Line 101, franug_weaponpaints.sp::OnPluginStart()
L 12/08/2015 - 20:15:01: Failed to auto generate config for pugsetup.smx, make sure the directory has write permission.
L 12/08/2015 - 20:15:01: [pugsetup.smx] Missing map file: addons/sourcemod/configs/pugsetup/maps.txt
L 12/08/2015 - 20:15:01: [pugsetup.smx] Missing map file: addons/sourcemod/configs/pugsetup/aim_maps.txt
L 12/08/2015 - 20:25:24: Error log file session closed.
L 12/08/2015 - 20:25:24: SourceMod error session started
L 12/08/2015 - 20:25:24: Info (map "surf_fruits") (file "errors_20151208.log")
L 12/08/2015 - 20:25:24: [SM] Plugin encountered error 25: Call was aborted
L 12/08/2015 - 20:25:24: [SM] Native "SetFailState" reported: CFG File not found: addons/sourcemod/configs/csgo_wpaints.cfg
L 12/08/2015 - 20:25:24: [SM] Displaying call stack trace for plugin "franug_weaponpaints.smx":
L 12/08/2015 - 20:25:24: [SM]   [0]  Line 394, franug_weaponpaints.sp::ReadPaints()
L 12/08/2015 - 20:25:24: [SM]   [1]  Line 101, franug_weaponpaints.sp::OnPluginStart()
L 12/08/2015 - 20:25:24: Failed to auto generate config for pugsetup.smx, make sure the directory has write permission.
L 12/08/2015 - 20:25:24: [pugsetup.smx] Missing map file: addons/sourcemod/configs/pugsetup/maps.txt
L 12/08/2015 - 20:25:24: [pugsetup.smx] Missing map file: addons/sourcemod/configs/pugsetup/aim_maps.txt
L 12/08/2015 - 20:52:15: Error log file session closed.
L 12/08/2015 - 20:52:15: SourceMod error session started
L 12/08/2015 - 20:52:15: Info (map "surf_fruits") (file "errors_20151208.log")
L 12/08/2015 - 20:52:15: [SM] Plugin encountered error 25: Call was aborted
L 12/08/2015 - 20:52:15: [SM] Native "SetFailState" reported: CFG File not found: addons/sourcemod/configs/csgo_wpaints.cfg
L 12/08/2015 - 20:52:15: [SM] Displaying call stack trace for plugin "franug_weaponpaints.smx":
L 12/08/2015 - 20:52:15: [SM]   [0]  Line 394, franug_weaponpaints.sp::ReadPaints()
L 12/08/2015 - 20:52:15: [SM]   [1]  Line 101, franug_weaponpaints.sp::OnPluginStart()
L 12/08/2015 - 20:52:16: Failed to auto generate config for pugsetup.smx, make sure the directory has write permission.
L 12/08/2015 - 20:52:16: [pugsetup.smx] Missing map file: addons/sourcemod/configs/pugsetup/maps.txt
L 12/08/2015 - 20:52:16: [pugsetup.smx] Missing map file: addons/sourcemod/configs/pugsetup/aim_maps.txt
L 12/08/2015 - 21:48:00: Error log file session closed.
L 12/08/2015 - 21:48:00: SourceMod error session started
L 12/08/2015 - 21:48:00: Info (map "surf_fruits") (file "errors_20151208.log")
L 12/08/2015 - 21:48:00: [SM] Plugin encountered error 25: Call was aborted
L 12/08/2015 - 21:48:00: [SM] Native "SetFailState" reported: CFG File not found: addons/sourcemod/configs/csgo_wpaints.cfg
L 12/08/2015 - 21:48:00: [SM] Displaying call stack trace for plugin "franug_weaponpaints.smx":
L 12/08/2015 - 21:48:00: [SM]   [0]  Line 394, franug_weaponpaints.sp::ReadPaints()
L 12/08/2015 - 21:48:00: [SM]   [1]  Line 101, franug_weaponpaints.sp::OnPluginStart()
L 12/08/2015 - 21:48:00: Failed to auto generate config for pugsetup.smx, make sure the directory has write permission.
L 12/08/2015 - 21:48:00: [pugsetup.smx] Missing map file: addons/sourcemod/configs/pugsetup/maps.txt
L 12/08/2015 - 21:48:00: [pugsetup.smx] Missing map file: addons/sourcemod/configs/pugsetup/aim_maps.txt
L 12/08/2015 - 22:02:12: Error log file session closed.
L 12/08/2015 - 22:02:12: SourceMod error session started
L 12/08/2015 - 22:02:12: Info (map "surf_fruits") (file "errors_20151208.log")
L 12/08/2015 - 22:02:12: [SM] Plugin encountered error 25: Call was aborted
L 12/08/2015 - 22:02:12: [SM] Native "SetFailState" reported: CFG File not found: addons/sourcemod/configs/csgo_wpaints.cfg
L 12/08/2015 - 22:02:12: [SM] Displaying call stack trace for plugin "franug_weaponpaints.smx":
L 12/08/2015 - 22:02:12: [SM]   [0]  Line 394, franug_weaponpaints.sp::ReadPaints()
L 12/08/2015 - 22:02:12: [SM]   [1]  Line 101, franug_weaponpaints.sp::OnPluginStart()
L 12/08/2015 - 22:02:13: Failed to auto generate config for pugsetup.smx, make sure the directory has write permission.
L 12/08/2015 - 22:02:13: [pugsetup.smx] Missing map file: addons/sourcemod/configs/pugsetup/maps.txt
L 12/08/2015 - 22:02:13: [pugsetup.smx] Missing map file: addons/sourcemod/configs/pugsetup/aim_maps.txt
L 12/08/2015 - 22:40:11: Error log file session closed.
L 12/08/2015 - 22:40:11: SourceMod error session started
L 12/08/2015 - 22:40:11: Info (map "surf_fruits") (file "errors_20151208.log")
L 12/08/2015 - 22:40:11: [SM] Plugin encountered error 25: Call was aborted
L 12/08/2015 - 22:40:11: [SM] Native "SetFailState" reported: CFG File not found: addons/sourcemod/configs/csgo_wpaints.cfg
L 12/08/2015 - 22:40:11: [SM] Displaying call stack trace for plugin "franug_weaponpaints.smx":
L 12/08/2015 - 22:40:11: [SM]   [0]  Line 394, franug_weaponpaints.sp::ReadPaints()
L 12/08/2015 - 22:40:11: [SM]   [1]  Line 101, franug_weaponpaints.sp::OnPluginStart()
L 12/08/2015 - 22:40:11: Failed to auto generate config for pugsetup.smx, make sure the directory has write permission.
L 12/08/2015 - 22:40:11: [pugsetup.smx] Missing map file: addons/sourcemod/configs/pugsetup/maps.txt
L 12/08/2015 - 22:40:11: [pugsetup.smx] Missing map file: addons/sourcemod/configs/pugsetup/aim_maps.txt
L 12/08/2015 - 22:40:52: Error log file session closed.
L 12/08/2015 - 22:40:52: SourceMod error session started
L 12/08/2015 - 22:40:52: Info (map "surf_rookie_fix") (file "errors_20151208.log")
L 12/08/2015 - 22:40:52: [SM] Plugin encountered error 25: Call was aborted
L 12/08/2015 - 22:40:52: [SM] Native "SetFailState" reported: CFG File not found: addons/sourcemod/configs/csgo_wpaints.cfg
L 12/08/2015 - 22:40:52: [SM] Displaying call stack trace for plugin "franug_weaponpaints.smx":
L 12/08/2015 - 22:40:52: [SM]   [0]  Line 394, franug_weaponpaints.sp::ReadPaints()
L 12/08/2015 - 22:40:52: [SM]   [1]  Line 101, franug_weaponpaints.sp::OnPluginStart()
L 12/08/2015 - 22:40:53: Failed to auto generate config for pugsetup.smx, make sure the directory has write permission.
L 12/08/2015 - 22:40:53: [pugsetup.smx] Missing map file: addons/sourcemod/configs/pugsetup/maps.txt
L 12/08/2015 - 22:40:53: [pugsetup.smx] Missing map file: addons/sourcemod/configs/pugsetup/aim_maps.txt
