L 11/22/2015 - 00:18:30: SourceMod error session started
L 11/22/2015 - 00:18:30: Info (map "de_cbble") (file "errors_20151122.log")
L 11/22/2015 - 00:18:30: Error log file session closed.
L 11/22/2015 - 00:18:30: SourceMod error session started
L 11/22/2015 - 00:18:30: Info (map "de_cbble") (file "errors_20151122.log")
L 11/22/2015 - 00:18:30: [SM] Plugin encountered error 25: Call was aborted
L 11/22/2015 - 00:18:30: [SM] Native "SetFailState" reported: CFG File not found: addons\sourcemod\configs\csgo_wpaints.cfg
L 11/22/2015 - 00:18:30: [SM] Displaying call stack trace for plugin "franug_weaponpaints.smx":
L 11/22/2015 - 00:18:30: [SM]   [0]  Line 394, franug_weaponpaints.sp::ReadPaints()
L 11/22/2015 - 00:18:30: [SM]   [1]  Line 101, franug_weaponpaints.sp::OnPluginStart()
L 11/22/2015 - 00:18:31: Failed to auto generate config for pugsetup.smx, make sure the directory has write permission.
L 11/22/2015 - 00:18:31: [pugsetup.smx] Missing map file: addons\sourcemod\configs\pugsetup\maps.txt
L 11/22/2015 - 00:18:31: [pugsetup.smx] Missing map file: addons\sourcemod\configs\pugsetup\aim_maps.txt
L 11/22/2015 - 00:20:34: [pugsetup.smx] Failed to open file for reading: cfg/sourcemod/pugsetup/knife.cfg
L 11/22/2015 - 00:20:34: [pugsetup.smx] Failed to save cvar values when executing sourcemod/pugsetup/knife.cfg
L 11/22/2015 - 00:56:46: Error log file session closed.
L 11/22/2015 - 00:56:46: SourceMod error session started
L 11/22/2015 - 00:56:46: Info (map "de_nuke") (file "errors_20151122.log")
L 11/22/2015 - 00:56:46: [SM] Plugin encountered error 25: Call was aborted
L 11/22/2015 - 00:56:46: [SM] Native "SetFailState" reported: CFG File not found: addons\sourcemod\configs\csgo_wpaints.cfg
L 11/22/2015 - 00:56:46: [SM] Displaying call stack trace for plugin "franug_weaponpaints.smx":
L 11/22/2015 - 00:56:46: [SM]   [0]  Line 394, franug_weaponpaints.sp::ReadPaints()
L 11/22/2015 - 00:56:46: [SM]   [1]  Line 101, franug_weaponpaints.sp::OnPluginStart()
L 11/22/2015 - 00:56:46: Failed to auto generate config for pugsetup.smx, make sure the directory has write permission.
L 11/22/2015 - 00:56:47: [pugsetup.smx] Missing map file: addons\sourcemod\configs\pugsetup\maps.txt
L 11/22/2015 - 00:56:47: [pugsetup.smx] Missing map file: addons\sourcemod\configs\pugsetup\aim_maps.txt
L 11/22/2015 - 04:16:23: Error log file session closed.
L 11/22/2015 - 04:16:23: SourceMod error session started
L 11/22/2015 - 04:16:23: Info (map "de_nuke") (file "errors_20151122.log")
L 11/22/2015 - 04:16:23: [SM] Plugin encountered error 25: Call was aborted
L 11/22/2015 - 04:16:23: [SM] Native "SetFailState" reported: CFG File not found: addons\sourcemod\configs\csgo_wpaints.cfg
L 11/22/2015 - 04:16:23: [SM] Displaying call stack trace for plugin "franug_weaponpaints.smx":
L 11/22/2015 - 04:16:23: [SM]   [0]  Line 394, franug_weaponpaints.sp::ReadPaints()
L 11/22/2015 - 04:16:23: [SM]   [1]  Line 101, franug_weaponpaints.sp::OnPluginStart()
L 11/22/2015 - 04:16:24: Failed to auto generate config for pugsetup.smx, make sure the directory has write permission.
L 11/22/2015 - 04:16:25: [pugsetup.smx] Missing map file: addons\sourcemod\configs\pugsetup\maps.txt
L 11/22/2015 - 04:16:25: [pugsetup.smx] Missing map file: addons\sourcemod\configs\pugsetup\aim_maps.txt
L 11/22/2015 - 04:17:46: Error log file session closed.
L 11/22/2015 - 04:17:46: SourceMod error session started
L 11/22/2015 - 04:17:46: Info (map "de_dust2") (file "errors_20151122.log")
L 11/22/2015 - 04:17:46: [SM] Plugin encountered error 25: Call was aborted
L 11/22/2015 - 04:17:46: [SM] Native "SetFailState" reported: CFG File not found: addons\sourcemod\configs\csgo_wpaints.cfg
L 11/22/2015 - 04:17:46: [SM] Displaying call stack trace for plugin "franug_weaponpaints.smx":
L 11/22/2015 - 04:17:46: [SM]   [0]  Line 394, franug_weaponpaints.sp::ReadPaints()
L 11/22/2015 - 04:17:46: [SM]   [1]  Line 101, franug_weaponpaints.sp::OnPluginStart()
L 11/22/2015 - 04:17:47: Failed to auto generate config for pugsetup.smx, make sure the directory has write permission.
L 11/22/2015 - 04:17:47: [pugsetup.smx] Missing map file: addons\sourcemod\configs\pugsetup\maps.txt
L 11/22/2015 - 04:17:47: [pugsetup.smx] Missing map file: addons\sourcemod\configs\pugsetup\aim_maps.txt
L 11/22/2015 - 04:30:12: Error log file session closed.
L 11/22/2015 - 04:30:12: SourceMod error session started
L 11/22/2015 - 04:30:12: Info (map "de_overpass") (file "errors_20151122.log")
L 11/22/2015 - 04:30:12: [SM] Plugin encountered error 25: Call was aborted
L 11/22/2015 - 04:30:12: [SM] Native "SetFailState" reported: CFG File not found: addons\sourcemod\configs\csgo_wpaints.cfg
L 11/22/2015 - 04:30:12: [SM] Displaying call stack trace for plugin "franug_weaponpaints.smx":
L 11/22/2015 - 04:30:12: [SM]   [0]  Line 394, franug_weaponpaints.sp::ReadPaints()
L 11/22/2015 - 04:30:12: [SM]   [1]  Line 101, franug_weaponpaints.sp::OnPluginStart()
L 11/22/2015 - 04:30:12: Failed to auto generate config for pugsetup.smx, make sure the directory has write permission.
L 11/22/2015 - 04:30:13: [pugsetup.smx] Missing map file: addons\sourcemod\configs\pugsetup\maps.txt
L 11/22/2015 - 04:30:13: [pugsetup.smx] Missing map file: addons\sourcemod\configs\pugsetup\aim_maps.txt
L 11/22/2015 - 04:33:08: [pugsetup.smx] Failed to open file for reading: cfg/sourcemod/pugsetup/knife.cfg
L 11/22/2015 - 04:33:08: [pugsetup.smx] Failed to save cvar values when executing sourcemod/pugsetup/knife.cfg
L 11/22/2015 - 05:20:44: Error log file session closed.
L 11/22/2015 - 05:20:45: SourceMod error session started
L 11/22/2015 - 05:20:45: Info (map "de_cbble") (file "errors_20151122.log")
L 11/22/2015 - 05:20:45: [SM] Plugin encountered error 25: Call was aborted
L 11/22/2015 - 05:20:45: [SM] Native "SetFailState" reported: CFG File not found: addons\sourcemod\configs\csgo_wpaints.cfg
L 11/22/2015 - 05:20:45: [SM] Displaying call stack trace for plugin "franug_weaponpaints.smx":
L 11/22/2015 - 05:20:45: [SM]   [0]  Line 394, franug_weaponpaints.sp::ReadPaints()
L 11/22/2015 - 05:20:45: [SM]   [1]  Line 101, franug_weaponpaints.sp::OnPluginStart()
L 11/22/2015 - 05:20:46: Failed to auto generate config for pugsetup.smx, make sure the directory has write permission.
L 11/22/2015 - 05:20:46: [pugsetup.smx] Missing map file: addons\sourcemod\configs\pugsetup\maps.txt
L 11/22/2015 - 05:20:46: [pugsetup.smx] Missing map file: addons\sourcemod\configs\pugsetup\aim_maps.txt
L 11/22/2015 - 05:26:44: SourceMod error session started
L 11/22/2015 - 05:26:44: Info (map "de_dust2") (file "errors_20151122.log")
L 11/22/2015 - 05:26:44: [SM] Plugin encountered error 25: Call was aborted
L 11/22/2015 - 05:26:44: [SM] Native "SetFailState" reported: CFG File not found: addons\sourcemod\configs\csgo_wpaints.cfg
L 11/22/2015 - 05:26:44: [SM] Displaying call stack trace for plugin "franug_weaponpaints.smx":
L 11/22/2015 - 05:26:44: [SM]   [0]  Line 394, franug_weaponpaints.sp::ReadPaints()
L 11/22/2015 - 05:26:44: [SM]   [1]  Line 101, franug_weaponpaints.sp::OnPluginStart()
L 11/22/2015 - 05:26:49: Failed to auto generate config for pugsetup.smx, make sure the directory has write permission.
L 11/22/2015 - 05:26:49: [pugsetup.smx] Missing map file: addons\sourcemod\configs\pugsetup\maps.txt
L 11/22/2015 - 05:26:49: [pugsetup.smx] Missing map file: addons\sourcemod\configs\pugsetup\aim_maps.txt
L 11/22/2015 - 05:26:57: Error log file session closed.
L 11/22/2015 - 05:26:57: SourceMod error session started
L 11/22/2015 - 05:26:57: Info (map "de_dust2") (file "errors_20151122.log")
L 11/22/2015 - 05:26:57: [SM] Plugin encountered error 25: Call was aborted
L 11/22/2015 - 05:26:57: [SM] Native "SetFailState" reported: CFG File not found: addons\sourcemod\configs\csgo_wpaints.cfg
L 11/22/2015 - 05:26:57: [SM] Displaying call stack trace for plugin "franug_weaponpaints.smx":
L 11/22/2015 - 05:26:57: [SM]   [0]  Line 394, franug_weaponpaints.sp::ReadPaints()
L 11/22/2015 - 05:26:57: [SM]   [1]  Line 101, franug_weaponpaints.sp::OnPluginStart()
L 11/22/2015 - 05:26:57: Failed to auto generate config for pugsetup.smx, make sure the directory has write permission.
L 11/22/2015 - 05:26:57: [pugsetup.smx] Missing map file: addons\sourcemod\configs\pugsetup\maps.txt
L 11/22/2015 - 05:26:57: [pugsetup.smx] Missing map file: addons\sourcemod\configs\pugsetup\aim_maps.txt
L 11/22/2015 - 05:40:56: Error log file session closed.
L 11/22/2015 - 05:40:56: SourceMod error session started
L 11/22/2015 - 05:40:56: Info (map "de_dust2") (file "errors_20151122.log")
L 11/22/2015 - 05:40:56: [SM] Plugin encountered error 25: Call was aborted
L 11/22/2015 - 05:40:56: [SM] Native "SetFailState" reported: CFG File not found: addons\sourcemod\configs\csgo_wpaints.cfg
L 11/22/2015 - 05:40:56: [SM] Displaying call stack trace for plugin "franug_weaponpaints.smx":
L 11/22/2015 - 05:40:56: [SM]   [0]  Line 394, franug_weaponpaints.sp::ReadPaints()
L 11/22/2015 - 05:40:56: [SM]   [1]  Line 101, franug_weaponpaints.sp::OnPluginStart()
L 11/22/2015 - 05:40:56: Failed to auto generate config for pugsetup.smx, make sure the directory has write permission.
L 11/22/2015 - 05:40:56: [pugsetup.smx] Missing map file: addons\sourcemod\configs\pugsetup\maps.txt
L 11/22/2015 - 05:40:56: [pugsetup.smx] Missing map file: addons\sourcemod\configs\pugsetup\aim_maps.txt
L 11/22/2015 - 05:43:53: [pugsetup.smx] Failed to open file for reading: cfg/sourcemod/pugsetup/knife.cfg
L 11/22/2015 - 05:43:53: [pugsetup.smx] Failed to save cvar values when executing sourcemod/pugsetup/knife.cfg
L 11/22/2015 - 06:29:03: Error log file session closed.
L 11/22/2015 - 06:29:03: SourceMod error session started
L 11/22/2015 - 06:29:03: Info (map "de_train") (file "errors_20151122.log")
L 11/22/2015 - 06:29:03: [SM] Plugin encountered error 25: Call was aborted
L 11/22/2015 - 06:29:03: [SM] Native "SetFailState" reported: CFG File not found: addons\sourcemod\configs\csgo_wpaints.cfg
L 11/22/2015 - 06:29:03: [SM] Displaying call stack trace for plugin "franug_weaponpaints.smx":
L 11/22/2015 - 06:29:03: [SM]   [0]  Line 394, franug_weaponpaints.sp::ReadPaints()
L 11/22/2015 - 06:29:03: [SM]   [1]  Line 101, franug_weaponpaints.sp::OnPluginStart()
L 11/22/2015 - 06:29:05: Failed to auto generate config for pugsetup.smx, make sure the directory has write permission.
L 11/22/2015 - 06:29:06: [pugsetup.smx] Missing map file: addons\sourcemod\configs\pugsetup\maps.txt
L 11/22/2015 - 06:29:06: [pugsetup.smx] Missing map file: addons\sourcemod\configs\pugsetup\aim_maps.txt
L 11/22/2015 - 06:41:13: Error log file session closed.
L 11/22/2015 - 06:41:13: SourceMod error session started
L 11/22/2015 - 06:41:13: Info (map "de_inferno") (file "errors_20151122.log")
L 11/22/2015 - 06:41:13: [SM] Plugin encountered error 25: Call was aborted
L 11/22/2015 - 06:41:13: [SM] Native "SetFailState" reported: CFG File not found: addons\sourcemod\configs\csgo_wpaints.cfg
L 11/22/2015 - 06:41:13: [SM] Displaying call stack trace for plugin "franug_weaponpaints.smx":
L 11/22/2015 - 06:41:13: [SM]   [0]  Line 394, franug_weaponpaints.sp::ReadPaints()
L 11/22/2015 - 06:41:13: [SM]   [1]  Line 101, franug_weaponpaints.sp::OnPluginStart()
L 11/22/2015 - 06:41:14: Failed to auto generate config for pugsetup.smx, make sure the directory has write permission.
L 11/22/2015 - 06:41:16: [pugsetup.smx] Missing map file: addons\sourcemod\configs\pugsetup\maps.txt
L 11/22/2015 - 06:41:16: [pugsetup.smx] Missing map file: addons\sourcemod\configs\pugsetup\aim_maps.txt
L 11/22/2015 - 06:44:12: [pugsetup.smx] Failed to open file for reading: cfg/sourcemod/pugsetup/knife.cfg
L 11/22/2015 - 06:44:12: [pugsetup.smx] Failed to save cvar values when executing sourcemod/pugsetup/knife.cfg
L 11/22/2015 - 14:38:39: Error log file session closed.
L 11/22/2015 - 14:38:41: SourceMod error session started
L 11/22/2015 - 14:38:41: Info (map "de_inferno") (file "errors_20151122.log")
L 11/22/2015 - 14:38:41: [SM] Plugin encountered error 25: Call was aborted
L 11/22/2015 - 14:38:41: [SM] Native "SetFailState" reported: CFG File not found: addons\sourcemod\configs\csgo_wpaints.cfg
L 11/22/2015 - 14:38:41: [SM] Displaying call stack trace for plugin "franug_weaponpaints.smx":
L 11/22/2015 - 14:38:41: [SM]   [0]  Line 394, franug_weaponpaints.sp::ReadPaints()
L 11/22/2015 - 14:38:41: [SM]   [1]  Line 101, franug_weaponpaints.sp::OnPluginStart()
L 11/22/2015 - 14:38:42: Failed to auto generate config for pugsetup.smx, make sure the directory has write permission.
L 11/22/2015 - 14:38:44: [pugsetup.smx] Missing map file: addons\sourcemod\configs\pugsetup\maps.txt
L 11/22/2015 - 14:38:44: [pugsetup.smx] Missing map file: addons\sourcemod\configs\pugsetup\aim_maps.txt
L 11/22/2015 - 14:39:43: Error log file session closed.
L 11/22/2015 - 14:39:43: SourceMod error session started
L 11/22/2015 - 14:39:43: Info (map "de_dust2") (file "errors_20151122.log")
L 11/22/2015 - 14:39:43: [SM] Plugin encountered error 25: Call was aborted
L 11/22/2015 - 14:39:43: [SM] Native "SetFailState" reported: CFG File not found: addons\sourcemod\configs\csgo_wpaints.cfg
L 11/22/2015 - 14:39:43: [SM] Displaying call stack trace for plugin "franug_weaponpaints.smx":
L 11/22/2015 - 14:39:43: [SM]   [0]  Line 394, franug_weaponpaints.sp::ReadPaints()
L 11/22/2015 - 14:39:43: [SM]   [1]  Line 101, franug_weaponpaints.sp::OnPluginStart()
L 11/22/2015 - 14:39:44: Failed to auto generate config for pugsetup.smx, make sure the directory has write permission.
L 11/22/2015 - 14:39:44: [pugsetup.smx] Missing map file: addons\sourcemod\configs\pugsetup\maps.txt
L 11/22/2015 - 14:39:44: [pugsetup.smx] Missing map file: addons\sourcemod\configs\pugsetup\aim_maps.txt
L 11/22/2015 - 15:12:12: Error log file session closed.
L 11/22/2015 - 15:12:14: SourceMod error session started
L 11/22/2015 - 15:12:14: Info (map "de_dust2") (file "errors_20151122.log")
L 11/22/2015 - 15:12:14: [SM] Plugin encountered error 25: Call was aborted
L 11/22/2015 - 15:12:14: [SM] Native "SetFailState" reported: CFG File not found: addons\sourcemod\configs\csgo_wpaints.cfg
L 11/22/2015 - 15:12:14: [SM] Displaying call stack trace for plugin "franug_weaponpaints.smx":
L 11/22/2015 - 15:12:14: [SM]   [0]  Line 394, franug_weaponpaints.sp::ReadPaints()
L 11/22/2015 - 15:12:14: [SM]   [1]  Line 101, franug_weaponpaints.sp::OnPluginStart()
L 11/22/2015 - 15:12:23: Failed to auto generate config for pugsetup.smx, make sure the directory has write permission.
L 11/22/2015 - 15:12:27: [pugsetup.smx] Missing map file: addons\sourcemod\configs\pugsetup\maps.txt
L 11/22/2015 - 15:12:27: [pugsetup.smx] Missing map file: addons\sourcemod\configs\pugsetup\aim_maps.txt
L 11/22/2015 - 15:13:13: Error log file session closed.
L 11/22/2015 - 15:13:13: SourceMod error session started
L 11/22/2015 - 15:13:13: Info (map "surf_aircontrol_ksf") (file "errors_20151122.log")
L 11/22/2015 - 15:13:13: [SM] Plugin encountered error 25: Call was aborted
L 11/22/2015 - 15:13:13: [SM] Native "SetFailState" reported: CFG File not found: addons\sourcemod\configs\csgo_wpaints.cfg
L 11/22/2015 - 15:13:13: [SM] Displaying call stack trace for plugin "franug_weaponpaints.smx":
L 11/22/2015 - 15:13:13: [SM]   [0]  Line 394, franug_weaponpaints.sp::ReadPaints()
L 11/22/2015 - 15:13:13: [SM]   [1]  Line 101, franug_weaponpaints.sp::OnPluginStart()
L 11/22/2015 - 15:13:45: SourceMod error session started
L 11/22/2015 - 15:13:45: Info (map "de_dust2") (file "errors_20151122.log")
L 11/22/2015 - 15:13:45: [SM] Plugin encountered error 25: Call was aborted
L 11/22/2015 - 15:13:45: [SM] Native "SetFailState" reported: CFG File not found: addons\sourcemod\configs\csgo_wpaints.cfg
L 11/22/2015 - 15:13:45: [SM] Displaying call stack trace for plugin "franug_weaponpaints.smx":
L 11/22/2015 - 15:13:45: [SM]   [0]  Line 394, franug_weaponpaints.sp::ReadPaints()
L 11/22/2015 - 15:13:45: [SM]   [1]  Line 101, franug_weaponpaints.sp::OnPluginStart()
L 11/22/2015 - 15:13:51: Failed to auto generate config for pugsetup.smx, make sure the directory has write permission.
L 11/22/2015 - 15:13:51: [pugsetup.smx] Missing map file: addons\sourcemod\configs\pugsetup\maps.txt
L 11/22/2015 - 15:13:51: [pugsetup.smx] Missing map file: addons\sourcemod\configs\pugsetup\aim_maps.txt
L 11/22/2015 - 15:14:12: Error log file session closed.
L 11/22/2015 - 15:14:12: SourceMod error session started
L 11/22/2015 - 15:14:12: Info (map "de_dust2") (file "errors_20151122.log")
L 11/22/2015 - 15:14:12: [SM] Plugin encountered error 25: Call was aborted
L 11/22/2015 - 15:14:12: [SM] Native "SetFailState" reported: CFG File not found: addons\sourcemod\configs\csgo_wpaints.cfg
L 11/22/2015 - 15:14:12: [SM] Displaying call stack trace for plugin "franug_weaponpaints.smx":
L 11/22/2015 - 15:14:12: [SM]   [0]  Line 394, franug_weaponpaints.sp::ReadPaints()
L 11/22/2015 - 15:14:12: [SM]   [1]  Line 101, franug_weaponpaints.sp::OnPluginStart()
L 11/22/2015 - 15:14:12: Failed to auto generate config for pugsetup.smx, make sure the directory has write permission.
L 11/22/2015 - 15:14:12: [pugsetup.smx] Missing map file: addons\sourcemod\configs\pugsetup\maps.txt
L 11/22/2015 - 15:14:12: [pugsetup.smx] Missing map file: addons\sourcemod\configs\pugsetup\aim_maps.txt
L 11/22/2015 - 15:15:25: Error log file session closed.
L 11/22/2015 - 15:15:25: SourceMod error session started
L 11/22/2015 - 15:15:25: Info (map "surf_aircontrol_ksf") (file "errors_20151122.log")
L 11/22/2015 - 15:15:25: [SM] Plugin encountered error 25: Call was aborted
L 11/22/2015 - 15:15:25: [SM] Native "SetFailState" reported: CFG File not found: addons\sourcemod\configs\csgo_wpaints.cfg
L 11/22/2015 - 15:15:25: [SM] Displaying call stack trace for plugin "franug_weaponpaints.smx":
L 11/22/2015 - 15:15:25: [SM]   [0]  Line 394, franug_weaponpaints.sp::ReadPaints()
L 11/22/2015 - 15:15:25: [SM]   [1]  Line 101, franug_weaponpaints.sp::OnPluginStart()
L 11/22/2015 - 15:15:34: SourceMod error session started
L 11/22/2015 - 15:15:34: Info (map "de_dust2") (file "errors_20151122.log")
L 11/22/2015 - 15:15:34: [SM] Plugin encountered error 25: Call was aborted
L 11/22/2015 - 15:15:34: [SM] Native "SetFailState" reported: CFG File not found: addons\sourcemod\configs\csgo_wpaints.cfg
L 11/22/2015 - 15:15:34: [SM] Displaying call stack trace for plugin "franug_weaponpaints.smx":
L 11/22/2015 - 15:15:34: [SM]   [0]  Line 394, franug_weaponpaints.sp::ReadPaints()
L 11/22/2015 - 15:15:34: [SM]   [1]  Line 101, franug_weaponpaints.sp::OnPluginStart()
L 11/22/2015 - 15:15:35: Failed to auto generate config for pugsetup.smx, make sure the directory has write permission.
L 11/22/2015 - 15:15:35: [pugsetup.smx] Missing map file: addons\sourcemod\configs\pugsetup\maps.txt
L 11/22/2015 - 15:15:35: [pugsetup.smx] Missing map file: addons\sourcemod\configs\pugsetup\aim_maps.txt
L 11/22/2015 - 15:16:16: Error log file session closed.
L 11/22/2015 - 15:16:16: SourceMod error session started
L 11/22/2015 - 15:16:16: Info (map "surf_akai_final") (file "errors_20151122.log")
L 11/22/2015 - 15:16:16: [SM] Plugin encountered error 25: Call was aborted
L 11/22/2015 - 15:16:16: [SM] Native "SetFailState" reported: CFG File not found: addons\sourcemod\configs\csgo_wpaints.cfg
L 11/22/2015 - 15:16:16: [SM] Displaying call stack trace for plugin "franug_weaponpaints.smx":
L 11/22/2015 - 15:16:16: [SM]   [0]  Line 394, franug_weaponpaints.sp::ReadPaints()
L 11/22/2015 - 15:16:16: [SM]   [1]  Line 101, franug_weaponpaints.sp::OnPluginStart()
L 11/22/2015 - 15:17:25: SourceMod error session started
L 11/22/2015 - 15:17:25: Info (map "de_dust2") (file "errors_20151122.log")
L 11/22/2015 - 15:17:25: [SM] Plugin encountered error 25: Call was aborted
L 11/22/2015 - 15:17:25: [SM] Native "SetFailState" reported: CFG File not found: addons\sourcemod\configs\csgo_wpaints.cfg
L 11/22/2015 - 15:17:25: [SM] Displaying call stack trace for plugin "franug_weaponpaints.smx":
L 11/22/2015 - 15:17:25: [SM]   [0]  Line 394, franug_weaponpaints.sp::ReadPaints()
L 11/22/2015 - 15:17:25: [SM]   [1]  Line 101, franug_weaponpaints.sp::OnPluginStart()
L 11/22/2015 - 15:17:26: Failed to auto generate config for pugsetup.smx, make sure the directory has write permission.
L 11/22/2015 - 15:17:26: [pugsetup.smx] Missing map file: addons\sourcemod\configs\pugsetup\maps.txt
L 11/22/2015 - 15:17:26: [pugsetup.smx] Missing map file: addons\sourcemod\configs\pugsetup\aim_maps.txt
L 11/22/2015 - 15:17:49: SourceMod error session started
L 11/22/2015 - 15:17:49: Info (map "de_dust2") (file "errors_20151122.log")
L 11/22/2015 - 15:17:49: [SM] Plugin encountered error 25: Call was aborted
L 11/22/2015 - 15:17:49: [SM] Native "SetFailState" reported: CFG File not found: addons\sourcemod\configs\csgo_wpaints.cfg
L 11/22/2015 - 15:17:49: [SM] Displaying call stack trace for plugin "franug_weaponpaints.smx":
L 11/22/2015 - 15:17:49: [SM]   [0]  Line 394, franug_weaponpaints.sp::ReadPaints()
L 11/22/2015 - 15:17:49: [SM]   [1]  Line 101, franug_weaponpaints.sp::OnPluginStart()
L 11/22/2015 - 15:17:50: Failed to auto generate config for pugsetup.smx, make sure the directory has write permission.
L 11/22/2015 - 15:17:50: [pugsetup.smx] Missing map file: addons\sourcemod\configs\pugsetup\maps.txt
L 11/22/2015 - 15:17:50: [pugsetup.smx] Missing map file: addons\sourcemod\configs\pugsetup\aim_maps.txt
L 11/22/2015 - 15:18:11: Error log file session closed.
L 11/22/2015 - 15:18:11: SourceMod error session started
L 11/22/2015 - 15:18:11: Info (map "de_dust2") (file "errors_20151122.log")
L 11/22/2015 - 15:18:11: [SM] Plugin encountered error 25: Call was aborted
L 11/22/2015 - 15:18:11: [SM] Native "SetFailState" reported: CFG File not found: addons\sourcemod\configs\csgo_wpaints.cfg
L 11/22/2015 - 15:18:11: [SM] Displaying call stack trace for plugin "franug_weaponpaints.smx":
L 11/22/2015 - 15:18:11: [SM]   [0]  Line 394, franug_weaponpaints.sp::ReadPaints()
L 11/22/2015 - 15:18:11: [SM]   [1]  Line 101, franug_weaponpaints.sp::OnPluginStart()
L 11/22/2015 - 15:18:11: Failed to auto generate config for pugsetup.smx, make sure the directory has write permission.
L 11/22/2015 - 15:18:11: [pugsetup.smx] Missing map file: addons\sourcemod\configs\pugsetup\maps.txt
L 11/22/2015 - 15:18:11: [pugsetup.smx] Missing map file: addons\sourcemod\configs\pugsetup\aim_maps.txt
L 11/22/2015 - 15:18:56: Error log file session closed.
L 11/22/2015 - 15:18:56: SourceMod error session started
L 11/22/2015 - 15:18:56: Info (map "de_train") (file "errors_20151122.log")
L 11/22/2015 - 15:18:56: [SM] Plugin encountered error 25: Call was aborted
L 11/22/2015 - 15:18:56: [SM] Native "SetFailState" reported: CFG File not found: addons\sourcemod\configs\csgo_wpaints.cfg
L 11/22/2015 - 15:18:56: [SM] Displaying call stack trace for plugin "franug_weaponpaints.smx":
L 11/22/2015 - 15:18:56: [SM]   [0]  Line 394, franug_weaponpaints.sp::ReadPaints()
L 11/22/2015 - 15:18:56: [SM]   [1]  Line 101, franug_weaponpaints.sp::OnPluginStart()
L 11/22/2015 - 15:18:57: Failed to auto generate config for pugsetup.smx, make sure the directory has write permission.
L 11/22/2015 - 15:18:57: [pugsetup.smx] Missing map file: addons\sourcemod\configs\pugsetup\maps.txt
L 11/22/2015 - 15:18:57: [pugsetup.smx] Missing map file: addons\sourcemod\configs\pugsetup\aim_maps.txt
L 11/22/2015 - 15:19:22: Error log file session closed.
L 11/22/2015 - 15:19:22: SourceMod error session started
L 11/22/2015 - 15:19:22: Info (map "surf_aircontrol_ksf") (file "errors_20151122.log")
L 11/22/2015 - 15:19:22: [SM] Plugin encountered error 25: Call was aborted
L 11/22/2015 - 15:19:22: [SM] Native "SetFailState" reported: CFG File not found: addons\sourcemod\configs\csgo_wpaints.cfg
L 11/22/2015 - 15:19:22: [SM] Displaying call stack trace for plugin "franug_weaponpaints.smx":
L 11/22/2015 - 15:19:22: [SM]   [0]  Line 394, franug_weaponpaints.sp::ReadPaints()
L 11/22/2015 - 15:19:22: [SM]   [1]  Line 101, franug_weaponpaints.sp::OnPluginStart()
L 11/22/2015 - 15:20:31: SourceMod error session started
L 11/22/2015 - 15:20:31: Info (map "de_dust2") (file "errors_20151122.log")
L 11/22/2015 - 15:20:31: [SM] Plugin encountered error 25: Call was aborted
L 11/22/2015 - 15:20:31: [SM] Native "SetFailState" reported: CFG File not found: addons\sourcemod\configs\csgo_wpaints.cfg
L 11/22/2015 - 15:20:31: [SM] Displaying call stack trace for plugin "franug_weaponpaints.smx":
L 11/22/2015 - 15:20:31: [SM]   [0]  Line 394, franug_weaponpaints.sp::ReadPaints()
L 11/22/2015 - 15:20:31: [SM]   [1]  Line 101, franug_weaponpaints.sp::OnPluginStart()
L 11/22/2015 - 15:20:41: Failed to auto generate config for pugsetup.smx, make sure the directory has write permission.
L 11/22/2015 - 15:20:47: [pugsetup.smx] Missing map file: addons\sourcemod\configs\pugsetup\maps.txt
L 11/22/2015 - 15:20:47: [pugsetup.smx] Missing map file: addons\sourcemod\configs\pugsetup\aim_maps.txt
L 11/22/2015 - 15:26:24: SourceMod error session started
L 11/22/2015 - 15:26:24: Info (map "de_dust2") (file "errors_20151122.log")
L 11/22/2015 - 15:26:24: [SM] Plugin encountered error 25: Call was aborted
L 11/22/2015 - 15:26:24: [SM] Native "SetFailState" reported: CFG File not found: addons\sourcemod\configs\csgo_wpaints.cfg
L 11/22/2015 - 15:26:24: [SM] Displaying call stack trace for plugin "franug_weaponpaints.smx":
L 11/22/2015 - 15:26:24: [SM]   [0]  Line 394, franug_weaponpaints.sp::ReadPaints()
L 11/22/2015 - 15:26:24: [SM]   [1]  Line 101, franug_weaponpaints.sp::OnPluginStart()
L 11/22/2015 - 15:26:25: Failed to auto generate config for pugsetup.smx, make sure the directory has write permission.
L 11/22/2015 - 15:26:25: [pugsetup.smx] Missing map file: addons\sourcemod\configs\pugsetup\maps.txt
L 11/22/2015 - 15:26:25: [pugsetup.smx] Missing map file: addons\sourcemod\configs\pugsetup\aim_maps.txt
L 11/22/2015 - 15:27:22: Error log file session closed.
L 11/22/2015 - 15:27:22: SourceMod error session started
L 11/22/2015 - 15:27:22: Info (map "de_dust2") (file "errors_20151122.log")
L 11/22/2015 - 15:27:22: [SM] Plugin encountered error 25: Call was aborted
L 11/22/2015 - 15:27:22: [SM] Native "SetFailState" reported: CFG File not found: addons\sourcemod\configs\csgo_wpaints.cfg
L 11/22/2015 - 15:27:22: [SM] Displaying call stack trace for plugin "franug_weaponpaints.smx":
L 11/22/2015 - 15:27:22: [SM]   [0]  Line 394, franug_weaponpaints.sp::ReadPaints()
L 11/22/2015 - 15:27:22: [SM]   [1]  Line 101, franug_weaponpaints.sp::OnPluginStart()
L 11/22/2015 - 15:27:23: Failed to auto generate config for pugsetup.smx, make sure the directory has write permission.
L 11/22/2015 - 15:27:23: [pugsetup.smx] Missing map file: addons\sourcemod\configs\pugsetup\maps.txt
L 11/22/2015 - 15:27:23: [pugsetup.smx] Missing map file: addons\sourcemod\configs\pugsetup\aim_maps.txt
L 11/22/2015 - 15:27:45: Error log file session closed.
L 11/22/2015 - 15:27:46: SourceMod error session started
L 11/22/2015 - 15:27:46: Info (map "surf_aircontrol_ksf") (file "errors_20151122.log")
L 11/22/2015 - 15:27:46: [SM] Plugin encountered error 25: Call was aborted
L 11/22/2015 - 15:27:46: [SM] Native "SetFailState" reported: CFG File not found: addons\sourcemod\configs\csgo_wpaints.cfg
L 11/22/2015 - 15:27:46: [SM] Displaying call stack trace for plugin "franug_weaponpaints.smx":
L 11/22/2015 - 15:27:46: [SM]   [0]  Line 394, franug_weaponpaints.sp::ReadPaints()
L 11/22/2015 - 15:27:46: [SM]   [1]  Line 101, franug_weaponpaints.sp::OnPluginStart()
L 11/22/2015 - 15:27:46: Failed to auto generate config for pugsetup.smx, make sure the directory has write permission.
L 11/22/2015 - 15:27:46: [pugsetup.smx] Missing map file: addons\sourcemod\configs\pugsetup\maps.txt
L 11/22/2015 - 15:27:46: [pugsetup.smx] Missing map file: addons\sourcemod\configs\pugsetup\aim_maps.txt
L 11/22/2015 - 15:35:54: SourceMod error session started
L 11/22/2015 - 15:35:54: Info (map "de_dust2") (file "errors_20151122.log")
L 11/22/2015 - 15:35:54: [SM] Plugin encountered error 25: Call was aborted
L 11/22/2015 - 15:35:54: [SM] Native "SetFailState" reported: CFG File not found: addons\sourcemod\configs\csgo_wpaints.cfg
L 11/22/2015 - 15:35:54: [SM] Displaying call stack trace for plugin "franug_weaponpaints.smx":
L 11/22/2015 - 15:35:54: [SM]   [0]  Line 394, franug_weaponpaints.sp::ReadPaints()
L 11/22/2015 - 15:35:54: [SM]   [1]  Line 101, franug_weaponpaints.sp::OnPluginStart()
L 11/22/2015 - 15:35:55: Failed to auto generate config for pugsetup.smx, make sure the directory has write permission.
L 11/22/2015 - 15:35:55: [pugsetup.smx] Missing map file: addons\sourcemod\configs\pugsetup\maps.txt
L 11/22/2015 - 15:35:55: [pugsetup.smx] Missing map file: addons\sourcemod\configs\pugsetup\aim_maps.txt
L 11/22/2015 - 15:36:51: Error log file session closed.
L 11/22/2015 - 15:36:51: SourceMod error session started
L 11/22/2015 - 15:36:51: Info (map "de_dust2") (file "errors_20151122.log")
L 11/22/2015 - 15:36:51: [SM] Plugin encountered error 25: Call was aborted
L 11/22/2015 - 15:36:51: [SM] Native "SetFailState" reported: CFG File not found: addons\sourcemod\configs\csgo_wpaints.cfg
L 11/22/2015 - 15:36:51: [SM] Displaying call stack trace for plugin "franug_weaponpaints.smx":
L 11/22/2015 - 15:36:51: [SM]   [0]  Line 394, franug_weaponpaints.sp::ReadPaints()
L 11/22/2015 - 15:36:51: [SM]   [1]  Line 101, franug_weaponpaints.sp::OnPluginStart()
L 11/22/2015 - 15:36:51: Failed to auto generate config for pugsetup.smx, make sure the directory has write permission.
L 11/22/2015 - 15:36:51: [pugsetup.smx] Missing map file: addons\sourcemod\configs\pugsetup\maps.txt
L 11/22/2015 - 15:36:51: [pugsetup.smx] Missing map file: addons\sourcemod\configs\pugsetup\aim_maps.txt
L 11/22/2015 - 15:37:26: Error log file session closed.
L 11/22/2015 - 15:37:27: SourceMod error session started
L 11/22/2015 - 15:37:27: Info (map "surf_akai_final") (file "errors_20151122.log")
L 11/22/2015 - 15:37:27: [SM] Plugin encountered error 25: Call was aborted
L 11/22/2015 - 15:37:27: [SM] Native "SetFailState" reported: CFG File not found: addons\sourcemod\configs\csgo_wpaints.cfg
L 11/22/2015 - 15:37:27: [SM] Displaying call stack trace for plugin "franug_weaponpaints.smx":
L 11/22/2015 - 15:37:27: [SM]   [0]  Line 394, franug_weaponpaints.sp::ReadPaints()
L 11/22/2015 - 15:37:27: [SM]   [1]  Line 101, franug_weaponpaints.sp::OnPluginStart()
L 11/22/2015 - 15:41:00: SourceMod error session started
L 11/22/2015 - 15:41:00: Info (map "de_dust2") (file "errors_20151122.log")
L 11/22/2015 - 15:41:00: [SM] Plugin encountered error 25: Call was aborted
L 11/22/2015 - 15:41:00: [SM] Native "SetFailState" reported: CFG File not found: addons\sourcemod\configs\csgo_wpaints.cfg
L 11/22/2015 - 15:41:00: [SM] Displaying call stack trace for plugin "franug_weaponpaints.smx":
L 11/22/2015 - 15:41:00: [SM]   [0]  Line 394, franug_weaponpaints.sp::ReadPaints()
L 11/22/2015 - 15:41:00: [SM]   [1]  Line 101, franug_weaponpaints.sp::OnPluginStart()
L 11/22/2015 - 15:41:01: Failed to auto generate config for pugsetup.smx, make sure the directory has write permission.
L 11/22/2015 - 15:41:01: [pugsetup.smx] Missing map file: addons\sourcemod\configs\pugsetup\maps.txt
L 11/22/2015 - 15:41:01: [pugsetup.smx] Missing map file: addons\sourcemod\configs\pugsetup\aim_maps.txt
L 11/22/2015 - 15:41:31: SourceMod error session started
L 11/22/2015 - 15:41:31: Info (map "de_dust2") (file "errors_20151122.log")
L 11/22/2015 - 15:41:31: [SM] Plugin encountered error 25: Call was aborted
L 11/22/2015 - 15:41:31: [SM] Native "SetFailState" reported: CFG File not found: addons\sourcemod\configs\csgo_wpaints.cfg
L 11/22/2015 - 15:41:31: [SM] Displaying call stack trace for plugin "franug_weaponpaints.smx":
L 11/22/2015 - 15:41:31: [SM]   [0]  Line 394, franug_weaponpaints.sp::ReadPaints()
L 11/22/2015 - 15:41:31: [SM]   [1]  Line 101, franug_weaponpaints.sp::OnPluginStart()
L 11/22/2015 - 15:41:33: Failed to auto generate config for pugsetup.smx, make sure the directory has write permission.
L 11/22/2015 - 15:41:33: [pugsetup.smx] Missing map file: addons\sourcemod\configs\pugsetup\maps.txt
L 11/22/2015 - 15:41:33: [pugsetup.smx] Missing map file: addons\sourcemod\configs\pugsetup\aim_maps.txt
L 11/22/2015 - 15:41:46: Error log file session closed.
L 11/22/2015 - 15:41:46: SourceMod error session started
L 11/22/2015 - 15:41:46: Info (map "de_dust2") (file "errors_20151122.log")
L 11/22/2015 - 15:41:46: [SM] Plugin encountered error 25: Call was aborted
L 11/22/2015 - 15:41:46: [SM] Native "SetFailState" reported: CFG File not found: addons\sourcemod\configs\csgo_wpaints.cfg
L 11/22/2015 - 15:41:46: [SM] Displaying call stack trace for plugin "franug_weaponpaints.smx":
L 11/22/2015 - 15:41:46: [SM]   [0]  Line 394, franug_weaponpaints.sp::ReadPaints()
L 11/22/2015 - 15:41:46: [SM]   [1]  Line 101, franug_weaponpaints.sp::OnPluginStart()
L 11/22/2015 - 15:41:46: Failed to auto generate config for pugsetup.smx, make sure the directory has write permission.
L 11/22/2015 - 15:41:46: [pugsetup.smx] Missing map file: addons\sourcemod\configs\pugsetup\maps.txt
L 11/22/2015 - 15:41:46: [pugsetup.smx] Missing map file: addons\sourcemod\configs\pugsetup\aim_maps.txt
L 11/22/2015 - 15:42:08: Error log file session closed.
L 11/22/2015 - 15:42:08: SourceMod error session started
L 11/22/2015 - 15:42:08: Info (map "surf_akai_final") (file "errors_20151122.log")
L 11/22/2015 - 15:42:08: [SM] Plugin encountered error 25: Call was aborted
L 11/22/2015 - 15:42:08: [SM] Native "SetFailState" reported: CFG File not found: addons\sourcemod\configs\csgo_wpaints.cfg
L 11/22/2015 - 15:42:08: [SM] Displaying call stack trace for plugin "franug_weaponpaints.smx":
L 11/22/2015 - 15:42:08: [SM]   [0]  Line 394, franug_weaponpaints.sp::ReadPaints()
L 11/22/2015 - 15:42:08: [SM]   [1]  Line 101, franug_weaponpaints.sp::OnPluginStart()
L 11/22/2015 - 15:42:44: SourceMod error session started
L 11/22/2015 - 15:42:44: Info (map "de_dust2") (file "errors_20151122.log")
L 11/22/2015 - 15:42:44: [SM] Plugin encountered error 25: Call was aborted
L 11/22/2015 - 15:42:44: [SM] Native "SetFailState" reported: CFG File not found: addons\sourcemod\configs\csgo_wpaints.cfg
L 11/22/2015 - 15:42:44: [SM] Displaying call stack trace for plugin "franug_weaponpaints.smx":
L 11/22/2015 - 15:42:44: [SM]   [0]  Line 394, franug_weaponpaints.sp::ReadPaints()
L 11/22/2015 - 15:42:44: [SM]   [1]  Line 101, franug_weaponpaints.sp::OnPluginStart()
L 11/22/2015 - 15:42:45: Failed to auto generate config for pugsetup.smx, make sure the directory has write permission.
L 11/22/2015 - 15:42:45: [pugsetup.smx] Missing map file: addons\sourcemod\configs\pugsetup\maps.txt
L 11/22/2015 - 15:42:45: [pugsetup.smx] Missing map file: addons\sourcemod\configs\pugsetup\aim_maps.txt
L 11/22/2015 - 15:42:54: Error log file session closed.
L 11/22/2015 - 15:42:54: SourceMod error session started
L 11/22/2015 - 15:42:54: Info (map "de_dust2") (file "errors_20151122.log")
L 11/22/2015 - 15:42:54: [SM] Plugin encountered error 25: Call was aborted
L 11/22/2015 - 15:42:54: [SM] Native "SetFailState" reported: CFG File not found: addons\sourcemod\configs\csgo_wpaints.cfg
L 11/22/2015 - 15:42:54: [SM] Displaying call stack trace for plugin "franug_weaponpaints.smx":
L 11/22/2015 - 15:42:54: [SM]   [0]  Line 394, franug_weaponpaints.sp::ReadPaints()
L 11/22/2015 - 15:42:54: [SM]   [1]  Line 101, franug_weaponpaints.sp::OnPluginStart()
L 11/22/2015 - 15:42:55: Failed to auto generate config for pugsetup.smx, make sure the directory has write permission.
L 11/22/2015 - 15:42:55: [pugsetup.smx] Missing map file: addons\sourcemod\configs\pugsetup\maps.txt
L 11/22/2015 - 15:42:55: [pugsetup.smx] Missing map file: addons\sourcemod\configs\pugsetup\aim_maps.txt
L 11/22/2015 - 15:43:31: Error log file session closed.
L 11/22/2015 - 15:43:31: SourceMod error session started
L 11/22/2015 - 15:43:31: Info (map "de_inferno") (file "errors_20151122.log")
L 11/22/2015 - 15:43:31: [SM] Plugin encountered error 25: Call was aborted
L 11/22/2015 - 15:43:31: [SM] Native "SetFailState" reported: CFG File not found: addons\sourcemod\configs\csgo_wpaints.cfg
L 11/22/2015 - 15:43:31: [SM] Displaying call stack trace for plugin "franug_weaponpaints.smx":
L 11/22/2015 - 15:43:31: [SM]   [0]  Line 394, franug_weaponpaints.sp::ReadPaints()
L 11/22/2015 - 15:43:31: [SM]   [1]  Line 101, franug_weaponpaints.sp::OnPluginStart()
L 11/22/2015 - 15:43:32: Failed to auto generate config for pugsetup.smx, make sure the directory has write permission.
L 11/22/2015 - 15:43:32: [pugsetup.smx] Missing map file: addons\sourcemod\configs\pugsetup\maps.txt
L 11/22/2015 - 15:43:32: [pugsetup.smx] Missing map file: addons\sourcemod\configs\pugsetup\aim_maps.txt
L 11/22/2015 - 15:43:55: Error log file session closed.
L 11/22/2015 - 15:43:55: SourceMod error session started
L 11/22/2015 - 15:43:55: Info (map "surf_akai_final") (file "errors_20151122.log")
L 11/22/2015 - 15:43:55: [SM] Plugin encountered error 25: Call was aborted
L 11/22/2015 - 15:43:55: [SM] Native "SetFailState" reported: CFG File not found: addons\sourcemod\configs\csgo_wpaints.cfg
L 11/22/2015 - 15:43:55: [SM] Displaying call stack trace for plugin "franug_weaponpaints.smx":
L 11/22/2015 - 15:43:55: [SM]   [0]  Line 394, franug_weaponpaints.sp::ReadPaints()
L 11/22/2015 - 15:43:55: [SM]   [1]  Line 101, franug_weaponpaints.sp::OnPluginStart()
L 11/22/2015 - 15:44:25: SourceMod error session started
L 11/22/2015 - 15:44:25: Info (map "de_dust2") (file "errors_20151122.log")
L 11/22/2015 - 15:44:25: [SM] Plugin encountered error 25: Call was aborted
L 11/22/2015 - 15:44:25: [SM] Native "SetFailState" reported: CFG File not found: addons\sourcemod\configs\csgo_wpaints.cfg
L 11/22/2015 - 15:44:25: [SM] Displaying call stack trace for plugin "franug_weaponpaints.smx":
L 11/22/2015 - 15:44:25: [SM]   [0]  Line 394, franug_weaponpaints.sp::ReadPaints()
L 11/22/2015 - 15:44:25: [SM]   [1]  Line 101, franug_weaponpaints.sp::OnPluginStart()
L 11/22/2015 - 15:44:26: Failed to auto generate config for pugsetup.smx, make sure the directory has write permission.
L 11/22/2015 - 15:44:26: [pugsetup.smx] Missing map file: addons\sourcemod\configs\pugsetup\maps.txt
L 11/22/2015 - 15:44:26: [pugsetup.smx] Missing map file: addons\sourcemod\configs\pugsetup\aim_maps.txt
L 11/22/2015 - 15:44:34: Error log file session closed.
L 11/22/2015 - 15:44:34: SourceMod error session started
L 11/22/2015 - 15:44:34: Info (map "de_dust2") (file "errors_20151122.log")
L 11/22/2015 - 15:44:34: [SM] Plugin encountered error 25: Call was aborted
L 11/22/2015 - 15:44:34: [SM] Native "SetFailState" reported: CFG File not found: addons\sourcemod\configs\csgo_wpaints.cfg
L 11/22/2015 - 15:44:34: [SM] Displaying call stack trace for plugin "franug_weaponpaints.smx":
L 11/22/2015 - 15:44:34: [SM]   [0]  Line 394, franug_weaponpaints.sp::ReadPaints()
L 11/22/2015 - 15:44:34: [SM]   [1]  Line 101, franug_weaponpaints.sp::OnPluginStart()
L 11/22/2015 - 15:44:34: Failed to auto generate config for pugsetup.smx, make sure the directory has write permission.
L 11/22/2015 - 15:44:34: [pugsetup.smx] Missing map file: addons\sourcemod\configs\pugsetup\maps.txt
L 11/22/2015 - 15:44:34: [pugsetup.smx] Missing map file: addons\sourcemod\configs\pugsetup\aim_maps.txt
L 11/22/2015 - 15:45:06: Error log file session closed.
L 11/22/2015 - 15:45:06: SourceMod error session started
L 11/22/2015 - 15:45:06: Info (map "de_cbble") (file "errors_20151122.log")
L 11/22/2015 - 15:45:06: [SM] Plugin encountered error 25: Call was aborted
L 11/22/2015 - 15:45:06: [SM] Native "SetFailState" reported: CFG File not found: addons\sourcemod\configs\csgo_wpaints.cfg
L 11/22/2015 - 15:45:06: [SM] Displaying call stack trace for plugin "franug_weaponpaints.smx":
L 11/22/2015 - 15:45:06: [SM]   [0]  Line 394, franug_weaponpaints.sp::ReadPaints()
L 11/22/2015 - 15:45:06: [SM]   [1]  Line 101, franug_weaponpaints.sp::OnPluginStart()
L 11/22/2015 - 15:45:07: Failed to auto generate config for pugsetup.smx, make sure the directory has write permission.
L 11/22/2015 - 15:45:07: [pugsetup.smx] Missing map file: addons\sourcemod\configs\pugsetup\maps.txt
L 11/22/2015 - 15:45:07: [pugsetup.smx] Missing map file: addons\sourcemod\configs\pugsetup\aim_maps.txt
L 11/22/2015 - 15:45:30: Error log file session closed.
L 11/22/2015 - 15:45:30: SourceMod error session started
L 11/22/2015 - 15:45:30: Info (map "surf_aircontrol_ksf") (file "errors_20151122.log")
L 11/22/2015 - 15:45:30: [SM] Plugin encountered error 25: Call was aborted
L 11/22/2015 - 15:45:30: [SM] Native "SetFailState" reported: CFG File not found: addons\sourcemod\configs\csgo_wpaints.cfg
L 11/22/2015 - 15:45:30: [SM] Displaying call stack trace for plugin "franug_weaponpaints.smx":
L 11/22/2015 - 15:45:30: [SM]   [0]  Line 394, franug_weaponpaints.sp::ReadPaints()
L 11/22/2015 - 15:45:30: [SM]   [1]  Line 101, franug_weaponpaints.sp::OnPluginStart()
L 11/22/2015 - 15:45:30: Failed to auto generate config for pugsetup.smx, make sure the directory has write permission.
L 11/22/2015 - 15:45:30: [pugsetup.smx] Missing map file: addons\sourcemod\configs\pugsetup\maps.txt
L 11/22/2015 - 15:45:30: [pugsetup.smx] Missing map file: addons\sourcemod\configs\pugsetup\aim_maps.txt
L 11/22/2015 - 15:47:53: SourceMod error session started
L 11/22/2015 - 15:47:53: Info (map "de_dust2") (file "errors_20151122.log")
L 11/22/2015 - 15:47:53: [SM] Plugin encountered error 25: Call was aborted
L 11/22/2015 - 15:47:53: [SM] Native "SetFailState" reported: CFG File not found: addons\sourcemod\configs\csgo_wpaints.cfg
L 11/22/2015 - 15:47:53: [SM] Displaying call stack trace for plugin "franug_weaponpaints.smx":
L 11/22/2015 - 15:47:53: [SM]   [0]  Line 394, franug_weaponpaints.sp::ReadPaints()
L 11/22/2015 - 15:47:53: [SM]   [1]  Line 101, franug_weaponpaints.sp::OnPluginStart()
L 11/22/2015 - 15:47:54: Failed to auto generate config for pugsetup.smx, make sure the directory has write permission.
L 11/22/2015 - 15:47:54: [pugsetup.smx] Missing map file: addons\sourcemod\configs\pugsetup\maps.txt
L 11/22/2015 - 15:47:54: [pugsetup.smx] Missing map file: addons\sourcemod\configs\pugsetup\aim_maps.txt
L 11/22/2015 - 15:48:01: Error log file session closed.
L 11/22/2015 - 15:48:01: SourceMod error session started
L 11/22/2015 - 15:48:01: Info (map "de_dust2") (file "errors_20151122.log")
L 11/22/2015 - 15:48:01: [SM] Plugin encountered error 25: Call was aborted
L 11/22/2015 - 15:48:01: [SM] Native "SetFailState" reported: CFG File not found: addons\sourcemod\configs\csgo_wpaints.cfg
L 11/22/2015 - 15:48:01: [SM] Displaying call stack trace for plugin "franug_weaponpaints.smx":
L 11/22/2015 - 15:48:01: [SM]   [0]  Line 394, franug_weaponpaints.sp::ReadPaints()
L 11/22/2015 - 15:48:01: [SM]   [1]  Line 101, franug_weaponpaints.sp::OnPluginStart()
L 11/22/2015 - 15:48:01: Failed to auto generate config for pugsetup.smx, make sure the directory has write permission.
L 11/22/2015 - 15:48:02: [pugsetup.smx] Missing map file: addons\sourcemod\configs\pugsetup\maps.txt
L 11/22/2015 - 15:48:02: [pugsetup.smx] Missing map file: addons\sourcemod\configs\pugsetup\aim_maps.txt
L 11/22/2015 - 15:48:22: Error log file session closed.
L 11/22/2015 - 15:48:23: SourceMod error session started
L 11/22/2015 - 15:48:23: Info (map "de_cbble") (file "errors_20151122.log")
L 11/22/2015 - 15:48:23: [SM] Plugin encountered error 25: Call was aborted
L 11/22/2015 - 15:48:23: [SM] Native "SetFailState" reported: CFG File not found: addons\sourcemod\configs\csgo_wpaints.cfg
L 11/22/2015 - 15:48:23: [SM] Displaying call stack trace for plugin "franug_weaponpaints.smx":
L 11/22/2015 - 15:48:23: [SM]   [0]  Line 394, franug_weaponpaints.sp::ReadPaints()
L 11/22/2015 - 15:48:23: [SM]   [1]  Line 101, franug_weaponpaints.sp::OnPluginStart()
L 11/22/2015 - 15:48:23: Failed to auto generate config for pugsetup.smx, make sure the directory has write permission.
L 11/22/2015 - 15:48:23: [pugsetup.smx] Missing map file: addons\sourcemod\configs\pugsetup\maps.txt
L 11/22/2015 - 15:48:23: [pugsetup.smx] Missing map file: addons\sourcemod\configs\pugsetup\aim_maps.txt
L 11/22/2015 - 15:48:38: Error log file session closed.
L 11/22/2015 - 15:48:39: SourceMod error session started
L 11/22/2015 - 15:48:39: Info (map "surf_akai_final") (file "errors_20151122.log")
L 11/22/2015 - 15:48:39: [SM] Plugin encountered error 25: Call was aborted
L 11/22/2015 - 15:48:39: [SM] Native "SetFailState" reported: CFG File not found: addons\sourcemod\configs\csgo_wpaints.cfg
L 11/22/2015 - 15:48:39: [SM] Displaying call stack trace for plugin "franug_weaponpaints.smx":
L 11/22/2015 - 15:48:39: [SM]   [0]  Line 394, franug_weaponpaints.sp::ReadPaints()
L 11/22/2015 - 15:48:39: [SM]   [1]  Line 101, franug_weaponpaints.sp::OnPluginStart()
L 11/22/2015 - 15:49:36: SourceMod error session started
L 11/22/2015 - 15:49:36: Info (map "de_dust2") (file "errors_20151122.log")
L 11/22/2015 - 15:49:36: [SM] Plugin encountered error 25: Call was aborted
L 11/22/2015 - 15:49:36: [SM] Native "SetFailState" reported: CFG File not found: addons\sourcemod\configs\csgo_wpaints.cfg
L 11/22/2015 - 15:49:36: [SM] Displaying call stack trace for plugin "franug_weaponpaints.smx":
L 11/22/2015 - 15:49:36: [SM]   [0]  Line 394, franug_weaponpaints.sp::ReadPaints()
L 11/22/2015 - 15:49:36: [SM]   [1]  Line 101, franug_weaponpaints.sp::OnPluginStart()
L 11/22/2015 - 15:49:37: Failed to auto generate config for pugsetup.smx, make sure the directory has write permission.
L 11/22/2015 - 15:49:37: [pugsetup.smx] Missing map file: addons\sourcemod\configs\pugsetup\maps.txt
L 11/22/2015 - 15:49:37: [pugsetup.smx] Missing map file: addons\sourcemod\configs\pugsetup\aim_maps.txt
L 11/22/2015 - 15:51:15: SourceMod error session started
L 11/22/2015 - 15:51:15: Info (map "de_dust2") (file "errors_20151122.log")
L 11/22/2015 - 15:51:15: [SM] Plugin encountered error 25: Call was aborted
L 11/22/2015 - 15:51:15: [SM] Native "SetFailState" reported: CFG File not found: addons\sourcemod\configs\csgo_wpaints.cfg
L 11/22/2015 - 15:51:15: [SM] Displaying call stack trace for plugin "franug_weaponpaints.smx":
L 11/22/2015 - 15:51:15: [SM]   [0]  Line 394, franug_weaponpaints.sp::ReadPaints()
L 11/22/2015 - 15:51:15: [SM]   [1]  Line 101, franug_weaponpaints.sp::OnPluginStart()
L 11/22/2015 - 15:51:16: Failed to auto generate config for pugsetup.smx, make sure the directory has write permission.
L 11/22/2015 - 15:51:16: [pugsetup.smx] Missing map file: addons\sourcemod\configs\pugsetup\maps.txt
L 11/22/2015 - 15:51:16: [pugsetup.smx] Missing map file: addons\sourcemod\configs\pugsetup\aim_maps.txt
L 11/22/2015 - 15:51:43: SourceMod error session started
L 11/22/2015 - 15:51:43: Info (map "de_dust2") (file "errors_20151122.log")
L 11/22/2015 - 15:51:43: [SM] Plugin encountered error 25: Call was aborted
L 11/22/2015 - 15:51:43: [SM] Native "SetFailState" reported: CFG File not found: addons\sourcemod\configs\csgo_wpaints.cfg
L 11/22/2015 - 15:51:43: [SM] Displaying call stack trace for plugin "franug_weaponpaints.smx":
L 11/22/2015 - 15:51:43: [SM]   [0]  Line 394, franug_weaponpaints.sp::ReadPaints()
L 11/22/2015 - 15:51:43: [SM]   [1]  Line 101, franug_weaponpaints.sp::OnPluginStart()
L 11/22/2015 - 15:51:44: Failed to auto generate config for pugsetup.smx, make sure the directory has write permission.
L 11/22/2015 - 15:51:45: [pugsetup.smx] Missing map file: addons\sourcemod\configs\pugsetup\maps.txt
L 11/22/2015 - 15:51:45: [pugsetup.smx] Missing map file: addons\sourcemod\configs\pugsetup\aim_maps.txt
L 11/22/2015 - 15:51:54: Error log file session closed.
L 11/22/2015 - 15:51:54: SourceMod error session started
L 11/22/2015 - 15:51:54: Info (map "de_dust2") (file "errors_20151122.log")
L 11/22/2015 - 15:51:54: [SM] Plugin encountered error 25: Call was aborted
L 11/22/2015 - 15:51:54: [SM] Native "SetFailState" reported: CFG File not found: addons\sourcemod\configs\csgo_wpaints.cfg
L 11/22/2015 - 15:51:54: [SM] Displaying call stack trace for plugin "franug_weaponpaints.smx":
L 11/22/2015 - 15:51:54: [SM]   [0]  Line 394, franug_weaponpaints.sp::ReadPaints()
L 11/22/2015 - 15:51:54: [SM]   [1]  Line 101, franug_weaponpaints.sp::OnPluginStart()
L 11/22/2015 - 15:51:54: Failed to auto generate config for pugsetup.smx, make sure the directory has write permission.
L 11/22/2015 - 15:51:54: [pugsetup.smx] Missing map file: addons\sourcemod\configs\pugsetup\maps.txt
L 11/22/2015 - 15:51:54: [pugsetup.smx] Missing map file: addons\sourcemod\configs\pugsetup\aim_maps.txt
L 11/22/2015 - 15:52:34: Error log file session closed.
L 11/22/2015 - 15:52:34: SourceMod error session started
L 11/22/2015 - 15:52:34: Info (map "de_cbble") (file "errors_20151122.log")
L 11/22/2015 - 15:52:34: [SM] Plugin encountered error 25: Call was aborted
L 11/22/2015 - 15:52:34: [SM] Native "SetFailState" reported: CFG File not found: addons\sourcemod\configs\csgo_wpaints.cfg
L 11/22/2015 - 15:52:34: [SM] Displaying call stack trace for plugin "franug_weaponpaints.smx":
L 11/22/2015 - 15:52:34: [SM]   [0]  Line 394, franug_weaponpaints.sp::ReadPaints()
L 11/22/2015 - 15:52:34: [SM]   [1]  Line 101, franug_weaponpaints.sp::OnPluginStart()
L 11/22/2015 - 15:52:34: Failed to auto generate config for pugsetup.smx, make sure the directory has write permission.
L 11/22/2015 - 15:52:34: [pugsetup.smx] Missing map file: addons\sourcemod\configs\pugsetup\maps.txt
L 11/22/2015 - 15:52:34: [pugsetup.smx] Missing map file: addons\sourcemod\configs\pugsetup\aim_maps.txt
L 11/22/2015 - 15:52:52: Error log file session closed.
L 11/22/2015 - 15:52:52: SourceMod error session started
L 11/22/2015 - 15:52:52: Info (map "surf_aircontrol_ksf") (file "errors_20151122.log")
L 11/22/2015 - 15:52:52: [SM] Plugin encountered error 25: Call was aborted
L 11/22/2015 - 15:52:52: [SM] Native "SetFailState" reported: CFG File not found: addons\sourcemod\configs\csgo_wpaints.cfg
L 11/22/2015 - 15:52:52: [SM] Displaying call stack trace for plugin "franug_weaponpaints.smx":
L 11/22/2015 - 15:52:52: [SM]   [0]  Line 394, franug_weaponpaints.sp::ReadPaints()
L 11/22/2015 - 15:52:52: [SM]   [1]  Line 101, franug_weaponpaints.sp::OnPluginStart()
L 11/22/2015 - 15:52:52: Failed to auto generate config for pugsetup.smx, make sure the directory has write permission.
L 11/22/2015 - 15:52:52: [pugsetup.smx] Missing map file: addons\sourcemod\configs\pugsetup\maps.txt
L 11/22/2015 - 15:52:52: [pugsetup.smx] Missing map file: addons\sourcemod\configs\pugsetup\aim_maps.txt
L 11/22/2015 - 15:53:17: Error log file session closed.
L 11/22/2015 - 15:53:17: SourceMod error session started
L 11/22/2015 - 15:53:17: Info (map "surf_beginner") (file "errors_20151122.log")
L 11/22/2015 - 15:53:17: [SM] Plugin encountered error 25: Call was aborted
L 11/22/2015 - 15:53:17: [SM] Native "SetFailState" reported: CFG File not found: addons\sourcemod\configs\csgo_wpaints.cfg
L 11/22/2015 - 15:53:17: [SM] Displaying call stack trace for plugin "franug_weaponpaints.smx":
L 11/22/2015 - 15:53:17: [SM]   [0]  Line 394, franug_weaponpaints.sp::ReadPaints()
L 11/22/2015 - 15:53:17: [SM]   [1]  Line 101, franug_weaponpaints.sp::OnPluginStart()
L 11/22/2015 - 15:53:17: Failed to auto generate config for pugsetup.smx, make sure the directory has write permission.
L 11/22/2015 - 15:53:17: [pugsetup.smx] Missing map file: addons\sourcemod\configs\pugsetup\maps.txt
L 11/22/2015 - 15:53:17: [pugsetup.smx] Missing map file: addons\sourcemod\configs\pugsetup\aim_maps.txt
L 11/22/2015 - 15:53:36: Error log file session closed.
L 11/22/2015 - 15:53:36: SourceMod error session started
L 11/22/2015 - 15:53:36: Info (map "surf_akai_final") (file "errors_20151122.log")
L 11/22/2015 - 15:53:36: [SM] Plugin encountered error 25: Call was aborted
L 11/22/2015 - 15:53:36: [SM] Native "SetFailState" reported: CFG File not found: addons\sourcemod\configs\csgo_wpaints.cfg
L 11/22/2015 - 15:53:36: [SM] Displaying call stack trace for plugin "franug_weaponpaints.smx":
L 11/22/2015 - 15:53:36: [SM]   [0]  Line 394, franug_weaponpaints.sp::ReadPaints()
L 11/22/2015 - 15:53:36: [SM]   [1]  Line 101, franug_weaponpaints.sp::OnPluginStart()
L 11/22/2015 - 15:54:13: SourceMod error session started
L 11/22/2015 - 15:54:13: Info (map "de_dust2") (file "errors_20151122.log")
L 11/22/2015 - 15:54:13: [SM] Plugin encountered error 25: Call was aborted
L 11/22/2015 - 15:54:13: [SM] Native "SetFailState" reported: CFG File not found: addons\sourcemod\configs\csgo_wpaints.cfg
L 11/22/2015 - 15:54:13: [SM] Displaying call stack trace for plugin "franug_weaponpaints.smx":
L 11/22/2015 - 15:54:13: [SM]   [0]  Line 394, franug_weaponpaints.sp::ReadPaints()
L 11/22/2015 - 15:54:13: [SM]   [1]  Line 101, franug_weaponpaints.sp::OnPluginStart()
L 11/22/2015 - 15:54:14: Failed to auto generate config for pugsetup.smx, make sure the directory has write permission.
L 11/22/2015 - 15:54:14: [pugsetup.smx] Missing map file: addons\sourcemod\configs\pugsetup\maps.txt
L 11/22/2015 - 15:54:14: [pugsetup.smx] Missing map file: addons\sourcemod\configs\pugsetup\aim_maps.txt
L 11/22/2015 - 15:54:44: Error log file session closed.
L 11/22/2015 - 15:54:44: SourceMod error session started
L 11/22/2015 - 15:54:44: Info (map "de_dust2") (file "errors_20151122.log")
L 11/22/2015 - 15:54:44: [SM] Plugin encountered error 25: Call was aborted
L 11/22/2015 - 15:54:44: [SM] Native "SetFailState" reported: CFG File not found: addons\sourcemod\configs\csgo_wpaints.cfg
L 11/22/2015 - 15:54:44: [SM] Displaying call stack trace for plugin "franug_weaponpaints.smx":
L 11/22/2015 - 15:54:44: [SM]   [0]  Line 394, franug_weaponpaints.sp::ReadPaints()
L 11/22/2015 - 15:54:44: [SM]   [1]  Line 101, franug_weaponpaints.sp::OnPluginStart()
L 11/22/2015 - 15:54:44: Failed to auto generate config for pugsetup.smx, make sure the directory has write permission.
L 11/22/2015 - 15:54:44: [pugsetup.smx] Missing map file: addons\sourcemod\configs\pugsetup\maps.txt
L 11/22/2015 - 15:54:44: [pugsetup.smx] Missing map file: addons\sourcemod\configs\pugsetup\aim_maps.txt
L 11/22/2015 - 15:55:04: Error log file session closed.
L 11/22/2015 - 15:55:04: SourceMod error session started
L 11/22/2015 - 15:55:04: Info (map "de_cbble") (file "errors_20151122.log")
L 11/22/2015 - 15:55:04: [SM] Plugin encountered error 25: Call was aborted
L 11/22/2015 - 15:55:04: [SM] Native "SetFailState" reported: CFG File not found: addons\sourcemod\configs\csgo_wpaints.cfg
L 11/22/2015 - 15:55:04: [SM] Displaying call stack trace for plugin "franug_weaponpaints.smx":
L 11/22/2015 - 15:55:04: [SM]   [0]  Line 394, franug_weaponpaints.sp::ReadPaints()
L 11/22/2015 - 15:55:04: [SM]   [1]  Line 101, franug_weaponpaints.sp::OnPluginStart()
L 11/22/2015 - 15:55:05: Failed to auto generate config for pugsetup.smx, make sure the directory has write permission.
L 11/22/2015 - 15:55:05: [pugsetup.smx] Missing map file: addons\sourcemod\configs\pugsetup\maps.txt
L 11/22/2015 - 15:55:05: [pugsetup.smx] Missing map file: addons\sourcemod\configs\pugsetup\aim_maps.txt
L 11/22/2015 - 15:55:21: Error log file session closed.
L 11/22/2015 - 15:55:21: SourceMod error session started
L 11/22/2015 - 15:55:21: Info (map "surf_and_destroy") (file "errors_20151122.log")
L 11/22/2015 - 15:55:21: [SM] Plugin encountered error 25: Call was aborted
L 11/22/2015 - 15:55:21: [SM] Native "SetFailState" reported: CFG File not found: addons\sourcemod\configs\csgo_wpaints.cfg
L 11/22/2015 - 15:55:21: [SM] Displaying call stack trace for plugin "franug_weaponpaints.smx":
L 11/22/2015 - 15:55:21: [SM]   [0]  Line 394, franug_weaponpaints.sp::ReadPaints()
L 11/22/2015 - 15:55:21: [SM]   [1]  Line 101, franug_weaponpaints.sp::OnPluginStart()
L 11/22/2015 - 16:17:10: SourceMod error session started
L 11/22/2015 - 16:17:10: Info (map "de_dust2") (file "errors_20151122.log")
L 11/22/2015 - 16:17:10: [SM] Plugin encountered error 25: Call was aborted
L 11/22/2015 - 16:17:10: [SM] Native "SetFailState" reported: CFG File not found: addons\sourcemod\configs\csgo_wpaints.cfg
L 11/22/2015 - 16:17:10: [SM] Displaying call stack trace for plugin "franug_weaponpaints.smx":
L 11/22/2015 - 16:17:10: [SM]   [0]  Line 394, franug_weaponpaints.sp::ReadPaints()
L 11/22/2015 - 16:17:10: [SM]   [1]  Line 101, franug_weaponpaints.sp::OnPluginStart()
L 11/22/2015 - 16:17:12: Failed to auto generate config for pugsetup.smx, make sure the directory has write permission.
L 11/22/2015 - 16:17:12: [pugsetup.smx] Missing map file: addons\sourcemod\configs\pugsetup\maps.txt
L 11/22/2015 - 16:17:12: [pugsetup.smx] Missing map file: addons\sourcemod\configs\pugsetup\aim_maps.txt
L 11/22/2015 - 16:17:42: Error log file session closed.
L 11/22/2015 - 16:17:42: SourceMod error session started
L 11/22/2015 - 16:17:42: Info (map "de_dust2") (file "errors_20151122.log")
L 11/22/2015 - 16:17:42: [SM] Plugin encountered error 25: Call was aborted
L 11/22/2015 - 16:17:42: [SM] Native "SetFailState" reported: CFG File not found: addons\sourcemod\configs\csgo_wpaints.cfg
L 11/22/2015 - 16:17:42: [SM] Displaying call stack trace for plugin "franug_weaponpaints.smx":
L 11/22/2015 - 16:17:42: [SM]   [0]  Line 394, franug_weaponpaints.sp::ReadPaints()
L 11/22/2015 - 16:17:42: [SM]   [1]  Line 101, franug_weaponpaints.sp::OnPluginStart()
L 11/22/2015 - 16:17:42: Failed to auto generate config for pugsetup.smx, make sure the directory has write permission.
L 11/22/2015 - 16:17:42: [pugsetup.smx] Missing map file: addons\sourcemod\configs\pugsetup\maps.txt
L 11/22/2015 - 16:17:42: [pugsetup.smx] Missing map file: addons\sourcemod\configs\pugsetup\aim_maps.txt
L 11/22/2015 - 16:18:24: SourceMod error session started
L 11/22/2015 - 16:18:24: Info (map "de_dust2") (file "errors_20151122.log")
L 11/22/2015 - 16:18:24: [SM] Plugin encountered error 25: Call was aborted
L 11/22/2015 - 16:18:24: [SM] Native "SetFailState" reported: CFG File not found: addons\sourcemod\configs\csgo_wpaints.cfg
L 11/22/2015 - 16:18:24: [SM] Displaying call stack trace for plugin "franug_weaponpaints.smx":
L 11/22/2015 - 16:18:24: [SM]   [0]  Line 394, franug_weaponpaints.sp::ReadPaints()
L 11/22/2015 - 16:18:24: [SM]   [1]  Line 101, franug_weaponpaints.sp::OnPluginStart()
L 11/22/2015 - 16:18:25: Failed to auto generate config for pugsetup.smx, make sure the directory has write permission.
L 11/22/2015 - 16:18:25: [pugsetup.smx] Missing map file: addons\sourcemod\configs\pugsetup\maps.txt
L 11/22/2015 - 16:18:25: [pugsetup.smx] Missing map file: addons\sourcemod\configs\pugsetup\aim_maps.txt
L 11/22/2015 - 16:18:34: Error log file session closed.
L 11/22/2015 - 16:18:34: SourceMod error session started
L 11/22/2015 - 16:18:34: Info (map "de_cbble") (file "errors_20151122.log")
L 11/22/2015 - 16:18:34: [SM] Plugin encountered error 25: Call was aborted
L 11/22/2015 - 16:18:34: [SM] Native "SetFailState" reported: CFG File not found: addons\sourcemod\configs\csgo_wpaints.cfg
L 11/22/2015 - 16:18:34: [SM] Displaying call stack trace for plugin "franug_weaponpaints.smx":
L 11/22/2015 - 16:18:34: [SM]   [0]  Line 394, franug_weaponpaints.sp::ReadPaints()
L 11/22/2015 - 16:18:34: [SM]   [1]  Line 101, franug_weaponpaints.sp::OnPluginStart()
L 11/22/2015 - 16:18:35: Failed to auto generate config for pugsetup.smx, make sure the directory has write permission.
L 11/22/2015 - 16:18:35: [pugsetup.smx] Missing map file: addons\sourcemod\configs\pugsetup\maps.txt
L 11/22/2015 - 16:18:35: [pugsetup.smx] Missing map file: addons\sourcemod\configs\pugsetup\aim_maps.txt
L 11/22/2015 - 16:18:43: Error log file session closed.
L 11/22/2015 - 16:18:43: SourceMod error session started
L 11/22/2015 - 16:18:43: Info (map "de_cbble") (file "errors_20151122.log")
L 11/22/2015 - 16:18:43: [SM] Plugin encountered error 25: Call was aborted
L 11/22/2015 - 16:18:43: [SM] Native "SetFailState" reported: CFG File not found: addons\sourcemod\configs\csgo_wpaints.cfg
L 11/22/2015 - 16:18:43: [SM] Displaying call stack trace for plugin "franug_weaponpaints.smx":
L 11/22/2015 - 16:18:43: [SM]   [0]  Line 394, franug_weaponpaints.sp::ReadPaints()
L 11/22/2015 - 16:18:43: [SM]   [1]  Line 101, franug_weaponpaints.sp::OnPluginStart()
L 11/22/2015 - 16:18:44: Failed to auto generate config for pugsetup.smx, make sure the directory has write permission.
L 11/22/2015 - 16:18:44: [pugsetup.smx] Missing map file: addons\sourcemod\configs\pugsetup\maps.txt
L 11/22/2015 - 16:18:44: [pugsetup.smx] Missing map file: addons\sourcemod\configs\pugsetup\aim_maps.txt
L 11/22/2015 - 16:18:57: Error log file session closed.
L 11/22/2015 - 16:18:57: SourceMod error session started
L 11/22/2015 - 16:18:57: Info (map "surf_aircontrol_ksf") (file "errors_20151122.log")
L 11/22/2015 - 16:18:57: [SM] Plugin encountered error 25: Call was aborted
L 11/22/2015 - 16:18:57: [SM] Native "SetFailState" reported: CFG File not found: addons\sourcemod\configs\csgo_wpaints.cfg
L 11/22/2015 - 16:18:57: [SM] Displaying call stack trace for plugin "franug_weaponpaints.smx":
L 11/22/2015 - 16:18:57: [SM]   [0]  Line 394, franug_weaponpaints.sp::ReadPaints()
L 11/22/2015 - 16:18:57: [SM]   [1]  Line 101, franug_weaponpaints.sp::OnPluginStart()
L 11/22/2015 - 16:18:57: Failed to auto generate config for pugsetup.smx, make sure the directory has write permission.
L 11/22/2015 - 16:18:57: [pugsetup.smx] Missing map file: addons\sourcemod\configs\pugsetup\maps.txt
L 11/22/2015 - 16:18:57: [pugsetup.smx] Missing map file: addons\sourcemod\configs\pugsetup\aim_maps.txt
L 11/22/2015 - 16:24:25: SourceMod error session started
L 11/22/2015 - 16:24:25: Info (map "de_dust2") (file "errors_20151122.log")
L 11/22/2015 - 16:24:25: [SM] Plugin encountered error 25: Call was aborted
L 11/22/2015 - 16:24:25: [SM] Native "SetFailState" reported: CFG File not found: addons\sourcemod\configs\csgo_wpaints.cfg
L 11/22/2015 - 16:24:25: [SM] Displaying call stack trace for plugin "franug_weaponpaints.smx":
L 11/22/2015 - 16:24:25: [SM]   [0]  Line 394, franug_weaponpaints.sp::ReadPaints()
L 11/22/2015 - 16:24:25: [SM]   [1]  Line 101, franug_weaponpaints.sp::OnPluginStart()
L 11/22/2015 - 16:24:27: Failed to auto generate config for pugsetup.smx, make sure the directory has write permission.
L 11/22/2015 - 16:24:27: [pugsetup.smx] Missing map file: addons\sourcemod\configs\pugsetup\maps.txt
L 11/22/2015 - 16:24:27: [pugsetup.smx] Missing map file: addons\sourcemod\configs\pugsetup\aim_maps.txt
L 11/22/2015 - 16:24:41: Error log file session closed.
L 11/22/2015 - 16:24:41: SourceMod error session started
L 11/22/2015 - 16:24:41: Info (map "de_dust2") (file "errors_20151122.log")
L 11/22/2015 - 16:24:41: [SM] Plugin encountered error 25: Call was aborted
L 11/22/2015 - 16:24:41: [SM] Native "SetFailState" reported: CFG File not found: addons\sourcemod\configs\csgo_wpaints.cfg
L 11/22/2015 - 16:24:41: [SM] Displaying call stack trace for plugin "franug_weaponpaints.smx":
L 11/22/2015 - 16:24:41: [SM]   [0]  Line 394, franug_weaponpaints.sp::ReadPaints()
L 11/22/2015 - 16:24:41: [SM]   [1]  Line 101, franug_weaponpaints.sp::OnPluginStart()
L 11/22/2015 - 16:24:41: Failed to auto generate config for pugsetup.smx, make sure the directory has write permission.
L 11/22/2015 - 16:24:41: [pugsetup.smx] Missing map file: addons\sourcemod\configs\pugsetup\maps.txt
L 11/22/2015 - 16:24:41: [pugsetup.smx] Missing map file: addons\sourcemod\configs\pugsetup\aim_maps.txt
L 11/22/2015 - 16:25:03: Error log file session closed.
L 11/22/2015 - 16:25:03: SourceMod error session started
L 11/22/2015 - 16:25:03: Info (map "de_cbble") (file "errors_20151122.log")
L 11/22/2015 - 16:25:03: [SM] Plugin encountered error 25: Call was aborted
L 11/22/2015 - 16:25:03: [SM] Native "SetFailState" reported: CFG File not found: addons\sourcemod\configs\csgo_wpaints.cfg
L 11/22/2015 - 16:25:03: [SM] Displaying call stack trace for plugin "franug_weaponpaints.smx":
L 11/22/2015 - 16:25:03: [SM]   [0]  Line 394, franug_weaponpaints.sp::ReadPaints()
L 11/22/2015 - 16:25:03: [SM]   [1]  Line 101, franug_weaponpaints.sp::OnPluginStart()
L 11/22/2015 - 16:25:03: Failed to auto generate config for pugsetup.smx, make sure the directory has write permission.
L 11/22/2015 - 16:25:03: [pugsetup.smx] Missing map file: addons\sourcemod\configs\pugsetup\maps.txt
L 11/22/2015 - 16:25:03: [pugsetup.smx] Missing map file: addons\sourcemod\configs\pugsetup\aim_maps.txt
L 11/22/2015 - 16:25:16: Error log file session closed.
L 11/22/2015 - 16:25:16: SourceMod error session started
L 11/22/2015 - 16:25:16: Info (map "surf_aircontrol_ksf") (file "errors_20151122.log")
L 11/22/2015 - 16:25:16: [SM] Plugin encountered error 25: Call was aborted
L 11/22/2015 - 16:25:16: [SM] Native "SetFailState" reported: CFG File not found: addons\sourcemod\configs\csgo_wpaints.cfg
L 11/22/2015 - 16:25:16: [SM] Displaying call stack trace for plugin "franug_weaponpaints.smx":
L 11/22/2015 - 16:25:16: [SM]   [0]  Line 394, franug_weaponpaints.sp::ReadPaints()
L 11/22/2015 - 16:25:16: [SM]   [1]  Line 101, franug_weaponpaints.sp::OnPluginStart()
L 11/22/2015 - 16:25:17: Failed to auto generate config for pugsetup.smx, make sure the directory has write permission.
L 11/22/2015 - 16:25:17: [pugsetup.smx] Missing map file: addons\sourcemod\configs\pugsetup\maps.txt
L 11/22/2015 - 16:25:17: [pugsetup.smx] Missing map file: addons\sourcemod\configs\pugsetup\aim_maps.txt
L 11/22/2015 - 16:32:58: SourceMod error session started
L 11/22/2015 - 16:32:58: Info (map "de_dust2") (file "errors_20151122.log")
L 11/22/2015 - 16:32:58: [SM] Plugin encountered error 25: Call was aborted
L 11/22/2015 - 16:32:58: [SM] Native "SetFailState" reported: CFG File not found: addons\sourcemod\configs\csgo_wpaints.cfg
L 11/22/2015 - 16:32:58: [SM] Displaying call stack trace for plugin "franug_weaponpaints.smx":
L 11/22/2015 - 16:32:58: [SM]   [0]  Line 394, franug_weaponpaints.sp::ReadPaints()
L 11/22/2015 - 16:32:58: [SM]   [1]  Line 101, franug_weaponpaints.sp::OnPluginStart()
L 11/22/2015 - 16:32:58: [admin-flatfile.smx] Error(s) detected parsing addons\sourcemod\configs\admins.cfg
L 11/22/2015 - 16:32:58: [admin-flatfile.smx]  (line 37) A property was declared outside of a section
L 11/22/2015 - 16:33:00: Failed to auto generate config for pugsetup.smx, make sure the directory has write permission.
L 11/22/2015 - 16:33:00: [pugsetup.smx] Missing map file: addons\sourcemod\configs\pugsetup\maps.txt
L 11/22/2015 - 16:33:00: [pugsetup.smx] Missing map file: addons\sourcemod\configs\pugsetup\aim_maps.txt
L 11/22/2015 - 16:33:13: Error log file session closed.
L 11/22/2015 - 16:33:13: SourceMod error session started
L 11/22/2015 - 16:33:13: Info (map "de_dust2") (file "errors_20151122.log")
L 11/22/2015 - 16:33:13: [SM] Plugin encountered error 25: Call was aborted
L 11/22/2015 - 16:33:13: [SM] Native "SetFailState" reported: CFG File not found: addons\sourcemod\configs\csgo_wpaints.cfg
L 11/22/2015 - 16:33:13: [SM] Displaying call stack trace for plugin "franug_weaponpaints.smx":
L 11/22/2015 - 16:33:13: [SM]   [0]  Line 394, franug_weaponpaints.sp::ReadPaints()
L 11/22/2015 - 16:33:13: [SM]   [1]  Line 101, franug_weaponpaints.sp::OnPluginStart()
L 11/22/2015 - 16:33:13: [admin-flatfile.smx] Error(s) detected parsing addons\sourcemod\configs\admins.cfg
L 11/22/2015 - 16:33:13: [admin-flatfile.smx]  (line 37) A property was declared outside of a section
L 11/22/2015 - 16:33:13: Failed to auto generate config for pugsetup.smx, make sure the directory has write permission.
L 11/22/2015 - 16:33:13: [pugsetup.smx] Missing map file: addons\sourcemod\configs\pugsetup\maps.txt
L 11/22/2015 - 16:33:13: [pugsetup.smx] Missing map file: addons\sourcemod\configs\pugsetup\aim_maps.txt
L 11/22/2015 - 16:33:34: Error log file session closed.
L 11/22/2015 - 16:33:34: SourceMod error session started
L 11/22/2015 - 16:33:34: Info (map "de_cbble") (file "errors_20151122.log")
L 11/22/2015 - 16:33:34: [SM] Plugin encountered error 25: Call was aborted
L 11/22/2015 - 16:33:34: [SM] Native "SetFailState" reported: CFG File not found: addons\sourcemod\configs\csgo_wpaints.cfg
L 11/22/2015 - 16:33:34: [SM] Displaying call stack trace for plugin "franug_weaponpaints.smx":
L 11/22/2015 - 16:33:34: [SM]   [0]  Line 394, franug_weaponpaints.sp::ReadPaints()
L 11/22/2015 - 16:33:34: [SM]   [1]  Line 101, franug_weaponpaints.sp::OnPluginStart()
L 11/22/2015 - 16:33:34: [admin-flatfile.smx] Error(s) detected parsing addons\sourcemod\configs\admins.cfg
L 11/22/2015 - 16:33:34: [admin-flatfile.smx]  (line 37) A property was declared outside of a section
L 11/22/2015 - 16:33:35: Failed to auto generate config for pugsetup.smx, make sure the directory has write permission.
L 11/22/2015 - 16:33:35: [pugsetup.smx] Missing map file: addons\sourcemod\configs\pugsetup\maps.txt
L 11/22/2015 - 16:33:35: [pugsetup.smx] Missing map file: addons\sourcemod\configs\pugsetup\aim_maps.txt
L 11/22/2015 - 16:33:48: Error log file session closed.
L 11/22/2015 - 16:33:48: SourceMod error session started
L 11/22/2015 - 16:33:48: Info (map "surf_aircontrol_ksf") (file "errors_20151122.log")
L 11/22/2015 - 16:33:48: [SM] Plugin encountered error 25: Call was aborted
L 11/22/2015 - 16:33:48: [SM] Native "SetFailState" reported: CFG File not found: addons\sourcemod\configs\csgo_wpaints.cfg
L 11/22/2015 - 16:33:48: [SM] Displaying call stack trace for plugin "franug_weaponpaints.smx":
L 11/22/2015 - 16:33:48: [SM]   [0]  Line 394, franug_weaponpaints.sp::ReadPaints()
L 11/22/2015 - 16:33:48: [SM]   [1]  Line 101, franug_weaponpaints.sp::OnPluginStart()
L 11/22/2015 - 16:33:48: [admin-flatfile.smx] Error(s) detected parsing addons\sourcemod\configs\admins.cfg
L 11/22/2015 - 16:33:48: [admin-flatfile.smx]  (line 37) A property was declared outside of a section
L 11/22/2015 - 16:33:48: Failed to auto generate config for pugsetup.smx, make sure the directory has write permission.
L 11/22/2015 - 16:33:48: [pugsetup.smx] Missing map file: addons\sourcemod\configs\pugsetup\maps.txt
L 11/22/2015 - 16:33:48: [pugsetup.smx] Missing map file: addons\sourcemod\configs\pugsetup\aim_maps.txt
L 11/22/2015 - 16:52:24: SourceMod error session started
L 11/22/2015 - 16:52:24: Info (map "de_dust2") (file "errors_20151122.log")
L 11/22/2015 - 16:52:24: [SM] Plugin encountered error 25: Call was aborted
L 11/22/2015 - 16:52:24: [SM] Native "SetFailState" reported: CFG File not found: addons\sourcemod\configs\csgo_wpaints.cfg
L 11/22/2015 - 16:52:24: [SM] Displaying call stack trace for plugin "franug_weaponpaints.smx":
L 11/22/2015 - 16:52:24: [SM]   [0]  Line 394, franug_weaponpaints.sp::ReadPaints()
L 11/22/2015 - 16:52:24: [SM]   [1]  Line 101, franug_weaponpaints.sp::OnPluginStart()
L 11/22/2015 - 16:52:24: [admin-flatfile.smx] Error(s) detected parsing addons\sourcemod\configs\admins.cfg
L 11/22/2015 - 16:52:24: [admin-flatfile.smx]  (line 37) A property was declared outside of a section
L 11/22/2015 - 16:52:25: Failed to auto generate config for pugsetup.smx, make sure the directory has write permission.
L 11/22/2015 - 16:52:25: [pugsetup.smx] Missing map file: addons\sourcemod\configs\pugsetup\maps.txt
L 11/22/2015 - 16:52:25: [pugsetup.smx] Missing map file: addons\sourcemod\configs\pugsetup\aim_maps.txt
L 11/22/2015 - 16:52:35: Error log file session closed.
L 11/22/2015 - 16:52:35: SourceMod error session started
L 11/22/2015 - 16:52:35: Info (map "de_dust2") (file "errors_20151122.log")
L 11/22/2015 - 16:52:35: [SM] Plugin encountered error 25: Call was aborted
L 11/22/2015 - 16:52:35: [SM] Native "SetFailState" reported: CFG File not found: addons\sourcemod\configs\csgo_wpaints.cfg
L 11/22/2015 - 16:52:35: [SM] Displaying call stack trace for plugin "franug_weaponpaints.smx":
L 11/22/2015 - 16:52:35: [SM]   [0]  Line 394, franug_weaponpaints.sp::ReadPaints()
L 11/22/2015 - 16:52:35: [SM]   [1]  Line 101, franug_weaponpaints.sp::OnPluginStart()
L 11/22/2015 - 16:52:35: [admin-flatfile.smx] Error(s) detected parsing addons\sourcemod\configs\admins.cfg
L 11/22/2015 - 16:52:35: [admin-flatfile.smx]  (line 37) A property was declared outside of a section
L 11/22/2015 - 16:52:35: Failed to auto generate config for pugsetup.smx, make sure the directory has write permission.
L 11/22/2015 - 16:52:35: [pugsetup.smx] Missing map file: addons\sourcemod\configs\pugsetup\maps.txt
L 11/22/2015 - 16:52:35: [pugsetup.smx] Missing map file: addons\sourcemod\configs\pugsetup\aim_maps.txt
L 11/22/2015 - 16:53:04: Error log file session closed.
L 11/22/2015 - 16:53:04: SourceMod error session started
L 11/22/2015 - 16:53:04: Info (map "de_cbble") (file "errors_20151122.log")
L 11/22/2015 - 16:53:04: [SM] Plugin encountered error 25: Call was aborted
L 11/22/2015 - 16:53:04: [SM] Native "SetFailState" reported: CFG File not found: addons\sourcemod\configs\csgo_wpaints.cfg
L 11/22/2015 - 16:53:04: [SM] Displaying call stack trace for plugin "franug_weaponpaints.smx":
L 11/22/2015 - 16:53:04: [SM]   [0]  Line 394, franug_weaponpaints.sp::ReadPaints()
L 11/22/2015 - 16:53:04: [SM]   [1]  Line 101, franug_weaponpaints.sp::OnPluginStart()
L 11/22/2015 - 16:53:04: [admin-flatfile.smx] Error(s) detected parsing addons\sourcemod\configs\admins.cfg
L 11/22/2015 - 16:53:04: [admin-flatfile.smx]  (line 37) A property was declared outside of a section
L 11/22/2015 - 16:53:04: Failed to auto generate config for pugsetup.smx, make sure the directory has write permission.
L 11/22/2015 - 16:53:04: [pugsetup.smx] Missing map file: addons\sourcemod\configs\pugsetup\maps.txt
L 11/22/2015 - 16:53:04: [pugsetup.smx] Missing map file: addons\sourcemod\configs\pugsetup\aim_maps.txt
L 11/22/2015 - 16:53:20: Error log file session closed.
L 11/22/2015 - 16:53:20: SourceMod error session started
L 11/22/2015 - 16:53:20: Info (map "surf_aircontrol_ksf") (file "errors_20151122.log")
L 11/22/2015 - 16:53:20: [SM] Plugin encountered error 25: Call was aborted
L 11/22/2015 - 16:53:20: [SM] Native "SetFailState" reported: CFG File not found: addons\sourcemod\configs\csgo_wpaints.cfg
L 11/22/2015 - 16:53:20: [SM] Displaying call stack trace for plugin "franug_weaponpaints.smx":
L 11/22/2015 - 16:53:20: [SM]   [0]  Line 394, franug_weaponpaints.sp::ReadPaints()
L 11/22/2015 - 16:53:20: [SM]   [1]  Line 101, franug_weaponpaints.sp::OnPluginStart()
L 11/22/2015 - 16:53:20: [admin-flatfile.smx] Error(s) detected parsing addons\sourcemod\configs\admins.cfg
L 11/22/2015 - 16:53:20: [admin-flatfile.smx]  (line 37) A property was declared outside of a section
L 11/22/2015 - 16:53:20: Failed to auto generate config for pugsetup.smx, make sure the directory has write permission.
L 11/22/2015 - 16:53:20: [pugsetup.smx] Missing map file: addons\sourcemod\configs\pugsetup\maps.txt
L 11/22/2015 - 16:53:20: [pugsetup.smx] Missing map file: addons\sourcemod\configs\pugsetup\aim_maps.txt
L 11/22/2015 - 17:23:38: Error log file session closed.
L 11/22/2015 - 17:23:38: SourceMod error session started
L 11/22/2015 - 17:23:38: Info (map "de_train") (file "errors_20151122.log")
L 11/22/2015 - 17:23:38: [SM] Plugin encountered error 25: Call was aborted
L 11/22/2015 - 17:23:38: [SM] Native "SetFailState" reported: CFG File not found: addons\sourcemod\configs\csgo_wpaints.cfg
L 11/22/2015 - 17:23:38: [SM] Displaying call stack trace for plugin "franug_weaponpaints.smx":
L 11/22/2015 - 17:23:38: [SM]   [0]  Line 394, franug_weaponpaints.sp::ReadPaints()
L 11/22/2015 - 17:23:38: [SM]   [1]  Line 101, franug_weaponpaints.sp::OnPluginStart()
L 11/22/2015 - 17:23:38: [admin-flatfile.smx] Error(s) detected parsing addons\sourcemod\configs\admins.cfg
L 11/22/2015 - 17:23:38: [admin-flatfile.smx]  (line 37) A property was declared outside of a section
L 11/22/2015 - 17:23:39: Failed to auto generate config for pugsetup.smx, make sure the directory has write permission.
L 11/22/2015 - 17:23:39: [pugsetup.smx] Missing map file: addons\sourcemod\configs\pugsetup\maps.txt
L 11/22/2015 - 17:23:39: [pugsetup.smx] Missing map file: addons\sourcemod\configs\pugsetup\aim_maps.txt
