L 12/11/2015 - 00:15:48: SourceMod error session started
L 12/11/2015 - 00:15:48: Info (map "surf_forbidden_ways_ksf") (file "errors_20151211.log")
L 12/11/2015 - 00:15:48: Error log file session closed.
L 12/11/2015 - 00:15:48: SourceMod error session started
L 12/11/2015 - 00:15:48: Info (map "surf_forbidden_ways_ksf") (file "errors_20151211.log")
L 12/11/2015 - 00:15:48: [SM] Plugin encountered error 25: Call was aborted
L 12/11/2015 - 00:15:48: [SM] Native "SetFailState" reported: [KZTimer] Unable to connect to database (Configuration "kztimer" not found)
L 12/11/2015 - 00:15:48: [SM] Displaying call stack trace for plugin "KZTimer.smx":
L 12/11/2015 - 00:15:48: [SM]   [0]  Line 331, kztimer/sql.sp::db_setupDatabase()
L 12/11/2015 - 00:15:48: [SM]   [1]  Line 1128, KZTimer.sp::OnPluginStart()
L 12/11/2015 - 00:15:48: [SM] Plugin encountered error 25: Call was aborted
L 12/11/2015 - 00:15:48: [SM] Native "SetFailState" reported: CFG File not found: addons/sourcemod/configs/csgo_wpaints.cfg
L 12/11/2015 - 00:15:48: [SM] Displaying call stack trace for plugin "franug_weaponpaints.smx":
L 12/11/2015 - 00:15:48: [SM]   [0]  Line 394, franug_weaponpaints.sp::ReadPaints()
L 12/11/2015 - 00:15:48: [SM]   [1]  Line 101, franug_weaponpaints.sp::OnPluginStart()
L 12/11/2015 - 00:15:49: Failed to auto generate config for pugsetup.smx, make sure the directory has write permission.
L 12/11/2015 - 00:15:49: [pugsetup.smx] Missing map file: addons/sourcemod/configs/pugsetup/maps.txt
L 12/11/2015 - 00:15:49: [pugsetup.smx] Missing map file: addons/sourcemod/configs/pugsetup/aim_maps.txt
L 12/11/2015 - 00:16:57: SourceMod error session started
L 12/11/2015 - 00:16:57: Info (map "surf_beginner_ug") (file "errors_20151211.log")
L 12/11/2015 - 00:16:57: [SM] Plugin encountered error 25: Call was aborted
L 12/11/2015 - 00:16:57: [SM] Native "SetFailState" reported: [KZTimer] Unable to connect to database (Configuration "kztimer" not found)
L 12/11/2015 - 00:16:57: [SM] Displaying call stack trace for plugin "KZTimer.smx":
L 12/11/2015 - 00:16:57: [SM]   [0]  Line 331, kztimer/sql.sp::db_setupDatabase()
L 12/11/2015 - 00:16:57: [SM]   [1]  Line 1128, KZTimer.sp::OnPluginStart()
L 12/11/2015 - 00:16:57: [SM] Plugin encountered error 25: Call was aborted
L 12/11/2015 - 00:16:57: [SM] Native "SetFailState" reported: CFG File not found: addons/sourcemod/configs/csgo_wpaints.cfg
L 12/11/2015 - 00:16:57: [SM] Displaying call stack trace for plugin "franug_weaponpaints.smx":
L 12/11/2015 - 00:16:57: [SM]   [0]  Line 394, franug_weaponpaints.sp::ReadPaints()
L 12/11/2015 - 00:16:57: [SM]   [1]  Line 101, franug_weaponpaints.sp::OnPluginStart()
L 12/11/2015 - 00:16:57: Failed to auto generate config for pugsetup.smx, make sure the directory has write permission.
L 12/11/2015 - 00:17:13: SourceMod error session started
L 12/11/2015 - 00:17:13: Info (map "de_dust2") (file "errors_20151211.log")
L 12/11/2015 - 00:17:13: [SM] Plugin encountered error 25: Call was aborted
L 12/11/2015 - 00:17:13: [SM] Native "SetFailState" reported: [KZTimer] Unable to connect to database (Configuration "kztimer" not found)
L 12/11/2015 - 00:17:13: [SM] Displaying call stack trace for plugin "KZTimer.smx":
L 12/11/2015 - 00:17:13: [SM]   [0]  Line 331, kztimer/sql.sp::db_setupDatabase()
L 12/11/2015 - 00:17:13: [SM]   [1]  Line 1128, KZTimer.sp::OnPluginStart()
L 12/11/2015 - 00:17:13: [SM] Plugin encountered error 25: Call was aborted
L 12/11/2015 - 00:17:13: [SM] Native "SetFailState" reported: CFG File not found: addons/sourcemod/configs/csgo_wpaints.cfg
L 12/11/2015 - 00:17:13: [SM] Displaying call stack trace for plugin "franug_weaponpaints.smx":
L 12/11/2015 - 00:17:13: [SM]   [0]  Line 394, franug_weaponpaints.sp::ReadPaints()
L 12/11/2015 - 00:17:13: [SM]   [1]  Line 101, franug_weaponpaints.sp::OnPluginStart()
L 12/11/2015 - 00:17:13: Failed to auto generate config for pugsetup.smx, make sure the directory has write permission.
L 12/11/2015 - 00:17:28: SourceMod error session started
L 12/11/2015 - 00:17:28: Info (map "de_dust2") (file "errors_20151211.log")
L 12/11/2015 - 00:17:28: [SM] Plugin encountered error 25: Call was aborted
L 12/11/2015 - 00:17:28: [SM] Native "SetFailState" reported: [KZTimer] Unable to connect to database (Configuration "kztimer" not found)
L 12/11/2015 - 00:17:28: [SM] Displaying call stack trace for plugin "KZTimer.smx":
L 12/11/2015 - 00:17:28: [SM]   [0]  Line 331, kztimer/sql.sp::db_setupDatabase()
L 12/11/2015 - 00:17:28: [SM]   [1]  Line 1128, KZTimer.sp::OnPluginStart()
L 12/11/2015 - 00:17:28: [SM] Plugin encountered error 25: Call was aborted
L 12/11/2015 - 00:17:28: [SM] Native "SetFailState" reported: CFG File not found: addons/sourcemod/configs/csgo_wpaints.cfg
L 12/11/2015 - 00:17:28: [SM] Displaying call stack trace for plugin "franug_weaponpaints.smx":
L 12/11/2015 - 00:17:28: [SM]   [0]  Line 394, franug_weaponpaints.sp::ReadPaints()
L 12/11/2015 - 00:17:28: [SM]   [1]  Line 101, franug_weaponpaints.sp::OnPluginStart()
L 12/11/2015 - 00:17:29: Failed to auto generate config for pugsetup.smx, make sure the directory has write permission.
L 12/11/2015 - 00:17:46: SourceMod error session started
L 12/11/2015 - 00:17:46: Info (map "de_dust2") (file "errors_20151211.log")
L 12/11/2015 - 00:17:46: [SM] Plugin encountered error 25: Call was aborted
L 12/11/2015 - 00:17:46: [SM] Native "SetFailState" reported: [KZTimer] Unable to connect to database (Configuration "kztimer" not found)
L 12/11/2015 - 00:17:46: [SM] Displaying call stack trace for plugin "KZTimer.smx":
L 12/11/2015 - 00:17:46: [SM]   [0]  Line 331, kztimer/sql.sp::db_setupDatabase()
L 12/11/2015 - 00:17:46: [SM]   [1]  Line 1128, KZTimer.sp::OnPluginStart()
L 12/11/2015 - 00:17:46: [SM] Plugin encountered error 25: Call was aborted
L 12/11/2015 - 00:17:46: [SM] Native "SetFailState" reported: CFG File not found: addons/sourcemod/configs/csgo_wpaints.cfg
L 12/11/2015 - 00:17:46: [SM] Displaying call stack trace for plugin "franug_weaponpaints.smx":
L 12/11/2015 - 00:17:46: [SM]   [0]  Line 394, franug_weaponpaints.sp::ReadPaints()
L 12/11/2015 - 00:17:46: [SM]   [1]  Line 101, franug_weaponpaints.sp::OnPluginStart()
L 12/11/2015 - 00:17:47: Failed to auto generate config for pugsetup.smx, make sure the directory has write permission.
L 12/11/2015 - 00:18:47: Error log file session closed.
L 12/11/2015 - 00:18:47: SourceMod error session started
L 12/11/2015 - 00:18:47: Info (map "de_dust2") (file "errors_20151211.log")
L 12/11/2015 - 00:18:47: [SM] Plugin encountered error 25: Call was aborted
L 12/11/2015 - 00:18:47: [SM] Native "SetFailState" reported: [KZTimer] Unable to connect to database (Configuration "kztimer" not found)
L 12/11/2015 - 00:18:47: [SM] Displaying call stack trace for plugin "KZTimer.smx":
L 12/11/2015 - 00:18:47: [SM]   [0]  Line 331, kztimer/sql.sp::db_setupDatabase()
L 12/11/2015 - 00:18:47: [SM]   [1]  Line 1128, KZTimer.sp::OnPluginStart()
L 12/11/2015 - 00:18:47: [SM] Plugin encountered error 25: Call was aborted
L 12/11/2015 - 00:18:47: [SM] Native "SetFailState" reported: CFG File not found: addons/sourcemod/configs/csgo_wpaints.cfg
L 12/11/2015 - 00:18:47: [SM] Displaying call stack trace for plugin "franug_weaponpaints.smx":
L 12/11/2015 - 00:18:47: [SM]   [0]  Line 394, franug_weaponpaints.sp::ReadPaints()
L 12/11/2015 - 00:18:47: [SM]   [1]  Line 101, franug_weaponpaints.sp::OnPluginStart()
L 12/11/2015 - 00:18:48: Failed to auto generate config for pugsetup.smx, make sure the directory has write permission.
L 12/11/2015 - 00:18:48: [pugsetup.smx] Missing map file: addons/sourcemod/configs/pugsetup/maps.txt
L 12/11/2015 - 00:18:48: [pugsetup.smx] Missing map file: addons/sourcemod/configs/pugsetup/aim_maps.txt
L 12/11/2015 - 00:46:52: Error log file session closed.
L 12/11/2015 - 00:46:52: SourceMod error session started
L 12/11/2015 - 00:46:52: Info (map "de_cache") (file "errors_20151211.log")
L 12/11/2015 - 00:46:52: [SM] Plugin encountered error 25: Call was aborted
L 12/11/2015 - 00:46:52: [SM] Native "SetFailState" reported: [KZTimer] Unable to connect to database (Configuration "kztimer" not found)
L 12/11/2015 - 00:46:52: [SM] Displaying call stack trace for plugin "KZTimer.smx":
L 12/11/2015 - 00:46:52: [SM]   [0]  Line 331, kztimer/sql.sp::db_setupDatabase()
L 12/11/2015 - 00:46:52: [SM]   [1]  Line 1128, KZTimer.sp::OnPluginStart()
L 12/11/2015 - 00:46:52: [SM] Plugin encountered error 25: Call was aborted
L 12/11/2015 - 00:46:52: [SM] Native "SetFailState" reported: CFG File not found: addons/sourcemod/configs/csgo_wpaints.cfg
L 12/11/2015 - 00:46:52: [SM] Displaying call stack trace for plugin "franug_weaponpaints.smx":
L 12/11/2015 - 00:46:52: [SM]   [0]  Line 394, franug_weaponpaints.sp::ReadPaints()
L 12/11/2015 - 00:46:52: [SM]   [1]  Line 101, franug_weaponpaints.sp::OnPluginStart()
L 12/11/2015 - 00:46:53: Failed to auto generate config for pugsetup.smx, make sure the directory has write permission.
L 12/11/2015 - 00:46:53: [pugsetup.smx] Missing map file: addons/sourcemod/configs/pugsetup/maps.txt
L 12/11/2015 - 00:46:53: [pugsetup.smx] Missing map file: addons/sourcemod/configs/pugsetup/aim_maps.txt
L 12/11/2015 - 00:48:49: [pugsetup.smx] Failed to open file for reading: cfg/sourcemod/pugsetup/knife.cfg
L 12/11/2015 - 00:48:49: [pugsetup.smx] Failed to save cvar values when executing sourcemod/pugsetup/knife.cfg
L 12/11/2015 - 01:45:55: Error log file session closed.
L 12/11/2015 - 01:45:55: SourceMod error session started
L 12/11/2015 - 01:45:55: Info (map "de_cache") (file "errors_20151211.log")
L 12/11/2015 - 01:45:55: [SM] Plugin encountered error 25: Call was aborted
L 12/11/2015 - 01:45:55: [SM] Native "SetFailState" reported: [KZTimer] Unable to connect to database (Configuration "kztimer" not found)
L 12/11/2015 - 01:45:55: [SM] Displaying call stack trace for plugin "KZTimer.smx":
L 12/11/2015 - 01:45:55: [SM]   [0]  Line 331, kztimer/sql.sp::db_setupDatabase()
L 12/11/2015 - 01:45:55: [SM]   [1]  Line 1128, KZTimer.sp::OnPluginStart()
L 12/11/2015 - 01:45:55: [SM] Plugin encountered error 25: Call was aborted
L 12/11/2015 - 01:45:55: [SM] Native "SetFailState" reported: CFG File not found: addons/sourcemod/configs/csgo_wpaints.cfg
L 12/11/2015 - 01:45:55: [SM] Displaying call stack trace for plugin "franug_weaponpaints.smx":
L 12/11/2015 - 01:45:55: [SM]   [0]  Line 394, franug_weaponpaints.sp::ReadPaints()
L 12/11/2015 - 01:45:55: [SM]   [1]  Line 101, franug_weaponpaints.sp::OnPluginStart()
L 12/11/2015 - 01:45:56: Failed to auto generate config for pugsetup.smx, make sure the directory has write permission.
L 12/11/2015 - 01:45:56: [pugsetup.smx] Missing map file: addons/sourcemod/configs/pugsetup/maps.txt
L 12/11/2015 - 01:45:56: [pugsetup.smx] Missing map file: addons/sourcemod/configs/pugsetup/aim_maps.txt
L 12/11/2015 - 01:46:13: Error log file session closed.
L 12/11/2015 - 01:46:13: SourceMod error session started
L 12/11/2015 - 01:46:13: Info (map "de_inferno_winter") (file "errors_20151211.log")
L 12/11/2015 - 01:46:13: [SM] Plugin encountered error 25: Call was aborted
L 12/11/2015 - 01:46:13: [SM] Native "SetFailState" reported: [KZTimer] Unable to connect to database (Configuration "kztimer" not found)
L 12/11/2015 - 01:46:13: [SM] Displaying call stack trace for plugin "KZTimer.smx":
L 12/11/2015 - 01:46:13: [SM]   [0]  Line 331, kztimer/sql.sp::db_setupDatabase()
L 12/11/2015 - 01:46:13: [SM]   [1]  Line 1128, KZTimer.sp::OnPluginStart()
L 12/11/2015 - 01:46:13: [SM] Plugin encountered error 25: Call was aborted
L 12/11/2015 - 01:46:13: [SM] Native "SetFailState" reported: CFG File not found: addons/sourcemod/configs/csgo_wpaints.cfg
L 12/11/2015 - 01:46:13: [SM] Displaying call stack trace for plugin "franug_weaponpaints.smx":
L 12/11/2015 - 01:46:13: [SM]   [0]  Line 394, franug_weaponpaints.sp::ReadPaints()
L 12/11/2015 - 01:46:13: [SM]   [1]  Line 101, franug_weaponpaints.sp::OnPluginStart()
L 12/11/2015 - 01:46:14: Failed to auto generate config for pugsetup.smx, make sure the directory has write permission.
L 12/11/2015 - 01:46:14: [pugsetup.smx] Missing map file: addons/sourcemod/configs/pugsetup/maps.txt
L 12/11/2015 - 01:46:14: [pugsetup.smx] Missing map file: addons/sourcemod/configs/pugsetup/aim_maps.txt
L 12/11/2015 - 01:46:39: Error log file session closed.
L 12/11/2015 - 01:46:39: SourceMod error session started
L 12/11/2015 - 01:46:39: Info (map "de_inferno") (file "errors_20151211.log")
L 12/11/2015 - 01:46:39: [SM] Plugin encountered error 25: Call was aborted
L 12/11/2015 - 01:46:39: [SM] Native "SetFailState" reported: [KZTimer] Unable to connect to database (Configuration "kztimer" not found)
L 12/11/2015 - 01:46:39: [SM] Displaying call stack trace for plugin "KZTimer.smx":
L 12/11/2015 - 01:46:39: [SM]   [0]  Line 331, kztimer/sql.sp::db_setupDatabase()
L 12/11/2015 - 01:46:39: [SM]   [1]  Line 1128, KZTimer.sp::OnPluginStart()
L 12/11/2015 - 01:46:39: [SM] Plugin encountered error 25: Call was aborted
L 12/11/2015 - 01:46:39: [SM] Native "SetFailState" reported: CFG File not found: addons/sourcemod/configs/csgo_wpaints.cfg
L 12/11/2015 - 01:46:39: [SM] Displaying call stack trace for plugin "franug_weaponpaints.smx":
L 12/11/2015 - 01:46:39: [SM]   [0]  Line 394, franug_weaponpaints.sp::ReadPaints()
L 12/11/2015 - 01:46:39: [SM]   [1]  Line 101, franug_weaponpaints.sp::OnPluginStart()
L 12/11/2015 - 01:46:40: Failed to auto generate config for pugsetup.smx, make sure the directory has write permission.
L 12/11/2015 - 01:46:40: [pugsetup.smx] Missing map file: addons/sourcemod/configs/pugsetup/maps.txt
L 12/11/2015 - 01:46:40: [pugsetup.smx] Missing map file: addons/sourcemod/configs/pugsetup/aim_maps.txt
L 12/11/2015 - 02:00:45: Error log file session closed.
L 12/11/2015 - 02:00:45: SourceMod error session started
L 12/11/2015 - 02:00:45: Info (map "de_mirage_winter") (file "errors_20151211.log")
L 12/11/2015 - 02:00:45: [SM] Plugin encountered error 25: Call was aborted
L 12/11/2015 - 02:00:45: [SM] Native "SetFailState" reported: [KZTimer] Unable to connect to database (Configuration "kztimer" not found)
L 12/11/2015 - 02:00:45: [SM] Displaying call stack trace for plugin "KZTimer.smx":
L 12/11/2015 - 02:00:45: [SM]   [0]  Line 331, kztimer/sql.sp::db_setupDatabase()
L 12/11/2015 - 02:00:45: [SM]   [1]  Line 1128, KZTimer.sp::OnPluginStart()
L 12/11/2015 - 02:00:45: [SM] Plugin encountered error 25: Call was aborted
L 12/11/2015 - 02:00:45: [SM] Native "SetFailState" reported: CFG File not found: addons/sourcemod/configs/csgo_wpaints.cfg
L 12/11/2015 - 02:00:45: [SM] Displaying call stack trace for plugin "franug_weaponpaints.smx":
L 12/11/2015 - 02:00:45: [SM]   [0]  Line 394, franug_weaponpaints.sp::ReadPaints()
L 12/11/2015 - 02:00:45: [SM]   [1]  Line 101, franug_weaponpaints.sp::OnPluginStart()
L 12/11/2015 - 02:00:45: Failed to auto generate config for pugsetup.smx, make sure the directory has write permission.
L 12/11/2015 - 02:00:46: [pugsetup.smx] Missing map file: addons/sourcemod/configs/pugsetup/maps.txt
L 12/11/2015 - 02:00:46: [pugsetup.smx] Missing map file: addons/sourcemod/configs/pugsetup/aim_maps.txt
L 12/11/2015 - 02:01:55: Error log file session closed.
L 12/11/2015 - 02:01:55: SourceMod error session started
L 12/11/2015 - 02:01:55: Info (map "de_mirage") (file "errors_20151211.log")
L 12/11/2015 - 02:01:55: [SM] Plugin encountered error 25: Call was aborted
L 12/11/2015 - 02:01:55: [SM] Native "SetFailState" reported: [KZTimer] Unable to connect to database (Configuration "kztimer" not found)
L 12/11/2015 - 02:01:55: [SM] Displaying call stack trace for plugin "KZTimer.smx":
L 12/11/2015 - 02:01:55: [SM]   [0]  Line 331, kztimer/sql.sp::db_setupDatabase()
L 12/11/2015 - 02:01:55: [SM]   [1]  Line 1128, KZTimer.sp::OnPluginStart()
L 12/11/2015 - 02:01:55: [SM] Plugin encountered error 25: Call was aborted
L 12/11/2015 - 02:01:55: [SM] Native "SetFailState" reported: CFG File not found: addons/sourcemod/configs/csgo_wpaints.cfg
L 12/11/2015 - 02:01:55: [SM] Displaying call stack trace for plugin "franug_weaponpaints.smx":
L 12/11/2015 - 02:01:55: [SM]   [0]  Line 394, franug_weaponpaints.sp::ReadPaints()
L 12/11/2015 - 02:01:55: [SM]   [1]  Line 101, franug_weaponpaints.sp::OnPluginStart()
L 12/11/2015 - 02:01:55: Failed to auto generate config for pugsetup.smx, make sure the directory has write permission.
L 12/11/2015 - 02:01:55: [pugsetup.smx] Missing map file: addons/sourcemod/configs/pugsetup/maps.txt
L 12/11/2015 - 02:01:55: [pugsetup.smx] Missing map file: addons/sourcemod/configs/pugsetup/aim_maps.txt
L 12/11/2015 - 02:04:46: Error log file session closed.
L 12/11/2015 - 02:04:46: SourceMod error session started
L 12/11/2015 - 02:04:46: Info (map "de_mirage") (file "errors_20151211.log")
L 12/11/2015 - 02:04:46: [SM] Plugin encountered error 25: Call was aborted
L 12/11/2015 - 02:04:46: [SM] Native "SetFailState" reported: [KZTimer] Unable to connect to database (Configuration "kztimer" not found)
L 12/11/2015 - 02:04:46: [SM] Displaying call stack trace for plugin "KZTimer.smx":
L 12/11/2015 - 02:04:46: [SM]   [0]  Line 331, kztimer/sql.sp::db_setupDatabase()
L 12/11/2015 - 02:04:46: [SM]   [1]  Line 1128, KZTimer.sp::OnPluginStart()
L 12/11/2015 - 02:04:46: [SM] Plugin encountered error 25: Call was aborted
L 12/11/2015 - 02:04:46: [SM] Native "SetFailState" reported: CFG File not found: addons/sourcemod/configs/csgo_wpaints.cfg
L 12/11/2015 - 02:04:46: [SM] Displaying call stack trace for plugin "franug_weaponpaints.smx":
L 12/11/2015 - 02:04:46: [SM]   [0]  Line 394, franug_weaponpaints.sp::ReadPaints()
L 12/11/2015 - 02:04:46: [SM]   [1]  Line 101, franug_weaponpaints.sp::OnPluginStart()
L 12/11/2015 - 02:04:47: Failed to auto generate config for pugsetup.smx, make sure the directory has write permission.
L 12/11/2015 - 02:04:47: [pugsetup.smx] Missing map file: addons/sourcemod/configs/pugsetup/maps.txt
L 12/11/2015 - 02:04:47: [pugsetup.smx] Missing map file: addons/sourcemod/configs/pugsetup/aim_maps.txt
L 12/11/2015 - 02:06:46: Error log file session closed.
L 12/11/2015 - 02:06:47: SourceMod error session started
L 12/11/2015 - 02:06:47: Info (map "de_mirage") (file "errors_20151211.log")
L 12/11/2015 - 02:06:47: [SM] Plugin encountered error 25: Call was aborted
L 12/11/2015 - 02:06:47: [SM] Native "SetFailState" reported: [KZTimer] Unable to connect to database (Configuration "kztimer" not found)
L 12/11/2015 - 02:06:47: [SM] Displaying call stack trace for plugin "KZTimer.smx":
L 12/11/2015 - 02:06:47: [SM]   [0]  Line 331, kztimer/sql.sp::db_setupDatabase()
L 12/11/2015 - 02:06:47: [SM]   [1]  Line 1128, KZTimer.sp::OnPluginStart()
L 12/11/2015 - 02:06:47: [SM] Plugin encountered error 25: Call was aborted
L 12/11/2015 - 02:06:47: [SM] Native "SetFailState" reported: CFG File not found: addons/sourcemod/configs/csgo_wpaints.cfg
L 12/11/2015 - 02:06:47: [SM] Displaying call stack trace for plugin "franug_weaponpaints.smx":
L 12/11/2015 - 02:06:47: [SM]   [0]  Line 394, franug_weaponpaints.sp::ReadPaints()
L 12/11/2015 - 02:06:47: [SM]   [1]  Line 101, franug_weaponpaints.sp::OnPluginStart()
L 12/11/2015 - 02:06:47: Failed to auto generate config for pugsetup.smx, make sure the directory has write permission.
L 12/11/2015 - 02:06:47: [pugsetup.smx] Missing map file: addons/sourcemod/configs/pugsetup/maps.txt
L 12/11/2015 - 02:06:47: [pugsetup.smx] Missing map file: addons/sourcemod/configs/pugsetup/aim_maps.txt
L 12/11/2015 - 02:33:14: SourceMod error session started
L 12/11/2015 - 02:33:14: Info (map "de_dust2") (file "errors_20151211.log")
L 12/11/2015 - 02:33:14: [SM] Plugin encountered error 25: Call was aborted
L 12/11/2015 - 02:33:14: [SM] Native "SetFailState" reported: [KZTimer] Unable to connect to database (Configuration "kztimer" not found)
L 12/11/2015 - 02:33:14: [SM] Displaying call stack trace for plugin "KZTimer.smx":
L 12/11/2015 - 02:33:14: [SM]   [0]  Line 331, kztimer/sql.sp::db_setupDatabase()
L 12/11/2015 - 02:33:14: [SM]   [1]  Line 1128, KZTimer.sp::OnPluginStart()
L 12/11/2015 - 02:33:14: [SM] Plugin encountered error 25: Call was aborted
L 12/11/2015 - 02:33:14: [SM] Native "SetFailState" reported: CFG File not found: addons/sourcemod/configs/csgo_wpaints.cfg
L 12/11/2015 - 02:33:14: [SM] Displaying call stack trace for plugin "franug_weaponpaints.smx":
L 12/11/2015 - 02:33:14: [SM]   [0]  Line 394, franug_weaponpaints.sp::ReadPaints()
L 12/11/2015 - 02:33:14: [SM]   [1]  Line 101, franug_weaponpaints.sp::OnPluginStart()
L 12/11/2015 - 02:33:15: Failed to auto generate config for pugsetup.smx, make sure the directory has write permission.
L 12/11/2015 - 02:48:00: SourceMod error session started
L 12/11/2015 - 02:48:00: Info (map "de_dust2") (file "errors_20151211.log")
L 12/11/2015 - 02:48:00: [SM] Plugin encountered error 25: Call was aborted
L 12/11/2015 - 02:48:00: [SM] Native "SetFailState" reported: [KZTimer] Unable to connect to database (Configuration "kztimer" not found)
L 12/11/2015 - 02:48:00: [SM] Displaying call stack trace for plugin "KZTimer.smx":
L 12/11/2015 - 02:48:00: [SM]   [0]  Line 331, kztimer/sql.sp::db_setupDatabase()
L 12/11/2015 - 02:48:00: [SM]   [1]  Line 1128, KZTimer.sp::OnPluginStart()
L 12/11/2015 - 02:48:00: [SM] Plugin encountered error 25: Call was aborted
L 12/11/2015 - 02:48:00: [SM] Native "SetFailState" reported: CFG File not found: addons/sourcemod/configs/csgo_wpaints.cfg
L 12/11/2015 - 02:48:00: [SM] Displaying call stack trace for plugin "franug_weaponpaints.smx":
L 12/11/2015 - 02:48:00: [SM]   [0]  Line 394, franug_weaponpaints.sp::ReadPaints()
L 12/11/2015 - 02:48:00: [SM]   [1]  Line 101, franug_weaponpaints.sp::OnPluginStart()
L 12/11/2015 - 02:48:01: Failed to auto generate config for pugsetup.smx, make sure the directory has write permission.
L 12/11/2015 - 02:52:38: SourceMod error session started
L 12/11/2015 - 02:52:38: Info (map "de_dust2") (file "errors_20151211.log")
L 12/11/2015 - 02:52:38: [SM] Plugin encountered error 25: Call was aborted
L 12/11/2015 - 02:52:38: [SM] Native "SetFailState" reported: [KZTimer] Unable to connect to database (Configuration "kztimer" not found)
L 12/11/2015 - 02:52:38: [SM] Displaying call stack trace for plugin "KZTimer.smx":
L 12/11/2015 - 02:52:38: [SM]   [0]  Line 331, kztimer/sql.sp::db_setupDatabase()
L 12/11/2015 - 02:52:38: [SM]   [1]  Line 1128, KZTimer.sp::OnPluginStart()
L 12/11/2015 - 02:52:38: [SM] Plugin encountered error 25: Call was aborted
L 12/11/2015 - 02:52:38: [SM] Native "SetFailState" reported: CFG File not found: addons/sourcemod/configs/csgo_wpaints.cfg
L 12/11/2015 - 02:52:38: [SM] Displaying call stack trace for plugin "franug_weaponpaints.smx":
L 12/11/2015 - 02:52:38: [SM]   [0]  Line 394, franug_weaponpaints.sp::ReadPaints()
L 12/11/2015 - 02:52:38: [SM]   [1]  Line 101, franug_weaponpaints.sp::OnPluginStart()
L 12/11/2015 - 02:52:39: Failed to auto generate config for pugsetup.smx, make sure the directory has write permission.
L 12/11/2015 - 02:54:45: SourceMod error session started
L 12/11/2015 - 02:54:45: Info (map "de_dust2") (file "errors_20151211.log")
L 12/11/2015 - 02:54:45: [SM] Plugin encountered error 25: Call was aborted
L 12/11/2015 - 02:54:45: [SM] Native "SetFailState" reported: [KZTimer] Unable to connect to database (Configuration "kztimer" not found)
L 12/11/2015 - 02:54:45: [SM] Displaying call stack trace for plugin "KZTimer.smx":
L 12/11/2015 - 02:54:45: [SM]   [0]  Line 331, kztimer/sql.sp::db_setupDatabase()
L 12/11/2015 - 02:54:45: [SM]   [1]  Line 1128, KZTimer.sp::OnPluginStart()
L 12/11/2015 - 02:54:45: [SM] Plugin encountered error 25: Call was aborted
L 12/11/2015 - 02:54:45: [SM] Native "SetFailState" reported: CFG File not found: addons/sourcemod/configs/csgo_wpaints.cfg
L 12/11/2015 - 02:54:45: [SM] Displaying call stack trace for plugin "franug_weaponpaints.smx":
L 12/11/2015 - 02:54:45: [SM]   [0]  Line 394, franug_weaponpaints.sp::ReadPaints()
L 12/11/2015 - 02:54:45: [SM]   [1]  Line 101, franug_weaponpaints.sp::OnPluginStart()
L 12/11/2015 - 02:54:46: Failed to auto generate config for pugsetup.smx, make sure the directory has write permission.
L 12/11/2015 - 02:56:29: SourceMod error session started
L 12/11/2015 - 02:56:29: Info (map "de_dust2") (file "errors_20151211.log")
L 12/11/2015 - 02:56:29: [SM] Plugin encountered error 25: Call was aborted
L 12/11/2015 - 02:56:29: [SM] Native "SetFailState" reported: [KZTimer] Unable to connect to database (Configuration "kztimer" not found)
L 12/11/2015 - 02:56:29: [SM] Displaying call stack trace for plugin "KZTimer.smx":
L 12/11/2015 - 02:56:29: [SM]   [0]  Line 331, kztimer/sql.sp::db_setupDatabase()
L 12/11/2015 - 02:56:29: [SM]   [1]  Line 1128, KZTimer.sp::OnPluginStart()
L 12/11/2015 - 02:56:29: [SM] Plugin encountered error 25: Call was aborted
L 12/11/2015 - 02:56:29: [SM] Native "SetFailState" reported: CFG File not found: addons/sourcemod/configs/csgo_wpaints.cfg
L 12/11/2015 - 02:56:29: [SM] Displaying call stack trace for plugin "franug_weaponpaints.smx":
L 12/11/2015 - 02:56:29: [SM]   [0]  Line 394, franug_weaponpaints.sp::ReadPaints()
L 12/11/2015 - 02:56:29: [SM]   [1]  Line 101, franug_weaponpaints.sp::OnPluginStart()
L 12/11/2015 - 02:56:30: Failed to auto generate config for pugsetup.smx, make sure the directory has write permission.
L 12/11/2015 - 03:12:37: Error log file session closed.
L 12/11/2015 - 03:12:37: SourceMod error session started
L 12/11/2015 - 03:12:37: Info (map "de_dust2") (file "errors_20151211.log")
L 12/11/2015 - 03:12:37: [SM] Plugin encountered error 25: Call was aborted
L 12/11/2015 - 03:12:37: [SM] Native "SetFailState" reported: [KZTimer] Unable to connect to database (Configuration "kztimer" not found)
L 12/11/2015 - 03:12:37: [SM] Displaying call stack trace for plugin "KZTimer.smx":
L 12/11/2015 - 03:12:37: [SM]   [0]  Line 331, kztimer/sql.sp::db_setupDatabase()
L 12/11/2015 - 03:12:37: [SM]   [1]  Line 1128, KZTimer.sp::OnPluginStart()
L 12/11/2015 - 03:12:37: [SM] Plugin encountered error 25: Call was aborted
L 12/11/2015 - 03:12:37: [SM] Native "SetFailState" reported: CFG File not found: addons/sourcemod/configs/csgo_wpaints.cfg
L 12/11/2015 - 03:12:37: [SM] Displaying call stack trace for plugin "franug_weaponpaints.smx":
L 12/11/2015 - 03:12:37: [SM]   [0]  Line 394, franug_weaponpaints.sp::ReadPaints()
L 12/11/2015 - 03:12:37: [SM]   [1]  Line 101, franug_weaponpaints.sp::OnPluginStart()
L 12/11/2015 - 03:12:38: Failed to auto generate config for pugsetup.smx, make sure the directory has write permission.
L 12/11/2015 - 03:12:46: [pugsetup.smx] Missing map file: addons/sourcemod/configs/pugsetup/maps.txt
L 12/11/2015 - 03:12:46: [pugsetup.smx] Missing map file: addons/sourcemod/configs/pugsetup/aim_maps.txt
L 12/11/2015 - 03:47:30: Error log file session closed.
L 12/11/2015 - 03:47:30: SourceMod error session started
L 12/11/2015 - 03:47:30: Info (map "de_overpass") (file "errors_20151211.log")
L 12/11/2015 - 03:47:30: [SM] Plugin encountered error 25: Call was aborted
L 12/11/2015 - 03:47:30: [SM] Native "SetFailState" reported: [KZTimer] Unable to connect to database (Configuration "kztimer" not found)
L 12/11/2015 - 03:47:30: [SM] Displaying call stack trace for plugin "KZTimer.smx":
L 12/11/2015 - 03:47:30: [SM]   [0]  Line 331, kztimer/sql.sp::db_setupDatabase()
L 12/11/2015 - 03:47:30: [SM]   [1]  Line 1128, KZTimer.sp::OnPluginStart()
L 12/11/2015 - 03:47:30: [SM] Plugin encountered error 25: Call was aborted
L 12/11/2015 - 03:47:30: [SM] Native "SetFailState" reported: CFG File not found: addons/sourcemod/configs/csgo_wpaints.cfg
L 12/11/2015 - 03:47:30: [SM] Displaying call stack trace for plugin "franug_weaponpaints.smx":
L 12/11/2015 - 03:47:30: [SM]   [0]  Line 394, franug_weaponpaints.sp::ReadPaints()
L 12/11/2015 - 03:47:30: [SM]   [1]  Line 101, franug_weaponpaints.sp::OnPluginStart()
L 12/11/2015 - 03:47:31: Failed to auto generate config for pugsetup.smx, make sure the directory has write permission.
L 12/11/2015 - 03:47:31: [pugsetup.smx] Missing map file: addons/sourcemod/configs/pugsetup/maps.txt
L 12/11/2015 - 03:47:31: [pugsetup.smx] Missing map file: addons/sourcemod/configs/pugsetup/aim_maps.txt
L 12/11/2015 - 04:28:55: Error log file session closed.
L 12/11/2015 - 04:28:56: SourceMod error session started
L 12/11/2015 - 04:28:56: Info (map "de_mirage") (file "errors_20151211.log")
L 12/11/2015 - 04:28:56: [SM] Plugin encountered error 25: Call was aborted
L 12/11/2015 - 04:28:56: [SM] Native "SetFailState" reported: [KZTimer] Unable to connect to database (Configuration "kztimer" not found)
L 12/11/2015 - 04:28:56: [SM] Displaying call stack trace for plugin "KZTimer.smx":
L 12/11/2015 - 04:28:56: [SM]   [0]  Line 331, kztimer/sql.sp::db_setupDatabase()
L 12/11/2015 - 04:28:56: [SM]   [1]  Line 1128, KZTimer.sp::OnPluginStart()
L 12/11/2015 - 04:28:56: [SM] Plugin encountered error 25: Call was aborted
L 12/11/2015 - 04:28:56: [SM] Native "SetFailState" reported: CFG File not found: addons/sourcemod/configs/csgo_wpaints.cfg
L 12/11/2015 - 04:28:56: [SM] Displaying call stack trace for plugin "franug_weaponpaints.smx":
L 12/11/2015 - 04:28:56: [SM]   [0]  Line 394, franug_weaponpaints.sp::ReadPaints()
L 12/11/2015 - 04:28:56: [SM]   [1]  Line 101, franug_weaponpaints.sp::OnPluginStart()
L 12/11/2015 - 04:28:57: Failed to auto generate config for pugsetup.smx, make sure the directory has write permission.
L 12/11/2015 - 04:28:57: [pugsetup.smx] Missing map file: addons/sourcemod/configs/pugsetup/maps.txt
L 12/11/2015 - 04:28:57: [pugsetup.smx] Missing map file: addons/sourcemod/configs/pugsetup/aim_maps.txt
L 12/11/2015 - 06:01:13: SourceMod error session started
L 12/11/2015 - 06:01:13: Info (map "surf_beginner_ug") (file "errors_20151211.log")
L 12/11/2015 - 06:01:13: [SM] Plugin encountered error 25: Call was aborted
L 12/11/2015 - 06:01:13: [SM] Native "SetFailState" reported: [KZTimer] Unable to connect to database (Configuration "kztimer" not found)
L 12/11/2015 - 06:01:13: [SM] Displaying call stack trace for plugin "KZTimer.smx":
L 12/11/2015 - 06:01:13: [SM]   [0]  Line 331, kztimer/sql.sp::db_setupDatabase()
L 12/11/2015 - 06:01:13: [SM]   [1]  Line 1128, KZTimer.sp::OnPluginStart()
L 12/11/2015 - 06:01:13: [SM] Plugin encountered error 25: Call was aborted
L 12/11/2015 - 06:01:13: [SM] Native "SetFailState" reported: CFG File not found: addons/sourcemod/configs/csgo_wpaints.cfg
L 12/11/2015 - 06:01:13: [SM] Displaying call stack trace for plugin "franug_weaponpaints.smx":
L 12/11/2015 - 06:01:13: [SM]   [0]  Line 394, franug_weaponpaints.sp::ReadPaints()
L 12/11/2015 - 06:01:13: [SM]   [1]  Line 101, franug_weaponpaints.sp::OnPluginStart()
L 12/11/2015 - 06:01:14: Failed to auto generate config for pugsetup.smx, make sure the directory has write permission.
L 12/11/2015 - 06:01:56: SourceMod error session started
L 12/11/2015 - 06:01:56: Info (map "surf_beginner_ug") (file "errors_20151211.log")
L 12/11/2015 - 06:01:56: [SM] Plugin encountered error 25: Call was aborted
L 12/11/2015 - 06:01:56: [SM] Native "SetFailState" reported: [KZTimer] Unable to connect to database (Configuration "kztimer" not found)
L 12/11/2015 - 06:01:56: [SM] Displaying call stack trace for plugin "KZTimer.smx":
L 12/11/2015 - 06:01:56: [SM]   [0]  Line 331, kztimer/sql.sp::db_setupDatabase()
L 12/11/2015 - 06:01:56: [SM]   [1]  Line 1128, KZTimer.sp::OnPluginStart()
L 12/11/2015 - 06:01:56: [SM] Plugin encountered error 25: Call was aborted
L 12/11/2015 - 06:01:56: [SM] Native "SetFailState" reported: CFG File not found: addons/sourcemod/configs/csgo_wpaints.cfg
L 12/11/2015 - 06:01:56: [SM] Displaying call stack trace for plugin "franug_weaponpaints.smx":
L 12/11/2015 - 06:01:56: [SM]   [0]  Line 394, franug_weaponpaints.sp::ReadPaints()
L 12/11/2015 - 06:01:56: [SM]   [1]  Line 101, franug_weaponpaints.sp::OnPluginStart()
L 12/11/2015 - 06:01:57: Failed to auto generate config for pugsetup.smx, make sure the directory has write permission.
L 12/11/2015 - 06:48:59: Error log file session closed.
L 12/11/2015 - 06:48:59: SourceMod error session started
L 12/11/2015 - 06:48:59: Info (map "surf_beginner_ug") (file "errors_20151211.log")
L 12/11/2015 - 06:48:59: [SM] Plugin encountered error 25: Call was aborted
L 12/11/2015 - 06:48:59: [SM] Native "SetFailState" reported: [KZTimer] Unable to connect to database (Configuration "kztimer" not found)
L 12/11/2015 - 06:48:59: [SM] Displaying call stack trace for plugin "KZTimer.smx":
L 12/11/2015 - 06:48:59: [SM]   [0]  Line 331, kztimer/sql.sp::db_setupDatabase()
L 12/11/2015 - 06:48:59: [SM]   [1]  Line 1128, KZTimer.sp::OnPluginStart()
L 12/11/2015 - 06:48:59: [SM] Plugin encountered error 25: Call was aborted
L 12/11/2015 - 06:48:59: [SM] Native "SetFailState" reported: CFG File not found: addons/sourcemod/configs/csgo_wpaints.cfg
L 12/11/2015 - 06:48:59: [SM] Displaying call stack trace for plugin "franug_weaponpaints.smx":
L 12/11/2015 - 06:48:59: [SM]   [0]  Line 394, franug_weaponpaints.sp::ReadPaints()
L 12/11/2015 - 06:48:59: [SM]   [1]  Line 101, franug_weaponpaints.sp::OnPluginStart()
L 12/11/2015 - 06:49:00: Failed to auto generate config for pugsetup.smx, make sure the directory has write permission.
L 12/11/2015 - 06:49:00: [pugsetup.smx] Missing map file: addons/sourcemod/configs/pugsetup/maps.txt
L 12/11/2015 - 06:49:00: [pugsetup.smx] Missing map file: addons/sourcemod/configs/pugsetup/aim_maps.txt
L 12/11/2015 - 06:50:03: [SM] Native "SDKHook" reported: Entity 2 is invalid
L 12/11/2015 - 06:50:03: [SM] Displaying call stack trace for plugin "ckSurf.smx":
L 12/11/2015 - 06:50:03: [SM]   [0]  Line 252, ckSurf/replay.sp::PlayRecord()
L 12/11/2015 - 06:50:03: [SM]   [1]  Line 379, ckSurf/replay.sp::LoadRecordReplay()
L 12/11/2015 - 06:50:03: [SM]   [2]  Line 346, ckSurf/replay.sp::RefreshBot()
L 12/11/2015 - 06:52:40: Error log file session closed.
L 12/11/2015 - 06:52:40: SourceMod error session started
L 12/11/2015 - 06:52:40: Info (map "surf_utopia_v3") (file "errors_20151211.log")
L 12/11/2015 - 06:52:40: [SM] Plugin encountered error 25: Call was aborted
L 12/11/2015 - 06:52:40: [SM] Native "SetFailState" reported: [KZTimer] Unable to connect to database (Configuration "kztimer" not found)
L 12/11/2015 - 06:52:40: [SM] Displaying call stack trace for plugin "KZTimer.smx":
L 12/11/2015 - 06:52:40: [SM]   [0]  Line 331, kztimer/sql.sp::db_setupDatabase()
L 12/11/2015 - 06:52:40: [SM]   [1]  Line 1128, KZTimer.sp::OnPluginStart()
L 12/11/2015 - 06:52:40: [SM] Plugin encountered error 25: Call was aborted
L 12/11/2015 - 06:52:40: [SM] Native "SetFailState" reported: CFG File not found: addons/sourcemod/configs/csgo_wpaints.cfg
L 12/11/2015 - 06:52:40: [SM] Displaying call stack trace for plugin "franug_weaponpaints.smx":
L 12/11/2015 - 06:52:40: [SM]   [0]  Line 394, franug_weaponpaints.sp::ReadPaints()
L 12/11/2015 - 06:52:40: [SM]   [1]  Line 101, franug_weaponpaints.sp::OnPluginStart()
L 12/11/2015 - 06:52:41: Failed to auto generate config for pugsetup.smx, make sure the directory has write permission.
L 12/11/2015 - 06:52:41: [pugsetup.smx] Missing map file: addons/sourcemod/configs/pugsetup/maps.txt
L 12/11/2015 - 06:52:41: [pugsetup.smx] Missing map file: addons/sourcemod/configs/pugsetup/aim_maps.txt
L 12/11/2015 - 06:52:51: [SM] Native "SDKHook" reported: Entity 2 is invalid
L 12/11/2015 - 06:52:51: [SM] Displaying call stack trace for plugin "ckSurf.smx":
L 12/11/2015 - 06:52:51: [SM]   [0]  Line 252, ckSurf/replay.sp::PlayRecord()
L 12/11/2015 - 06:52:51: [SM]   [1]  Line 379, ckSurf/replay.sp::LoadRecordReplay()
L 12/11/2015 - 06:52:51: [SM]   [2]  Line 346, ckSurf/replay.sp::RefreshBot()
L 12/11/2015 - 07:12:06: Error log file session closed.
L 12/11/2015 - 07:12:06: SourceMod error session started
L 12/11/2015 - 07:12:06: Info (map "surf_mesa_mine") (file "errors_20151211.log")
L 12/11/2015 - 07:12:06: [SM] Plugin encountered error 25: Call was aborted
L 12/11/2015 - 07:12:06: [SM] Native "SetFailState" reported: [KZTimer] Unable to connect to database (Configuration "kztimer" not found)
L 12/11/2015 - 07:12:06: [SM] Displaying call stack trace for plugin "KZTimer.smx":
L 12/11/2015 - 07:12:06: [SM]   [0]  Line 331, kztimer/sql.sp::db_setupDatabase()
L 12/11/2015 - 07:12:06: [SM]   [1]  Line 1128, KZTimer.sp::OnPluginStart()
L 12/11/2015 - 07:12:06: [SM] Plugin encountered error 25: Call was aborted
L 12/11/2015 - 07:12:06: [SM] Native "SetFailState" reported: CFG File not found: addons/sourcemod/configs/csgo_wpaints.cfg
L 12/11/2015 - 07:12:06: [SM] Displaying call stack trace for plugin "franug_weaponpaints.smx":
L 12/11/2015 - 07:12:06: [SM]   [0]  Line 394, franug_weaponpaints.sp::ReadPaints()
L 12/11/2015 - 07:12:06: [SM]   [1]  Line 101, franug_weaponpaints.sp::OnPluginStart()
L 12/11/2015 - 07:12:07: Failed to auto generate config for pugsetup.smx, make sure the directory has write permission.
L 12/11/2015 - 07:12:07: [pugsetup.smx] Missing map file: addons/sourcemod/configs/pugsetup/maps.txt
L 12/11/2015 - 07:12:07: [pugsetup.smx] Missing map file: addons/sourcemod/configs/pugsetup/aim_maps.txt
L 12/11/2015 - 07:12:38: Error log file session closed.
L 12/11/2015 - 07:12:38: SourceMod error session started
L 12/11/2015 - 07:12:38: Info (map "surf_mesa") (file "errors_20151211.log")
L 12/11/2015 - 07:12:38: [SM] Plugin encountered error 25: Call was aborted
L 12/11/2015 - 07:12:38: [SM] Native "SetFailState" reported: [KZTimer] Unable to connect to database (Configuration "kztimer" not found)
L 12/11/2015 - 07:12:38: [SM] Displaying call stack trace for plugin "KZTimer.smx":
L 12/11/2015 - 07:12:38: [SM]   [0]  Line 331, kztimer/sql.sp::db_setupDatabase()
L 12/11/2015 - 07:12:38: [SM]   [1]  Line 1128, KZTimer.sp::OnPluginStart()
L 12/11/2015 - 07:12:38: [SM] Plugin encountered error 25: Call was aborted
L 12/11/2015 - 07:12:38: [SM] Native "SetFailState" reported: CFG File not found: addons/sourcemod/configs/csgo_wpaints.cfg
L 12/11/2015 - 07:12:38: [SM] Displaying call stack trace for plugin "franug_weaponpaints.smx":
L 12/11/2015 - 07:12:38: [SM]   [0]  Line 394, franug_weaponpaints.sp::ReadPaints()
L 12/11/2015 - 07:12:38: [SM]   [1]  Line 101, franug_weaponpaints.sp::OnPluginStart()
L 12/11/2015 - 07:12:39: Failed to auto generate config for pugsetup.smx, make sure the directory has write permission.
L 12/11/2015 - 07:12:39: [pugsetup.smx] Missing map file: addons/sourcemod/configs/pugsetup/maps.txt
L 12/11/2015 - 07:12:39: [pugsetup.smx] Missing map file: addons/sourcemod/configs/pugsetup/aim_maps.txt
L 12/11/2015 - 07:16:44: [SM] Native "SDKHook" reported: Entity 2 is invalid
L 12/11/2015 - 07:16:44: [SM] Displaying call stack trace for plugin "ckSurf.smx":
L 12/11/2015 - 07:16:44: [SM]   [0]  Line 252, ckSurf/replay.sp::PlayRecord()
L 12/11/2015 - 07:16:44: [SM]   [1]  Line 379, ckSurf/replay.sp::LoadRecordReplay()
L 12/11/2015 - 07:16:44: [SM]   [2]  Line 346, ckSurf/replay.sp::RefreshBot()
L 12/11/2015 - 07:27:34: Error log file session closed.
L 12/11/2015 - 07:27:34: SourceMod error session started
L 12/11/2015 - 07:27:34: Info (map "surf_funhouse_njv") (file "errors_20151211.log")
L 12/11/2015 - 07:27:34: [SM] Plugin encountered error 25: Call was aborted
L 12/11/2015 - 07:27:34: [SM] Native "SetFailState" reported: [KZTimer] Unable to connect to database (Configuration "kztimer" not found)
L 12/11/2015 - 07:27:34: [SM] Displaying call stack trace for plugin "KZTimer.smx":
L 12/11/2015 - 07:27:34: [SM]   [0]  Line 331, kztimer/sql.sp::db_setupDatabase()
L 12/11/2015 - 07:27:34: [SM]   [1]  Line 1128, KZTimer.sp::OnPluginStart()
L 12/11/2015 - 07:27:34: [SM] Plugin encountered error 25: Call was aborted
L 12/11/2015 - 07:27:34: [SM] Native "SetFailState" reported: CFG File not found: addons/sourcemod/configs/csgo_wpaints.cfg
L 12/11/2015 - 07:27:34: [SM] Displaying call stack trace for plugin "franug_weaponpaints.smx":
L 12/11/2015 - 07:27:34: [SM]   [0]  Line 394, franug_weaponpaints.sp::ReadPaints()
L 12/11/2015 - 07:27:34: [SM]   [1]  Line 101, franug_weaponpaints.sp::OnPluginStart()
L 12/11/2015 - 07:27:34: Failed to auto generate config for pugsetup.smx, make sure the directory has write permission.
L 12/11/2015 - 07:27:34: [pugsetup.smx] Missing map file: addons/sourcemod/configs/pugsetup/maps.txt
L 12/11/2015 - 07:27:34: [pugsetup.smx] Missing map file: addons/sourcemod/configs/pugsetup/aim_maps.txt
L 12/11/2015 - 07:28:26: Error log file session closed.
L 12/11/2015 - 07:28:26: SourceMod error session started
L 12/11/2015 - 07:28:26: Info (map "surf_reprise") (file "errors_20151211.log")
L 12/11/2015 - 07:28:26: [SM] Plugin encountered error 25: Call was aborted
L 12/11/2015 - 07:28:26: [SM] Native "SetFailState" reported: [KZTimer] Unable to connect to database (Configuration "kztimer" not found)
L 12/11/2015 - 07:28:26: [SM] Displaying call stack trace for plugin "KZTimer.smx":
L 12/11/2015 - 07:28:26: [SM]   [0]  Line 331, kztimer/sql.sp::db_setupDatabase()
L 12/11/2015 - 07:28:26: [SM]   [1]  Line 1128, KZTimer.sp::OnPluginStart()
L 12/11/2015 - 07:28:26: [SM] Plugin encountered error 25: Call was aborted
L 12/11/2015 - 07:28:26: [SM] Native "SetFailState" reported: CFG File not found: addons/sourcemod/configs/csgo_wpaints.cfg
L 12/11/2015 - 07:28:26: [SM] Displaying call stack trace for plugin "franug_weaponpaints.smx":
L 12/11/2015 - 07:28:26: [SM]   [0]  Line 394, franug_weaponpaints.sp::ReadPaints()
L 12/11/2015 - 07:28:26: [SM]   [1]  Line 101, franug_weaponpaints.sp::OnPluginStart()
L 12/11/2015 - 07:28:27: Failed to auto generate config for pugsetup.smx, make sure the directory has write permission.
L 12/11/2015 - 07:28:27: [pugsetup.smx] Missing map file: addons/sourcemod/configs/pugsetup/maps.txt
L 12/11/2015 - 07:28:27: [pugsetup.smx] Missing map file: addons/sourcemod/configs/pugsetup/aim_maps.txt
L 12/11/2015 - 07:29:11: Error log file session closed.
L 12/11/2015 - 07:29:11: SourceMod error session started
L 12/11/2015 - 07:29:11: Info (map "surf_trance_ksf") (file "errors_20151211.log")
L 12/11/2015 - 07:29:11: [SM] Plugin encountered error 25: Call was aborted
L 12/11/2015 - 07:29:11: [SM] Native "SetFailState" reported: [KZTimer] Unable to connect to database (Configuration "kztimer" not found)
L 12/11/2015 - 07:29:11: [SM] Displaying call stack trace for plugin "KZTimer.smx":
L 12/11/2015 - 07:29:11: [SM]   [0]  Line 331, kztimer/sql.sp::db_setupDatabase()
L 12/11/2015 - 07:29:11: [SM]   [1]  Line 1128, KZTimer.sp::OnPluginStart()
L 12/11/2015 - 07:29:11: [SM] Plugin encountered error 25: Call was aborted
L 12/11/2015 - 07:29:11: [SM] Native "SetFailState" reported: CFG File not found: addons/sourcemod/configs/csgo_wpaints.cfg
L 12/11/2015 - 07:29:11: [SM] Displaying call stack trace for plugin "franug_weaponpaints.smx":
L 12/11/2015 - 07:29:11: [SM]   [0]  Line 394, franug_weaponpaints.sp::ReadPaints()
L 12/11/2015 - 07:29:11: [SM]   [1]  Line 101, franug_weaponpaints.sp::OnPluginStart()
L 12/11/2015 - 07:29:12: Failed to auto generate config for pugsetup.smx, make sure the directory has write permission.
L 12/11/2015 - 07:29:12: [pugsetup.smx] Missing map file: addons/sourcemod/configs/pugsetup/maps.txt
L 12/11/2015 - 07:29:12: [pugsetup.smx] Missing map file: addons/sourcemod/configs/pugsetup/aim_maps.txt
L 12/11/2015 - 07:29:19: [SM] Native "SDKHook" reported: Entity 2 is invalid
L 12/11/2015 - 07:29:19: [SM] Displaying call stack trace for plugin "ckSurf.smx":
L 12/11/2015 - 07:29:19: [SM]   [0]  Line 252, ckSurf/replay.sp::PlayRecord()
L 12/11/2015 - 07:29:19: [SM]   [1]  Line 379, ckSurf/replay.sp::LoadRecordReplay()
L 12/11/2015 - 07:29:19: [SM]   [2]  Line 346, ckSurf/replay.sp::RefreshBot()
L 12/11/2015 - 07:29:27: Error log file session closed.
L 12/11/2015 - 07:29:27: SourceMod error session started
L 12/11/2015 - 07:29:27: Info (map "surf_how2surf") (file "errors_20151211.log")
L 12/11/2015 - 07:29:27: [SM] Plugin encountered error 25: Call was aborted
L 12/11/2015 - 07:29:27: [SM] Native "SetFailState" reported: [KZTimer] Unable to connect to database (Configuration "kztimer" not found)
L 12/11/2015 - 07:29:27: [SM] Displaying call stack trace for plugin "KZTimer.smx":
L 12/11/2015 - 07:29:27: [SM]   [0]  Line 331, kztimer/sql.sp::db_setupDatabase()
L 12/11/2015 - 07:29:27: [SM]   [1]  Line 1128, KZTimer.sp::OnPluginStart()
L 12/11/2015 - 07:29:27: [SM] Plugin encountered error 25: Call was aborted
L 12/11/2015 - 07:29:27: [SM] Native "SetFailState" reported: CFG File not found: addons/sourcemod/configs/csgo_wpaints.cfg
L 12/11/2015 - 07:29:27: [SM] Displaying call stack trace for plugin "franug_weaponpaints.smx":
L 12/11/2015 - 07:29:27: [SM]   [0]  Line 394, franug_weaponpaints.sp::ReadPaints()
L 12/11/2015 - 07:29:27: [SM]   [1]  Line 101, franug_weaponpaints.sp::OnPluginStart()
L 12/11/2015 - 07:29:28: Failed to auto generate config for pugsetup.smx, make sure the directory has write permission.
L 12/11/2015 - 07:29:28: [pugsetup.smx] Missing map file: addons/sourcemod/configs/pugsetup/maps.txt
L 12/11/2015 - 07:29:28: [pugsetup.smx] Missing map file: addons/sourcemod/configs/pugsetup/aim_maps.txt
L 12/11/2015 - 07:46:23: Error log file session closed.
L 12/11/2015 - 07:46:23: SourceMod error session started
L 12/11/2015 - 07:46:23: Info (map "surf_minuet_v1p") (file "errors_20151211.log")
L 12/11/2015 - 07:46:23: [SM] Plugin encountered error 25: Call was aborted
L 12/11/2015 - 07:46:23: [SM] Native "SetFailState" reported: [KZTimer] Unable to connect to database (Configuration "kztimer" not found)
L 12/11/2015 - 07:46:23: [SM] Displaying call stack trace for plugin "KZTimer.smx":
L 12/11/2015 - 07:46:23: [SM]   [0]  Line 331, kztimer/sql.sp::db_setupDatabase()
L 12/11/2015 - 07:46:23: [SM]   [1]  Line 1128, KZTimer.sp::OnPluginStart()
L 12/11/2015 - 07:46:23: [SM] Plugin encountered error 25: Call was aborted
L 12/11/2015 - 07:46:23: [SM] Native "SetFailState" reported: CFG File not found: addons/sourcemod/configs/csgo_wpaints.cfg
L 12/11/2015 - 07:46:23: [SM] Displaying call stack trace for plugin "franug_weaponpaints.smx":
L 12/11/2015 - 07:46:23: [SM]   [0]  Line 394, franug_weaponpaints.sp::ReadPaints()
L 12/11/2015 - 07:46:23: [SM]   [1]  Line 101, franug_weaponpaints.sp::OnPluginStart()
L 12/11/2015 - 07:46:24: Failed to auto generate config for pugsetup.smx, make sure the directory has write permission.
L 12/11/2015 - 07:46:24: [pugsetup.smx] Missing map file: addons/sourcemod/configs/pugsetup/maps.txt
L 12/11/2015 - 07:46:24: [pugsetup.smx] Missing map file: addons/sourcemod/configs/pugsetup/aim_maps.txt
L 12/11/2015 - 07:52:37: Error log file session closed.
L 12/11/2015 - 07:52:37: SourceMod error session started
L 12/11/2015 - 07:52:37: Info (map "surf_derpis_ksf") (file "errors_20151211.log")
L 12/11/2015 - 07:52:37: [SM] Plugin encountered error 25: Call was aborted
L 12/11/2015 - 07:52:37: [SM] Native "SetFailState" reported: [KZTimer] Unable to connect to database (Configuration "kztimer" not found)
L 12/11/2015 - 07:52:37: [SM] Displaying call stack trace for plugin "KZTimer.smx":
L 12/11/2015 - 07:52:37: [SM]   [0]  Line 331, kztimer/sql.sp::db_setupDatabase()
L 12/11/2015 - 07:52:37: [SM]   [1]  Line 1128, KZTimer.sp::OnPluginStart()
L 12/11/2015 - 07:52:37: [SM] Plugin encountered error 25: Call was aborted
L 12/11/2015 - 07:52:37: [SM] Native "SetFailState" reported: CFG File not found: addons/sourcemod/configs/csgo_wpaints.cfg
L 12/11/2015 - 07:52:37: [SM] Displaying call stack trace for plugin "franug_weaponpaints.smx":
L 12/11/2015 - 07:52:37: [SM]   [0]  Line 394, franug_weaponpaints.sp::ReadPaints()
L 12/11/2015 - 07:52:37: [SM]   [1]  Line 101, franug_weaponpaints.sp::OnPluginStart()
L 12/11/2015 - 07:52:38: Failed to auto generate config for pugsetup.smx, make sure the directory has write permission.
L 12/11/2015 - 07:52:38: [pugsetup.smx] Missing map file: addons/sourcemod/configs/pugsetup/maps.txt
L 12/11/2015 - 07:52:38: [pugsetup.smx] Missing map file: addons/sourcemod/configs/pugsetup/aim_maps.txt
L 12/11/2015 - 07:54:23: Error log file session closed.
L 12/11/2015 - 07:54:23: SourceMod error session started
L 12/11/2015 - 07:54:23: Info (map "surf_legends_lite_gfl") (file "errors_20151211.log")
L 12/11/2015 - 07:54:23: [SM] Plugin encountered error 25: Call was aborted
L 12/11/2015 - 07:54:23: [SM] Native "SetFailState" reported: [KZTimer] Unable to connect to database (Configuration "kztimer" not found)
L 12/11/2015 - 07:54:23: [SM] Displaying call stack trace for plugin "KZTimer.smx":
L 12/11/2015 - 07:54:23: [SM]   [0]  Line 331, kztimer/sql.sp::db_setupDatabase()
L 12/11/2015 - 07:54:23: [SM]   [1]  Line 1128, KZTimer.sp::OnPluginStart()
L 12/11/2015 - 07:54:23: [SM] Plugin encountered error 25: Call was aborted
L 12/11/2015 - 07:54:23: [SM] Native "SetFailState" reported: CFG File not found: addons/sourcemod/configs/csgo_wpaints.cfg
L 12/11/2015 - 07:54:23: [SM] Displaying call stack trace for plugin "franug_weaponpaints.smx":
L 12/11/2015 - 07:54:23: [SM]   [0]  Line 394, franug_weaponpaints.sp::ReadPaints()
L 12/11/2015 - 07:54:23: [SM]   [1]  Line 101, franug_weaponpaints.sp::OnPluginStart()
L 12/11/2015 - 07:54:24: Failed to auto generate config for pugsetup.smx, make sure the directory has write permission.
L 12/11/2015 - 07:54:24: [pugsetup.smx] Missing map file: addons/sourcemod/configs/pugsetup/maps.txt
L 12/11/2015 - 07:54:24: [pugsetup.smx] Missing map file: addons/sourcemod/configs/pugsetup/aim_maps.txt
L 12/11/2015 - 07:55:03: Error log file session closed.
L 12/11/2015 - 07:55:03: SourceMod error session started
L 12/11/2015 - 07:55:03: Info (map "surf_pox") (file "errors_20151211.log")
L 12/11/2015 - 07:55:03: [SM] Plugin encountered error 25: Call was aborted
L 12/11/2015 - 07:55:03: [SM] Native "SetFailState" reported: [KZTimer] Unable to connect to database (Configuration "kztimer" not found)
L 12/11/2015 - 07:55:03: [SM] Displaying call stack trace for plugin "KZTimer.smx":
L 12/11/2015 - 07:55:03: [SM]   [0]  Line 331, kztimer/sql.sp::db_setupDatabase()
L 12/11/2015 - 07:55:03: [SM]   [1]  Line 1128, KZTimer.sp::OnPluginStart()
L 12/11/2015 - 07:55:03: [SM] Plugin encountered error 25: Call was aborted
L 12/11/2015 - 07:55:03: [SM] Native "SetFailState" reported: CFG File not found: addons/sourcemod/configs/csgo_wpaints.cfg
L 12/11/2015 - 07:55:03: [SM] Displaying call stack trace for plugin "franug_weaponpaints.smx":
L 12/11/2015 - 07:55:03: [SM]   [0]  Line 394, franug_weaponpaints.sp::ReadPaints()
L 12/11/2015 - 07:55:03: [SM]   [1]  Line 101, franug_weaponpaints.sp::OnPluginStart()
L 12/11/2015 - 07:55:16: SourceMod error session started
L 12/11/2015 - 07:55:16: Info (map "surf_beginner_ug") (file "errors_20151211.log")
L 12/11/2015 - 07:55:16: [SM] Plugin encountered error 25: Call was aborted
L 12/11/2015 - 07:55:16: [SM] Native "SetFailState" reported: [KZTimer] Unable to connect to database (Configuration "kztimer" not found)
L 12/11/2015 - 07:55:16: [SM] Displaying call stack trace for plugin "KZTimer.smx":
L 12/11/2015 - 07:55:16: [SM]   [0]  Line 331, kztimer/sql.sp::db_setupDatabase()
L 12/11/2015 - 07:55:16: [SM]   [1]  Line 1128, KZTimer.sp::OnPluginStart()
L 12/11/2015 - 07:55:16: [SM] Plugin encountered error 25: Call was aborted
L 12/11/2015 - 07:55:16: [SM] Native "SetFailState" reported: CFG File not found: addons/sourcemod/configs/csgo_wpaints.cfg
L 12/11/2015 - 07:55:16: [SM] Displaying call stack trace for plugin "franug_weaponpaints.smx":
L 12/11/2015 - 07:55:16: [SM]   [0]  Line 394, franug_weaponpaints.sp::ReadPaints()
L 12/11/2015 - 07:55:16: [SM]   [1]  Line 101, franug_weaponpaints.sp::OnPluginStart()
L 12/11/2015 - 07:55:17: Failed to auto generate config for pugsetup.smx, make sure the directory has write permission.
L 12/11/2015 - 07:55:52: SourceMod error session started
L 12/11/2015 - 07:55:52: Info (map "surf_beginner_ug") (file "errors_20151211.log")
L 12/11/2015 - 07:55:52: [SM] Plugin encountered error 25: Call was aborted
L 12/11/2015 - 07:55:52: [SM] Native "SetFailState" reported: [KZTimer] Unable to connect to database (Configuration "kztimer" not found)
L 12/11/2015 - 07:55:52: [SM] Displaying call stack trace for plugin "KZTimer.smx":
L 12/11/2015 - 07:55:52: [SM]   [0]  Line 331, kztimer/sql.sp::db_setupDatabase()
L 12/11/2015 - 07:55:52: [SM]   [1]  Line 1128, KZTimer.sp::OnPluginStart()
L 12/11/2015 - 07:55:52: [SM] Plugin encountered error 25: Call was aborted
L 12/11/2015 - 07:55:52: [SM] Native "SetFailState" reported: CFG File not found: addons/sourcemod/configs/csgo_wpaints.cfg
L 12/11/2015 - 07:55:52: [SM] Displaying call stack trace for plugin "franug_weaponpaints.smx":
L 12/11/2015 - 07:55:52: [SM]   [0]  Line 394, franug_weaponpaints.sp::ReadPaints()
L 12/11/2015 - 07:55:52: [SM]   [1]  Line 101, franug_weaponpaints.sp::OnPluginStart()
L 12/11/2015 - 07:55:52: Failed to auto generate config for pugsetup.smx, make sure the directory has write permission.
L 12/11/2015 - 07:56:37: Error log file session closed.
L 12/11/2015 - 07:56:37: SourceMod error session started
L 12/11/2015 - 07:56:37: Info (map "surf_beginner_ug") (file "errors_20151211.log")
L 12/11/2015 - 07:56:37: [SM] Plugin encountered error 25: Call was aborted
L 12/11/2015 - 07:56:37: [SM] Native "SetFailState" reported: [KZTimer] Unable to connect to database (Configuration "kztimer" not found)
L 12/11/2015 - 07:56:37: [SM] Displaying call stack trace for plugin "KZTimer.smx":
L 12/11/2015 - 07:56:37: [SM]   [0]  Line 331, kztimer/sql.sp::db_setupDatabase()
L 12/11/2015 - 07:56:37: [SM]   [1]  Line 1128, KZTimer.sp::OnPluginStart()
L 12/11/2015 - 07:56:37: [SM] Plugin encountered error 25: Call was aborted
L 12/11/2015 - 07:56:37: [SM] Native "SetFailState" reported: CFG File not found: addons/sourcemod/configs/csgo_wpaints.cfg
L 12/11/2015 - 07:56:37: [SM] Displaying call stack trace for plugin "franug_weaponpaints.smx":
L 12/11/2015 - 07:56:37: [SM]   [0]  Line 394, franug_weaponpaints.sp::ReadPaints()
L 12/11/2015 - 07:56:37: [SM]   [1]  Line 101, franug_weaponpaints.sp::OnPluginStart()
L 12/11/2015 - 07:56:37: [pugsetup.smx] Missing map file: addons/sourcemod/configs/pugsetup/maps.txt
L 12/11/2015 - 07:56:37: [pugsetup.smx] Missing map file: addons/sourcemod/configs/pugsetup/aim_maps.txt
L 12/11/2015 - 07:56:38: Failed to auto generate config for pugsetup.smx, make sure the directory has write permission.
L 12/11/2015 - 07:57:07: [SM] Native "SDKHook" reported: Entity 2 is invalid
L 12/11/2015 - 07:57:07: [SM] Displaying call stack trace for plugin "ckSurf.smx":
L 12/11/2015 - 07:57:07: [SM]   [0]  Line 252, ckSurf/replay.sp::PlayRecord()
L 12/11/2015 - 07:57:07: [SM]   [1]  Line 379, ckSurf/replay.sp::LoadRecordReplay()
L 12/11/2015 - 07:57:07: [SM]   [2]  Line 346, ckSurf/replay.sp::RefreshBot()
L 12/11/2015 - 07:57:18: Error log file session closed.
L 12/11/2015 - 07:57:18: SourceMod error session started
L 12/11/2015 - 07:57:18: Info (map "surf_prelude_ksf") (file "errors_20151211.log")
L 12/11/2015 - 07:57:18: [SM] Plugin encountered error 25: Call was aborted
L 12/11/2015 - 07:57:18: [SM] Native "SetFailState" reported: [KZTimer] Unable to connect to database (Configuration "kztimer" not found)
L 12/11/2015 - 07:57:18: [SM] Displaying call stack trace for plugin "KZTimer.smx":
L 12/11/2015 - 07:57:18: [SM]   [0]  Line 331, kztimer/sql.sp::db_setupDatabase()
L 12/11/2015 - 07:57:18: [SM]   [1]  Line 1128, KZTimer.sp::OnPluginStart()
L 12/11/2015 - 07:57:18: [SM] Plugin encountered error 25: Call was aborted
L 12/11/2015 - 07:57:18: [SM] Native "SetFailState" reported: CFG File not found: addons/sourcemod/configs/csgo_wpaints.cfg
L 12/11/2015 - 07:57:18: [SM] Displaying call stack trace for plugin "franug_weaponpaints.smx":
L 12/11/2015 - 07:57:18: [SM]   [0]  Line 394, franug_weaponpaints.sp::ReadPaints()
L 12/11/2015 - 07:57:18: [SM]   [1]  Line 101, franug_weaponpaints.sp::OnPluginStart()
L 12/11/2015 - 07:57:18: Failed to auto generate config for pugsetup.smx, make sure the directory has write permission.
L 12/11/2015 - 07:57:18: [pugsetup.smx] Missing map file: addons/sourcemod/configs/pugsetup/maps.txt
L 12/11/2015 - 07:57:18: [pugsetup.smx] Missing map file: addons/sourcemod/configs/pugsetup/aim_maps.txt
L 12/11/2015 - 07:57:24: [SM] Native "SDKHook" reported: Entity 2 is invalid
L 12/11/2015 - 07:57:24: [SM] Displaying call stack trace for plugin "ckSurf.smx":
L 12/11/2015 - 07:57:24: [SM]   [0]  Line 252, ckSurf/replay.sp::PlayRecord()
L 12/11/2015 - 07:57:24: [SM]   [1]  Line 379, ckSurf/replay.sp::LoadRecordReplay()
L 12/11/2015 - 07:57:24: [SM]   [2]  Line 346, ckSurf/replay.sp::RefreshBot()
L 12/11/2015 - 07:57:32: Error log file session closed.
L 12/11/2015 - 07:57:32: SourceMod error session started
L 12/11/2015 - 07:57:32: Info (map "surf_leet_xl_beta7z_") (file "errors_20151211.log")
L 12/11/2015 - 07:57:32: [SM] Plugin encountered error 25: Call was aborted
L 12/11/2015 - 07:57:32: [SM] Native "SetFailState" reported: [KZTimer] Unable to connect to database (Configuration "kztimer" not found)
L 12/11/2015 - 07:57:32: [SM] Displaying call stack trace for plugin "KZTimer.smx":
L 12/11/2015 - 07:57:32: [SM]   [0]  Line 331, kztimer/sql.sp::db_setupDatabase()
L 12/11/2015 - 07:57:32: [SM]   [1]  Line 1128, KZTimer.sp::OnPluginStart()
L 12/11/2015 - 07:57:32: [SM] Plugin encountered error 25: Call was aborted
L 12/11/2015 - 07:57:32: [SM] Native "SetFailState" reported: CFG File not found: addons/sourcemod/configs/csgo_wpaints.cfg
L 12/11/2015 - 07:57:32: [SM] Displaying call stack trace for plugin "franug_weaponpaints.smx":
L 12/11/2015 - 07:57:32: [SM]   [0]  Line 394, franug_weaponpaints.sp::ReadPaints()
L 12/11/2015 - 07:57:32: [SM]   [1]  Line 101, franug_weaponpaints.sp::OnPluginStart()
L 12/11/2015 - 07:57:33: Failed to auto generate config for pugsetup.smx, make sure the directory has write permission.
L 12/11/2015 - 07:57:33: [pugsetup.smx] Missing map file: addons/sourcemod/configs/pugsetup/maps.txt
L 12/11/2015 - 07:57:33: [pugsetup.smx] Missing map file: addons/sourcemod/configs/pugsetup/aim_maps.txt
L 12/11/2015 - 07:58:25: Error log file session closed.
L 12/11/2015 - 07:58:25: SourceMod error session started
L 12/11/2015 - 07:58:25: Info (map "surf_water-run_banjo_skill") (file "errors_20151211.log")
L 12/11/2015 - 07:58:25: [SM] Plugin encountered error 25: Call was aborted
L 12/11/2015 - 07:58:25: [SM] Native "SetFailState" reported: [KZTimer] Unable to connect to database (Configuration "kztimer" not found)
L 12/11/2015 - 07:58:25: [SM] Displaying call stack trace for plugin "KZTimer.smx":
L 12/11/2015 - 07:58:25: [SM]   [0]  Line 331, kztimer/sql.sp::db_setupDatabase()
L 12/11/2015 - 07:58:25: [SM]   [1]  Line 1128, KZTimer.sp::OnPluginStart()
L 12/11/2015 - 07:58:25: [SM] Plugin encountered error 25: Call was aborted
L 12/11/2015 - 07:58:25: [SM] Native "SetFailState" reported: CFG File not found: addons/sourcemod/configs/csgo_wpaints.cfg
L 12/11/2015 - 07:58:25: [SM] Displaying call stack trace for plugin "franug_weaponpaints.smx":
L 12/11/2015 - 07:58:25: [SM]   [0]  Line 394, franug_weaponpaints.sp::ReadPaints()
L 12/11/2015 - 07:58:25: [SM]   [1]  Line 101, franug_weaponpaints.sp::OnPluginStart()
L 12/11/2015 - 07:58:25: Failed to auto generate config for pugsetup.smx, make sure the directory has write permission.
L 12/11/2015 - 07:58:25: [pugsetup.smx] Missing map file: addons/sourcemod/configs/pugsetup/maps.txt
L 12/11/2015 - 07:58:25: [pugsetup.smx] Missing map file: addons/sourcemod/configs/pugsetup/aim_maps.txt
L 12/11/2015 - 07:59:26: Error log file session closed.
L 12/11/2015 - 07:59:26: SourceMod error session started
L 12/11/2015 - 07:59:26: Info (map "surf_lullaby_ksf") (file "errors_20151211.log")
L 12/11/2015 - 07:59:26: [SM] Plugin encountered error 25: Call was aborted
L 12/11/2015 - 07:59:26: [SM] Native "SetFailState" reported: [KZTimer] Unable to connect to database (Configuration "kztimer" not found)
L 12/11/2015 - 07:59:26: [SM] Displaying call stack trace for plugin "KZTimer.smx":
L 12/11/2015 - 07:59:26: [SM]   [0]  Line 331, kztimer/sql.sp::db_setupDatabase()
L 12/11/2015 - 07:59:26: [SM]   [1]  Line 1128, KZTimer.sp::OnPluginStart()
L 12/11/2015 - 07:59:26: [SM] Plugin encountered error 25: Call was aborted
L 12/11/2015 - 07:59:26: [SM] Native "SetFailState" reported: CFG File not found: addons/sourcemod/configs/csgo_wpaints.cfg
L 12/11/2015 - 07:59:26: [SM] Displaying call stack trace for plugin "franug_weaponpaints.smx":
L 12/11/2015 - 07:59:26: [SM]   [0]  Line 394, franug_weaponpaints.sp::ReadPaints()
L 12/11/2015 - 07:59:26: [SM]   [1]  Line 101, franug_weaponpaints.sp::OnPluginStart()
L 12/11/2015 - 07:59:26: Failed to auto generate config for pugsetup.smx, make sure the directory has write permission.
L 12/11/2015 - 07:59:26: [pugsetup.smx] Missing map file: addons/sourcemod/configs/pugsetup/maps.txt
L 12/11/2015 - 07:59:26: [pugsetup.smx] Missing map file: addons/sourcemod/configs/pugsetup/aim_maps.txt
L 12/11/2015 - 08:00:03: Error log file session closed.
L 12/11/2015 - 08:00:03: SourceMod error session started
L 12/11/2015 - 08:00:03: Info (map "surf_prime_time_r3vamp") (file "errors_20151211.log")
L 12/11/2015 - 08:00:03: [SM] Plugin encountered error 25: Call was aborted
L 12/11/2015 - 08:00:03: [SM] Native "SetFailState" reported: [KZTimer] Unable to connect to database (Configuration "kztimer" not found)
L 12/11/2015 - 08:00:03: [SM] Displaying call stack trace for plugin "KZTimer.smx":
L 12/11/2015 - 08:00:03: [SM]   [0]  Line 331, kztimer/sql.sp::db_setupDatabase()
L 12/11/2015 - 08:00:03: [SM]   [1]  Line 1128, KZTimer.sp::OnPluginStart()
L 12/11/2015 - 08:00:03: [SM] Plugin encountered error 25: Call was aborted
L 12/11/2015 - 08:00:03: [SM] Native "SetFailState" reported: CFG File not found: addons/sourcemod/configs/csgo_wpaints.cfg
L 12/11/2015 - 08:00:03: [SM] Displaying call stack trace for plugin "franug_weaponpaints.smx":
L 12/11/2015 - 08:00:03: [SM]   [0]  Line 394, franug_weaponpaints.sp::ReadPaints()
L 12/11/2015 - 08:00:03: [SM]   [1]  Line 101, franug_weaponpaints.sp::OnPluginStart()
L 12/11/2015 - 08:00:17: SourceMod error session started
L 12/11/2015 - 08:00:17: Info (map "surf_beginner_ug") (file "errors_20151211.log")
L 12/11/2015 - 08:00:17: [SM] Plugin encountered error 25: Call was aborted
L 12/11/2015 - 08:00:17: [SM] Native "SetFailState" reported: [KZTimer] Unable to connect to database (Configuration "kztimer" not found)
L 12/11/2015 - 08:00:17: [SM] Displaying call stack trace for plugin "KZTimer.smx":
L 12/11/2015 - 08:00:17: [SM]   [0]  Line 331, kztimer/sql.sp::db_setupDatabase()
L 12/11/2015 - 08:00:17: [SM]   [1]  Line 1128, KZTimer.sp::OnPluginStart()
L 12/11/2015 - 08:00:17: [SM] Plugin encountered error 25: Call was aborted
L 12/11/2015 - 08:00:17: [SM] Native "SetFailState" reported: CFG File not found: addons/sourcemod/configs/csgo_wpaints.cfg
L 12/11/2015 - 08:00:17: [SM] Displaying call stack trace for plugin "franug_weaponpaints.smx":
L 12/11/2015 - 08:00:17: [SM]   [0]  Line 394, franug_weaponpaints.sp::ReadPaints()
L 12/11/2015 - 08:00:17: [SM]   [1]  Line 101, franug_weaponpaints.sp::OnPluginStart()
L 12/11/2015 - 08:00:17: Failed to auto generate config for pugsetup.smx, make sure the directory has write permission.
L 12/11/2015 - 08:00:55: SourceMod error session started
L 12/11/2015 - 08:00:55: Info (map "surf_beginner_ug") (file "errors_20151211.log")
L 12/11/2015 - 08:00:55: [SM] Plugin encountered error 25: Call was aborted
L 12/11/2015 - 08:00:55: [SM] Native "SetFailState" reported: [KZTimer] Unable to connect to database (Configuration "kztimer" not found)
L 12/11/2015 - 08:00:55: [SM] Displaying call stack trace for plugin "KZTimer.smx":
L 12/11/2015 - 08:00:55: [SM]   [0]  Line 331, kztimer/sql.sp::db_setupDatabase()
L 12/11/2015 - 08:00:55: [SM]   [1]  Line 1128, KZTimer.sp::OnPluginStart()
L 12/11/2015 - 08:00:55: [SM] Plugin encountered error 25: Call was aborted
L 12/11/2015 - 08:00:55: [SM] Native "SetFailState" reported: CFG File not found: addons/sourcemod/configs/csgo_wpaints.cfg
L 12/11/2015 - 08:00:55: [SM] Displaying call stack trace for plugin "franug_weaponpaints.smx":
L 12/11/2015 - 08:00:55: [SM]   [0]  Line 394, franug_weaponpaints.sp::ReadPaints()
L 12/11/2015 - 08:00:55: [SM]   [1]  Line 101, franug_weaponpaints.sp::OnPluginStart()
L 12/11/2015 - 08:00:56: Failed to auto generate config for pugsetup.smx, make sure the directory has write permission.
L 12/11/2015 - 08:01:29: Error log file session closed.
L 12/11/2015 - 08:01:29: SourceMod error session started
L 12/11/2015 - 08:01:29: Info (map "surf_beginner_ug") (file "errors_20151211.log")
L 12/11/2015 - 08:01:29: [SM] Plugin encountered error 25: Call was aborted
L 12/11/2015 - 08:01:29: [SM] Native "SetFailState" reported: [KZTimer] Unable to connect to database (Configuration "kztimer" not found)
L 12/11/2015 - 08:01:29: [SM] Displaying call stack trace for plugin "KZTimer.smx":
L 12/11/2015 - 08:01:29: [SM]   [0]  Line 331, kztimer/sql.sp::db_setupDatabase()
L 12/11/2015 - 08:01:29: [SM]   [1]  Line 1128, KZTimer.sp::OnPluginStart()
L 12/11/2015 - 08:01:29: [SM] Plugin encountered error 25: Call was aborted
L 12/11/2015 - 08:01:29: [SM] Native "SetFailState" reported: CFG File not found: addons/sourcemod/configs/csgo_wpaints.cfg
L 12/11/2015 - 08:01:29: [SM] Displaying call stack trace for plugin "franug_weaponpaints.smx":
L 12/11/2015 - 08:01:29: [SM]   [0]  Line 394, franug_weaponpaints.sp::ReadPaints()
L 12/11/2015 - 08:01:29: [SM]   [1]  Line 101, franug_weaponpaints.sp::OnPluginStart()
L 12/11/2015 - 08:01:29: Failed to auto generate config for pugsetup.smx, make sure the directory has write permission.
L 12/11/2015 - 08:01:36: [pugsetup.smx] Missing map file: addons/sourcemod/configs/pugsetup/maps.txt
L 12/11/2015 - 08:01:36: [pugsetup.smx] Missing map file: addons/sourcemod/configs/pugsetup/aim_maps.txt
L 12/11/2015 - 08:01:44: [SM] Native "SDKHook" reported: Entity 2 is invalid
L 12/11/2015 - 08:01:44: [SM] Displaying call stack trace for plugin "ckSurf.smx":
L 12/11/2015 - 08:01:44: [SM]   [0]  Line 252, ckSurf/replay.sp::PlayRecord()
L 12/11/2015 - 08:01:44: [SM]   [1]  Line 379, ckSurf/replay.sp::LoadRecordReplay()
L 12/11/2015 - 08:01:44: [SM]   [2]  Line 346, ckSurf/replay.sp::RefreshBot()
L 12/11/2015 - 08:02:13: Error log file session closed.
L 12/11/2015 - 08:02:13: SourceMod error session started
L 12/11/2015 - 08:02:13: Info (map "surf_aircontrol_ksf") (file "errors_20151211.log")
L 12/11/2015 - 08:02:13: [SM] Plugin encountered error 25: Call was aborted
L 12/11/2015 - 08:02:13: [SM] Native "SetFailState" reported: [KZTimer] Unable to connect to database (Configuration "kztimer" not found)
L 12/11/2015 - 08:02:13: [SM] Displaying call stack trace for plugin "KZTimer.smx":
L 12/11/2015 - 08:02:13: [SM]   [0]  Line 331, kztimer/sql.sp::db_setupDatabase()
L 12/11/2015 - 08:02:13: [SM]   [1]  Line 1128, KZTimer.sp::OnPluginStart()
L 12/11/2015 - 08:02:13: [SM] Plugin encountered error 25: Call was aborted
L 12/11/2015 - 08:02:13: [SM] Native "SetFailState" reported: CFG File not found: addons/sourcemod/configs/csgo_wpaints.cfg
L 12/11/2015 - 08:02:13: [SM] Displaying call stack trace for plugin "franug_weaponpaints.smx":
L 12/11/2015 - 08:02:13: [SM]   [0]  Line 394, franug_weaponpaints.sp::ReadPaints()
L 12/11/2015 - 08:02:13: [SM]   [1]  Line 101, franug_weaponpaints.sp::OnPluginStart()
L 12/11/2015 - 08:02:13: Failed to auto generate config for pugsetup.smx, make sure the directory has write permission.
L 12/11/2015 - 08:02:13: [pugsetup.smx] Missing map file: addons/sourcemod/configs/pugsetup/maps.txt
L 12/11/2015 - 08:02:13: [pugsetup.smx] Missing map file: addons/sourcemod/configs/pugsetup/aim_maps.txt
L 12/11/2015 - 08:02:19: [SM] Native "SDKHook" reported: Entity 2 is invalid
L 12/11/2015 - 08:02:19: [SM] Displaying call stack trace for plugin "ckSurf.smx":
L 12/11/2015 - 08:02:19: [SM]   [0]  Line 252, ckSurf/replay.sp::PlayRecord()
L 12/11/2015 - 08:02:19: [SM]   [1]  Line 379, ckSurf/replay.sp::LoadRecordReplay()
L 12/11/2015 - 08:02:19: [SM]   [2]  Line 346, ckSurf/replay.sp::RefreshBot()
L 12/11/2015 - 10:28:16: Error log file session closed.
L 12/11/2015 - 10:28:16: SourceMod error session started
L 12/11/2015 - 10:28:16: Info (map "surf_aircontrol_ksf") (file "errors_20151211.log")
L 12/11/2015 - 10:28:16: [SM] Plugin encountered error 25: Call was aborted
L 12/11/2015 - 10:28:16: [SM] Native "SetFailState" reported: [KZTimer] Unable to connect to database (Configuration "kztimer" not found)
L 12/11/2015 - 10:28:16: [SM] Displaying call stack trace for plugin "KZTimer.smx":
L 12/11/2015 - 10:28:16: [SM]   [0]  Line 331, kztimer/sql.sp::db_setupDatabase()
L 12/11/2015 - 10:28:16: [SM]   [1]  Line 1128, KZTimer.sp::OnPluginStart()
L 12/11/2015 - 10:28:16: [SM] Plugin encountered error 25: Call was aborted
L 12/11/2015 - 10:28:16: [SM] Native "SetFailState" reported: CFG File not found: addons/sourcemod/configs/csgo_wpaints.cfg
L 12/11/2015 - 10:28:16: [SM] Displaying call stack trace for plugin "franug_weaponpaints.smx":
L 12/11/2015 - 10:28:16: [SM]   [0]  Line 394, franug_weaponpaints.sp::ReadPaints()
L 12/11/2015 - 10:28:16: [SM]   [1]  Line 101, franug_weaponpaints.sp::OnPluginStart()
L 12/11/2015 - 10:28:17: Failed to auto generate config for pugsetup.smx, make sure the directory has write permission.
L 12/11/2015 - 10:28:17: [pugsetup.smx] Missing map file: addons/sourcemod/configs/pugsetup/maps.txt
L 12/11/2015 - 10:28:17: [pugsetup.smx] Missing map file: addons/sourcemod/configs/pugsetup/aim_maps.txt
L 12/11/2015 - 21:06:22: Error log file session closed.
L 12/11/2015 - 21:06:22: SourceMod error session started
L 12/11/2015 - 21:06:22: Info (map "surf_aircontrol_ksf") (file "errors_20151211.log")
L 12/11/2015 - 21:06:22: [SM] Plugin encountered error 25: Call was aborted
L 12/11/2015 - 21:06:22: [SM] Native "SetFailState" reported: [KZTimer] Unable to connect to database (Configuration "kztimer" not found)
L 12/11/2015 - 21:06:22: [SM] Displaying call stack trace for plugin "KZTimer.smx":
L 12/11/2015 - 21:06:22: [SM]   [0]  Line 331, kztimer/sql.sp::db_setupDatabase()
L 12/11/2015 - 21:06:22: [SM]   [1]  Line 1128, KZTimer.sp::OnPluginStart()
L 12/11/2015 - 21:06:22: [SM] Plugin encountered error 25: Call was aborted
L 12/11/2015 - 21:06:22: [SM] Native "SetFailState" reported: CFG File not found: addons/sourcemod/configs/csgo_wpaints.cfg
L 12/11/2015 - 21:06:22: [SM] Displaying call stack trace for plugin "franug_weaponpaints.smx":
L 12/11/2015 - 21:06:22: [SM]   [0]  Line 394, franug_weaponpaints.sp::ReadPaints()
L 12/11/2015 - 21:06:22: [SM]   [1]  Line 101, franug_weaponpaints.sp::OnPluginStart()
L 12/11/2015 - 21:06:23: Failed to auto generate config for pugsetup.smx, make sure the directory has write permission.
L 12/11/2015 - 21:06:23: [pugsetup.smx] Missing map file: addons/sourcemod/configs/pugsetup/maps.txt
L 12/11/2015 - 21:06:23: [pugsetup.smx] Missing map file: addons/sourcemod/configs/pugsetup/aim_maps.txt
L 12/11/2015 - 21:06:37: [SM] Native "SDKHook" reported: Entity 2 is invalid
L 12/11/2015 - 21:06:37: [SM] Displaying call stack trace for plugin "ckSurf.smx":
L 12/11/2015 - 21:06:37: [SM]   [0]  Line 252, ckSurf/replay.sp::PlayRecord()
L 12/11/2015 - 21:06:37: [SM]   [1]  Line 379, ckSurf/replay.sp::LoadRecordReplay()
L 12/11/2015 - 21:06:37: [SM]   [2]  Line 346, ckSurf/replay.sp::RefreshBot()
L 12/11/2015 - 21:06:37: [SM] Native "SDKHook" reported: Entity 3 is invalid
L 12/11/2015 - 21:06:37: [SM] Displaying call stack trace for plugin "ckSurf.smx":
L 12/11/2015 - 21:06:37: [SM]   [0]  Line 252, ckSurf/replay.sp::PlayRecord()
L 12/11/2015 - 21:06:37: [SM]   [1]  Line 379, ckSurf/replay.sp::LoadRecordReplay()
L 12/11/2015 - 21:06:37: [SM]   [2]  Line 346, ckSurf/replay.sp::RefreshBot()
L 12/11/2015 - 21:06:38: [SM] Native "SDKHook" reported: Entity 4 is invalid
L 12/11/2015 - 21:06:38: [SM] Displaying call stack trace for plugin "ckSurf.smx":
L 12/11/2015 - 21:06:38: [SM]   [0]  Line 252, ckSurf/replay.sp::PlayRecord()
L 12/11/2015 - 21:06:38: [SM]   [1]  Line 379, ckSurf/replay.sp::LoadRecordReplay()
L 12/11/2015 - 21:06:38: [SM]   [2]  Line 346, ckSurf/replay.sp::RefreshBot()
L 12/11/2015 - 21:06:39: [SM] Native "SDKHook" reported: Entity 5 is invalid
L 12/11/2015 - 21:06:39: [SM] Displaying call stack trace for plugin "ckSurf.smx":
L 12/11/2015 - 21:06:39: [SM]   [0]  Line 252, ckSurf/replay.sp::PlayRecord()
L 12/11/2015 - 21:06:39: [SM]   [1]  Line 379, ckSurf/replay.sp::LoadRecordReplay()
L 12/11/2015 - 21:06:39: [SM]   [2]  Line 346, ckSurf/replay.sp::RefreshBot()
L 12/11/2015 - 21:08:19: Error log file session closed.
L 12/11/2015 - 21:08:19: SourceMod error session started
L 12/11/2015 - 21:08:19: Info (map "surf_fruits") (file "errors_20151211.log")
L 12/11/2015 - 21:08:19: [SM] Plugin encountered error 25: Call was aborted
L 12/11/2015 - 21:08:19: [SM] Native "SetFailState" reported: [KZTimer] Unable to connect to database (Configuration "kztimer" not found)
L 12/11/2015 - 21:08:19: [SM] Displaying call stack trace for plugin "KZTimer.smx":
L 12/11/2015 - 21:08:19: [SM]   [0]  Line 331, kztimer/sql.sp::db_setupDatabase()
L 12/11/2015 - 21:08:19: [SM]   [1]  Line 1128, KZTimer.sp::OnPluginStart()
L 12/11/2015 - 21:08:19: [SM] Plugin encountered error 25: Call was aborted
L 12/11/2015 - 21:08:19: [SM] Native "SetFailState" reported: CFG File not found: addons/sourcemod/configs/csgo_wpaints.cfg
L 12/11/2015 - 21:08:19: [SM] Displaying call stack trace for plugin "franug_weaponpaints.smx":
L 12/11/2015 - 21:08:19: [SM]   [0]  Line 394, franug_weaponpaints.sp::ReadPaints()
L 12/11/2015 - 21:08:19: [SM]   [1]  Line 101, franug_weaponpaints.sp::OnPluginStart()
L 12/11/2015 - 21:08:20: Failed to auto generate config for pugsetup.smx, make sure the directory has write permission.
L 12/11/2015 - 21:08:20: [pugsetup.smx] Missing map file: addons/sourcemod/configs/pugsetup/maps.txt
L 12/11/2015 - 21:08:20: [pugsetup.smx] Missing map file: addons/sourcemod/configs/pugsetup/aim_maps.txt
L 12/11/2015 - 21:08:31: [SM] Native "SDKHook" reported: Entity 2 is invalid
L 12/11/2015 - 21:08:31: [SM] Displaying call stack trace for plugin "ckSurf.smx":
L 12/11/2015 - 21:08:31: [SM]   [0]  Line 252, ckSurf/replay.sp::PlayRecord()
L 12/11/2015 - 21:08:31: [SM]   [1]  Line 379, ckSurf/replay.sp::LoadRecordReplay()
L 12/11/2015 - 21:08:31: [SM]   [2]  Line 346, ckSurf/replay.sp::RefreshBot()
L 12/11/2015 - 21:23:03: [SM] Native "SDKHook" reported: Entity 3 is invalid
L 12/11/2015 - 21:23:03: [SM] Displaying call stack trace for plugin "ckSurf.smx":
L 12/11/2015 - 21:23:03: [SM]   [0]  Line 252, ckSurf/replay.sp::PlayRecord()
L 12/11/2015 - 21:23:03: [SM]   [1]  Line 379, ckSurf/replay.sp::LoadRecordReplay()
L 12/11/2015 - 21:23:03: [SM]   [2]  Line 204, ckSurf/replay.sp::LoadReplays()
L 12/11/2015 - 21:23:03: [SM]   [3]  Line 165, ckSurf/replay.sp::WriteRecordToDisk()
L 12/11/2015 - 21:23:03: [SM]   [4]  Line 111, ckSurf/replay.sp::SaveRecording()
L 12/11/2015 - 21:23:03: [SM]   [5]  Line 335, ckSurf/timer.sp::ReplayTimer()
L 12/11/2015 - 21:36:04: Error log file session closed.
L 12/11/2015 - 21:36:04: SourceMod error session started
L 12/11/2015 - 21:36:04: Info (map "surf_fruits") (file "errors_20151211.log")
L 12/11/2015 - 21:36:04: [SM] Plugin encountered error 25: Call was aborted
L 12/11/2015 - 21:36:04: [SM] Native "SetFailState" reported: [KZTimer] Unable to connect to database (Configuration "kztimer" not found)
L 12/11/2015 - 21:36:04: [SM] Displaying call stack trace for plugin "KZTimer.smx":
L 12/11/2015 - 21:36:04: [SM]   [0]  Line 331, kztimer/sql.sp::db_setupDatabase()
L 12/11/2015 - 21:36:04: [SM]   [1]  Line 1128, KZTimer.sp::OnPluginStart()
L 12/11/2015 - 21:36:04: [SM] Plugin encountered error 25: Call was aborted
L 12/11/2015 - 21:36:04: [SM] Native "SetFailState" reported: CFG File not found: addons/sourcemod/configs/csgo_wpaints.cfg
L 12/11/2015 - 21:36:04: [SM] Displaying call stack trace for plugin "franug_weaponpaints.smx":
L 12/11/2015 - 21:36:04: [SM]   [0]  Line 394, franug_weaponpaints.sp::ReadPaints()
L 12/11/2015 - 21:36:04: [SM]   [1]  Line 101, franug_weaponpaints.sp::OnPluginStart()
L 12/11/2015 - 21:36:04: Failed to auto generate config for pugsetup.smx, make sure the directory has write permission.
L 12/11/2015 - 21:36:04: [pugsetup.smx] Missing map file: addons/sourcemod/configs/pugsetup/maps.txt
L 12/11/2015 - 21:36:04: [pugsetup.smx] Missing map file: addons/sourcemod/configs/pugsetup/aim_maps.txt
L 12/11/2015 - 21:36:16: [SM] Native "SDKHook" reported: Entity 2 is invalid
L 12/11/2015 - 21:36:16: [SM] Displaying call stack trace for plugin "ckSurf.smx":
L 12/11/2015 - 21:36:16: [SM]   [0]  Line 252, ckSurf/replay.sp::PlayRecord()
L 12/11/2015 - 21:36:16: [SM]   [1]  Line 379, ckSurf/replay.sp::LoadRecordReplay()
L 12/11/2015 - 21:36:16: [SM]   [2]  Line 346, ckSurf/replay.sp::RefreshBot()
L 12/11/2015 - 21:40:51: [SM] Native "SDKHook" reported: Entity 3 is invalid
L 12/11/2015 - 21:40:51: [SM] Displaying call stack trace for plugin "ckSurf.smx":
L 12/11/2015 - 21:40:51: [SM]   [0]  Line 252, ckSurf/replay.sp::PlayRecord()
L 12/11/2015 - 21:40:51: [SM]   [1]  Line 379, ckSurf/replay.sp::LoadRecordReplay()
L 12/11/2015 - 21:40:51: [SM]   [2]  Line 204, ckSurf/replay.sp::LoadReplays()
L 12/11/2015 - 21:40:51: [SM]   [3]  Line 165, ckSurf/replay.sp::WriteRecordToDisk()
L 12/11/2015 - 21:40:51: [SM]   [4]  Line 111, ckSurf/replay.sp::SaveRecording()
L 12/11/2015 - 21:40:51: [SM]   [5]  Line 335, ckSurf/timer.sp::ReplayTimer()
L 12/11/2015 - 22:17:41: Error log file session closed.
L 12/11/2015 - 22:17:41: SourceMod error session started
L 12/11/2015 - 22:17:41: Info (map "surf_fruits") (file "errors_20151211.log")
L 12/11/2015 - 22:17:41: [SM] Plugin encountered error 25: Call was aborted
L 12/11/2015 - 22:17:41: [SM] Native "SetFailState" reported: [KZTimer] Unable to connect to database (Configuration "kztimer" not found)
L 12/11/2015 - 22:17:41: [SM] Displaying call stack trace for plugin "KZTimer.smx":
L 12/11/2015 - 22:17:41: [SM]   [0]  Line 331, kztimer/sql.sp::db_setupDatabase()
L 12/11/2015 - 22:17:41: [SM]   [1]  Line 1128, KZTimer.sp::OnPluginStart()
L 12/11/2015 - 22:17:41: [SM] Plugin encountered error 25: Call was aborted
L 12/11/2015 - 22:17:41: [SM] Native "SetFailState" reported: CFG File not found: addons/sourcemod/configs/csgo_wpaints.cfg
L 12/11/2015 - 22:17:41: [SM] Displaying call stack trace for plugin "franug_weaponpaints.smx":
L 12/11/2015 - 22:17:41: [SM]   [0]  Line 394, franug_weaponpaints.sp::ReadPaints()
L 12/11/2015 - 22:17:41: [SM]   [1]  Line 101, franug_weaponpaints.sp::OnPluginStart()
L 12/11/2015 - 22:17:41: Failed to auto generate config for pugsetup.smx, make sure the directory has write permission.
L 12/11/2015 - 22:17:41: [pugsetup.smx] Missing map file: addons/sourcemod/configs/pugsetup/maps.txt
L 12/11/2015 - 22:17:41: [pugsetup.smx] Missing map file: addons/sourcemod/configs/pugsetup/aim_maps.txt
L 12/11/2015 - 22:18:12: [SM] Native "SDKHook" reported: Entity 2 is invalid
L 12/11/2015 - 22:18:12: [SM] Displaying call stack trace for plugin "ckSurf.smx":
L 12/11/2015 - 22:18:12: [SM]   [0]  Line 252, ckSurf/replay.sp::PlayRecord()
L 12/11/2015 - 22:18:12: [SM]   [1]  Line 379, ckSurf/replay.sp::LoadRecordReplay()
L 12/11/2015 - 22:18:12: [SM]   [2]  Line 346, ckSurf/replay.sp::RefreshBot()
L 12/11/2015 - 22:29:13: Error log file session closed.
L 12/11/2015 - 22:29:13: SourceMod error session started
L 12/11/2015 - 22:29:13: Info (map "surf_fruits") (file "errors_20151211.log")
L 12/11/2015 - 22:29:13: [SM] Plugin encountered error 25: Call was aborted
L 12/11/2015 - 22:29:13: [SM] Native "SetFailState" reported: [KZTimer] Unable to connect to database (Configuration "kztimer" not found)
L 12/11/2015 - 22:29:13: [SM] Displaying call stack trace for plugin "KZTimer.smx":
L 12/11/2015 - 22:29:13: [SM]   [0]  Line 331, kztimer/sql.sp::db_setupDatabase()
L 12/11/2015 - 22:29:13: [SM]   [1]  Line 1128, KZTimer.sp::OnPluginStart()
L 12/11/2015 - 22:29:13: [SM] Plugin encountered error 25: Call was aborted
L 12/11/2015 - 22:29:13: [SM] Native "SetFailState" reported: CFG File not found: addons/sourcemod/configs/csgo_wpaints.cfg
L 12/11/2015 - 22:29:13: [SM] Displaying call stack trace for plugin "franug_weaponpaints.smx":
L 12/11/2015 - 22:29:13: [SM]   [0]  Line 394, franug_weaponpaints.sp::ReadPaints()
L 12/11/2015 - 22:29:13: [SM]   [1]  Line 101, franug_weaponpaints.sp::OnPluginStart()
L 12/11/2015 - 22:29:14: Failed to auto generate config for pugsetup.smx, make sure the directory has write permission.
L 12/11/2015 - 22:29:14: [pugsetup.smx] Missing map file: addons/sourcemod/configs/pugsetup/maps.txt
L 12/11/2015 - 22:29:14: [pugsetup.smx] Missing map file: addons/sourcemod/configs/pugsetup/aim_maps.txt
L 12/11/2015 - 22:29:25: [SM] Native "SDKHook" reported: Entity 2 is invalid
L 12/11/2015 - 22:29:25: [SM] Displaying call stack trace for plugin "ckSurf.smx":
L 12/11/2015 - 22:29:25: [SM]   [0]  Line 252, ckSurf/replay.sp::PlayRecord()
L 12/11/2015 - 22:29:25: [SM]   [1]  Line 379, ckSurf/replay.sp::LoadRecordReplay()
L 12/11/2015 - 22:29:25: [SM]   [2]  Line 346, ckSurf/replay.sp::RefreshBot()
L 12/11/2015 - 22:45:37: Error log file session closed.
L 12/11/2015 - 22:45:37: SourceMod error session started
L 12/11/2015 - 22:45:37: Info (map "surf_elysium") (file "errors_20151211.log")
L 12/11/2015 - 22:45:37: [SM] Plugin encountered error 25: Call was aborted
L 12/11/2015 - 22:45:37: [SM] Native "SetFailState" reported: [KZTimer] Unable to connect to database (Configuration "kztimer" not found)
L 12/11/2015 - 22:45:37: [SM] Displaying call stack trace for plugin "KZTimer.smx":
L 12/11/2015 - 22:45:37: [SM]   [0]  Line 331, kztimer/sql.sp::db_setupDatabase()
L 12/11/2015 - 22:45:37: [SM]   [1]  Line 1128, KZTimer.sp::OnPluginStart()
L 12/11/2015 - 22:45:37: [SM] Plugin encountered error 25: Call was aborted
L 12/11/2015 - 22:45:37: [SM] Native "SetFailState" reported: CFG File not found: addons/sourcemod/configs/csgo_wpaints.cfg
L 12/11/2015 - 22:45:37: [SM] Displaying call stack trace for plugin "franug_weaponpaints.smx":
L 12/11/2015 - 22:45:37: [SM]   [0]  Line 394, franug_weaponpaints.sp::ReadPaints()
L 12/11/2015 - 22:45:37: [SM]   [1]  Line 101, franug_weaponpaints.sp::OnPluginStart()
L 12/11/2015 - 22:45:38: Failed to auto generate config for pugsetup.smx, make sure the directory has write permission.
L 12/11/2015 - 22:45:38: [pugsetup.smx] Missing map file: addons/sourcemod/configs/pugsetup/maps.txt
L 12/11/2015 - 22:45:38: [pugsetup.smx] Missing map file: addons/sourcemod/configs/pugsetup/aim_maps.txt
L 12/11/2015 - 23:00:24: Error log file session closed.
L 12/11/2015 - 23:00:24: SourceMod error session started
L 12/11/2015 - 23:00:24: Info (map "surf_spacejam") (file "errors_20151211.log")
L 12/11/2015 - 23:00:24: [SM] Plugin encountered error 25: Call was aborted
L 12/11/2015 - 23:00:24: [SM] Native "SetFailState" reported: [KZTimer] Unable to connect to database (Configuration "kztimer" not found)
L 12/11/2015 - 23:00:24: [SM] Displaying call stack trace for plugin "KZTimer.smx":
L 12/11/2015 - 23:00:24: [SM]   [0]  Line 331, kztimer/sql.sp::db_setupDatabase()
L 12/11/2015 - 23:00:24: [SM]   [1]  Line 1128, KZTimer.sp::OnPluginStart()
L 12/11/2015 - 23:00:24: [SM] Plugin encountered error 25: Call was aborted
L 12/11/2015 - 23:00:24: [SM] Native "SetFailState" reported: CFG File not found: addons/sourcemod/configs/csgo_wpaints.cfg
L 12/11/2015 - 23:00:24: [SM] Displaying call stack trace for plugin "franug_weaponpaints.smx":
L 12/11/2015 - 23:00:24: [SM]   [0]  Line 394, franug_weaponpaints.sp::ReadPaints()
L 12/11/2015 - 23:00:24: [SM]   [1]  Line 101, franug_weaponpaints.sp::OnPluginStart()
L 12/11/2015 - 23:00:24: Failed to auto generate config for pugsetup.smx, make sure the directory has write permission.
L 12/11/2015 - 23:00:24: [pugsetup.smx] Missing map file: addons/sourcemod/configs/pugsetup/maps.txt
L 12/11/2015 - 23:00:24: [pugsetup.smx] Missing map file: addons/sourcemod/configs/pugsetup/aim_maps.txt
L 12/11/2015 - 23:00:43: [SM] Native "SDKHook" reported: Entity 3 is invalid
L 12/11/2015 - 23:00:43: [SM] Displaying call stack trace for plugin "ckSurf.smx":
L 12/11/2015 - 23:00:43: [SM]   [0]  Line 252, ckSurf/replay.sp::PlayRecord()
L 12/11/2015 - 23:00:43: [SM]   [1]  Line 379, ckSurf/replay.sp::LoadRecordReplay()
L 12/11/2015 - 23:00:43: [SM]   [2]  Line 346, ckSurf/replay.sp::RefreshBot()
L 12/11/2015 - 23:45:25: [SM] Native "SDKHook" reported: Entity 4 is invalid
L 12/11/2015 - 23:45:25: [SM] Displaying call stack trace for plugin "ckSurf.smx":
L 12/11/2015 - 23:45:25: [SM]   [0]  Line 252, ckSurf/replay.sp::PlayRecord()
L 12/11/2015 - 23:45:25: [SM]   [1]  Line 379, ckSurf/replay.sp::LoadRecordReplay()
L 12/11/2015 - 23:45:25: [SM]   [2]  Line 204, ckSurf/replay.sp::LoadReplays()
L 12/11/2015 - 23:45:25: [SM]   [3]  Line 211, ckSurf/replay.sp::RestartBots()
L 12/11/2015 - 23:51:55: Error log file session closed.
L 12/11/2015 - 23:51:55: SourceMod error session started
L 12/11/2015 - 23:51:55: Info (map "surf_coralis_ksf-") (file "errors_20151211.log")
L 12/11/2015 - 23:51:55: [SM] Plugin encountered error 25: Call was aborted
L 12/11/2015 - 23:51:55: [SM] Native "SetFailState" reported: [KZTimer] Unable to connect to database (Configuration "kztimer" not found)
L 12/11/2015 - 23:51:55: [SM] Displaying call stack trace for plugin "KZTimer.smx":
L 12/11/2015 - 23:51:55: [SM]   [0]  Line 331, kztimer/sql.sp::db_setupDatabase()
L 12/11/2015 - 23:51:55: [SM]   [1]  Line 1128, KZTimer.sp::OnPluginStart()
L 12/11/2015 - 23:51:55: [SM] Plugin encountered error 25: Call was aborted
L 12/11/2015 - 23:51:55: [SM] Native "SetFailState" reported: CFG File not found: addons/sourcemod/configs/csgo_wpaints.cfg
L 12/11/2015 - 23:51:55: [SM] Displaying call stack trace for plugin "franug_weaponpaints.smx":
L 12/11/2015 - 23:51:55: [SM]   [0]  Line 394, franug_weaponpaints.sp::ReadPaints()
L 12/11/2015 - 23:51:55: [SM]   [1]  Line 101, franug_weaponpaints.sp::OnPluginStart()
L 12/11/2015 - 23:51:55: Failed to auto generate config for pugsetup.smx, make sure the directory has write permission.
L 12/11/2015 - 23:51:55: [pugsetup.smx] Missing map file: addons/sourcemod/configs/pugsetup/maps.txt
L 12/11/2015 - 23:51:55: [pugsetup.smx] Missing map file: addons/sourcemod/configs/pugsetup/aim_maps.txt
L 12/11/2015 - 23:53:34: Error log file session closed.
L 12/11/2015 - 23:53:34: SourceMod error session started
L 12/11/2015 - 23:53:34: Info (map "surf_networked_") (file "errors_20151211.log")
L 12/11/2015 - 23:53:34: [SM] Plugin encountered error 25: Call was aborted
L 12/11/2015 - 23:53:34: [SM] Native "SetFailState" reported: [KZTimer] Unable to connect to database (Configuration "kztimer" not found)
L 12/11/2015 - 23:53:34: [SM] Displaying call stack trace for plugin "KZTimer.smx":
L 12/11/2015 - 23:53:34: [SM]   [0]  Line 331, kztimer/sql.sp::db_setupDatabase()
L 12/11/2015 - 23:53:34: [SM]   [1]  Line 1128, KZTimer.sp::OnPluginStart()
L 12/11/2015 - 23:53:34: [SM] Plugin encountered error 25: Call was aborted
L 12/11/2015 - 23:53:34: [SM] Native "SetFailState" reported: CFG File not found: addons/sourcemod/configs/csgo_wpaints.cfg
L 12/11/2015 - 23:53:34: [SM] Displaying call stack trace for plugin "franug_weaponpaints.smx":
L 12/11/2015 - 23:53:34: [SM]   [0]  Line 394, franug_weaponpaints.sp::ReadPaints()
L 12/11/2015 - 23:53:34: [SM]   [1]  Line 101, franug_weaponpaints.sp::OnPluginStart()
L 12/11/2015 - 23:53:48: SourceMod error session started
L 12/11/2015 - 23:53:48: Info (map "surf_beginner_ug") (file "errors_20151211.log")
L 12/11/2015 - 23:53:48: [SM] Plugin encountered error 25: Call was aborted
L 12/11/2015 - 23:53:48: [SM] Native "SetFailState" reported: [KZTimer] Unable to connect to database (Configuration "kztimer" not found)
L 12/11/2015 - 23:53:48: [SM] Displaying call stack trace for plugin "KZTimer.smx":
L 12/11/2015 - 23:53:48: [SM]   [0]  Line 331, kztimer/sql.sp::db_setupDatabase()
L 12/11/2015 - 23:53:48: [SM]   [1]  Line 1128, KZTimer.sp::OnPluginStart()
L 12/11/2015 - 23:53:48: [SM] Plugin encountered error 25: Call was aborted
L 12/11/2015 - 23:53:48: [SM] Native "SetFailState" reported: CFG File not found: addons/sourcemod/configs/csgo_wpaints.cfg
L 12/11/2015 - 23:53:48: [SM] Displaying call stack trace for plugin "franug_weaponpaints.smx":
L 12/11/2015 - 23:53:48: [SM]   [0]  Line 394, franug_weaponpaints.sp::ReadPaints()
L 12/11/2015 - 23:53:48: [SM]   [1]  Line 101, franug_weaponpaints.sp::OnPluginStart()
L 12/11/2015 - 23:53:49: Failed to auto generate config for pugsetup.smx, make sure the directory has write permission.
