L 12/01/2015 - 20:37:11: SourceMod error session started
L 12/01/2015 - 20:37:11: Info (map "de_nuke") (file "errors_20151201.log")
L 12/01/2015 - 20:37:11: Error log file session closed.
L 12/01/2015 - 20:37:12: SourceMod error session started
L 12/01/2015 - 20:37:12: Info (map "de_nuke") (file "errors_20151201.log")
L 12/01/2015 - 20:37:12: [SM] Plugin encountered error 25: Call was aborted
L 12/01/2015 - 20:37:12: [SM] Native "SetFailState" reported: CFG File not found: addons\sourcemod\configs\csgo_wpaints.cfg
L 12/01/2015 - 20:37:12: [SM] Displaying call stack trace for plugin "franug_weaponpaints.smx":
L 12/01/2015 - 20:37:12: [SM]   [0]  Line 394, franug_weaponpaints.sp::ReadPaints()
L 12/01/2015 - 20:37:12: [SM]   [1]  Line 101, franug_weaponpaints.sp::OnPluginStart()
L 12/01/2015 - 20:37:12: [admin-flatfile.smx] Error(s) detected parsing addons\sourcemod\configs\admins.cfg
L 12/01/2015 - 20:37:12: [admin-flatfile.smx]  (line 37) A property was declared outside of a section
L 12/01/2015 - 20:37:13: Failed to auto generate config for pugsetup.smx, make sure the directory has write permission.
L 12/01/2015 - 20:37:14: [pugsetup.smx] Missing map file: addons\sourcemod\configs\pugsetup\maps.txt
L 12/01/2015 - 20:37:14: [pugsetup.smx] Missing map file: addons\sourcemod\configs\pugsetup\aim_maps.txt
L 12/01/2015 - 20:37:36: Error log file session closed.
L 12/01/2015 - 20:37:36: SourceMod error session started
L 12/01/2015 - 20:37:36: Info (map "de_nuke") (file "errors_20151201.log")
L 12/01/2015 - 20:37:36: [SM] Plugin encountered error 25: Call was aborted
L 12/01/2015 - 20:37:36: [SM] Native "SetFailState" reported: CFG File not found: addons\sourcemod\configs\csgo_wpaints.cfg
L 12/01/2015 - 20:37:36: [SM] Displaying call stack trace for plugin "franug_weaponpaints.smx":
L 12/01/2015 - 20:37:36: [SM]   [0]  Line 394, franug_weaponpaints.sp::ReadPaints()
L 12/01/2015 - 20:37:36: [SM]   [1]  Line 101, franug_weaponpaints.sp::OnPluginStart()
L 12/01/2015 - 20:37:36: [admin-flatfile.smx] Error(s) detected parsing addons\sourcemod\configs\admins.cfg
L 12/01/2015 - 20:37:36: [admin-flatfile.smx]  (line 37) A property was declared outside of a section
L 12/01/2015 - 20:37:37: Failed to auto generate config for pugsetup.smx, make sure the directory has write permission.
L 12/01/2015 - 20:37:37: [pugsetup.smx] Missing map file: addons\sourcemod\configs\pugsetup\maps.txt
L 12/01/2015 - 20:37:37: [pugsetup.smx] Missing map file: addons\sourcemod\configs\pugsetup\aim_maps.txt
L 12/01/2015 - 20:41:32: Error log file session closed.
L 12/01/2015 - 20:41:32: SourceMod error session started
L 12/01/2015 - 20:41:32: Info (map "cs_italy") (file "errors_20151201.log")
L 12/01/2015 - 20:41:32: [SM] Plugin encountered error 25: Call was aborted
L 12/01/2015 - 20:41:32: [SM] Native "SetFailState" reported: CFG File not found: addons\sourcemod\configs\csgo_wpaints.cfg
L 12/01/2015 - 20:41:32: [SM] Displaying call stack trace for plugin "franug_weaponpaints.smx":
L 12/01/2015 - 20:41:32: [SM]   [0]  Line 394, franug_weaponpaints.sp::ReadPaints()
L 12/01/2015 - 20:41:32: [SM]   [1]  Line 101, franug_weaponpaints.sp::OnPluginStart()
L 12/01/2015 - 20:41:32: [admin-flatfile.smx] Error(s) detected parsing addons\sourcemod\configs\admins.cfg
L 12/01/2015 - 20:41:32: [admin-flatfile.smx]  (line 37) A property was declared outside of a section
L 12/01/2015 - 20:41:33: Failed to auto generate config for pugsetup.smx, make sure the directory has write permission.
L 12/01/2015 - 20:41:33: [pugsetup.smx] Missing map file: addons\sourcemod\configs\pugsetup\maps.txt
L 12/01/2015 - 20:41:33: [pugsetup.smx] Missing map file: addons\sourcemod\configs\pugsetup\aim_maps.txt
L 12/01/2015 - 20:43:56: Error log file session closed.
L 12/01/2015 - 20:43:56: SourceMod error session started
L 12/01/2015 - 20:43:56: Info (map "de_dust") (file "errors_20151201.log")
L 12/01/2015 - 20:43:56: [SM] Plugin encountered error 25: Call was aborted
L 12/01/2015 - 20:43:56: [SM] Native "SetFailState" reported: CFG File not found: addons\sourcemod\configs\csgo_wpaints.cfg
L 12/01/2015 - 20:43:56: [SM] Displaying call stack trace for plugin "franug_weaponpaints.smx":
L 12/01/2015 - 20:43:56: [SM]   [0]  Line 394, franug_weaponpaints.sp::ReadPaints()
L 12/01/2015 - 20:43:56: [SM]   [1]  Line 101, franug_weaponpaints.sp::OnPluginStart()
L 12/01/2015 - 20:43:56: [admin-flatfile.smx] Error(s) detected parsing addons\sourcemod\configs\admins.cfg
L 12/01/2015 - 20:43:56: [admin-flatfile.smx]  (line 37) A property was declared outside of a section
L 12/01/2015 - 20:43:56: Failed to auto generate config for pugsetup.smx, make sure the directory has write permission.
L 12/01/2015 - 20:43:56: [pugsetup.smx] Missing map file: addons\sourcemod\configs\pugsetup\maps.txt
L 12/01/2015 - 20:43:56: [pugsetup.smx] Missing map file: addons\sourcemod\configs\pugsetup\aim_maps.txt
