L 11/21/2015 - 00:45:58: SourceMod error session started
L 11/21/2015 - 00:45:58: Info (map "de_train") (file "errors_20151121.log")
L 11/21/2015 - 00:45:58: Error log file session closed.
L 11/21/2015 - 00:45:58: SourceMod error session started
L 11/21/2015 - 00:45:58: Info (map "de_train") (file "errors_20151121.log")
L 11/21/2015 - 00:45:58: [SM] Plugin encountered error 25: Call was aborted
L 11/21/2015 - 00:45:58: [SM] Native "SetFailState" reported: CFG File not found: addons\sourcemod\configs\csgo_wpaints.cfg
L 11/21/2015 - 00:45:58: [SM] Displaying call stack trace for plugin "franug_weaponpaints.smx":
L 11/21/2015 - 00:45:58: [SM]   [0]  Line 394, franug_weaponpaints.sp::ReadPaints()
L 11/21/2015 - 00:45:58: [SM]   [1]  Line 101, franug_weaponpaints.sp::OnPluginStart()
L 11/21/2015 - 00:46:00: Failed to auto generate config for pugsetup.smx, make sure the directory has write permission.
L 11/21/2015 - 00:46:01: [pugsetup.smx] Missing map file: addons\sourcemod\configs\pugsetup\maps.txt
L 11/21/2015 - 00:46:01: [pugsetup.smx] Missing map file: addons\sourcemod\configs\pugsetup\aim_maps.txt
L 11/21/2015 - 01:05:54: Error log file session closed.
L 11/21/2015 - 01:05:54: SourceMod error session started
L 11/21/2015 - 01:05:54: Info (map "de_cache") (file "errors_20151121.log")
L 11/21/2015 - 01:05:54: [SM] Plugin encountered error 25: Call was aborted
L 11/21/2015 - 01:05:54: [SM] Native "SetFailState" reported: CFG File not found: addons\sourcemod\configs\csgo_wpaints.cfg
L 11/21/2015 - 01:05:54: [SM] Displaying call stack trace for plugin "franug_weaponpaints.smx":
L 11/21/2015 - 01:05:54: [SM]   [0]  Line 394, franug_weaponpaints.sp::ReadPaints()
L 11/21/2015 - 01:05:54: [SM]   [1]  Line 101, franug_weaponpaints.sp::OnPluginStart()
L 11/21/2015 - 01:05:55: Failed to auto generate config for pugsetup.smx, make sure the directory has write permission.
L 11/21/2015 - 01:05:55: [pugsetup.smx] Missing map file: addons\sourcemod\configs\pugsetup\maps.txt
L 11/21/2015 - 01:05:55: [pugsetup.smx] Missing map file: addons\sourcemod\configs\pugsetup\aim_maps.txt
L 11/21/2015 - 01:09:27: [pugsetup.smx] Failed to open file for reading: cfg/sourcemod/pugsetup/knife.cfg
L 11/21/2015 - 01:09:27: [pugsetup.smx] Failed to save cvar values when executing sourcemod/pugsetup/knife.cfg
L 11/21/2015 - 01:55:10: Error log file session closed.
L 11/21/2015 - 01:55:10: SourceMod error session started
L 11/21/2015 - 01:55:10: Info (map "de_inferno") (file "errors_20151121.log")
L 11/21/2015 - 01:55:10: [SM] Plugin encountered error 25: Call was aborted
L 11/21/2015 - 01:55:10: [SM] Native "SetFailState" reported: CFG File not found: addons\sourcemod\configs\csgo_wpaints.cfg
L 11/21/2015 - 01:55:10: [SM] Displaying call stack trace for plugin "franug_weaponpaints.smx":
L 11/21/2015 - 01:55:10: [SM]   [0]  Line 394, franug_weaponpaints.sp::ReadPaints()
L 11/21/2015 - 01:55:10: [SM]   [1]  Line 101, franug_weaponpaints.sp::OnPluginStart()
L 11/21/2015 - 01:55:10: Failed to auto generate config for pugsetup.smx, make sure the directory has write permission.
L 11/21/2015 - 01:55:11: [pugsetup.smx] Missing map file: addons\sourcemod\configs\pugsetup\maps.txt
L 11/21/2015 - 01:55:11: [pugsetup.smx] Missing map file: addons\sourcemod\configs\pugsetup\aim_maps.txt
