L 12/06/2015 - 00:19:34: SourceMod error session started
L 12/06/2015 - 00:19:34: Info (map "surf_waterworks") (file "errors_20151206.log")
L 12/06/2015 - 00:19:34: Error log file session closed.
L 12/06/2015 - 00:19:34: SourceMod error session started
L 12/06/2015 - 00:19:34: Info (map "surf_waterworks") (file "errors_20151206.log")
L 12/06/2015 - 00:19:34: [SM] Plugin encountered error 25: Call was aborted
L 12/06/2015 - 00:19:34: [SM] Native "SetFailState" reported: CFG File not found: addons/sourcemod/configs/csgo_wpaints.cfg
L 12/06/2015 - 00:19:34: [SM] Displaying call stack trace for plugin "franug_weaponpaints.smx":
L 12/06/2015 - 00:19:34: [SM]   [0]  Line 394, franug_weaponpaints.sp::ReadPaints()
L 12/06/2015 - 00:19:34: [SM]   [1]  Line 101, franug_weaponpaints.sp::OnPluginStart()
L 12/06/2015 - 00:19:35: Failed to auto generate config for pugsetup.smx, make sure the directory has write permission.
L 12/06/2015 - 00:19:35: [pugsetup.smx] Missing map file: addons/sourcemod/configs/pugsetup/maps.txt
L 12/06/2015 - 00:19:35: [pugsetup.smx] Missing map file: addons/sourcemod/configs/pugsetup/aim_maps.txt
L 12/06/2015 - 00:20:00: Error log file session closed.
L 12/06/2015 - 00:20:00: SourceMod error session started
L 12/06/2015 - 00:20:00: Info (map "surf_fruits") (file "errors_20151206.log")
L 12/06/2015 - 00:20:00: [SM] Plugin encountered error 25: Call was aborted
L 12/06/2015 - 00:20:00: [SM] Native "SetFailState" reported: CFG File not found: addons/sourcemod/configs/csgo_wpaints.cfg
L 12/06/2015 - 00:20:00: [SM] Displaying call stack trace for plugin "franug_weaponpaints.smx":
L 12/06/2015 - 00:20:00: [SM]   [0]  Line 394, franug_weaponpaints.sp::ReadPaints()
L 12/06/2015 - 00:20:00: [SM]   [1]  Line 101, franug_weaponpaints.sp::OnPluginStart()
L 12/06/2015 - 00:20:00: Failed to auto generate config for pugsetup.smx, make sure the directory has write permission.
L 12/06/2015 - 00:20:00: [pugsetup.smx] Missing map file: addons/sourcemod/configs/pugsetup/maps.txt
L 12/06/2015 - 00:20:00: [pugsetup.smx] Missing map file: addons/sourcemod/configs/pugsetup/aim_maps.txt
L 12/06/2015 - 00:31:04: SourceMod error session started
L 12/06/2015 - 00:31:04: Info (map "de_dust2") (file "errors_20151206.log")
L 12/06/2015 - 00:31:04: [SM] Plugin encountered error 25: Call was aborted
L 12/06/2015 - 00:31:04: [SM] Native "SetFailState" reported: CFG File not found: addons/sourcemod/configs/csgo_wpaints.cfg
L 12/06/2015 - 00:31:04: [SM] Displaying call stack trace for plugin "franug_weaponpaints.smx":
L 12/06/2015 - 00:31:04: [SM]   [0]  Line 394, franug_weaponpaints.sp::ReadPaints()
L 12/06/2015 - 00:31:04: [SM]   [1]  Line 101, franug_weaponpaints.sp::OnPluginStart()
L 12/06/2015 - 00:31:04: Failed to auto generate config for pugsetup.smx, make sure the directory has write permission.
L 12/06/2015 - 00:31:36: Error log file session closed.
L 12/06/2015 - 00:31:36: SourceMod error session started
L 12/06/2015 - 00:31:36: Info (map "de_dust2") (file "errors_20151206.log")
L 12/06/2015 - 00:31:36: [SM] Plugin encountered error 25: Call was aborted
L 12/06/2015 - 00:31:36: [SM] Native "SetFailState" reported: CFG File not found: addons/sourcemod/configs/csgo_wpaints.cfg
L 12/06/2015 - 00:31:36: [SM] Displaying call stack trace for plugin "franug_weaponpaints.smx":
L 12/06/2015 - 00:31:36: [SM]   [0]  Line 394, franug_weaponpaints.sp::ReadPaints()
L 12/06/2015 - 00:31:36: [SM]   [1]  Line 101, franug_weaponpaints.sp::OnPluginStart()
L 12/06/2015 - 00:31:37: [pugsetup.smx] Missing map file: addons/sourcemod/configs/pugsetup/maps.txt
L 12/06/2015 - 00:31:37: [pugsetup.smx] Missing map file: addons/sourcemod/configs/pugsetup/aim_maps.txt
L 12/06/2015 - 00:31:37: Failed to auto generate config for pugsetup.smx, make sure the directory has write permission.
L 12/06/2015 - 00:32:26: Error log file session closed.
L 12/06/2015 - 00:32:26: SourceMod error session started
L 12/06/2015 - 00:32:26: Info (map "de_inferno_winter") (file "errors_20151206.log")
L 12/06/2015 - 00:32:26: [SM] Plugin encountered error 25: Call was aborted
L 12/06/2015 - 00:32:26: [SM] Native "SetFailState" reported: CFG File not found: addons/sourcemod/configs/csgo_wpaints.cfg
L 12/06/2015 - 00:32:26: [SM] Displaying call stack trace for plugin "franug_weaponpaints.smx":
L 12/06/2015 - 00:32:26: [SM]   [0]  Line 394, franug_weaponpaints.sp::ReadPaints()
L 12/06/2015 - 00:32:26: [SM]   [1]  Line 101, franug_weaponpaints.sp::OnPluginStart()
L 12/06/2015 - 00:32:27: Failed to auto generate config for pugsetup.smx, make sure the directory has write permission.
L 12/06/2015 - 00:32:27: [pugsetup.smx] Missing map file: addons/sourcemod/configs/pugsetup/maps.txt
L 12/06/2015 - 00:32:27: [pugsetup.smx] Missing map file: addons/sourcemod/configs/pugsetup/aim_maps.txt
L 12/06/2015 - 00:37:11: Error log file session closed.
L 12/06/2015 - 00:37:11: SourceMod error session started
L 12/06/2015 - 00:37:11: Info (map "de_cache_winter1") (file "errors_20151206.log")
L 12/06/2015 - 00:37:11: [SM] Plugin encountered error 25: Call was aborted
L 12/06/2015 - 00:37:11: [SM] Native "SetFailState" reported: CFG File not found: addons/sourcemod/configs/csgo_wpaints.cfg
L 12/06/2015 - 00:37:11: [SM] Displaying call stack trace for plugin "franug_weaponpaints.smx":
L 12/06/2015 - 00:37:11: [SM]   [0]  Line 394, franug_weaponpaints.sp::ReadPaints()
L 12/06/2015 - 00:37:11: [SM]   [1]  Line 101, franug_weaponpaints.sp::OnPluginStart()
L 12/06/2015 - 00:37:12: Failed to auto generate config for pugsetup.smx, make sure the directory has write permission.
L 12/06/2015 - 00:37:12: [pugsetup.smx] Missing map file: addons/sourcemod/configs/pugsetup/maps.txt
L 12/06/2015 - 00:37:12: [pugsetup.smx] Missing map file: addons/sourcemod/configs/pugsetup/aim_maps.txt
L 12/06/2015 - 00:40:59: Error log file session closed.
L 12/06/2015 - 00:40:59: SourceMod error session started
L 12/06/2015 - 00:40:59: Info (map "de_d2night") (file "errors_20151206.log")
L 12/06/2015 - 00:40:59: [SM] Plugin encountered error 25: Call was aborted
L 12/06/2015 - 00:40:59: [SM] Native "SetFailState" reported: CFG File not found: addons/sourcemod/configs/csgo_wpaints.cfg
L 12/06/2015 - 00:40:59: [SM] Displaying call stack trace for plugin "franug_weaponpaints.smx":
L 12/06/2015 - 00:40:59: [SM]   [0]  Line 394, franug_weaponpaints.sp::ReadPaints()
L 12/06/2015 - 00:40:59: [SM]   [1]  Line 101, franug_weaponpaints.sp::OnPluginStart()
L 12/06/2015 - 00:41:00: Failed to auto generate config for pugsetup.smx, make sure the directory has write permission.
L 12/06/2015 - 00:41:00: [pugsetup.smx] Missing map file: addons/sourcemod/configs/pugsetup/maps.txt
L 12/06/2015 - 00:41:00: [pugsetup.smx] Missing map file: addons/sourcemod/configs/pugsetup/aim_maps.txt
L 12/06/2015 - 01:19:44: [pugsetup.smx] Failed to open file for reading: cfg/sourcemod/pugsetup/knife.cfg
L 12/06/2015 - 01:19:44: [pugsetup.smx] Failed to save cvar values when executing sourcemod/pugsetup/knife.cfg
L 12/06/2015 - 01:49:18: SourceMod error session started
L 12/06/2015 - 01:49:18: Info (map "de_dust2") (file "errors_20151206.log")
L 12/06/2015 - 01:49:18: [SM] Plugin encountered error 25: Call was aborted
L 12/06/2015 - 01:49:18: [SM] Native "SetFailState" reported: CFG File not found: addons/sourcemod/configs/csgo_wpaints.cfg
L 12/06/2015 - 01:49:18: [SM] Displaying call stack trace for plugin "franug_weaponpaints.smx":
L 12/06/2015 - 01:49:18: [SM]   [0]  Line 394, franug_weaponpaints.sp::ReadPaints()
L 12/06/2015 - 01:49:18: [SM]   [1]  Line 101, franug_weaponpaints.sp::OnPluginStart()
L 12/06/2015 - 01:49:19: Failed to auto generate config for pugsetup.smx, make sure the directory has write permission.
L 12/06/2015 - 01:50:05: Error log file session closed.
L 12/06/2015 - 01:50:05: SourceMod error session started
L 12/06/2015 - 01:50:05: Info (map "de_dust2") (file "errors_20151206.log")
L 12/06/2015 - 01:50:05: [SM] Plugin encountered error 25: Call was aborted
L 12/06/2015 - 01:50:05: [SM] Native "SetFailState" reported: CFG File not found: addons/sourcemod/configs/csgo_wpaints.cfg
L 12/06/2015 - 01:50:05: [SM] Displaying call stack trace for plugin "franug_weaponpaints.smx":
L 12/06/2015 - 01:50:05: [SM]   [0]  Line 394, franug_weaponpaints.sp::ReadPaints()
L 12/06/2015 - 01:50:05: [SM]   [1]  Line 101, franug_weaponpaints.sp::OnPluginStart()
L 12/06/2015 - 01:50:06: Failed to auto generate config for pugsetup.smx, make sure the directory has write permission.
L 12/06/2015 - 01:50:06: [pugsetup.smx] Missing map file: addons/sourcemod/configs/pugsetup/maps.txt
L 12/06/2015 - 01:50:06: [pugsetup.smx] Missing map file: addons/sourcemod/configs/pugsetup/aim_maps.txt
L 12/06/2015 - 01:55:17: Error log file session closed.
L 12/06/2015 - 01:55:17: SourceMod error session started
L 12/06/2015 - 01:55:17: Info (map "de_overpass") (file "errors_20151206.log")
L 12/06/2015 - 01:55:17: [SM] Plugin encountered error 25: Call was aborted
L 12/06/2015 - 01:55:17: [SM] Native "SetFailState" reported: CFG File not found: addons/sourcemod/configs/csgo_wpaints.cfg
L 12/06/2015 - 01:55:17: [SM] Displaying call stack trace for plugin "franug_weaponpaints.smx":
L 12/06/2015 - 01:55:17: [SM]   [0]  Line 394, franug_weaponpaints.sp::ReadPaints()
L 12/06/2015 - 01:55:17: [SM]   [1]  Line 101, franug_weaponpaints.sp::OnPluginStart()
L 12/06/2015 - 01:55:18: Failed to auto generate config for pugsetup.smx, make sure the directory has write permission.
L 12/06/2015 - 01:55:18: [pugsetup.smx] Missing map file: addons/sourcemod/configs/pugsetup/maps.txt
L 12/06/2015 - 01:55:18: [pugsetup.smx] Missing map file: addons/sourcemod/configs/pugsetup/aim_maps.txt
L 12/06/2015 - 01:57:26: [pugsetup.smx] Failed to open file for reading: cfg/sourcemod/pugsetup/knife.cfg
L 12/06/2015 - 01:57:26: [pugsetup.smx] Failed to save cvar values when executing sourcemod/pugsetup/knife.cfg
L 12/06/2015 - 03:01:39: SourceMod error session started
L 12/06/2015 - 03:01:39: Info (map "de_dust2") (file "errors_20151206.log")
L 12/06/2015 - 03:01:39: [SM] Plugin encountered error 25: Call was aborted
L 12/06/2015 - 03:01:39: [SM] Native "SetFailState" reported: CFG File not found: addons/sourcemod/configs/csgo_wpaints.cfg
L 12/06/2015 - 03:01:39: [SM] Displaying call stack trace for plugin "franug_weaponpaints.smx":
L 12/06/2015 - 03:01:39: [SM]   [0]  Line 394, franug_weaponpaints.sp::ReadPaints()
L 12/06/2015 - 03:01:39: [SM]   [1]  Line 101, franug_weaponpaints.sp::OnPluginStart()
L 12/06/2015 - 03:01:40: Failed to auto generate config for pugsetup.smx, make sure the directory has write permission.
L 12/06/2015 - 03:01:54: Error log file session closed.
L 12/06/2015 - 03:01:54: SourceMod error session started
L 12/06/2015 - 03:01:54: Info (map "de_dust2") (file "errors_20151206.log")
L 12/06/2015 - 03:01:54: [SM] Plugin encountered error 25: Call was aborted
L 12/06/2015 - 03:01:54: [SM] Native "SetFailState" reported: CFG File not found: addons/sourcemod/configs/csgo_wpaints.cfg
L 12/06/2015 - 03:01:54: [SM] Displaying call stack trace for plugin "franug_weaponpaints.smx":
L 12/06/2015 - 03:01:54: [SM]   [0]  Line 394, franug_weaponpaints.sp::ReadPaints()
L 12/06/2015 - 03:01:54: [SM]   [1]  Line 101, franug_weaponpaints.sp::OnPluginStart()
L 12/06/2015 - 03:01:54: Failed to auto generate config for pugsetup.smx, make sure the directory has write permission.
L 12/06/2015 - 03:01:54: [pugsetup.smx] Missing map file: addons/sourcemod/configs/pugsetup/maps.txt
L 12/06/2015 - 03:01:54: [pugsetup.smx] Missing map file: addons/sourcemod/configs/pugsetup/aim_maps.txt
L 12/06/2015 - 03:16:48: Error log file session closed.
L 12/06/2015 - 03:16:49: SourceMod error session started
L 12/06/2015 - 03:16:49: Info (map "de_dust2snow") (file "errors_20151206.log")
L 12/06/2015 - 03:16:49: [SM] Plugin encountered error 25: Call was aborted
L 12/06/2015 - 03:16:49: [SM] Native "SetFailState" reported: CFG File not found: addons/sourcemod/configs/csgo_wpaints.cfg
L 12/06/2015 - 03:16:49: [SM] Displaying call stack trace for plugin "franug_weaponpaints.smx":
L 12/06/2015 - 03:16:49: [SM]   [0]  Line 394, franug_weaponpaints.sp::ReadPaints()
L 12/06/2015 - 03:16:49: [SM]   [1]  Line 101, franug_weaponpaints.sp::OnPluginStart()
L 12/06/2015 - 03:16:50: Failed to auto generate config for pugsetup.smx, make sure the directory has write permission.
L 12/06/2015 - 03:16:50: [pugsetup.smx] Missing map file: addons/sourcemod/configs/pugsetup/maps.txt
L 12/06/2015 - 03:16:50: [pugsetup.smx] Missing map file: addons/sourcemod/configs/pugsetup/aim_maps.txt
L 12/06/2015 - 03:23:33: [pugsetup.smx] Failed to open file for reading: cfg/sourcemod/pugsetup/knife.cfg
L 12/06/2015 - 03:23:33: [pugsetup.smx] Failed to save cvar values when executing sourcemod/pugsetup/knife.cfg
L 12/06/2015 - 03:50:33: SourceMod error session started
L 12/06/2015 - 03:50:33: Info (map "de_dust2") (file "errors_20151206.log")
L 12/06/2015 - 03:50:33: [SM] Plugin encountered error 25: Call was aborted
L 12/06/2015 - 03:50:33: [SM] Native "SetFailState" reported: CFG File not found: addons/sourcemod/configs/csgo_wpaints.cfg
L 12/06/2015 - 03:50:33: [SM] Displaying call stack trace for plugin "franug_weaponpaints.smx":
L 12/06/2015 - 03:50:33: [SM]   [0]  Line 394, franug_weaponpaints.sp::ReadPaints()
L 12/06/2015 - 03:50:33: [SM]   [1]  Line 101, franug_weaponpaints.sp::OnPluginStart()
L 12/06/2015 - 03:50:33: Failed to auto generate config for pugsetup.smx, make sure the directory has write permission.
L 12/06/2015 - 03:50:40: SourceMod error session started
L 12/06/2015 - 03:50:40: Info (map "de_dust2") (file "errors_20151206.log")
L 12/06/2015 - 03:50:40: [SM] Plugin encountered error 25: Call was aborted
L 12/06/2015 - 03:50:40: [SM] Native "SetFailState" reported: CFG File not found: addons/sourcemod/configs/csgo_wpaints.cfg
L 12/06/2015 - 03:50:40: [SM] Displaying call stack trace for plugin "franug_weaponpaints.smx":
L 12/06/2015 - 03:50:40: [SM]   [0]  Line 394, franug_weaponpaints.sp::ReadPaints()
L 12/06/2015 - 03:50:40: [SM]   [1]  Line 101, franug_weaponpaints.sp::OnPluginStart()
L 12/06/2015 - 03:50:40: Failed to auto generate config for pugsetup.smx, make sure the directory has write permission.
L 12/06/2015 - 03:51:45: Error log file session closed.
L 12/06/2015 - 03:51:45: SourceMod error session started
L 12/06/2015 - 03:51:45: Info (map "de_dust2") (file "errors_20151206.log")
L 12/06/2015 - 03:51:45: [SM] Plugin encountered error 25: Call was aborted
L 12/06/2015 - 03:51:45: [SM] Native "SetFailState" reported: CFG File not found: addons/sourcemod/configs/csgo_wpaints.cfg
L 12/06/2015 - 03:51:45: [SM] Displaying call stack trace for plugin "franug_weaponpaints.smx":
L 12/06/2015 - 03:51:45: [SM]   [0]  Line 394, franug_weaponpaints.sp::ReadPaints()
L 12/06/2015 - 03:51:45: [SM]   [1]  Line 101, franug_weaponpaints.sp::OnPluginStart()
L 12/06/2015 - 03:51:46: Failed to auto generate config for pugsetup.smx, make sure the directory has write permission.
L 12/06/2015 - 03:51:57: [pugsetup.smx] Missing map file: addons/sourcemod/configs/pugsetup/maps.txt
L 12/06/2015 - 03:51:57: [pugsetup.smx] Missing map file: addons/sourcemod/configs/pugsetup/aim_maps.txt
L 12/06/2015 - 03:56:10: Error log file session closed.
L 12/06/2015 - 03:56:10: SourceMod error session started
L 12/06/2015 - 03:56:10: Info (map "de_d2night") (file "errors_20151206.log")
L 12/06/2015 - 03:56:10: [SM] Plugin encountered error 25: Call was aborted
L 12/06/2015 - 03:56:10: [SM] Native "SetFailState" reported: CFG File not found: addons/sourcemod/configs/csgo_wpaints.cfg
L 12/06/2015 - 03:56:10: [SM] Displaying call stack trace for plugin "franug_weaponpaints.smx":
L 12/06/2015 - 03:56:10: [SM]   [0]  Line 394, franug_weaponpaints.sp::ReadPaints()
L 12/06/2015 - 03:56:10: [SM]   [1]  Line 101, franug_weaponpaints.sp::OnPluginStart()
L 12/06/2015 - 03:56:11: Failed to auto generate config for pugsetup.smx, make sure the directory has write permission.
L 12/06/2015 - 03:56:11: [pugsetup.smx] Missing map file: addons/sourcemod/configs/pugsetup/maps.txt
L 12/06/2015 - 03:56:11: [pugsetup.smx] Missing map file: addons/sourcemod/configs/pugsetup/aim_maps.txt
L 12/06/2015 - 03:59:47: [pugsetup.smx] Failed to open file for reading: cfg/sourcemod/pugsetup/knife.cfg
L 12/06/2015 - 03:59:47: [pugsetup.smx] Failed to save cvar values when executing sourcemod/pugsetup/knife.cfg
L 12/06/2015 - 04:56:08: [pugsetup.smx] Failed to open file for reading: cfg/sourcemod/pugsetup/knife.cfg
L 12/06/2015 - 04:56:08: [pugsetup.smx] Failed to save cvar values when executing sourcemod/pugsetup/knife.cfg
L 12/06/2015 - 04:56:13: Error log file session closed.
L 12/06/2015 - 04:56:13: SourceMod error session started
L 12/06/2015 - 04:56:13: Info (map "de_mirage") (file "errors_20151206.log")
L 12/06/2015 - 04:56:13: [SM] Plugin encountered error 25: Call was aborted
L 12/06/2015 - 04:56:13: [SM] Native "SetFailState" reported: CFG File not found: addons/sourcemod/configs/csgo_wpaints.cfg
L 12/06/2015 - 04:56:13: [SM] Displaying call stack trace for plugin "franug_weaponpaints.smx":
L 12/06/2015 - 04:56:13: [SM]   [0]  Line 394, franug_weaponpaints.sp::ReadPaints()
L 12/06/2015 - 04:56:13: [SM]   [1]  Line 101, franug_weaponpaints.sp::OnPluginStart()
L 12/06/2015 - 04:56:13: Failed to auto generate config for pugsetup.smx, make sure the directory has write permission.
L 12/06/2015 - 04:56:13: [pugsetup.smx] Missing map file: addons/sourcemod/configs/pugsetup/maps.txt
L 12/06/2015 - 04:56:13: [pugsetup.smx] Missing map file: addons/sourcemod/configs/pugsetup/aim_maps.txt
L 12/06/2015 - 04:57:38: [pugsetup.smx] Failed to open file for reading: cfg/sourcemod/pugsetup/knife.cfg
L 12/06/2015 - 04:57:38: [pugsetup.smx] Failed to save cvar values when executing sourcemod/pugsetup/knife.cfg
L 12/06/2015 - 05:41:48: Error log file session closed.
L 12/06/2015 - 05:41:49: SourceMod error session started
L 12/06/2015 - 05:41:49: Info (map "de_overpass") (file "errors_20151206.log")
L 12/06/2015 - 05:41:49: [SM] Plugin encountered error 25: Call was aborted
L 12/06/2015 - 05:41:49: [SM] Native "SetFailState" reported: CFG File not found: addons/sourcemod/configs/csgo_wpaints.cfg
L 12/06/2015 - 05:41:49: [SM] Displaying call stack trace for plugin "franug_weaponpaints.smx":
L 12/06/2015 - 05:41:49: [SM]   [0]  Line 394, franug_weaponpaints.sp::ReadPaints()
L 12/06/2015 - 05:41:49: [SM]   [1]  Line 101, franug_weaponpaints.sp::OnPluginStart()
L 12/06/2015 - 05:41:50: Failed to auto generate config for pugsetup.smx, make sure the directory has write permission.
L 12/06/2015 - 05:41:50: [pugsetup.smx] Missing map file: addons/sourcemod/configs/pugsetup/maps.txt
L 12/06/2015 - 05:41:50: [pugsetup.smx] Missing map file: addons/sourcemod/configs/pugsetup/aim_maps.txt
L 12/06/2015 - 05:49:43: SourceMod error session started
L 12/06/2015 - 05:49:43: Info (map "de_dust2") (file "errors_20151206.log")
L 12/06/2015 - 05:49:43: [SM] Plugin encountered error 25: Call was aborted
L 12/06/2015 - 05:49:43: [SM] Native "SetFailState" reported: CFG File not found: addons/sourcemod/configs/csgo_wpaints.cfg
L 12/06/2015 - 05:49:43: [SM] Displaying call stack trace for plugin "franug_weaponpaints.smx":
L 12/06/2015 - 05:49:43: [SM]   [0]  Line 394, franug_weaponpaints.sp::ReadPaints()
L 12/06/2015 - 05:49:43: [SM]   [1]  Line 101, franug_weaponpaints.sp::OnPluginStart()
L 12/06/2015 - 05:49:44: Failed to auto generate config for pugsetup.smx, make sure the directory has write permission.
L 12/06/2015 - 05:50:10: Error log file session closed.
L 12/06/2015 - 05:50:10: SourceMod error session started
L 12/06/2015 - 05:50:10: Info (map "de_dust2") (file "errors_20151206.log")
L 12/06/2015 - 05:50:10: [SM] Plugin encountered error 25: Call was aborted
L 12/06/2015 - 05:50:10: [SM] Native "SetFailState" reported: CFG File not found: addons/sourcemod/configs/csgo_wpaints.cfg
L 12/06/2015 - 05:50:10: [SM] Displaying call stack trace for plugin "franug_weaponpaints.smx":
L 12/06/2015 - 05:50:10: [SM]   [0]  Line 394, franug_weaponpaints.sp::ReadPaints()
L 12/06/2015 - 05:50:10: [SM]   [1]  Line 101, franug_weaponpaints.sp::OnPluginStart()
L 12/06/2015 - 05:50:11: Failed to auto generate config for pugsetup.smx, make sure the directory has write permission.
L 12/06/2015 - 05:50:11: [pugsetup.smx] Missing map file: addons/sourcemod/configs/pugsetup/maps.txt
L 12/06/2015 - 05:50:11: [pugsetup.smx] Missing map file: addons/sourcemod/configs/pugsetup/aim_maps.txt
L 12/06/2015 - 06:06:24: Error log file session closed.
L 12/06/2015 - 06:06:24: SourceMod error session started
L 12/06/2015 - 06:06:24: Info (map "kz_frozen_go") (file "errors_20151206.log")
L 12/06/2015 - 06:06:24: [SM] Plugin encountered error 25: Call was aborted
L 12/06/2015 - 06:06:24: [SM] Native "SetFailState" reported: CFG File not found: addons/sourcemod/configs/csgo_wpaints.cfg
L 12/06/2015 - 06:06:24: [SM] Displaying call stack trace for plugin "franug_weaponpaints.smx":
L 12/06/2015 - 06:06:24: [SM]   [0]  Line 394, franug_weaponpaints.sp::ReadPaints()
L 12/06/2015 - 06:06:24: [SM]   [1]  Line 101, franug_weaponpaints.sp::OnPluginStart()
L 12/06/2015 - 06:06:25: Failed to auto generate config for pugsetup.smx, make sure the directory has write permission.
L 12/06/2015 - 06:06:25: [pugsetup.smx] Missing map file: addons/sourcemod/configs/pugsetup/maps.txt
L 12/06/2015 - 06:06:25: [pugsetup.smx] Missing map file: addons/sourcemod/configs/pugsetup/aim_maps.txt
L 12/06/2015 - 06:30:23: SourceMod error session started
L 12/06/2015 - 06:30:23: Info (map "surf_prelude_ksf") (file "errors_20151206.log")
L 12/06/2015 - 06:30:23: [SM] Plugin encountered error 25: Call was aborted
L 12/06/2015 - 06:30:23: [SM] Native "SetFailState" reported: CFG File not found: addons/sourcemod/configs/csgo_wpaints.cfg
L 12/06/2015 - 06:30:23: [SM] Displaying call stack trace for plugin "franug_weaponpaints.smx":
L 12/06/2015 - 06:30:23: [SM]   [0]  Line 394, franug_weaponpaints.sp::ReadPaints()
L 12/06/2015 - 06:30:23: [SM]   [1]  Line 101, franug_weaponpaints.sp::OnPluginStart()
L 12/06/2015 - 06:30:23: Failed to auto generate config for pugsetup.smx, make sure the directory has write permission.
L 12/06/2015 - 06:30:34: SourceMod error session started
L 12/06/2015 - 06:30:34: Info (map "surf_prelude_ksf") (file "errors_20151206.log")
L 12/06/2015 - 06:30:34: [SM] Plugin encountered error 25: Call was aborted
L 12/06/2015 - 06:30:34: [SM] Native "SetFailState" reported: CFG File not found: addons/sourcemod/configs/csgo_wpaints.cfg
L 12/06/2015 - 06:30:34: [SM] Displaying call stack trace for plugin "franug_weaponpaints.smx":
L 12/06/2015 - 06:30:34: [SM]   [0]  Line 394, franug_weaponpaints.sp::ReadPaints()
L 12/06/2015 - 06:30:34: [SM]   [1]  Line 101, franug_weaponpaints.sp::OnPluginStart()
L 12/06/2015 - 06:30:35: Failed to auto generate config for pugsetup.smx, make sure the directory has write permission.
L 12/06/2015 - 06:30:40: Error log file session closed.
L 12/06/2015 - 06:30:40: SourceMod error session started
L 12/06/2015 - 06:30:40: Info (map "surf_prelude_ksf") (file "errors_20151206.log")
L 12/06/2015 - 06:30:40: [SM] Plugin encountered error 25: Call was aborted
L 12/06/2015 - 06:30:40: [SM] Native "SetFailState" reported: CFG File not found: addons/sourcemod/configs/csgo_wpaints.cfg
L 12/06/2015 - 06:30:40: [SM] Displaying call stack trace for plugin "franug_weaponpaints.smx":
L 12/06/2015 - 06:30:40: [SM]   [0]  Line 394, franug_weaponpaints.sp::ReadPaints()
L 12/06/2015 - 06:30:40: [SM]   [1]  Line 101, franug_weaponpaints.sp::OnPluginStart()
L 12/06/2015 - 06:30:41: Failed to auto generate config for pugsetup.smx, make sure the directory has write permission.
L 12/06/2015 - 06:30:41: [pugsetup.smx] Missing map file: addons/sourcemod/configs/pugsetup/maps.txt
L 12/06/2015 - 06:30:41: [pugsetup.smx] Missing map file: addons/sourcemod/configs/pugsetup/aim_maps.txt
L 12/06/2015 - 06:32:56: Error log file session closed.
L 12/06/2015 - 06:32:57: SourceMod error session started
L 12/06/2015 - 06:32:57: Info (map "kz_frozen_go") (file "errors_20151206.log")
L 12/06/2015 - 06:32:57: [SM] Plugin encountered error 25: Call was aborted
L 12/06/2015 - 06:32:57: [SM] Native "SetFailState" reported: CFG File not found: addons/sourcemod/configs/csgo_wpaints.cfg
L 12/06/2015 - 06:32:57: [SM] Displaying call stack trace for plugin "franug_weaponpaints.smx":
L 12/06/2015 - 06:32:57: [SM]   [0]  Line 394, franug_weaponpaints.sp::ReadPaints()
L 12/06/2015 - 06:32:57: [SM]   [1]  Line 101, franug_weaponpaints.sp::OnPluginStart()
L 12/06/2015 - 06:32:57: Failed to auto generate config for pugsetup.smx, make sure the directory has write permission.
L 12/06/2015 - 06:32:57: [pugsetup.smx] Missing map file: addons/sourcemod/configs/pugsetup/maps.txt
L 12/06/2015 - 06:32:57: [pugsetup.smx] Missing map file: addons/sourcemod/configs/pugsetup/aim_maps.txt
L 12/06/2015 - 07:21:12: Error log file session closed.
L 12/06/2015 - 07:21:12: SourceMod error session started
L 12/06/2015 - 07:21:12: Info (map "surf_christmas") (file "errors_20151206.log")
L 12/06/2015 - 07:21:12: [SM] Plugin encountered error 25: Call was aborted
L 12/06/2015 - 07:21:12: [SM] Native "SetFailState" reported: CFG File not found: addons/sourcemod/configs/csgo_wpaints.cfg
L 12/06/2015 - 07:21:12: [SM] Displaying call stack trace for plugin "franug_weaponpaints.smx":
L 12/06/2015 - 07:21:12: [SM]   [0]  Line 394, franug_weaponpaints.sp::ReadPaints()
L 12/06/2015 - 07:21:12: [SM]   [1]  Line 101, franug_weaponpaints.sp::OnPluginStart()
L 12/06/2015 - 07:21:12: Failed to auto generate config for pugsetup.smx, make sure the directory has write permission.
L 12/06/2015 - 07:21:13: [pugsetup.smx] Missing map file: addons/sourcemod/configs/pugsetup/maps.txt
L 12/06/2015 - 07:21:13: [pugsetup.smx] Missing map file: addons/sourcemod/configs/pugsetup/aim_maps.txt
L 12/06/2015 - 07:23:50: Error log file session closed.
L 12/06/2015 - 07:23:50: SourceMod error session started
L 12/06/2015 - 07:23:50: Info (map "surf_christmas") (file "errors_20151206.log")
L 12/06/2015 - 07:23:50: [SM] Plugin encountered error 25: Call was aborted
L 12/06/2015 - 07:23:50: [SM] Native "SetFailState" reported: CFG File not found: addons/sourcemod/configs/csgo_wpaints.cfg
L 12/06/2015 - 07:23:50: [SM] Displaying call stack trace for plugin "franug_weaponpaints.smx":
L 12/06/2015 - 07:23:50: [SM]   [0]  Line 394, franug_weaponpaints.sp::ReadPaints()
L 12/06/2015 - 07:23:50: [SM]   [1]  Line 101, franug_weaponpaints.sp::OnPluginStart()
L 12/06/2015 - 07:23:51: Failed to auto generate config for pugsetup.smx, make sure the directory has write permission.
L 12/06/2015 - 07:23:51: [pugsetup.smx] Missing map file: addons/sourcemod/configs/pugsetup/maps.txt
L 12/06/2015 - 07:23:51: [pugsetup.smx] Missing map file: addons/sourcemod/configs/pugsetup/aim_maps.txt
L 12/06/2015 - 07:27:48: Error log file session closed.
L 12/06/2015 - 07:27:48: SourceMod error session started
L 12/06/2015 - 07:27:48: Info (map "surf_aircontrol_ksf") (file "errors_20151206.log")
L 12/06/2015 - 07:27:48: [SM] Plugin encountered error 25: Call was aborted
L 12/06/2015 - 07:27:48: [SM] Native "SetFailState" reported: CFG File not found: addons/sourcemod/configs/csgo_wpaints.cfg
L 12/06/2015 - 07:27:48: [SM] Displaying call stack trace for plugin "franug_weaponpaints.smx":
L 12/06/2015 - 07:27:48: [SM]   [0]  Line 394, franug_weaponpaints.sp::ReadPaints()
L 12/06/2015 - 07:27:48: [SM]   [1]  Line 101, franug_weaponpaints.sp::OnPluginStart()
L 12/06/2015 - 07:27:48: Failed to auto generate config for pugsetup.smx, make sure the directory has write permission.
L 12/06/2015 - 07:28:28: Error log file session closed.
L 12/06/2015 - 07:28:28: SourceMod error session started
L 12/06/2015 - 07:28:28: Info (map "surf_aircontrol_ksf") (file "errors_20151206.log")
L 12/06/2015 - 07:28:28: [SM] Plugin encountered error 25: Call was aborted
L 12/06/2015 - 07:28:28: [SM] Native "SetFailState" reported: CFG File not found: addons/sourcemod/configs/csgo_wpaints.cfg
L 12/06/2015 - 07:28:28: [SM] Displaying call stack trace for plugin "franug_weaponpaints.smx":
L 12/06/2015 - 07:28:28: [SM]   [0]  Line 394, franug_weaponpaints.sp::ReadPaints()
L 12/06/2015 - 07:28:28: [SM]   [1]  Line 101, franug_weaponpaints.sp::OnPluginStart()
L 12/06/2015 - 07:28:28: [pugsetup.smx] Missing map file: addons/sourcemod/configs/pugsetup/maps.txt
L 12/06/2015 - 07:28:28: [pugsetup.smx] Missing map file: addons/sourcemod/configs/pugsetup/aim_maps.txt
L 12/06/2015 - 07:28:29: Failed to auto generate config for pugsetup.smx, make sure the directory has write permission.
L 12/06/2015 - 07:45:45: Error log file session closed.
L 12/06/2015 - 07:45:45: SourceMod error session started
L 12/06/2015 - 07:45:45: Info (map "surf_aircontrol_ksf") (file "errors_20151206.log")
L 12/06/2015 - 07:45:45: [SM] Plugin encountered error 25: Call was aborted
L 12/06/2015 - 07:45:45: [SM] Native "SetFailState" reported: CFG File not found: addons/sourcemod/configs/csgo_wpaints.cfg
L 12/06/2015 - 07:45:45: [SM] Displaying call stack trace for plugin "franug_weaponpaints.smx":
L 12/06/2015 - 07:45:45: [SM]   [0]  Line 394, franug_weaponpaints.sp::ReadPaints()
L 12/06/2015 - 07:45:45: [SM]   [1]  Line 101, franug_weaponpaints.sp::OnPluginStart()
L 12/06/2015 - 07:45:46: Failed to auto generate config for pugsetup.smx, make sure the directory has write permission.
L 12/06/2015 - 07:45:46: [pugsetup.smx] Missing map file: addons/sourcemod/configs/pugsetup/maps.txt
L 12/06/2015 - 07:45:46: [pugsetup.smx] Missing map file: addons/sourcemod/configs/pugsetup/aim_maps.txt
L 12/06/2015 - 07:48:41: Error log file session closed.
L 12/06/2015 - 07:48:41: SourceMod error session started
L 12/06/2015 - 07:48:41: Info (map "surf_aircontrol_ksf") (file "errors_20151206.log")
L 12/06/2015 - 07:48:41: [SM] Plugin encountered error 25: Call was aborted
L 12/06/2015 - 07:48:41: [SM] Native "SetFailState" reported: CFG File not found: addons/sourcemod/configs/csgo_wpaints.cfg
L 12/06/2015 - 07:48:41: [SM] Displaying call stack trace for plugin "franug_weaponpaints.smx":
L 12/06/2015 - 07:48:41: [SM]   [0]  Line 394, franug_weaponpaints.sp::ReadPaints()
L 12/06/2015 - 07:48:41: [SM]   [1]  Line 101, franug_weaponpaints.sp::OnPluginStart()
L 12/06/2015 - 07:48:41: Failed to auto generate config for pugsetup.smx, make sure the directory has write permission.
L 12/06/2015 - 07:48:41: [pugsetup.smx] Missing map file: addons/sourcemod/configs/pugsetup/maps.txt
L 12/06/2015 - 07:48:41: [pugsetup.smx] Missing map file: addons/sourcemod/configs/pugsetup/aim_maps.txt
L 12/06/2015 - 18:11:50: Error log file session closed.
L 12/06/2015 - 18:11:50: SourceMod error session started
L 12/06/2015 - 18:11:50: Info (map "surf_aircontrol_ksf") (file "errors_20151206.log")
L 12/06/2015 - 18:11:50: [SM] Plugin encountered error 25: Call was aborted
L 12/06/2015 - 18:11:50: [SM] Native "SetFailState" reported: CFG File not found: addons/sourcemod/configs/csgo_wpaints.cfg
L 12/06/2015 - 18:11:50: [SM] Displaying call stack trace for plugin "franug_weaponpaints.smx":
L 12/06/2015 - 18:11:50: [SM]   [0]  Line 394, franug_weaponpaints.sp::ReadPaints()
L 12/06/2015 - 18:11:50: [SM]   [1]  Line 101, franug_weaponpaints.sp::OnPluginStart()
L 12/06/2015 - 18:11:51: Failed to auto generate config for pugsetup.smx, make sure the directory has write permission.
L 12/06/2015 - 18:11:51: [pugsetup.smx] Missing map file: addons/sourcemod/configs/pugsetup/maps.txt
L 12/06/2015 - 18:11:51: [pugsetup.smx] Missing map file: addons/sourcemod/configs/pugsetup/aim_maps.txt
L 12/06/2015 - 18:15:41: Error log file session closed.
L 12/06/2015 - 18:15:41: SourceMod error session started
L 12/06/2015 - 18:15:41: Info (map "de_overpass") (file "errors_20151206.log")
L 12/06/2015 - 18:15:41: [SM] Plugin encountered error 25: Call was aborted
L 12/06/2015 - 18:15:41: [SM] Native "SetFailState" reported: CFG File not found: addons/sourcemod/configs/csgo_wpaints.cfg
L 12/06/2015 - 18:15:41: [SM] Displaying call stack trace for plugin "franug_weaponpaints.smx":
L 12/06/2015 - 18:15:41: [SM]   [0]  Line 394, franug_weaponpaints.sp::ReadPaints()
L 12/06/2015 - 18:15:41: [SM]   [1]  Line 101, franug_weaponpaints.sp::OnPluginStart()
L 12/06/2015 - 18:15:42: Failed to auto generate config for pugsetup.smx, make sure the directory has write permission.
L 12/06/2015 - 18:15:42: [pugsetup.smx] Missing map file: addons/sourcemod/configs/pugsetup/maps.txt
L 12/06/2015 - 18:15:42: [pugsetup.smx] Missing map file: addons/sourcemod/configs/pugsetup/aim_maps.txt
L 12/06/2015 - 18:16:40: Error log file session closed.
L 12/06/2015 - 18:16:41: SourceMod error session started
L 12/06/2015 - 18:16:41: Info (map "surf_waterworks") (file "errors_20151206.log")
L 12/06/2015 - 18:16:41: [SM] Plugin encountered error 25: Call was aborted
L 12/06/2015 - 18:16:41: [SM] Native "SetFailState" reported: CFG File not found: addons/sourcemod/configs/csgo_wpaints.cfg
L 12/06/2015 - 18:16:41: [SM] Displaying call stack trace for plugin "franug_weaponpaints.smx":
L 12/06/2015 - 18:16:41: [SM]   [0]  Line 394, franug_weaponpaints.sp::ReadPaints()
L 12/06/2015 - 18:16:41: [SM]   [1]  Line 101, franug_weaponpaints.sp::OnPluginStart()
L 12/06/2015 - 18:16:41: Failed to auto generate config for pugsetup.smx, make sure the directory has write permission.
L 12/06/2015 - 18:16:41: [pugsetup.smx] Missing map file: addons/sourcemod/configs/pugsetup/maps.txt
L 12/06/2015 - 18:16:41: [pugsetup.smx] Missing map file: addons/sourcemod/configs/pugsetup/aim_maps.txt
L 12/06/2015 - 18:18:00: Error log file session closed.
L 12/06/2015 - 18:18:00: SourceMod error session started
L 12/06/2015 - 18:18:00: Info (map "surf_waterworks") (file "errors_20151206.log")
L 12/06/2015 - 18:18:00: [SM] Plugin encountered error 25: Call was aborted
L 12/06/2015 - 18:18:00: [SM] Native "SetFailState" reported: CFG File not found: addons/sourcemod/configs/csgo_wpaints.cfg
L 12/06/2015 - 18:18:00: [SM] Displaying call stack trace for plugin "franug_weaponpaints.smx":
L 12/06/2015 - 18:18:00: [SM]   [0]  Line 394, franug_weaponpaints.sp::ReadPaints()
L 12/06/2015 - 18:18:00: [SM]   [1]  Line 101, franug_weaponpaints.sp::OnPluginStart()
L 12/06/2015 - 18:18:01: Failed to auto generate config for pugsetup.smx, make sure the directory has write permission.
L 12/06/2015 - 18:18:01: [pugsetup.smx] Missing map file: addons/sourcemod/configs/pugsetup/maps.txt
L 12/06/2015 - 18:18:01: [pugsetup.smx] Missing map file: addons/sourcemod/configs/pugsetup/aim_maps.txt
L 12/06/2015 - 18:18:23: Error log file session closed.
L 12/06/2015 - 18:18:23: SourceMod error session started
L 12/06/2015 - 18:18:23: Info (map "surf_mesa") (file "errors_20151206.log")
L 12/06/2015 - 18:18:23: [SM] Plugin encountered error 25: Call was aborted
L 12/06/2015 - 18:18:23: [SM] Native "SetFailState" reported: CFG File not found: addons/sourcemod/configs/csgo_wpaints.cfg
L 12/06/2015 - 18:18:23: [SM] Displaying call stack trace for plugin "franug_weaponpaints.smx":
L 12/06/2015 - 18:18:23: [SM]   [0]  Line 394, franug_weaponpaints.sp::ReadPaints()
L 12/06/2015 - 18:18:23: [SM]   [1]  Line 101, franug_weaponpaints.sp::OnPluginStart()
L 12/06/2015 - 18:18:24: Failed to auto generate config for pugsetup.smx, make sure the directory has write permission.
L 12/06/2015 - 18:18:24: [pugsetup.smx] Missing map file: addons/sourcemod/configs/pugsetup/maps.txt
L 12/06/2015 - 18:18:24: [pugsetup.smx] Missing map file: addons/sourcemod/configs/pugsetup/aim_maps.txt
L 12/06/2015 - 18:23:13: Error log file session closed.
L 12/06/2015 - 18:23:13: SourceMod error session started
L 12/06/2015 - 18:23:13: Info (map "surf_waterworks") (file "errors_20151206.log")
L 12/06/2015 - 18:23:13: [SM] Plugin encountered error 25: Call was aborted
L 12/06/2015 - 18:23:13: [SM] Native "SetFailState" reported: CFG File not found: addons/sourcemod/configs/csgo_wpaints.cfg
L 12/06/2015 - 18:23:13: [SM] Displaying call stack trace for plugin "franug_weaponpaints.smx":
L 12/06/2015 - 18:23:13: [SM]   [0]  Line 394, franug_weaponpaints.sp::ReadPaints()
L 12/06/2015 - 18:23:13: [SM]   [1]  Line 101, franug_weaponpaints.sp::OnPluginStart()
L 12/06/2015 - 18:23:13: Failed to auto generate config for pugsetup.smx, make sure the directory has write permission.
L 12/06/2015 - 18:23:13: [pugsetup.smx] Missing map file: addons/sourcemod/configs/pugsetup/maps.txt
L 12/06/2015 - 18:23:13: [pugsetup.smx] Missing map file: addons/sourcemod/configs/pugsetup/aim_maps.txt
L 12/06/2015 - 18:25:02: Error log file session closed.
L 12/06/2015 - 18:25:02: SourceMod error session started
L 12/06/2015 - 18:25:02: Info (map "surf_kitsune") (file "errors_20151206.log")
L 12/06/2015 - 18:25:02: [SM] Plugin encountered error 25: Call was aborted
L 12/06/2015 - 18:25:02: [SM] Native "SetFailState" reported: CFG File not found: addons/sourcemod/configs/csgo_wpaints.cfg
L 12/06/2015 - 18:25:02: [SM] Displaying call stack trace for plugin "franug_weaponpaints.smx":
L 12/06/2015 - 18:25:02: [SM]   [0]  Line 394, franug_weaponpaints.sp::ReadPaints()
L 12/06/2015 - 18:25:02: [SM]   [1]  Line 101, franug_weaponpaints.sp::OnPluginStart()
L 12/06/2015 - 18:25:03: Failed to auto generate config for pugsetup.smx, make sure the directory has write permission.
L 12/06/2015 - 18:25:03: [pugsetup.smx] Missing map file: addons/sourcemod/configs/pugsetup/maps.txt
L 12/06/2015 - 18:25:03: [pugsetup.smx] Missing map file: addons/sourcemod/configs/pugsetup/aim_maps.txt
L 12/06/2015 - 18:47:08: Error log file session closed.
L 12/06/2015 - 18:47:08: SourceMod error session started
L 12/06/2015 - 18:47:08: Info (map "surf_colours") (file "errors_20151206.log")
L 12/06/2015 - 18:47:08: [SM] Plugin encountered error 25: Call was aborted
L 12/06/2015 - 18:47:08: [SM] Native "SetFailState" reported: CFG File not found: addons/sourcemod/configs/csgo_wpaints.cfg
L 12/06/2015 - 18:47:08: [SM] Displaying call stack trace for plugin "franug_weaponpaints.smx":
L 12/06/2015 - 18:47:08: [SM]   [0]  Line 394, franug_weaponpaints.sp::ReadPaints()
L 12/06/2015 - 18:47:08: [SM]   [1]  Line 101, franug_weaponpaints.sp::OnPluginStart()
L 12/06/2015 - 18:47:09: Failed to auto generate config for pugsetup.smx, make sure the directory has write permission.
L 12/06/2015 - 18:47:09: [pugsetup.smx] Missing map file: addons/sourcemod/configs/pugsetup/maps.txt
L 12/06/2015 - 18:47:09: [pugsetup.smx] Missing map file: addons/sourcemod/configs/pugsetup/aim_maps.txt
L 12/06/2015 - 19:11:21: Error log file session closed.
L 12/06/2015 - 19:11:21: SourceMod error session started
L 12/06/2015 - 19:11:21: Info (map "surf_year3000") (file "errors_20151206.log")
L 12/06/2015 - 19:11:21: [SM] Plugin encountered error 25: Call was aborted
L 12/06/2015 - 19:11:21: [SM] Native "SetFailState" reported: CFG File not found: addons/sourcemod/configs/csgo_wpaints.cfg
L 12/06/2015 - 19:11:21: [SM] Displaying call stack trace for plugin "franug_weaponpaints.smx":
L 12/06/2015 - 19:11:21: [SM]   [0]  Line 394, franug_weaponpaints.sp::ReadPaints()
L 12/06/2015 - 19:11:21: [SM]   [1]  Line 101, franug_weaponpaints.sp::OnPluginStart()
L 12/06/2015 - 19:11:37: SourceMod error session started
L 12/06/2015 - 19:11:37: Info (map "surf_prelude_ksf") (file "errors_20151206.log")
L 12/06/2015 - 19:11:37: [SM] Plugin encountered error 25: Call was aborted
L 12/06/2015 - 19:11:37: [SM] Native "SetFailState" reported: CFG File not found: addons/sourcemod/configs/csgo_wpaints.cfg
L 12/06/2015 - 19:11:37: [SM] Displaying call stack trace for plugin "franug_weaponpaints.smx":
L 12/06/2015 - 19:11:37: [SM]   [0]  Line 394, franug_weaponpaints.sp::ReadPaints()
L 12/06/2015 - 19:11:37: [SM]   [1]  Line 101, franug_weaponpaints.sp::OnPluginStart()
L 12/06/2015 - 19:11:38: Failed to auto generate config for pugsetup.smx, make sure the directory has write permission.
L 12/06/2015 - 19:13:47: SourceMod error session started
L 12/06/2015 - 19:13:47: Info (map "surf_prelude_ksf") (file "errors_20151206.log")
L 12/06/2015 - 19:13:47: [SM] Plugin encountered error 25: Call was aborted
L 12/06/2015 - 19:13:47: [SM] Native "SetFailState" reported: CFG File not found: addons/sourcemod/configs/csgo_wpaints.cfg
L 12/06/2015 - 19:13:47: [SM] Displaying call stack trace for plugin "franug_weaponpaints.smx":
L 12/06/2015 - 19:13:47: [SM]   [0]  Line 394, franug_weaponpaints.sp::ReadPaints()
L 12/06/2015 - 19:13:47: [SM]   [1]  Line 101, franug_weaponpaints.sp::OnPluginStart()
L 12/06/2015 - 19:13:48: Failed to auto generate config for pugsetup.smx, make sure the directory has write permission.
L 12/06/2015 - 19:14:32: SourceMod error session started
L 12/06/2015 - 19:14:32: Info (map "surf_prelude_ksf") (file "errors_20151206.log")
L 12/06/2015 - 19:14:32: [SM] Plugin encountered error 25: Call was aborted
L 12/06/2015 - 19:14:32: [SM] Native "SetFailState" reported: CFG File not found: addons/sourcemod/configs/csgo_wpaints.cfg
L 12/06/2015 - 19:14:32: [SM] Displaying call stack trace for plugin "franug_weaponpaints.smx":
L 12/06/2015 - 19:14:32: [SM]   [0]  Line 394, franug_weaponpaints.sp::ReadPaints()
L 12/06/2015 - 19:14:32: [SM]   [1]  Line 101, franug_weaponpaints.sp::OnPluginStart()
L 12/06/2015 - 19:14:33: Failed to auto generate config for pugsetup.smx, make sure the directory has write permission.
L 12/06/2015 - 19:15:46: Error log file session closed.
L 12/06/2015 - 19:15:46: SourceMod error session started
L 12/06/2015 - 19:15:46: Info (map "surf_prelude_ksf") (file "errors_20151206.log")
L 12/06/2015 - 19:15:46: [SM] Plugin encountered error 25: Call was aborted
L 12/06/2015 - 19:15:46: [SM] Native "SetFailState" reported: CFG File not found: addons/sourcemod/configs/csgo_wpaints.cfg
L 12/06/2015 - 19:15:46: [SM] Displaying call stack trace for plugin "franug_weaponpaints.smx":
L 12/06/2015 - 19:15:46: [SM]   [0]  Line 394, franug_weaponpaints.sp::ReadPaints()
L 12/06/2015 - 19:15:46: [SM]   [1]  Line 101, franug_weaponpaints.sp::OnPluginStart()
L 12/06/2015 - 19:15:46: [pugsetup.smx] Missing map file: addons/sourcemod/configs/pugsetup/maps.txt
L 12/06/2015 - 19:15:46: [pugsetup.smx] Missing map file: addons/sourcemod/configs/pugsetup/aim_maps.txt
L 12/06/2015 - 19:15:47: Failed to auto generate config for pugsetup.smx, make sure the directory has write permission.
L 12/06/2015 - 19:47:26: Error log file session closed.
L 12/06/2015 - 19:47:26: SourceMod error session started
L 12/06/2015 - 19:47:26: Info (map "surf_fruits") (file "errors_20151206.log")
L 12/06/2015 - 19:47:26: [SM] Plugin encountered error 25: Call was aborted
L 12/06/2015 - 19:47:26: [SM] Native "SetFailState" reported: CFG File not found: addons/sourcemod/configs/csgo_wpaints.cfg
L 12/06/2015 - 19:47:26: [SM] Displaying call stack trace for plugin "franug_weaponpaints.smx":
L 12/06/2015 - 19:47:26: [SM]   [0]  Line 394, franug_weaponpaints.sp::ReadPaints()
L 12/06/2015 - 19:47:26: [SM]   [1]  Line 101, franug_weaponpaints.sp::OnPluginStart()
L 12/06/2015 - 19:47:26: Failed to auto generate config for pugsetup.smx, make sure the directory has write permission.
L 12/06/2015 - 19:47:26: [pugsetup.smx] Missing map file: addons/sourcemod/configs/pugsetup/maps.txt
L 12/06/2015 - 19:47:26: [pugsetup.smx] Missing map file: addons/sourcemod/configs/pugsetup/aim_maps.txt
L 12/06/2015 - 20:14:11: Error log file session closed.
L 12/06/2015 - 20:14:11: SourceMod error session started
L 12/06/2015 - 20:14:11: Info (map "kz_frozen_go") (file "errors_20151206.log")
L 12/06/2015 - 20:14:11: [SM] Plugin encountered error 25: Call was aborted
L 12/06/2015 - 20:14:11: [SM] Native "SetFailState" reported: CFG File not found: addons/sourcemod/configs/csgo_wpaints.cfg
L 12/06/2015 - 20:14:11: [SM] Displaying call stack trace for plugin "franug_weaponpaints.smx":
L 12/06/2015 - 20:14:11: [SM]   [0]  Line 394, franug_weaponpaints.sp::ReadPaints()
L 12/06/2015 - 20:14:11: [SM]   [1]  Line 101, franug_weaponpaints.sp::OnPluginStart()
L 12/06/2015 - 20:14:12: Failed to auto generate config for pugsetup.smx, make sure the directory has write permission.
L 12/06/2015 - 20:14:12: [pugsetup.smx] Missing map file: addons/sourcemod/configs/pugsetup/maps.txt
L 12/06/2015 - 20:14:12: [pugsetup.smx] Missing map file: addons/sourcemod/configs/pugsetup/aim_maps.txt
L 12/06/2015 - 20:37:20: Error log file session closed.
L 12/06/2015 - 20:37:20: SourceMod error session started
L 12/06/2015 - 20:37:20: Info (map "surf_aether") (file "errors_20151206.log")
L 12/06/2015 - 20:37:20: [SM] Plugin encountered error 25: Call was aborted
L 12/06/2015 - 20:37:20: [SM] Native "SetFailState" reported: CFG File not found: addons/sourcemod/configs/csgo_wpaints.cfg
L 12/06/2015 - 20:37:20: [SM] Displaying call stack trace for plugin "franug_weaponpaints.smx":
L 12/06/2015 - 20:37:20: [SM]   [0]  Line 394, franug_weaponpaints.sp::ReadPaints()
L 12/06/2015 - 20:37:20: [SM]   [1]  Line 101, franug_weaponpaints.sp::OnPluginStart()
L 12/06/2015 - 20:37:34: SourceMod error session started
L 12/06/2015 - 20:37:34: Info (map "surf_prelude_ksf") (file "errors_20151206.log")
L 12/06/2015 - 20:37:34: [SM] Plugin encountered error 25: Call was aborted
L 12/06/2015 - 20:37:34: [SM] Native "SetFailState" reported: CFG File not found: addons/sourcemod/configs/csgo_wpaints.cfg
L 12/06/2015 - 20:37:34: [SM] Displaying call stack trace for plugin "franug_weaponpaints.smx":
L 12/06/2015 - 20:37:34: [SM]   [0]  Line 394, franug_weaponpaints.sp::ReadPaints()
L 12/06/2015 - 20:37:34: [SM]   [1]  Line 101, franug_weaponpaints.sp::OnPluginStart()
L 12/06/2015 - 20:37:35: Failed to auto generate config for pugsetup.smx, make sure the directory has write permission.
L 12/06/2015 - 22:36:14: Error log file session closed.
L 12/06/2015 - 22:36:14: SourceMod error session started
L 12/06/2015 - 22:36:14: Info (map "surf_prelude_ksf") (file "errors_20151206.log")
L 12/06/2015 - 22:36:14: [SM] Plugin encountered error 25: Call was aborted
L 12/06/2015 - 22:36:14: [SM] Native "SetFailState" reported: CFG File not found: addons/sourcemod/configs/csgo_wpaints.cfg
L 12/06/2015 - 22:36:14: [SM] Displaying call stack trace for plugin "franug_weaponpaints.smx":
L 12/06/2015 - 22:36:14: [SM]   [0]  Line 394, franug_weaponpaints.sp::ReadPaints()
L 12/06/2015 - 22:36:14: [SM]   [1]  Line 101, franug_weaponpaints.sp::OnPluginStart()
L 12/06/2015 - 22:36:14: Failed to auto generate config for pugsetup.smx, make sure the directory has write permission.
L 12/06/2015 - 22:36:15: [pugsetup.smx] Missing map file: addons/sourcemod/configs/pugsetup/maps.txt
L 12/06/2015 - 22:36:15: [pugsetup.smx] Missing map file: addons/sourcemod/configs/pugsetup/aim_maps.txt
L 12/06/2015 - 22:37:45: Error log file session closed.
L 12/06/2015 - 22:37:45: SourceMod error session started
L 12/06/2015 - 22:37:45: Info (map "kz_frozen_go") (file "errors_20151206.log")
L 12/06/2015 - 22:37:45: [SM] Plugin encountered error 25: Call was aborted
L 12/06/2015 - 22:37:45: [SM] Native "SetFailState" reported: CFG File not found: addons/sourcemod/configs/csgo_wpaints.cfg
L 12/06/2015 - 22:37:45: [SM] Displaying call stack trace for plugin "franug_weaponpaints.smx":
L 12/06/2015 - 22:37:45: [SM]   [0]  Line 394, franug_weaponpaints.sp::ReadPaints()
L 12/06/2015 - 22:37:45: [SM]   [1]  Line 101, franug_weaponpaints.sp::OnPluginStart()
L 12/06/2015 - 22:37:45: Failed to auto generate config for pugsetup.smx, make sure the directory has write permission.
L 12/06/2015 - 22:37:45: [pugsetup.smx] Missing map file: addons/sourcemod/configs/pugsetup/maps.txt
L 12/06/2015 - 22:37:45: [pugsetup.smx] Missing map file: addons/sourcemod/configs/pugsetup/aim_maps.txt
