L 11/15/2015 - 00:02:43: SourceMod error session started
L 11/15/2015 - 00:02:43: Info (map "de_dust2") (file "errors_20151115.log")
L 11/15/2015 - 00:02:43: Error log file session closed.
L 11/15/2015 - 00:02:44: SourceMod error session started
L 11/15/2015 - 00:02:44: Info (map "de_dust2") (file "errors_20151115.log")
L 11/15/2015 - 00:02:44: [SM] Plugin encountered error 25: Call was aborted
L 11/15/2015 - 00:02:44: [SM] Native "SetFailState" reported: CFG File not found: addons\sourcemod\configs\csgo_wpaints.cfg
L 11/15/2015 - 00:02:44: [SM] Displaying call stack trace for plugin "franug_weaponpaints.smx":
L 11/15/2015 - 00:02:44: [SM]   [0]  Line 394, franug_weaponpaints.sp::ReadPaints()
L 11/15/2015 - 00:02:44: [SM]   [1]  Line 101, franug_weaponpaints.sp::OnPluginStart()
L 11/15/2015 - 00:02:46: Failed to auto generate config for pugsetup.smx, make sure the directory has write permission.
L 11/15/2015 - 00:02:48: [pugsetup.smx] Missing map file: addons\sourcemod\configs\pugsetup\maps.txt
L 11/15/2015 - 00:02:48: [pugsetup.smx] Missing map file: addons\sourcemod\configs\pugsetup\aim_maps.txt
L 11/15/2015 - 00:31:54: SourceMod error session started
L 11/15/2015 - 00:31:54: Info (map "de_dust2") (file "errors_20151115.log")
L 11/15/2015 - 00:31:54: [SM] Plugin encountered error 25: Call was aborted
L 11/15/2015 - 00:31:54: [SM] Native "SetFailState" reported: CFG File not found: addons\sourcemod\configs\csgo_wpaints.cfg
L 11/15/2015 - 00:31:54: [SM] Displaying call stack trace for plugin "franug_weaponpaints.smx":
L 11/15/2015 - 00:31:54: [SM]   [0]  Line 394, franug_weaponpaints.sp::ReadPaints()
L 11/15/2015 - 00:31:54: [SM]   [1]  Line 101, franug_weaponpaints.sp::OnPluginStart()
L 11/15/2015 - 00:32:00: Failed to auto generate config for pugsetup.smx, make sure the directory has write permission.
L 11/15/2015 - 00:32:02: [pugsetup.smx] Missing map file: addons\sourcemod\configs\pugsetup\maps.txt
L 11/15/2015 - 00:32:02: [pugsetup.smx] Missing map file: addons\sourcemod\configs\pugsetup\aim_maps.txt
L 11/15/2015 - 18:55:24: SourceMod error session started
L 11/15/2015 - 18:55:24: Info (map "de_dust2") (file "errors_20151115.log")
L 11/15/2015 - 18:55:24: [SM] Plugin encountered error 25: Call was aborted
L 11/15/2015 - 18:55:24: [SM] Native "SetFailState" reported: CFG File not found: addons\sourcemod\configs\csgo_wpaints.cfg
L 11/15/2015 - 18:55:24: [SM] Displaying call stack trace for plugin "franug_weaponpaints.smx":
L 11/15/2015 - 18:55:24: [SM]   [0]  Line 394, franug_weaponpaints.sp::ReadPaints()
L 11/15/2015 - 18:55:24: [SM]   [1]  Line 101, franug_weaponpaints.sp::OnPluginStart()
L 11/15/2015 - 18:55:32: Failed to auto generate config for pugsetup.smx, make sure the directory has write permission.
L 11/15/2015 - 18:55:34: [pugsetup.smx] Missing map file: addons\sourcemod\configs\pugsetup\maps.txt
L 11/15/2015 - 18:55:34: [pugsetup.smx] Missing map file: addons\sourcemod\configs\pugsetup\aim_maps.txt
L 11/15/2015 - 18:56:03: SourceMod error session started
L 11/15/2015 - 18:56:03: Info (map "de_dust2") (file "errors_20151115.log")
L 11/15/2015 - 18:56:03: [SM] Plugin encountered error 25: Call was aborted
L 11/15/2015 - 18:56:03: [SM] Native "SetFailState" reported: CFG File not found: addons\sourcemod\configs\csgo_wpaints.cfg
L 11/15/2015 - 18:56:03: [SM] Displaying call stack trace for plugin "franug_weaponpaints.smx":
L 11/15/2015 - 18:56:03: [SM]   [0]  Line 394, franug_weaponpaints.sp::ReadPaints()
L 11/15/2015 - 18:56:03: [SM]   [1]  Line 101, franug_weaponpaints.sp::OnPluginStart()
L 11/15/2015 - 18:56:04: Failed to auto generate config for pugsetup.smx, make sure the directory has write permission.
L 11/15/2015 - 18:56:04: [pugsetup.smx] Missing map file: addons\sourcemod\configs\pugsetup\maps.txt
L 11/15/2015 - 18:56:04: [pugsetup.smx] Missing map file: addons\sourcemod\configs\pugsetup\aim_maps.txt
L 11/15/2015 - 18:56:47: Error log file session closed.
L 11/15/2015 - 18:56:47: SourceMod error session started
L 11/15/2015 - 18:56:47: Info (map "de_dust2") (file "errors_20151115.log")
L 11/15/2015 - 18:56:47: [SM] Plugin encountered error 25: Call was aborted
L 11/15/2015 - 18:56:47: [SM] Native "SetFailState" reported: CFG File not found: addons\sourcemod\configs\csgo_wpaints.cfg
L 11/15/2015 - 18:56:47: [SM] Displaying call stack trace for plugin "franug_weaponpaints.smx":
L 11/15/2015 - 18:56:47: [SM]   [0]  Line 394, franug_weaponpaints.sp::ReadPaints()
L 11/15/2015 - 18:56:47: [SM]   [1]  Line 101, franug_weaponpaints.sp::OnPluginStart()
L 11/15/2015 - 18:56:48: Failed to auto generate config for pugsetup.smx, make sure the directory has write permission.
L 11/15/2015 - 18:56:48: [pugsetup.smx] Missing map file: addons\sourcemod\configs\pugsetup\maps.txt
L 11/15/2015 - 18:56:48: [pugsetup.smx] Missing map file: addons\sourcemod\configs\pugsetup\aim_maps.txt
L 11/15/2015 - 18:57:14: SourceMod error session started
L 11/15/2015 - 18:57:14: Info (map "de_dust2") (file "errors_20151115.log")
L 11/15/2015 - 18:57:14: [SM] Plugin encountered error 25: Call was aborted
L 11/15/2015 - 18:57:14: [SM] Native "SetFailState" reported: CFG File not found: addons\sourcemod\configs\csgo_wpaints.cfg
L 11/15/2015 - 18:57:14: [SM] Displaying call stack trace for plugin "franug_weaponpaints.smx":
L 11/15/2015 - 18:57:14: [SM]   [0]  Line 394, franug_weaponpaints.sp::ReadPaints()
L 11/15/2015 - 18:57:14: [SM]   [1]  Line 101, franug_weaponpaints.sp::OnPluginStart()
L 11/15/2015 - 18:57:15: Failed to auto generate config for pugsetup.smx, make sure the directory has write permission.
L 11/15/2015 - 18:57:15: [pugsetup.smx] Missing map file: addons\sourcemod\configs\pugsetup\maps.txt
L 11/15/2015 - 18:57:15: [pugsetup.smx] Missing map file: addons\sourcemod\configs\pugsetup\aim_maps.txt
L 11/15/2015 - 18:57:34: Error log file session closed.
L 11/15/2015 - 18:57:34: SourceMod error session started
L 11/15/2015 - 18:57:34: Info (map "de_dust2") (file "errors_20151115.log")
L 11/15/2015 - 18:57:34: [SM] Plugin encountered error 25: Call was aborted
L 11/15/2015 - 18:57:34: [SM] Native "SetFailState" reported: CFG File not found: addons\sourcemod\configs\csgo_wpaints.cfg
L 11/15/2015 - 18:57:34: [SM] Displaying call stack trace for plugin "franug_weaponpaints.smx":
L 11/15/2015 - 18:57:34: [SM]   [0]  Line 394, franug_weaponpaints.sp::ReadPaints()
L 11/15/2015 - 18:57:34: [SM]   [1]  Line 101, franug_weaponpaints.sp::OnPluginStart()
L 11/15/2015 - 18:57:34: Failed to auto generate config for pugsetup.smx, make sure the directory has write permission.
L 11/15/2015 - 18:57:34: [pugsetup.smx] Missing map file: addons\sourcemod\configs\pugsetup\maps.txt
L 11/15/2015 - 18:57:34: [pugsetup.smx] Missing map file: addons\sourcemod\configs\pugsetup\aim_maps.txt
L 11/15/2015 - 20:27:14: SourceMod error session started
L 11/15/2015 - 20:27:14: Info (map "de_dust2") (file "errors_20151115.log")
L 11/15/2015 - 20:27:14: [SM] Plugin encountered error 25: Call was aborted
L 11/15/2015 - 20:27:14: [SM] Native "SetFailState" reported: CFG File not found: addons\sourcemod\configs\csgo_wpaints.cfg
L 11/15/2015 - 20:27:14: [SM] Displaying call stack trace for plugin "franug_weaponpaints.smx":
L 11/15/2015 - 20:27:14: [SM]   [0]  Line 394, franug_weaponpaints.sp::ReadPaints()
L 11/15/2015 - 20:27:14: [SM]   [1]  Line 101, franug_weaponpaints.sp::OnPluginStart()
L 11/15/2015 - 20:27:20: Failed to auto generate config for pugsetup.smx, make sure the directory has write permission.
L 11/15/2015 - 20:27:22: [pugsetup.smx] Missing map file: addons\sourcemod\configs\pugsetup\maps.txt
L 11/15/2015 - 20:27:22: [pugsetup.smx] Missing map file: addons\sourcemod\configs\pugsetup\aim_maps.txt
L 11/15/2015 - 20:27:53: Error log file session closed.
L 11/15/2015 - 20:27:53: SourceMod error session started
L 11/15/2015 - 20:27:53: Info (map "de_dust2") (file "errors_20151115.log")
L 11/15/2015 - 20:27:53: [SM] Plugin encountered error 25: Call was aborted
L 11/15/2015 - 20:27:53: [SM] Native "SetFailState" reported: CFG File not found: addons\sourcemod\configs\csgo_wpaints.cfg
L 11/15/2015 - 20:27:53: [SM] Displaying call stack trace for plugin "franug_weaponpaints.smx":
L 11/15/2015 - 20:27:53: [SM]   [0]  Line 394, franug_weaponpaints.sp::ReadPaints()
L 11/15/2015 - 20:27:53: [SM]   [1]  Line 101, franug_weaponpaints.sp::OnPluginStart()
L 11/15/2015 - 20:27:53: Failed to auto generate config for pugsetup.smx, make sure the directory has write permission.
L 11/15/2015 - 20:27:53: [pugsetup.smx] Missing map file: addons\sourcemod\configs\pugsetup\maps.txt
L 11/15/2015 - 20:27:53: [pugsetup.smx] Missing map file: addons\sourcemod\configs\pugsetup\aim_maps.txt
L 11/15/2015 - 20:32:30: Error log file session closed.
L 11/15/2015 - 20:32:30: SourceMod error session started
L 11/15/2015 - 20:32:30: Info (map "de_cbble") (file "errors_20151115.log")
L 11/15/2015 - 20:32:30: [SM] Plugin encountered error 25: Call was aborted
L 11/15/2015 - 20:32:30: [SM] Native "SetFailState" reported: CFG File not found: addons\sourcemod\configs\csgo_wpaints.cfg
L 11/15/2015 - 20:32:30: [SM] Displaying call stack trace for plugin "franug_weaponpaints.smx":
L 11/15/2015 - 20:32:30: [SM]   [0]  Line 394, franug_weaponpaints.sp::ReadPaints()
L 11/15/2015 - 20:32:30: [SM]   [1]  Line 101, franug_weaponpaints.sp::OnPluginStart()
L 11/15/2015 - 20:32:31: Failed to auto generate config for pugsetup.smx, make sure the directory has write permission.
L 11/15/2015 - 20:32:31: [pugsetup.smx] Missing map file: addons\sourcemod\configs\pugsetup\maps.txt
L 11/15/2015 - 20:32:31: [pugsetup.smx] Missing map file: addons\sourcemod\configs\pugsetup\aim_maps.txt
L 11/15/2015 - 20:34:42: [pugsetup.smx] Failed to open file for reading: cfg/sourcemod/pugsetup/knife.cfg
L 11/15/2015 - 20:34:42: [pugsetup.smx] Failed to save cvar values when executing sourcemod/pugsetup/knife.cfg
L 11/15/2015 - 20:54:12: Error log file session closed.
L 11/15/2015 - 20:54:12: SourceMod error session started
L 11/15/2015 - 20:54:12: Info (map "de_cbble") (file "errors_20151115.log")
L 11/15/2015 - 20:54:12: [SM] Plugin encountered error 25: Call was aborted
L 11/15/2015 - 20:54:12: [SM] Native "SetFailState" reported: CFG File not found: addons\sourcemod\configs\csgo_wpaints.cfg
L 11/15/2015 - 20:54:12: [SM] Displaying call stack trace for plugin "franug_weaponpaints.smx":
L 11/15/2015 - 20:54:12: [SM]   [0]  Line 394, franug_weaponpaints.sp::ReadPaints()
L 11/15/2015 - 20:54:12: [SM]   [1]  Line 101, franug_weaponpaints.sp::OnPluginStart()
L 11/15/2015 - 20:54:12: Failed to auto generate config for pugsetup.smx, make sure the directory has write permission.
L 11/15/2015 - 20:54:13: [pugsetup.smx] Missing map file: addons\sourcemod\configs\pugsetup\maps.txt
L 11/15/2015 - 20:54:13: [pugsetup.smx] Missing map file: addons\sourcemod\configs\pugsetup\aim_maps.txt
L 11/15/2015 - 21:11:00: Error log file session closed.
L 11/15/2015 - 21:11:00: SourceMod error session started
L 11/15/2015 - 21:11:00: Info (map "de_train") (file "errors_20151115.log")
L 11/15/2015 - 21:11:00: [SM] Plugin encountered error 25: Call was aborted
L 11/15/2015 - 21:11:00: [SM] Native "SetFailState" reported: CFG File not found: addons\sourcemod\configs\csgo_wpaints.cfg
L 11/15/2015 - 21:11:00: [SM] Displaying call stack trace for plugin "franug_weaponpaints.smx":
L 11/15/2015 - 21:11:00: [SM]   [0]  Line 394, franug_weaponpaints.sp::ReadPaints()
L 11/15/2015 - 21:11:00: [SM]   [1]  Line 101, franug_weaponpaints.sp::OnPluginStart()
L 11/15/2015 - 21:11:02: Failed to auto generate config for pugsetup.smx, make sure the directory has write permission.
L 11/15/2015 - 21:11:02: [pugsetup.smx] Missing map file: addons\sourcemod\configs\pugsetup\maps.txt
L 11/15/2015 - 21:11:02: [pugsetup.smx] Missing map file: addons\sourcemod\configs\pugsetup\aim_maps.txt
L 11/15/2015 - 21:21:03: SourceMod error session started
L 11/15/2015 - 21:21:03: Info (map "de_dust2") (file "errors_20151115.log")
L 11/15/2015 - 21:21:03: [SM] Plugin encountered error 25: Call was aborted
L 11/15/2015 - 21:21:03: [SM] Native "SetFailState" reported: CFG File not found: addons\sourcemod\configs\csgo_wpaints.cfg
L 11/15/2015 - 21:21:03: [SM] Displaying call stack trace for plugin "franug_weaponpaints.smx":
L 11/15/2015 - 21:21:03: [SM]   [0]  Line 394, franug_weaponpaints.sp::ReadPaints()
L 11/15/2015 - 21:21:03: [SM]   [1]  Line 101, franug_weaponpaints.sp::OnPluginStart()
L 11/15/2015 - 21:21:09: Failed to auto generate config for pugsetup.smx, make sure the directory has write permission.
L 11/15/2015 - 21:21:09: [pugsetup.smx] Missing map file: addons\sourcemod\configs\pugsetup\maps.txt
L 11/15/2015 - 21:21:09: [pugsetup.smx] Missing map file: addons\sourcemod\configs\pugsetup\aim_maps.txt
L 11/15/2015 - 21:21:52: Error log file session closed.
L 11/15/2015 - 21:21:52: SourceMod error session started
L 11/15/2015 - 21:21:52: Info (map "de_dust2") (file "errors_20151115.log")
L 11/15/2015 - 21:21:52: [SM] Plugin encountered error 25: Call was aborted
L 11/15/2015 - 21:21:52: [SM] Native "SetFailState" reported: CFG File not found: addons\sourcemod\configs\csgo_wpaints.cfg
L 11/15/2015 - 21:21:52: [SM] Displaying call stack trace for plugin "franug_weaponpaints.smx":
L 11/15/2015 - 21:21:52: [SM]   [0]  Line 394, franug_weaponpaints.sp::ReadPaints()
L 11/15/2015 - 21:21:52: [SM]   [1]  Line 101, franug_weaponpaints.sp::OnPluginStart()
L 11/15/2015 - 21:21:53: Failed to auto generate config for pugsetup.smx, make sure the directory has write permission.
L 11/15/2015 - 21:21:53: [pugsetup.smx] Missing map file: addons\sourcemod\configs\pugsetup\maps.txt
L 11/15/2015 - 21:21:53: [pugsetup.smx] Missing map file: addons\sourcemod\configs\pugsetup\aim_maps.txt
L 11/15/2015 - 21:26:27: SourceMod error session started
L 11/15/2015 - 21:26:27: Info (map "de_dust2") (file "errors_20151115.log")
L 11/15/2015 - 21:26:27: [SM] Plugin encountered error 25: Call was aborted
L 11/15/2015 - 21:26:27: [SM] Native "SetFailState" reported: CFG File not found: addons\sourcemod\configs\csgo_wpaints.cfg
L 11/15/2015 - 21:26:27: [SM] Displaying call stack trace for plugin "franug_weaponpaints.smx":
L 11/15/2015 - 21:26:27: [SM]   [0]  Line 394, franug_weaponpaints.sp::ReadPaints()
L 11/15/2015 - 21:26:27: [SM]   [1]  Line 101, franug_weaponpaints.sp::OnPluginStart()
L 11/15/2015 - 21:26:28: Failed to auto generate config for pugsetup.smx, make sure the directory has write permission.
L 11/15/2015 - 21:26:28: [pugsetup.smx] Missing map file: addons\sourcemod\configs\pugsetup\maps.txt
L 11/15/2015 - 21:26:28: [pugsetup.smx] Missing map file: addons\sourcemod\configs\pugsetup\aim_maps.txt
L 11/15/2015 - 21:30:53: Error log file session closed.
L 11/15/2015 - 21:30:53: SourceMod error session started
L 11/15/2015 - 21:30:53: Info (map "de_dust2") (file "errors_20151115.log")
L 11/15/2015 - 21:30:53: [SM] Plugin encountered error 25: Call was aborted
L 11/15/2015 - 21:30:53: [SM] Native "SetFailState" reported: CFG File not found: addons\sourcemod\configs\csgo_wpaints.cfg
L 11/15/2015 - 21:30:53: [SM] Displaying call stack trace for plugin "franug_weaponpaints.smx":
L 11/15/2015 - 21:30:53: [SM]   [0]  Line 394, franug_weaponpaints.sp::ReadPaints()
L 11/15/2015 - 21:30:53: [SM]   [1]  Line 101, franug_weaponpaints.sp::OnPluginStart()
L 11/15/2015 - 21:30:53: Failed to auto generate config for pugsetup.smx, make sure the directory has write permission.
L 11/15/2015 - 21:30:53: [pugsetup.smx] Missing map file: addons\sourcemod\configs\pugsetup\maps.txt
L 11/15/2015 - 21:30:53: [pugsetup.smx] Missing map file: addons\sourcemod\configs\pugsetup\aim_maps.txt
L 11/15/2015 - 21:31:58: Error log file session closed.
L 11/15/2015 - 21:31:58: SourceMod error session started
L 11/15/2015 - 21:31:58: Info (map "de_inferno") (file "errors_20151115.log")
L 11/15/2015 - 21:31:58: [SM] Plugin encountered error 25: Call was aborted
L 11/15/2015 - 21:31:58: [SM] Native "SetFailState" reported: CFG File not found: addons\sourcemod\configs\csgo_wpaints.cfg
L 11/15/2015 - 21:31:58: [SM] Displaying call stack trace for plugin "franug_weaponpaints.smx":
L 11/15/2015 - 21:31:58: [SM]   [0]  Line 394, franug_weaponpaints.sp::ReadPaints()
L 11/15/2015 - 21:31:58: [SM]   [1]  Line 101, franug_weaponpaints.sp::OnPluginStart()
L 11/15/2015 - 21:31:58: Failed to auto generate config for pugsetup.smx, make sure the directory has write permission.
L 11/15/2015 - 21:31:58: [pugsetup.smx] Missing map file: addons\sourcemod\configs\pugsetup\maps.txt
L 11/15/2015 - 21:31:58: [pugsetup.smx] Missing map file: addons\sourcemod\configs\pugsetup\aim_maps.txt
L 11/15/2015 - 21:32:47: Error log file session closed.
L 11/15/2015 - 21:32:47: SourceMod error session started
L 11/15/2015 - 21:32:47: Info (map "de_inferno") (file "errors_20151115.log")
L 11/15/2015 - 21:32:47: [SM] Plugin encountered error 25: Call was aborted
L 11/15/2015 - 21:32:47: [SM] Native "SetFailState" reported: CFG File not found: addons\sourcemod\configs\csgo_wpaints.cfg
L 11/15/2015 - 21:32:47: [SM] Displaying call stack trace for plugin "franug_weaponpaints.smx":
L 11/15/2015 - 21:32:47: [SM]   [0]  Line 394, franug_weaponpaints.sp::ReadPaints()
L 11/15/2015 - 21:32:47: [SM]   [1]  Line 101, franug_weaponpaints.sp::OnPluginStart()
L 11/15/2015 - 21:32:47: Failed to auto generate config for pugsetup.smx, make sure the directory has write permission.
L 11/15/2015 - 21:32:48: [pugsetup.smx] Missing map file: addons\sourcemod\configs\pugsetup\maps.txt
L 11/15/2015 - 21:32:48: [pugsetup.smx] Missing map file: addons\sourcemod\configs\pugsetup\aim_maps.txt
L 11/15/2015 - 21:33:34: Error log file session closed.
L 11/15/2015 - 21:33:34: SourceMod error session started
L 11/15/2015 - 21:33:34: Info (map "de_nuke") (file "errors_20151115.log")
L 11/15/2015 - 21:33:34: [SM] Plugin encountered error 25: Call was aborted
L 11/15/2015 - 21:33:34: [SM] Native "SetFailState" reported: CFG File not found: addons\sourcemod\configs\csgo_wpaints.cfg
L 11/15/2015 - 21:33:34: [SM] Displaying call stack trace for plugin "franug_weaponpaints.smx":
L 11/15/2015 - 21:33:34: [SM]   [0]  Line 394, franug_weaponpaints.sp::ReadPaints()
L 11/15/2015 - 21:33:34: [SM]   [1]  Line 101, franug_weaponpaints.sp::OnPluginStart()
L 11/15/2015 - 21:33:35: Failed to auto generate config for pugsetup.smx, make sure the directory has write permission.
L 11/15/2015 - 21:33:35: [pugsetup.smx] Missing map file: addons\sourcemod\configs\pugsetup\maps.txt
L 11/15/2015 - 21:33:35: [pugsetup.smx] Missing map file: addons\sourcemod\configs\pugsetup\aim_maps.txt
L 11/15/2015 - 21:46:54: SourceMod error session started
L 11/15/2015 - 21:46:54: Info (map "de_dust2") (file "errors_20151115.log")
L 11/15/2015 - 21:46:54: [SM] Plugin encountered error 25: Call was aborted
L 11/15/2015 - 21:46:54: [SM] Native "SetFailState" reported: CFG File not found: addons\sourcemod\configs\csgo_wpaints.cfg
L 11/15/2015 - 21:46:54: [SM] Displaying call stack trace for plugin "franug_weaponpaints.smx":
L 11/15/2015 - 21:46:54: [SM]   [0]  Line 394, franug_weaponpaints.sp::ReadPaints()
L 11/15/2015 - 21:46:54: [SM]   [1]  Line 101, franug_weaponpaints.sp::OnPluginStart()
L 11/15/2015 - 21:46:55: Failed to auto generate config for pugsetup.smx, make sure the directory has write permission.
L 11/15/2015 - 21:46:55: [pugsetup.smx] Missing map file: addons\sourcemod\configs\pugsetup\maps.txt
L 11/15/2015 - 21:46:55: [pugsetup.smx] Missing map file: addons\sourcemod\configs\pugsetup\aim_maps.txt
