L 12/16/2015 - 00:09:18: SourceMod error session started
L 12/16/2015 - 00:09:18: Info (map "surf_b_r_o_x_x_x") (file "errors_20151216.log")
L 12/16/2015 - 00:09:18: Error log file session closed.
L 12/16/2015 - 00:09:18: SourceMod error session started
L 12/16/2015 - 00:09:18: Info (map "surf_b_r_o_x_x_x") (file "errors_20151216.log")
L 12/16/2015 - 00:09:18: [SM] Plugin encountered error 25: Call was aborted
L 12/16/2015 - 00:09:18: [SM] Native "SetFailState" reported: [KZTimer] Unable to connect to database (Configuration "kztimer" not found)
L 12/16/2015 - 00:09:18: [SM] Displaying call stack trace for plugin "KZTimer.smx":
L 12/16/2015 - 00:09:18: [SM]   [0]  Line 331, kztimer/sql.sp::db_setupDatabase()
L 12/16/2015 - 00:09:18: [SM]   [1]  Line 1128, KZTimer.sp::OnPluginStart()
L 12/16/2015 - 00:09:18: [SM] Plugin encountered error 25: Call was aborted
L 12/16/2015 - 00:09:18: [SM] Native "SetFailState" reported: CFG File not found: addons/sourcemod/configs/csgo_wpaints.cfg
L 12/16/2015 - 00:09:18: [SM] Displaying call stack trace for plugin "franug_weaponpaints.smx":
L 12/16/2015 - 00:09:18: [SM]   [0]  Line 394, franug_weaponpaints.sp::ReadPaints()
L 12/16/2015 - 00:09:18: [SM]   [1]  Line 101, franug_weaponpaints.sp::OnPluginStart()
L 12/16/2015 - 00:09:19: Failed to auto generate config for pugsetup.smx, make sure the directory has write permission.
L 12/16/2015 - 00:09:19: [pugsetup.smx] Missing map file: addons/sourcemod/configs/pugsetup/maps.txt
L 12/16/2015 - 00:09:19: [pugsetup.smx] Missing map file: addons/sourcemod/configs/pugsetup/aim_maps.txt
L 12/16/2015 - 00:11:37: Error log file session closed.
L 12/16/2015 - 00:11:37: SourceMod error session started
L 12/16/2015 - 00:11:37: Info (map "surf_coralis_ksf-") (file "errors_20151216.log")
L 12/16/2015 - 00:11:37: [SM] Plugin encountered error 25: Call was aborted
L 12/16/2015 - 00:11:37: [SM] Native "SetFailState" reported: [KZTimer] Unable to connect to database (Configuration "kztimer" not found)
L 12/16/2015 - 00:11:37: [SM] Displaying call stack trace for plugin "KZTimer.smx":
L 12/16/2015 - 00:11:37: [SM]   [0]  Line 331, kztimer/sql.sp::db_setupDatabase()
L 12/16/2015 - 00:11:37: [SM]   [1]  Line 1128, KZTimer.sp::OnPluginStart()
L 12/16/2015 - 00:11:37: [SM] Plugin encountered error 25: Call was aborted
L 12/16/2015 - 00:11:37: [SM] Native "SetFailState" reported: CFG File not found: addons/sourcemod/configs/csgo_wpaints.cfg
L 12/16/2015 - 00:11:37: [SM] Displaying call stack trace for plugin "franug_weaponpaints.smx":
L 12/16/2015 - 00:11:37: [SM]   [0]  Line 394, franug_weaponpaints.sp::ReadPaints()
L 12/16/2015 - 00:11:37: [SM]   [1]  Line 101, franug_weaponpaints.sp::OnPluginStart()
L 12/16/2015 - 00:11:38: Failed to auto generate config for pugsetup.smx, make sure the directory has write permission.
L 12/16/2015 - 00:11:38: [pugsetup.smx] Missing map file: addons/sourcemod/configs/pugsetup/maps.txt
L 12/16/2015 - 00:11:38: [pugsetup.smx] Missing map file: addons/sourcemod/configs/pugsetup/aim_maps.txt
L 12/16/2015 - 00:18:59: Error log file session closed.
L 12/16/2015 - 00:18:59: SourceMod error session started
L 12/16/2015 - 00:18:59: Info (map "surf_water-run_banjo_skill") (file "errors_20151216.log")
L 12/16/2015 - 00:18:59: [SM] Plugin encountered error 25: Call was aborted
L 12/16/2015 - 00:18:59: [SM] Native "SetFailState" reported: [KZTimer] Unable to connect to database (Configuration "kztimer" not found)
L 12/16/2015 - 00:18:59: [SM] Displaying call stack trace for plugin "KZTimer.smx":
L 12/16/2015 - 00:18:59: [SM]   [0]  Line 331, kztimer/sql.sp::db_setupDatabase()
L 12/16/2015 - 00:18:59: [SM]   [1]  Line 1128, KZTimer.sp::OnPluginStart()
L 12/16/2015 - 00:18:59: [SM] Plugin encountered error 25: Call was aborted
L 12/16/2015 - 00:18:59: [SM] Native "SetFailState" reported: CFG File not found: addons/sourcemod/configs/csgo_wpaints.cfg
L 12/16/2015 - 00:18:59: [SM] Displaying call stack trace for plugin "franug_weaponpaints.smx":
L 12/16/2015 - 00:18:59: [SM]   [0]  Line 394, franug_weaponpaints.sp::ReadPaints()
L 12/16/2015 - 00:18:59: [SM]   [1]  Line 101, franug_weaponpaints.sp::OnPluginStart()
L 12/16/2015 - 00:19:00: Failed to auto generate config for pugsetup.smx, make sure the directory has write permission.
L 12/16/2015 - 00:19:00: [pugsetup.smx] Missing map file: addons/sourcemod/configs/pugsetup/maps.txt
L 12/16/2015 - 00:19:00: [pugsetup.smx] Missing map file: addons/sourcemod/configs/pugsetup/aim_maps.txt
L 12/16/2015 - 00:21:14: Error log file session closed.
L 12/16/2015 - 00:21:14: SourceMod error session started
L 12/16/2015 - 00:21:14: Info (map "surf_forbidden_ways_ksf") (file "errors_20151216.log")
L 12/16/2015 - 00:21:14: [SM] Plugin encountered error 25: Call was aborted
L 12/16/2015 - 00:21:14: [SM] Native "SetFailState" reported: [KZTimer] Unable to connect to database (Configuration "kztimer" not found)
L 12/16/2015 - 00:21:14: [SM] Displaying call stack trace for plugin "KZTimer.smx":
L 12/16/2015 - 00:21:14: [SM]   [0]  Line 331, kztimer/sql.sp::db_setupDatabase()
L 12/16/2015 - 00:21:14: [SM]   [1]  Line 1128, KZTimer.sp::OnPluginStart()
L 12/16/2015 - 00:21:14: [SM] Plugin encountered error 25: Call was aborted
L 12/16/2015 - 00:21:14: [SM] Native "SetFailState" reported: CFG File not found: addons/sourcemod/configs/csgo_wpaints.cfg
L 12/16/2015 - 00:21:14: [SM] Displaying call stack trace for plugin "franug_weaponpaints.smx":
L 12/16/2015 - 00:21:14: [SM]   [0]  Line 394, franug_weaponpaints.sp::ReadPaints()
L 12/16/2015 - 00:21:14: [SM]   [1]  Line 101, franug_weaponpaints.sp::OnPluginStart()
L 12/16/2015 - 00:21:15: Failed to auto generate config for pugsetup.smx, make sure the directory has write permission.
L 12/16/2015 - 00:21:15: [pugsetup.smx] Missing map file: addons/sourcemod/configs/pugsetup/maps.txt
L 12/16/2015 - 00:21:15: [pugsetup.smx] Missing map file: addons/sourcemod/configs/pugsetup/aim_maps.txt
L 12/16/2015 - 01:18:20: Error log file session closed.
L 12/16/2015 - 01:18:20: SourceMod error session started
L 12/16/2015 - 01:18:20: Info (map "surf_forbidden_ways_ksf") (file "errors_20151216.log")
L 12/16/2015 - 01:18:20: [SM] Plugin encountered error 25: Call was aborted
L 12/16/2015 - 01:18:20: [SM] Native "SetFailState" reported: [KZTimer] Unable to connect to database (Configuration "kztimer" not found)
L 12/16/2015 - 01:18:20: [SM] Displaying call stack trace for plugin "KZTimer.smx":
L 12/16/2015 - 01:18:20: [SM]   [0]  Line 331, kztimer/sql.sp::db_setupDatabase()
L 12/16/2015 - 01:18:20: [SM]   [1]  Line 1128, KZTimer.sp::OnPluginStart()
L 12/16/2015 - 01:18:20: [SM] Plugin encountered error 25: Call was aborted
L 12/16/2015 - 01:18:20: [SM] Native "SetFailState" reported: CFG File not found: addons/sourcemod/configs/csgo_wpaints.cfg
L 12/16/2015 - 01:18:20: [SM] Displaying call stack trace for plugin "franug_weaponpaints.smx":
L 12/16/2015 - 01:18:20: [SM]   [0]  Line 394, franug_weaponpaints.sp::ReadPaints()
L 12/16/2015 - 01:18:20: [SM]   [1]  Line 101, franug_weaponpaints.sp::OnPluginStart()
L 12/16/2015 - 01:18:21: Failed to auto generate config for pugsetup.smx, make sure the directory has write permission.
L 12/16/2015 - 01:18:21: [pugsetup.smx] Missing map file: addons/sourcemod/configs/pugsetup/maps.txt
L 12/16/2015 - 01:18:21: [pugsetup.smx] Missing map file: addons/sourcemod/configs/pugsetup/aim_maps.txt
L 12/16/2015 - 01:22:48: Error log file session closed.
L 12/16/2015 - 01:22:49: SourceMod error session started
L 12/16/2015 - 01:22:49: Info (map "surf_beginner_ug") (file "errors_20151216.log")
L 12/16/2015 - 01:22:49: [SM] Plugin encountered error 25: Call was aborted
L 12/16/2015 - 01:22:49: [SM] Native "SetFailState" reported: [KZTimer] Unable to connect to database (Configuration "kztimer" not found)
L 12/16/2015 - 01:22:49: [SM] Displaying call stack trace for plugin "KZTimer.smx":
L 12/16/2015 - 01:22:49: [SM]   [0]  Line 331, kztimer/sql.sp::db_setupDatabase()
L 12/16/2015 - 01:22:49: [SM]   [1]  Line 1128, KZTimer.sp::OnPluginStart()
L 12/16/2015 - 01:22:49: [SM] Plugin encountered error 25: Call was aborted
L 12/16/2015 - 01:22:49: [SM] Native "SetFailState" reported: CFG File not found: addons/sourcemod/configs/csgo_wpaints.cfg
L 12/16/2015 - 01:22:49: [SM] Displaying call stack trace for plugin "franug_weaponpaints.smx":
L 12/16/2015 - 01:22:49: [SM]   [0]  Line 394, franug_weaponpaints.sp::ReadPaints()
L 12/16/2015 - 01:22:49: [SM]   [1]  Line 101, franug_weaponpaints.sp::OnPluginStart()
L 12/16/2015 - 01:22:49: Failed to auto generate config for pugsetup.smx, make sure the directory has write permission.
L 12/16/2015 - 01:22:49: [pugsetup.smx] Missing map file: addons/sourcemod/configs/pugsetup/maps.txt
L 12/16/2015 - 01:22:49: [pugsetup.smx] Missing map file: addons/sourcemod/configs/pugsetup/aim_maps.txt
L 12/16/2015 - 01:22:56: [SM] Native "SDKHook" reported: Entity 4 is invalid
L 12/16/2015 - 01:22:56: [SM] Displaying call stack trace for plugin "ckSurf.smx":
L 12/16/2015 - 01:22:56: [SM]   [0]  Line 252, ckSurf/replay.sp::PlayRecord()
L 12/16/2015 - 01:22:56: [SM]   [1]  Line 379, ckSurf/replay.sp::LoadRecordReplay()
L 12/16/2015 - 01:22:56: [SM]   [2]  Line 346, ckSurf/replay.sp::RefreshBot()
L 12/16/2015 - 01:30:15: Error log file session closed.
L 12/16/2015 - 01:30:15: SourceMod error session started
L 12/16/2015 - 01:30:15: Info (map "surf_mesa") (file "errors_20151216.log")
L 12/16/2015 - 01:30:15: [SM] Plugin encountered error 25: Call was aborted
L 12/16/2015 - 01:30:15: [SM] Native "SetFailState" reported: [KZTimer] Unable to connect to database (Configuration "kztimer" not found)
L 12/16/2015 - 01:30:15: [SM] Displaying call stack trace for plugin "KZTimer.smx":
L 12/16/2015 - 01:30:15: [SM]   [0]  Line 331, kztimer/sql.sp::db_setupDatabase()
L 12/16/2015 - 01:30:15: [SM]   [1]  Line 1128, KZTimer.sp::OnPluginStart()
L 12/16/2015 - 01:30:15: [SM] Plugin encountered error 25: Call was aborted
L 12/16/2015 - 01:30:15: [SM] Native "SetFailState" reported: CFG File not found: addons/sourcemod/configs/csgo_wpaints.cfg
L 12/16/2015 - 01:30:15: [SM] Displaying call stack trace for plugin "franug_weaponpaints.smx":
L 12/16/2015 - 01:30:15: [SM]   [0]  Line 394, franug_weaponpaints.sp::ReadPaints()
L 12/16/2015 - 01:30:15: [SM]   [1]  Line 101, franug_weaponpaints.sp::OnPluginStart()
L 12/16/2015 - 01:30:16: Failed to auto generate config for pugsetup.smx, make sure the directory has write permission.
L 12/16/2015 - 01:30:16: [pugsetup.smx] Missing map file: addons/sourcemod/configs/pugsetup/maps.txt
L 12/16/2015 - 01:30:16: [pugsetup.smx] Missing map file: addons/sourcemod/configs/pugsetup/aim_maps.txt
L 12/16/2015 - 01:30:17: [ckSurf.smx] [ckSurf] SQL Error (SQL_CheckCallback): columns steamid, mapname are not unique
L 12/16/2015 - 01:30:25: [SM] Native "SDKHook" reported: Entity 4 is invalid
L 12/16/2015 - 01:30:25: [SM] Displaying call stack trace for plugin "ckSurf.smx":
L 12/16/2015 - 01:30:25: [SM]   [0]  Line 252, ckSurf/replay.sp::PlayRecord()
L 12/16/2015 - 01:30:25: [SM]   [1]  Line 379, ckSurf/replay.sp::LoadRecordReplay()
L 12/16/2015 - 01:30:25: [SM]   [2]  Line 346, ckSurf/replay.sp::RefreshBot()
L 12/16/2015 - 01:44:59: [SM] Native "SDKHook" reported: Entity 5 is invalid
L 12/16/2015 - 01:44:59: [SM] Displaying call stack trace for plugin "ckSurf.smx":
L 12/16/2015 - 01:44:59: [SM]   [0]  Line 252, ckSurf/replay.sp::PlayRecord()
L 12/16/2015 - 01:44:59: [SM]   [1]  Line 379, ckSurf/replay.sp::LoadRecordReplay()
L 12/16/2015 - 01:44:59: [SM]   [2]  Line 204, ckSurf/replay.sp::LoadReplays()
L 12/16/2015 - 01:44:59: [SM]   [3]  Line 165, ckSurf/replay.sp::WriteRecordToDisk()
L 12/16/2015 - 01:44:59: [SM]   [4]  Line 111, ckSurf/replay.sp::SaveRecording()
L 12/16/2015 - 01:44:59: [SM]   [5]  Line 335, ckSurf/timer.sp::ReplayTimer()
L 12/16/2015 - 01:46:03: SourceMod error session started
L 12/16/2015 - 01:46:03: Info (map "surf_beginner_ug") (file "errors_20151216.log")
L 12/16/2015 - 01:46:03: [SM] Plugin encountered error 25: Call was aborted
L 12/16/2015 - 01:46:03: [SM] Native "SetFailState" reported: [KZTimer] Unable to connect to database (Configuration "kztimer" not found)
L 12/16/2015 - 01:46:03: [SM] Displaying call stack trace for plugin "KZTimer.smx":
L 12/16/2015 - 01:46:03: [SM]   [0]  Line 331, kztimer/sql.sp::db_setupDatabase()
L 12/16/2015 - 01:46:03: [SM]   [1]  Line 1128, KZTimer.sp::OnPluginStart()
L 12/16/2015 - 01:46:03: [SM] Plugin encountered error 25: Call was aborted
L 12/16/2015 - 01:46:03: [SM] Native "SetFailState" reported: CFG File not found: addons/sourcemod/configs/csgo_wpaints.cfg
L 12/16/2015 - 01:46:03: [SM] Displaying call stack trace for plugin "franug_weaponpaints.smx":
L 12/16/2015 - 01:46:03: [SM]   [0]  Line 394, franug_weaponpaints.sp::ReadPaints()
L 12/16/2015 - 01:46:03: [SM]   [1]  Line 101, franug_weaponpaints.sp::OnPluginStart()
L 12/16/2015 - 01:46:04: Failed to auto generate config for pugsetup.smx, make sure the directory has write permission.
L 12/16/2015 - 01:46:30: SourceMod error session started
L 12/16/2015 - 01:46:30: Info (map "surf_beginner_ug") (file "errors_20151216.log")
L 12/16/2015 - 01:46:30: [SM] Plugin encountered error 25: Call was aborted
L 12/16/2015 - 01:46:30: [SM] Native "SetFailState" reported: [KZTimer] Unable to connect to database (Configuration "kztimer" not found)
L 12/16/2015 - 01:46:30: [SM] Displaying call stack trace for plugin "KZTimer.smx":
L 12/16/2015 - 01:46:30: [SM]   [0]  Line 331, kztimer/sql.sp::db_setupDatabase()
L 12/16/2015 - 01:46:30: [SM]   [1]  Line 1128, KZTimer.sp::OnPluginStart()
L 12/16/2015 - 01:46:30: [SM] Plugin encountered error 25: Call was aborted
L 12/16/2015 - 01:46:30: [SM] Native "SetFailState" reported: CFG File not found: addons/sourcemod/configs/csgo_wpaints.cfg
L 12/16/2015 - 01:46:30: [SM] Displaying call stack trace for plugin "franug_weaponpaints.smx":
L 12/16/2015 - 01:46:30: [SM]   [0]  Line 394, franug_weaponpaints.sp::ReadPaints()
L 12/16/2015 - 01:46:30: [SM]   [1]  Line 101, franug_weaponpaints.sp::OnPluginStart()
L 12/16/2015 - 01:46:31: Failed to auto generate config for pugsetup.smx, make sure the directory has write permission.
L 12/16/2015 - 01:46:40: Error log file session closed.
L 12/16/2015 - 01:46:40: SourceMod error session started
L 12/16/2015 - 01:46:40: Info (map "surf_beginner_ug") (file "errors_20151216.log")
L 12/16/2015 - 01:46:40: [SM] Plugin encountered error 25: Call was aborted
L 12/16/2015 - 01:46:40: [SM] Native "SetFailState" reported: [KZTimer] Unable to connect to database (Configuration "kztimer" not found)
L 12/16/2015 - 01:46:40: [SM] Displaying call stack trace for plugin "KZTimer.smx":
L 12/16/2015 - 01:46:40: [SM]   [0]  Line 331, kztimer/sql.sp::db_setupDatabase()
L 12/16/2015 - 01:46:40: [SM]   [1]  Line 1128, KZTimer.sp::OnPluginStart()
L 12/16/2015 - 01:46:40: [SM] Plugin encountered error 25: Call was aborted
L 12/16/2015 - 01:46:40: [SM] Native "SetFailState" reported: CFG File not found: addons/sourcemod/configs/csgo_wpaints.cfg
L 12/16/2015 - 01:46:40: [SM] Displaying call stack trace for plugin "franug_weaponpaints.smx":
L 12/16/2015 - 01:46:40: [SM]   [0]  Line 394, franug_weaponpaints.sp::ReadPaints()
L 12/16/2015 - 01:46:40: [SM]   [1]  Line 101, franug_weaponpaints.sp::OnPluginStart()
L 12/16/2015 - 01:46:41: [pugsetup.smx] Missing map file: addons/sourcemod/configs/pugsetup/maps.txt
L 12/16/2015 - 01:46:41: [pugsetup.smx] Missing map file: addons/sourcemod/configs/pugsetup/aim_maps.txt
L 12/16/2015 - 01:46:41: Failed to auto generate config for pugsetup.smx, make sure the directory has write permission.
L 12/16/2015 - 01:46:51: [SM] Native "SDKHook" reported: Entity 2 is invalid
L 12/16/2015 - 01:46:51: [SM] Displaying call stack trace for plugin "ckSurf.smx":
L 12/16/2015 - 01:46:51: [SM]   [0]  Line 252, ckSurf/replay.sp::PlayRecord()
L 12/16/2015 - 01:46:51: [SM]   [1]  Line 379, ckSurf/replay.sp::LoadRecordReplay()
L 12/16/2015 - 01:46:51: [SM]   [2]  Line 346, ckSurf/replay.sp::RefreshBot()
L 12/16/2015 - 01:51:22: Error log file session closed.
L 12/16/2015 - 01:51:22: SourceMod error session started
L 12/16/2015 - 01:51:22: Info (map "surf_beginner_ug") (file "errors_20151216.log")
L 12/16/2015 - 01:51:22: [SM] Plugin encountered error 25: Call was aborted
L 12/16/2015 - 01:51:22: [SM] Native "SetFailState" reported: [KZTimer] Unable to connect to database (Configuration "kztimer" not found)
L 12/16/2015 - 01:51:22: [SM] Displaying call stack trace for plugin "KZTimer.smx":
L 12/16/2015 - 01:51:22: [SM]   [0]  Line 331, kztimer/sql.sp::db_setupDatabase()
L 12/16/2015 - 01:51:22: [SM]   [1]  Line 1128, KZTimer.sp::OnPluginStart()
L 12/16/2015 - 01:51:22: [SM] Plugin encountered error 25: Call was aborted
L 12/16/2015 - 01:51:22: [SM] Native "SetFailState" reported: CFG File not found: addons/sourcemod/configs/csgo_wpaints.cfg
L 12/16/2015 - 01:51:22: [SM] Displaying call stack trace for plugin "franug_weaponpaints.smx":
L 12/16/2015 - 01:51:22: [SM]   [0]  Line 394, franug_weaponpaints.sp::ReadPaints()
L 12/16/2015 - 01:51:22: [SM]   [1]  Line 101, franug_weaponpaints.sp::OnPluginStart()
L 12/16/2015 - 01:51:23: Failed to auto generate config for pugsetup.smx, make sure the directory has write permission.
L 12/16/2015 - 01:51:23: [pugsetup.smx] Missing map file: addons/sourcemod/configs/pugsetup/maps.txt
L 12/16/2015 - 01:51:23: [pugsetup.smx] Missing map file: addons/sourcemod/configs/pugsetup/aim_maps.txt
L 12/16/2015 - 01:51:30: [SM] Native "SDKHook" reported: Entity 2 is invalid
L 12/16/2015 - 01:51:30: [SM] Displaying call stack trace for plugin "ckSurf.smx":
L 12/16/2015 - 01:51:30: [SM]   [0]  Line 252, ckSurf/replay.sp::PlayRecord()
L 12/16/2015 - 01:51:30: [SM]   [1]  Line 379, ckSurf/replay.sp::LoadRecordReplay()
L 12/16/2015 - 01:51:30: [SM]   [2]  Line 346, ckSurf/replay.sp::RefreshBot()
L 12/16/2015 - 01:51:56: Error log file session closed.
L 12/16/2015 - 01:51:56: SourceMod error session started
L 12/16/2015 - 01:51:56: Info (map "surf_beginner_ug") (file "errors_20151216.log")
L 12/16/2015 - 01:51:56: [SM] Plugin encountered error 25: Call was aborted
L 12/16/2015 - 01:51:56: [SM] Native "SetFailState" reported: [KZTimer] Unable to connect to database (Configuration "kztimer" not found)
L 12/16/2015 - 01:51:56: [SM] Displaying call stack trace for plugin "KZTimer.smx":
L 12/16/2015 - 01:51:56: [SM]   [0]  Line 331, kztimer/sql.sp::db_setupDatabase()
L 12/16/2015 - 01:51:56: [SM]   [1]  Line 1128, KZTimer.sp::OnPluginStart()
L 12/16/2015 - 01:51:56: [SM] Plugin encountered error 25: Call was aborted
L 12/16/2015 - 01:51:56: [SM] Native "SetFailState" reported: CFG File not found: addons/sourcemod/configs/csgo_wpaints.cfg
L 12/16/2015 - 01:51:56: [SM] Displaying call stack trace for plugin "franug_weaponpaints.smx":
L 12/16/2015 - 01:51:56: [SM]   [0]  Line 394, franug_weaponpaints.sp::ReadPaints()
L 12/16/2015 - 01:51:56: [SM]   [1]  Line 101, franug_weaponpaints.sp::OnPluginStart()
L 12/16/2015 - 01:51:57: Failed to auto generate config for pugsetup.smx, make sure the directory has write permission.
L 12/16/2015 - 01:51:57: [pugsetup.smx] Missing map file: addons/sourcemod/configs/pugsetup/maps.txt
L 12/16/2015 - 01:51:57: [pugsetup.smx] Missing map file: addons/sourcemod/configs/pugsetup/aim_maps.txt
L 12/16/2015 - 01:52:50: Error log file session closed.
L 12/16/2015 - 01:52:50: SourceMod error session started
L 12/16/2015 - 01:52:50: Info (map "surf_beginner_ug") (file "errors_20151216.log")
L 12/16/2015 - 01:52:50: [SM] Plugin encountered error 25: Call was aborted
L 12/16/2015 - 01:52:50: [SM] Native "SetFailState" reported: [KZTimer] Unable to connect to database (Configuration "kztimer" not found)
L 12/16/2015 - 01:52:50: [SM] Displaying call stack trace for plugin "KZTimer.smx":
L 12/16/2015 - 01:52:50: [SM]   [0]  Line 331, kztimer/sql.sp::db_setupDatabase()
L 12/16/2015 - 01:52:50: [SM]   [1]  Line 1128, KZTimer.sp::OnPluginStart()
L 12/16/2015 - 01:52:50: [SM] Plugin encountered error 25: Call was aborted
L 12/16/2015 - 01:52:50: [SM] Native "SetFailState" reported: CFG File not found: addons/sourcemod/configs/csgo_wpaints.cfg
L 12/16/2015 - 01:52:50: [SM] Displaying call stack trace for plugin "franug_weaponpaints.smx":
L 12/16/2015 - 01:52:50: [SM]   [0]  Line 394, franug_weaponpaints.sp::ReadPaints()
L 12/16/2015 - 01:52:50: [SM]   [1]  Line 101, franug_weaponpaints.sp::OnPluginStart()
L 12/16/2015 - 01:52:51: Failed to auto generate config for pugsetup.smx, make sure the directory has write permission.
L 12/16/2015 - 01:52:51: [pugsetup.smx] Missing map file: addons/sourcemod/configs/pugsetup/maps.txt
L 12/16/2015 - 01:52:51: [pugsetup.smx] Missing map file: addons/sourcemod/configs/pugsetup/aim_maps.txt
L 12/16/2015 - 01:53:28: Error log file session closed.
L 12/16/2015 - 01:53:28: SourceMod error session started
L 12/16/2015 - 01:53:28: Info (map "surf_beginner_ug") (file "errors_20151216.log")
L 12/16/2015 - 01:53:28: [SM] Plugin encountered error 25: Call was aborted
L 12/16/2015 - 01:53:28: [SM] Native "SetFailState" reported: [KZTimer] Unable to connect to database (Configuration "kztimer" not found)
L 12/16/2015 - 01:53:28: [SM] Displaying call stack trace for plugin "KZTimer.smx":
L 12/16/2015 - 01:53:28: [SM]   [0]  Line 331, kztimer/sql.sp::db_setupDatabase()
L 12/16/2015 - 01:53:28: [SM]   [1]  Line 1128, KZTimer.sp::OnPluginStart()
L 12/16/2015 - 01:53:28: [SM] Plugin encountered error 25: Call was aborted
L 12/16/2015 - 01:53:28: [SM] Native "SetFailState" reported: CFG File not found: addons/sourcemod/configs/csgo_wpaints.cfg
L 12/16/2015 - 01:53:28: [SM] Displaying call stack trace for plugin "franug_weaponpaints.smx":
L 12/16/2015 - 01:53:28: [SM]   [0]  Line 394, franug_weaponpaints.sp::ReadPaints()
L 12/16/2015 - 01:53:28: [SM]   [1]  Line 101, franug_weaponpaints.sp::OnPluginStart()
L 12/16/2015 - 01:53:29: Failed to auto generate config for pugsetup.smx, make sure the directory has write permission.
L 12/16/2015 - 01:53:29: [pugsetup.smx] Missing map file: addons/sourcemod/configs/pugsetup/maps.txt
L 12/16/2015 - 01:53:29: [pugsetup.smx] Missing map file: addons/sourcemod/configs/pugsetup/aim_maps.txt
L 12/16/2015 - 01:53:37: [SM] Native "SDKHook" reported: Entity 2 is invalid
L 12/16/2015 - 01:53:37: [SM] Displaying call stack trace for plugin "ckSurf.smx":
L 12/16/2015 - 01:53:37: [SM]   [0]  Line 252, ckSurf/replay.sp::PlayRecord()
L 12/16/2015 - 01:53:37: [SM]   [1]  Line 379, ckSurf/replay.sp::LoadRecordReplay()
L 12/16/2015 - 01:53:37: [SM]   [2]  Line 346, ckSurf/replay.sp::RefreshBot()
L 12/16/2015 - 01:53:37: [SM] Native "SDKHook" reported: Entity 3 is invalid
L 12/16/2015 - 01:53:37: [SM] Displaying call stack trace for plugin "ckSurf.smx":
L 12/16/2015 - 01:53:37: [SM]   [0]  Line 252, ckSurf/replay.sp::PlayRecord()
L 12/16/2015 - 01:53:37: [SM]   [1]  Line 379, ckSurf/replay.sp::LoadRecordReplay()
L 12/16/2015 - 01:53:37: [SM]   [2]  Line 346, ckSurf/replay.sp::RefreshBot()
L 12/16/2015 - 01:53:38: [SM] Native "SDKHook" reported: Entity 4 is invalid
L 12/16/2015 - 01:53:38: [SM] Displaying call stack trace for plugin "ckSurf.smx":
L 12/16/2015 - 01:53:38: [SM]   [0]  Line 252, ckSurf/replay.sp::PlayRecord()
L 12/16/2015 - 01:53:38: [SM]   [1]  Line 379, ckSurf/replay.sp::LoadRecordReplay()
L 12/16/2015 - 01:53:38: [SM]   [2]  Line 346, ckSurf/replay.sp::RefreshBot()
L 12/16/2015 - 01:55:48: SourceMod error session started
L 12/16/2015 - 01:55:48: Info (map "de_dust2") (file "errors_20151216.log")
L 12/16/2015 - 01:55:48: [SM] Plugin encountered error 25: Call was aborted
L 12/16/2015 - 01:55:48: [SM] Native "SetFailState" reported: [KZTimer] Unable to connect to database (Configuration "kztimer" not found)
L 12/16/2015 - 01:55:48: [SM] Displaying call stack trace for plugin "KZTimer.smx":
L 12/16/2015 - 01:55:48: [SM]   [0]  Line 331, kztimer/sql.sp::db_setupDatabase()
L 12/16/2015 - 01:55:48: [SM]   [1]  Line 1128, KZTimer.sp::OnPluginStart()
L 12/16/2015 - 01:55:48: [SM] Plugin encountered error 25: Call was aborted
L 12/16/2015 - 01:55:48: [SM] Native "SetFailState" reported: CFG File not found: addons/sourcemod/configs/csgo_wpaints.cfg
L 12/16/2015 - 01:55:48: [SM] Displaying call stack trace for plugin "franug_weaponpaints.smx":
L 12/16/2015 - 01:55:48: [SM]   [0]  Line 394, franug_weaponpaints.sp::ReadPaints()
L 12/16/2015 - 01:55:48: [SM]   [1]  Line 101, franug_weaponpaints.sp::OnPluginStart()
L 12/16/2015 - 01:55:49: Failed to auto generate config for pugsetup.smx, make sure the directory has write permission.
L 12/16/2015 - 01:56:15: SourceMod error session started
L 12/16/2015 - 01:56:15: Info (map "de_dust2") (file "errors_20151216.log")
L 12/16/2015 - 01:56:15: [SM] Plugin encountered error 25: Call was aborted
L 12/16/2015 - 01:56:15: [SM] Native "SetFailState" reported: [KZTimer] Unable to connect to database (Configuration "kztimer" not found)
L 12/16/2015 - 01:56:15: [SM] Displaying call stack trace for plugin "KZTimer.smx":
L 12/16/2015 - 01:56:15: [SM]   [0]  Line 331, kztimer/sql.sp::db_setupDatabase()
L 12/16/2015 - 01:56:15: [SM]   [1]  Line 1128, KZTimer.sp::OnPluginStart()
L 12/16/2015 - 01:56:15: [SM] Plugin encountered error 25: Call was aborted
L 12/16/2015 - 01:56:15: [SM] Native "SetFailState" reported: CFG File not found: addons/sourcemod/configs/csgo_wpaints.cfg
L 12/16/2015 - 01:56:15: [SM] Displaying call stack trace for plugin "franug_weaponpaints.smx":
L 12/16/2015 - 01:56:15: [SM]   [0]  Line 394, franug_weaponpaints.sp::ReadPaints()
L 12/16/2015 - 01:56:15: [SM]   [1]  Line 101, franug_weaponpaints.sp::OnPluginStart()
L 12/16/2015 - 01:56:16: Failed to auto generate config for pugsetup.smx, make sure the directory has write permission.
L 12/16/2015 - 01:56:24: Error log file session closed.
L 12/16/2015 - 01:56:24: SourceMod error session started
L 12/16/2015 - 01:56:24: Info (map "de_dust2") (file "errors_20151216.log")
L 12/16/2015 - 01:56:24: [SM] Plugin encountered error 25: Call was aborted
L 12/16/2015 - 01:56:24: [SM] Native "SetFailState" reported: [KZTimer] Unable to connect to database (Configuration "kztimer" not found)
L 12/16/2015 - 01:56:24: [SM] Displaying call stack trace for plugin "KZTimer.smx":
L 12/16/2015 - 01:56:24: [SM]   [0]  Line 331, kztimer/sql.sp::db_setupDatabase()
L 12/16/2015 - 01:56:24: [SM]   [1]  Line 1128, KZTimer.sp::OnPluginStart()
L 12/16/2015 - 01:56:24: [SM] Plugin encountered error 25: Call was aborted
L 12/16/2015 - 01:56:24: [SM] Native "SetFailState" reported: CFG File not found: addons/sourcemod/configs/csgo_wpaints.cfg
L 12/16/2015 - 01:56:24: [SM] Displaying call stack trace for plugin "franug_weaponpaints.smx":
L 12/16/2015 - 01:56:24: [SM]   [0]  Line 394, franug_weaponpaints.sp::ReadPaints()
L 12/16/2015 - 01:56:24: [SM]   [1]  Line 101, franug_weaponpaints.sp::OnPluginStart()
L 12/16/2015 - 01:56:25: Failed to auto generate config for pugsetup.smx, make sure the directory has write permission.
L 12/16/2015 - 01:56:25: [pugsetup.smx] Missing map file: addons/sourcemod/configs/pugsetup/maps.txt
L 12/16/2015 - 01:56:25: [pugsetup.smx] Missing map file: addons/sourcemod/configs/pugsetup/aim_maps.txt
L 12/16/2015 - 02:01:59: Error log file session closed.
L 12/16/2015 - 02:01:59: SourceMod error session started
L 12/16/2015 - 02:01:59: Info (map "surf_fruits") (file "errors_20151216.log")
L 12/16/2015 - 02:01:59: [SM] Plugin encountered error 25: Call was aborted
L 12/16/2015 - 02:01:59: [SM] Native "SetFailState" reported: [KZTimer] Unable to connect to database (Configuration "kztimer" not found)
L 12/16/2015 - 02:01:59: [SM] Displaying call stack trace for plugin "KZTimer.smx":
L 12/16/2015 - 02:01:59: [SM]   [0]  Line 331, kztimer/sql.sp::db_setupDatabase()
L 12/16/2015 - 02:01:59: [SM]   [1]  Line 1128, KZTimer.sp::OnPluginStart()
L 12/16/2015 - 02:01:59: [SM] Plugin encountered error 25: Call was aborted
L 12/16/2015 - 02:01:59: [SM] Native "SetFailState" reported: CFG File not found: addons/sourcemod/configs/csgo_wpaints.cfg
L 12/16/2015 - 02:01:59: [SM] Displaying call stack trace for plugin "franug_weaponpaints.smx":
L 12/16/2015 - 02:01:59: [SM]   [0]  Line 394, franug_weaponpaints.sp::ReadPaints()
L 12/16/2015 - 02:01:59: [SM]   [1]  Line 101, franug_weaponpaints.sp::OnPluginStart()
L 12/16/2015 - 02:01:59: Failed to auto generate config for pugsetup.smx, make sure the directory has write permission.
L 12/16/2015 - 02:01:59: [pugsetup.smx] Missing map file: addons/sourcemod/configs/pugsetup/maps.txt
L 12/16/2015 - 02:01:59: [pugsetup.smx] Missing map file: addons/sourcemod/configs/pugsetup/aim_maps.txt
L 12/16/2015 - 02:02:16: [SM] Native "SDKHook" reported: Entity 3 is invalid
L 12/16/2015 - 02:02:16: [SM] Displaying call stack trace for plugin "ckSurf.smx":
L 12/16/2015 - 02:02:16: [SM]   [0]  Line 252, ckSurf/replay.sp::PlayRecord()
L 12/16/2015 - 02:02:16: [SM]   [1]  Line 379, ckSurf/replay.sp::LoadRecordReplay()
L 12/16/2015 - 02:02:16: [SM]   [2]  Line 346, ckSurf/replay.sp::RefreshBot()
L 12/16/2015 - 02:15:47: Error log file session closed.
L 12/16/2015 - 02:15:47: SourceMod error session started
L 12/16/2015 - 02:15:47: Info (map "surf_beginner_ug") (file "errors_20151216.log")
L 12/16/2015 - 02:15:47: [SM] Plugin encountered error 25: Call was aborted
L 12/16/2015 - 02:15:47: [SM] Native "SetFailState" reported: [KZTimer] Unable to connect to database (Configuration "kztimer" not found)
L 12/16/2015 - 02:15:47: [SM] Displaying call stack trace for plugin "KZTimer.smx":
L 12/16/2015 - 02:15:47: [SM]   [0]  Line 331, kztimer/sql.sp::db_setupDatabase()
L 12/16/2015 - 02:15:47: [SM]   [1]  Line 1128, KZTimer.sp::OnPluginStart()
L 12/16/2015 - 02:15:47: [SM] Plugin encountered error 25: Call was aborted
L 12/16/2015 - 02:15:47: [SM] Native "SetFailState" reported: CFG File not found: addons/sourcemod/configs/csgo_wpaints.cfg
L 12/16/2015 - 02:15:47: [SM] Displaying call stack trace for plugin "franug_weaponpaints.smx":
L 12/16/2015 - 02:15:47: [SM]   [0]  Line 394, franug_weaponpaints.sp::ReadPaints()
L 12/16/2015 - 02:15:47: [SM]   [1]  Line 101, franug_weaponpaints.sp::OnPluginStart()
L 12/16/2015 - 02:15:48: Failed to auto generate config for pugsetup.smx, make sure the directory has write permission.
L 12/16/2015 - 02:15:48: [pugsetup.smx] Missing map file: addons/sourcemod/configs/pugsetup/maps.txt
L 12/16/2015 - 02:15:48: [pugsetup.smx] Missing map file: addons/sourcemod/configs/pugsetup/aim_maps.txt
L 12/16/2015 - 02:16:02: [SM] Native "SDKHook" reported: Entity 1 is invalid
L 12/16/2015 - 02:16:02: [SM] Displaying call stack trace for plugin "ckSurf.smx":
L 12/16/2015 - 02:16:02: [SM]   [0]  Line 252, ckSurf/replay.sp::PlayRecord()
L 12/16/2015 - 02:16:02: [SM]   [1]  Line 379, ckSurf/replay.sp::LoadRecordReplay()
L 12/16/2015 - 02:16:02: [SM]   [2]  Line 346, ckSurf/replay.sp::RefreshBot()
L 12/16/2015 - 02:26:23: SourceMod error session started
L 12/16/2015 - 02:26:23: Info (map "surf_beginner_ug") (file "errors_20151216.log")
L 12/16/2015 - 02:26:23: [SM] Plugin encountered error 25: Call was aborted
L 12/16/2015 - 02:26:23: [SM] Native "SetFailState" reported: [KZTimer] Unable to connect to database (Configuration "kztimer" not found)
L 12/16/2015 - 02:26:23: [SM] Displaying call stack trace for plugin "KZTimer.smx":
L 12/16/2015 - 02:26:23: [SM]   [0]  Line 331, kztimer/sql.sp::db_setupDatabase()
L 12/16/2015 - 02:26:23: [SM]   [1]  Line 1128, KZTimer.sp::OnPluginStart()
L 12/16/2015 - 02:26:23: [SM] Plugin encountered error 25: Call was aborted
L 12/16/2015 - 02:26:23: [SM] Native "SetFailState" reported: CFG File not found: addons/sourcemod/configs/csgo_wpaints.cfg
L 12/16/2015 - 02:26:23: [SM] Displaying call stack trace for plugin "franug_weaponpaints.smx":
L 12/16/2015 - 02:26:23: [SM]   [0]  Line 394, franug_weaponpaints.sp::ReadPaints()
L 12/16/2015 - 02:26:23: [SM]   [1]  Line 101, franug_weaponpaints.sp::OnPluginStart()
L 12/16/2015 - 02:26:24: Failed to auto generate config for pugsetup.smx, make sure the directory has write permission.
L 12/16/2015 - 02:26:58: SourceMod error session started
L 12/16/2015 - 02:26:58: Info (map "surf_beginner_ug") (file "errors_20151216.log")
L 12/16/2015 - 02:26:58: [SM] Plugin encountered error 25: Call was aborted
L 12/16/2015 - 02:26:58: [SM] Native "SetFailState" reported: [KZTimer] Unable to connect to database (Configuration "kztimer" not found)
L 12/16/2015 - 02:26:58: [SM] Displaying call stack trace for plugin "KZTimer.smx":
L 12/16/2015 - 02:26:58: [SM]   [0]  Line 331, kztimer/sql.sp::db_setupDatabase()
L 12/16/2015 - 02:26:58: [SM]   [1]  Line 1128, KZTimer.sp::OnPluginStart()
L 12/16/2015 - 02:26:58: [SM] Plugin encountered error 25: Call was aborted
L 12/16/2015 - 02:26:58: [SM] Native "SetFailState" reported: CFG File not found: addons/sourcemod/configs/csgo_wpaints.cfg
L 12/16/2015 - 02:26:58: [SM] Displaying call stack trace for plugin "franug_weaponpaints.smx":
L 12/16/2015 - 02:26:58: [SM]   [0]  Line 394, franug_weaponpaints.sp::ReadPaints()
L 12/16/2015 - 02:26:58: [SM]   [1]  Line 101, franug_weaponpaints.sp::OnPluginStart()
L 12/16/2015 - 02:26:59: Failed to auto generate config for pugsetup.smx, make sure the directory has write permission.
L 12/16/2015 - 02:33:15: Error log file session closed.
L 12/16/2015 - 02:33:15: SourceMod error session started
L 12/16/2015 - 02:33:15: Info (map "surf_beginner_ug") (file "errors_20151216.log")
L 12/16/2015 - 02:33:15: [SM] Plugin encountered error 25: Call was aborted
L 12/16/2015 - 02:33:15: [SM] Native "SetFailState" reported: [KZTimer] Unable to connect to database (Configuration "kztimer" not found)
L 12/16/2015 - 02:33:15: [SM] Displaying call stack trace for plugin "KZTimer.smx":
L 12/16/2015 - 02:33:15: [SM]   [0]  Line 331, kztimer/sql.sp::db_setupDatabase()
L 12/16/2015 - 02:33:15: [SM]   [1]  Line 1128, KZTimer.sp::OnPluginStart()
L 12/16/2015 - 02:33:15: [SM] Plugin encountered error 25: Call was aborted
L 12/16/2015 - 02:33:15: [SM] Native "SetFailState" reported: CFG File not found: addons/sourcemod/configs/csgo_wpaints.cfg
L 12/16/2015 - 02:33:15: [SM] Displaying call stack trace for plugin "franug_weaponpaints.smx":
L 12/16/2015 - 02:33:15: [SM]   [0]  Line 394, franug_weaponpaints.sp::ReadPaints()
L 12/16/2015 - 02:33:15: [SM]   [1]  Line 101, franug_weaponpaints.sp::OnPluginStart()
L 12/16/2015 - 02:33:15: Failed to auto generate config for pugsetup.smx, make sure the directory has write permission.
L 12/16/2015 - 02:33:15: [pugsetup.smx] Missing map file: addons/sourcemod/configs/pugsetup/maps.txt
L 12/16/2015 - 02:33:15: [pugsetup.smx] Missing map file: addons/sourcemod/configs/pugsetup/aim_maps.txt
L 12/16/2015 - 02:33:30: [SM] Native "SDKHook" reported: Entity 2 is invalid
L 12/16/2015 - 02:33:30: [SM] Displaying call stack trace for plugin "ckSurf.smx":
L 12/16/2015 - 02:33:30: [SM]   [0]  Line 252, ckSurf/replay.sp::PlayRecord()
L 12/16/2015 - 02:33:30: [SM]   [1]  Line 379, ckSurf/replay.sp::LoadRecordReplay()
L 12/16/2015 - 02:33:30: [SM]   [2]  Line 346, ckSurf/replay.sp::RefreshBot()
L 12/16/2015 - 02:33:45: Error log file session closed.
L 12/16/2015 - 02:33:45: SourceMod error session started
L 12/16/2015 - 02:33:45: Info (map "surf_wood") (file "errors_20151216.log")
L 12/16/2015 - 02:33:45: [SM] Plugin encountered error 25: Call was aborted
L 12/16/2015 - 02:33:45: [SM] Native "SetFailState" reported: [KZTimer] Unable to connect to database (Configuration "kztimer" not found)
L 12/16/2015 - 02:33:45: [SM] Displaying call stack trace for plugin "KZTimer.smx":
L 12/16/2015 - 02:33:45: [SM]   [0]  Line 331, kztimer/sql.sp::db_setupDatabase()
L 12/16/2015 - 02:33:45: [SM]   [1]  Line 1128, KZTimer.sp::OnPluginStart()
L 12/16/2015 - 02:33:45: [SM] Plugin encountered error 25: Call was aborted
L 12/16/2015 - 02:33:45: [SM] Native "SetFailState" reported: CFG File not found: addons/sourcemod/configs/csgo_wpaints.cfg
L 12/16/2015 - 02:33:45: [SM] Displaying call stack trace for plugin "franug_weaponpaints.smx":
L 12/16/2015 - 02:33:45: [SM]   [0]  Line 394, franug_weaponpaints.sp::ReadPaints()
L 12/16/2015 - 02:33:45: [SM]   [1]  Line 101, franug_weaponpaints.sp::OnPluginStart()
L 12/16/2015 - 02:33:46: Failed to auto generate config for pugsetup.smx, make sure the directory has write permission.
L 12/16/2015 - 02:33:46: [pugsetup.smx] Missing map file: addons/sourcemod/configs/pugsetup/maps.txt
L 12/16/2015 - 02:33:46: [pugsetup.smx] Missing map file: addons/sourcemod/configs/pugsetup/aim_maps.txt
L 12/16/2015 - 02:35:36: Error log file session closed.
L 12/16/2015 - 02:35:36: SourceMod error session started
L 12/16/2015 - 02:35:36: Info (map "surf_inspire") (file "errors_20151216.log")
L 12/16/2015 - 02:35:36: [SM] Plugin encountered error 25: Call was aborted
L 12/16/2015 - 02:35:36: [SM] Native "SetFailState" reported: [KZTimer] Unable to connect to database (Configuration "kztimer" not found)
L 12/16/2015 - 02:35:36: [SM] Displaying call stack trace for plugin "KZTimer.smx":
L 12/16/2015 - 02:35:36: [SM]   [0]  Line 331, kztimer/sql.sp::db_setupDatabase()
L 12/16/2015 - 02:35:36: [SM]   [1]  Line 1128, KZTimer.sp::OnPluginStart()
L 12/16/2015 - 02:35:36: [SM] Plugin encountered error 25: Call was aborted
L 12/16/2015 - 02:35:36: [SM] Native "SetFailState" reported: CFG File not found: addons/sourcemod/configs/csgo_wpaints.cfg
L 12/16/2015 - 02:35:36: [SM] Displaying call stack trace for plugin "franug_weaponpaints.smx":
L 12/16/2015 - 02:35:36: [SM]   [0]  Line 394, franug_weaponpaints.sp::ReadPaints()
L 12/16/2015 - 02:35:36: [SM]   [1]  Line 101, franug_weaponpaints.sp::OnPluginStart()
L 12/16/2015 - 02:35:37: Failed to auto generate config for pugsetup.smx, make sure the directory has write permission.
L 12/16/2015 - 02:35:37: [pugsetup.smx] Missing map file: addons/sourcemod/configs/pugsetup/maps.txt
L 12/16/2015 - 02:35:37: [pugsetup.smx] Missing map file: addons/sourcemod/configs/pugsetup/aim_maps.txt
L 12/16/2015 - 02:36:24: Error log file session closed.
L 12/16/2015 - 02:36:24: SourceMod error session started
L 12/16/2015 - 02:36:24: Info (map "surf_sundown_njv") (file "errors_20151216.log")
L 12/16/2015 - 02:36:24: [SM] Plugin encountered error 25: Call was aborted
L 12/16/2015 - 02:36:24: [SM] Native "SetFailState" reported: [KZTimer] Unable to connect to database (Configuration "kztimer" not found)
L 12/16/2015 - 02:36:24: [SM] Displaying call stack trace for plugin "KZTimer.smx":
L 12/16/2015 - 02:36:24: [SM]   [0]  Line 331, kztimer/sql.sp::db_setupDatabase()
L 12/16/2015 - 02:36:24: [SM]   [1]  Line 1128, KZTimer.sp::OnPluginStart()
L 12/16/2015 - 02:36:24: [SM] Plugin encountered error 25: Call was aborted
L 12/16/2015 - 02:36:24: [SM] Native "SetFailState" reported: CFG File not found: addons/sourcemod/configs/csgo_wpaints.cfg
L 12/16/2015 - 02:36:24: [SM] Displaying call stack trace for plugin "franug_weaponpaints.smx":
L 12/16/2015 - 02:36:24: [SM]   [0]  Line 394, franug_weaponpaints.sp::ReadPaints()
L 12/16/2015 - 02:36:24: [SM]   [1]  Line 101, franug_weaponpaints.sp::OnPluginStart()
L 12/16/2015 - 02:36:25: Failed to auto generate config for pugsetup.smx, make sure the directory has write permission.
L 12/16/2015 - 02:36:25: [pugsetup.smx] Missing map file: addons/sourcemod/configs/pugsetup/maps.txt
L 12/16/2015 - 02:36:25: [pugsetup.smx] Missing map file: addons/sourcemod/configs/pugsetup/aim_maps.txt
L 12/16/2015 - 02:39:46: Error log file session closed.
L 12/16/2015 - 02:39:46: SourceMod error session started
L 12/16/2015 - 02:39:46: Info (map "surf_syria_") (file "errors_20151216.log")
L 12/16/2015 - 02:39:46: [SM] Plugin encountered error 25: Call was aborted
L 12/16/2015 - 02:39:46: [SM] Native "SetFailState" reported: [KZTimer] Unable to connect to database (Configuration "kztimer" not found)
L 12/16/2015 - 02:39:46: [SM] Displaying call stack trace for plugin "KZTimer.smx":
L 12/16/2015 - 02:39:46: [SM]   [0]  Line 331, kztimer/sql.sp::db_setupDatabase()
L 12/16/2015 - 02:39:46: [SM]   [1]  Line 1128, KZTimer.sp::OnPluginStart()
L 12/16/2015 - 02:39:46: [SM] Plugin encountered error 25: Call was aborted
L 12/16/2015 - 02:39:46: [SM] Native "SetFailState" reported: CFG File not found: addons/sourcemod/configs/csgo_wpaints.cfg
L 12/16/2015 - 02:39:46: [SM] Displaying call stack trace for plugin "franug_weaponpaints.smx":
L 12/16/2015 - 02:39:46: [SM]   [0]  Line 394, franug_weaponpaints.sp::ReadPaints()
L 12/16/2015 - 02:39:46: [SM]   [1]  Line 101, franug_weaponpaints.sp::OnPluginStart()
L 12/16/2015 - 02:39:47: Failed to auto generate config for pugsetup.smx, make sure the directory has write permission.
L 12/16/2015 - 02:39:47: [pugsetup.smx] Missing map file: addons/sourcemod/configs/pugsetup/maps.txt
L 12/16/2015 - 02:39:47: [pugsetup.smx] Missing map file: addons/sourcemod/configs/pugsetup/aim_maps.txt
L 12/16/2015 - 02:47:28: Error log file session closed.
L 12/16/2015 - 02:47:28: SourceMod error session started
L 12/16/2015 - 02:47:28: Info (map "surf_kz_protraining") (file "errors_20151216.log")
L 12/16/2015 - 02:47:28: [SM] Plugin encountered error 25: Call was aborted
L 12/16/2015 - 02:47:28: [SM] Native "SetFailState" reported: [KZTimer] Unable to connect to database (Configuration "kztimer" not found)
L 12/16/2015 - 02:47:28: [SM] Displaying call stack trace for plugin "KZTimer.smx":
L 12/16/2015 - 02:47:28: [SM]   [0]  Line 331, kztimer/sql.sp::db_setupDatabase()
L 12/16/2015 - 02:47:28: [SM]   [1]  Line 1128, KZTimer.sp::OnPluginStart()
L 12/16/2015 - 02:47:28: [SM] Plugin encountered error 25: Call was aborted
L 12/16/2015 - 02:47:28: [SM] Native "SetFailState" reported: CFG File not found: addons/sourcemod/configs/csgo_wpaints.cfg
L 12/16/2015 - 02:47:28: [SM] Displaying call stack trace for plugin "franug_weaponpaints.smx":
L 12/16/2015 - 02:47:28: [SM]   [0]  Line 394, franug_weaponpaints.sp::ReadPaints()
L 12/16/2015 - 02:47:28: [SM]   [1]  Line 101, franug_weaponpaints.sp::OnPluginStart()
L 12/16/2015 - 02:47:29: Failed to auto generate config for pugsetup.smx, make sure the directory has write permission.
L 12/16/2015 - 02:47:29: [pugsetup.smx] Missing map file: addons/sourcemod/configs/pugsetup/maps.txt
L 12/16/2015 - 02:47:29: [pugsetup.smx] Missing map file: addons/sourcemod/configs/pugsetup/aim_maps.txt
L 12/16/2015 - 02:51:11: Error log file session closed.
L 12/16/2015 - 02:51:12: SourceMod error session started
L 12/16/2015 - 02:51:12: Info (map "surf_glass7") (file "errors_20151216.log")
L 12/16/2015 - 02:51:12: [SM] Plugin encountered error 25: Call was aborted
L 12/16/2015 - 02:51:12: [SM] Native "SetFailState" reported: [KZTimer] Unable to connect to database (Configuration "kztimer" not found)
L 12/16/2015 - 02:51:12: [SM] Displaying call stack trace for plugin "KZTimer.smx":
L 12/16/2015 - 02:51:12: [SM]   [0]  Line 331, kztimer/sql.sp::db_setupDatabase()
L 12/16/2015 - 02:51:12: [SM]   [1]  Line 1128, KZTimer.sp::OnPluginStart()
L 12/16/2015 - 02:51:12: [SM] Plugin encountered error 25: Call was aborted
L 12/16/2015 - 02:51:12: [SM] Native "SetFailState" reported: CFG File not found: addons/sourcemod/configs/csgo_wpaints.cfg
L 12/16/2015 - 02:51:12: [SM] Displaying call stack trace for plugin "franug_weaponpaints.smx":
L 12/16/2015 - 02:51:12: [SM]   [0]  Line 394, franug_weaponpaints.sp::ReadPaints()
L 12/16/2015 - 02:51:12: [SM]   [1]  Line 101, franug_weaponpaints.sp::OnPluginStart()
L 12/16/2015 - 02:51:12: Failed to auto generate config for pugsetup.smx, make sure the directory has write permission.
L 12/16/2015 - 02:51:12: [pugsetup.smx] Missing map file: addons/sourcemod/configs/pugsetup/maps.txt
L 12/16/2015 - 02:51:12: [pugsetup.smx] Missing map file: addons/sourcemod/configs/pugsetup/aim_maps.txt
L 12/16/2015 - 02:55:50: Error log file session closed.
L 12/16/2015 - 02:55:50: SourceMod error session started
L 12/16/2015 - 02:55:50: Info (map "surf_glass9") (file "errors_20151216.log")
L 12/16/2015 - 02:55:50: [SM] Plugin encountered error 25: Call was aborted
L 12/16/2015 - 02:55:50: [SM] Native "SetFailState" reported: [KZTimer] Unable to connect to database (Configuration "kztimer" not found)
L 12/16/2015 - 02:55:50: [SM] Displaying call stack trace for plugin "KZTimer.smx":
L 12/16/2015 - 02:55:50: [SM]   [0]  Line 331, kztimer/sql.sp::db_setupDatabase()
L 12/16/2015 - 02:55:50: [SM]   [1]  Line 1128, KZTimer.sp::OnPluginStart()
L 12/16/2015 - 02:55:50: [SM] Plugin encountered error 25: Call was aborted
L 12/16/2015 - 02:55:50: [SM] Native "SetFailState" reported: CFG File not found: addons/sourcemod/configs/csgo_wpaints.cfg
L 12/16/2015 - 02:55:50: [SM] Displaying call stack trace for plugin "franug_weaponpaints.smx":
L 12/16/2015 - 02:55:50: [SM]   [0]  Line 394, franug_weaponpaints.sp::ReadPaints()
L 12/16/2015 - 02:55:50: [SM]   [1]  Line 101, franug_weaponpaints.sp::OnPluginStart()
L 12/16/2015 - 02:55:51: Failed to auto generate config for pugsetup.smx, make sure the directory has write permission.
L 12/16/2015 - 02:55:51: [pugsetup.smx] Missing map file: addons/sourcemod/configs/pugsetup/maps.txt
L 12/16/2015 - 02:55:51: [pugsetup.smx] Missing map file: addons/sourcemod/configs/pugsetup/aim_maps.txt
L 12/16/2015 - 02:56:42: Error log file session closed.
L 12/16/2015 - 02:56:42: SourceMod error session started
L 12/16/2015 - 02:56:42: Info (map "surf_3") (file "errors_20151216.log")
L 12/16/2015 - 02:56:42: [SM] Plugin encountered error 25: Call was aborted
L 12/16/2015 - 02:56:42: [SM] Native "SetFailState" reported: [KZTimer] Unable to connect to database (Configuration "kztimer" not found)
L 12/16/2015 - 02:56:42: [SM] Displaying call stack trace for plugin "KZTimer.smx":
L 12/16/2015 - 02:56:42: [SM]   [0]  Line 331, kztimer/sql.sp::db_setupDatabase()
L 12/16/2015 - 02:56:42: [SM]   [1]  Line 1128, KZTimer.sp::OnPluginStart()
L 12/16/2015 - 02:56:42: [SM] Plugin encountered error 25: Call was aborted
L 12/16/2015 - 02:56:42: [SM] Native "SetFailState" reported: CFG File not found: addons/sourcemod/configs/csgo_wpaints.cfg
L 12/16/2015 - 02:56:42: [SM] Displaying call stack trace for plugin "franug_weaponpaints.smx":
L 12/16/2015 - 02:56:42: [SM]   [0]  Line 394, franug_weaponpaints.sp::ReadPaints()
L 12/16/2015 - 02:56:42: [SM]   [1]  Line 101, franug_weaponpaints.sp::OnPluginStart()
L 12/16/2015 - 02:56:42: Failed to auto generate config for pugsetup.smx, make sure the directory has write permission.
L 12/16/2015 - 02:56:42: [pugsetup.smx] Missing map file: addons/sourcemod/configs/pugsetup/maps.txt
L 12/16/2015 - 02:56:42: [pugsetup.smx] Missing map file: addons/sourcemod/configs/pugsetup/aim_maps.txt
L 12/16/2015 - 03:06:00: Error log file session closed.
L 12/16/2015 - 03:06:00: SourceMod error session started
L 12/16/2015 - 03:06:00: Info (map "kz_frozen_go") (file "errors_20151216.log")
L 12/16/2015 - 03:06:00: [SM] Plugin encountered error 25: Call was aborted
L 12/16/2015 - 03:06:00: [SM] Native "SetFailState" reported: [KZTimer] Unable to connect to database (Configuration "kztimer" not found)
L 12/16/2015 - 03:06:00: [SM] Displaying call stack trace for plugin "KZTimer.smx":
L 12/16/2015 - 03:06:00: [SM]   [0]  Line 331, kztimer/sql.sp::db_setupDatabase()
L 12/16/2015 - 03:06:00: [SM]   [1]  Line 1128, KZTimer.sp::OnPluginStart()
L 12/16/2015 - 03:06:00: [SM] Plugin encountered error 25: Call was aborted
L 12/16/2015 - 03:06:00: [SM] Native "SetFailState" reported: CFG File not found: addons/sourcemod/configs/csgo_wpaints.cfg
L 12/16/2015 - 03:06:00: [SM] Displaying call stack trace for plugin "franug_weaponpaints.smx":
L 12/16/2015 - 03:06:00: [SM]   [0]  Line 394, franug_weaponpaints.sp::ReadPaints()
L 12/16/2015 - 03:06:00: [SM]   [1]  Line 101, franug_weaponpaints.sp::OnPluginStart()
L 12/16/2015 - 03:06:01: Failed to auto generate config for pugsetup.smx, make sure the directory has write permission.
L 12/16/2015 - 03:06:01: [pugsetup.smx] Missing map file: addons/sourcemod/configs/pugsetup/maps.txt
L 12/16/2015 - 03:06:01: [pugsetup.smx] Missing map file: addons/sourcemod/configs/pugsetup/aim_maps.txt
L 12/16/2015 - 03:20:31: Error log file session closed.
L 12/16/2015 - 03:20:31: SourceMod error session started
L 12/16/2015 - 03:20:31: Info (map "surf_colours") (file "errors_20151216.log")
L 12/16/2015 - 03:20:31: [SM] Plugin encountered error 25: Call was aborted
L 12/16/2015 - 03:20:31: [SM] Native "SetFailState" reported: [KZTimer] Unable to connect to database (Configuration "kztimer" not found)
L 12/16/2015 - 03:20:31: [SM] Displaying call stack trace for plugin "KZTimer.smx":
L 12/16/2015 - 03:20:31: [SM]   [0]  Line 331, kztimer/sql.sp::db_setupDatabase()
L 12/16/2015 - 03:20:31: [SM]   [1]  Line 1128, KZTimer.sp::OnPluginStart()
L 12/16/2015 - 03:20:31: [SM] Plugin encountered error 25: Call was aborted
L 12/16/2015 - 03:20:31: [SM] Native "SetFailState" reported: CFG File not found: addons/sourcemod/configs/csgo_wpaints.cfg
L 12/16/2015 - 03:20:31: [SM] Displaying call stack trace for plugin "franug_weaponpaints.smx":
L 12/16/2015 - 03:20:31: [SM]   [0]  Line 394, franug_weaponpaints.sp::ReadPaints()
L 12/16/2015 - 03:20:31: [SM]   [1]  Line 101, franug_weaponpaints.sp::OnPluginStart()
L 12/16/2015 - 03:20:31: Failed to auto generate config for pugsetup.smx, make sure the directory has write permission.
L 12/16/2015 - 03:20:31: [pugsetup.smx] Missing map file: addons/sourcemod/configs/pugsetup/maps.txt
L 12/16/2015 - 03:20:31: [pugsetup.smx] Missing map file: addons/sourcemod/configs/pugsetup/aim_maps.txt
L 12/16/2015 - 03:23:02: [SM] Native "SDKHook" reported: Entity 3 is invalid
L 12/16/2015 - 03:23:02: [SM] Displaying call stack trace for plugin "ckSurf.smx":
L 12/16/2015 - 03:23:02: [SM]   [0]  Line 252, ckSurf/replay.sp::PlayRecord()
L 12/16/2015 - 03:23:02: [SM]   [1]  Line 379, ckSurf/replay.sp::LoadRecordReplay()
L 12/16/2015 - 03:23:02: [SM]   [2]  Line 346, ckSurf/replay.sp::RefreshBot()
L 12/16/2015 - 03:43:22: Error log file session closed.
L 12/16/2015 - 03:43:22: SourceMod error session started
L 12/16/2015 - 03:43:22: Info (map "surf_colours") (file "errors_20151216.log")
L 12/16/2015 - 03:43:22: [SM] Plugin encountered error 25: Call was aborted
L 12/16/2015 - 03:43:22: [SM] Native "SetFailState" reported: [KZTimer] Unable to connect to database (Configuration "kztimer" not found)
L 12/16/2015 - 03:43:22: [SM] Displaying call stack trace for plugin "KZTimer.smx":
L 12/16/2015 - 03:43:22: [SM]   [0]  Line 331, kztimer/sql.sp::db_setupDatabase()
L 12/16/2015 - 03:43:22: [SM]   [1]  Line 1128, KZTimer.sp::OnPluginStart()
L 12/16/2015 - 03:43:22: [SM] Plugin encountered error 25: Call was aborted
L 12/16/2015 - 03:43:22: [SM] Native "SetFailState" reported: CFG File not found: addons/sourcemod/configs/csgo_wpaints.cfg
L 12/16/2015 - 03:43:22: [SM] Displaying call stack trace for plugin "franug_weaponpaints.smx":
L 12/16/2015 - 03:43:22: [SM]   [0]  Line 394, franug_weaponpaints.sp::ReadPaints()
L 12/16/2015 - 03:43:22: [SM]   [1]  Line 101, franug_weaponpaints.sp::OnPluginStart()
L 12/16/2015 - 03:43:22: Failed to auto generate config for pugsetup.smx, make sure the directory has write permission.
L 12/16/2015 - 03:43:22: [pugsetup.smx] Missing map file: addons/sourcemod/configs/pugsetup/maps.txt
L 12/16/2015 - 03:43:22: [pugsetup.smx] Missing map file: addons/sourcemod/configs/pugsetup/aim_maps.txt
L 12/16/2015 - 03:43:57: Error log file session closed.
L 12/16/2015 - 03:43:57: SourceMod error session started
L 12/16/2015 - 03:43:57: Info (map "surf_colours") (file "errors_20151216.log")
L 12/16/2015 - 03:43:57: [SM] Plugin encountered error 25: Call was aborted
L 12/16/2015 - 03:43:57: [SM] Native "SetFailState" reported: [KZTimer] Unable to connect to database (Configuration "kztimer" not found)
L 12/16/2015 - 03:43:57: [SM] Displaying call stack trace for plugin "KZTimer.smx":
L 12/16/2015 - 03:43:57: [SM]   [0]  Line 331, kztimer/sql.sp::db_setupDatabase()
L 12/16/2015 - 03:43:57: [SM]   [1]  Line 1128, KZTimer.sp::OnPluginStart()
L 12/16/2015 - 03:43:57: [SM] Plugin encountered error 25: Call was aborted
L 12/16/2015 - 03:43:57: [SM] Native "SetFailState" reported: CFG File not found: addons/sourcemod/configs/csgo_wpaints.cfg
L 12/16/2015 - 03:43:57: [SM] Displaying call stack trace for plugin "franug_weaponpaints.smx":
L 12/16/2015 - 03:43:57: [SM]   [0]  Line 394, franug_weaponpaints.sp::ReadPaints()
L 12/16/2015 - 03:43:57: [SM]   [1]  Line 101, franug_weaponpaints.sp::OnPluginStart()
L 12/16/2015 - 03:43:57: Failed to auto generate config for pugsetup.smx, make sure the directory has write permission.
L 12/16/2015 - 03:43:57: [pugsetup.smx] Missing map file: addons/sourcemod/configs/pugsetup/maps.txt
L 12/16/2015 - 03:43:57: [pugsetup.smx] Missing map file: addons/sourcemod/configs/pugsetup/aim_maps.txt
L 12/16/2015 - 03:44:04: [SM] Native "SDKHook" reported: Entity 2 is invalid
L 12/16/2015 - 03:44:04: [SM] Displaying call stack trace for plugin "ckSurf.smx":
L 12/16/2015 - 03:44:04: [SM]   [0]  Line 252, ckSurf/replay.sp::PlayRecord()
L 12/16/2015 - 03:44:04: [SM]   [1]  Line 379, ckSurf/replay.sp::LoadRecordReplay()
L 12/16/2015 - 03:44:04: [SM]   [2]  Line 346, ckSurf/replay.sp::RefreshBot()
L 12/16/2015 - 03:44:04: [SM] Native "SDKHook" reported: Entity 3 is invalid
L 12/16/2015 - 03:44:04: [SM] Displaying call stack trace for plugin "ckSurf.smx":
L 12/16/2015 - 03:44:04: [SM]   [0]  Line 252, ckSurf/replay.sp::PlayRecord()
L 12/16/2015 - 03:44:04: [SM]   [1]  Line 379, ckSurf/replay.sp::LoadRecordReplay()
L 12/16/2015 - 03:44:04: [SM]   [2]  Line 346, ckSurf/replay.sp::RefreshBot()
L 12/16/2015 - 03:47:10: SourceMod error session started
L 12/16/2015 - 03:47:10: Info (map "de_dust2") (file "errors_20151216.log")
L 12/16/2015 - 03:47:10: [SM] Plugin encountered error 25: Call was aborted
L 12/16/2015 - 03:47:10: [SM] Native "SetFailState" reported: [KZTimer] Unable to connect to database (Configuration "kztimer" not found)
L 12/16/2015 - 03:47:10: [SM] Displaying call stack trace for plugin "KZTimer.smx":
L 12/16/2015 - 03:47:10: [SM]   [0]  Line 331, kztimer/sql.sp::db_setupDatabase()
L 12/16/2015 - 03:47:10: [SM]   [1]  Line 1128, KZTimer.sp::OnPluginStart()
L 12/16/2015 - 03:47:10: [SM] Plugin encountered error 25: Call was aborted
L 12/16/2015 - 03:47:10: [SM] Native "SetFailState" reported: CFG File not found: addons/sourcemod/configs/csgo_wpaints.cfg
L 12/16/2015 - 03:47:10: [SM] Displaying call stack trace for plugin "franug_weaponpaints.smx":
L 12/16/2015 - 03:47:10: [SM]   [0]  Line 394, franug_weaponpaints.sp::ReadPaints()
L 12/16/2015 - 03:47:10: [SM]   [1]  Line 101, franug_weaponpaints.sp::OnPluginStart()
L 12/16/2015 - 03:47:11: Failed to auto generate config for pugsetup.smx, make sure the directory has write permission.
L 12/16/2015 - 03:47:27: SourceMod error session started
L 12/16/2015 - 03:47:27: Info (map "de_dust2") (file "errors_20151216.log")
L 12/16/2015 - 03:47:27: [SM] Plugin encountered error 25: Call was aborted
L 12/16/2015 - 03:47:27: [SM] Native "SetFailState" reported: [KZTimer] Unable to connect to database (Configuration "kztimer" not found)
L 12/16/2015 - 03:47:27: [SM] Displaying call stack trace for plugin "KZTimer.smx":
L 12/16/2015 - 03:47:27: [SM]   [0]  Line 331, kztimer/sql.sp::db_setupDatabase()
L 12/16/2015 - 03:47:27: [SM]   [1]  Line 1128, KZTimer.sp::OnPluginStart()
L 12/16/2015 - 03:47:27: [SM] Plugin encountered error 25: Call was aborted
L 12/16/2015 - 03:47:27: [SM] Native "SetFailState" reported: CFG File not found: addons/sourcemod/configs/csgo_wpaints.cfg
L 12/16/2015 - 03:47:27: [SM] Displaying call stack trace for plugin "franug_weaponpaints.smx":
L 12/16/2015 - 03:47:27: [SM]   [0]  Line 394, franug_weaponpaints.sp::ReadPaints()
L 12/16/2015 - 03:47:27: [SM]   [1]  Line 101, franug_weaponpaints.sp::OnPluginStart()
L 12/16/2015 - 03:47:28: Failed to auto generate config for pugsetup.smx, make sure the directory has write permission.
L 12/16/2015 - 03:47:34: Error log file session closed.
L 12/16/2015 - 03:47:34: SourceMod error session started
L 12/16/2015 - 03:47:34: Info (map "de_dust2") (file "errors_20151216.log")
L 12/16/2015 - 03:47:34: [SM] Plugin encountered error 25: Call was aborted
L 12/16/2015 - 03:47:34: [SM] Native "SetFailState" reported: [KZTimer] Unable to connect to database (Configuration "kztimer" not found)
L 12/16/2015 - 03:47:34: [SM] Displaying call stack trace for plugin "KZTimer.smx":
L 12/16/2015 - 03:47:34: [SM]   [0]  Line 331, kztimer/sql.sp::db_setupDatabase()
L 12/16/2015 - 03:47:34: [SM]   [1]  Line 1128, KZTimer.sp::OnPluginStart()
L 12/16/2015 - 03:47:34: [SM] Plugin encountered error 25: Call was aborted
L 12/16/2015 - 03:47:34: [SM] Native "SetFailState" reported: CFG File not found: addons/sourcemod/configs/csgo_wpaints.cfg
L 12/16/2015 - 03:47:34: [SM] Displaying call stack trace for plugin "franug_weaponpaints.smx":
L 12/16/2015 - 03:47:34: [SM]   [0]  Line 394, franug_weaponpaints.sp::ReadPaints()
L 12/16/2015 - 03:47:34: [SM]   [1]  Line 101, franug_weaponpaints.sp::OnPluginStart()
L 12/16/2015 - 03:47:34: [pugsetup.smx] Missing map file: addons/sourcemod/configs/pugsetup/maps.txt
L 12/16/2015 - 03:47:34: [pugsetup.smx] Missing map file: addons/sourcemod/configs/pugsetup/aim_maps.txt
L 12/16/2015 - 03:47:34: Failed to auto generate config for pugsetup.smx, make sure the directory has write permission.
L 12/16/2015 - 03:49:45: SourceMod error session started
L 12/16/2015 - 03:49:45: Info (map "de_dust2") (file "errors_20151216.log")
L 12/16/2015 - 03:49:45: [SM] Plugin encountered error 25: Call was aborted
L 12/16/2015 - 03:49:45: [SM] Native "SetFailState" reported: [KZTimer] Unable to connect to database (Configuration "kztimer" not found)
L 12/16/2015 - 03:49:45: [SM] Displaying call stack trace for plugin "KZTimer.smx":
L 12/16/2015 - 03:49:45: [SM]   [0]  Line 331, kztimer/sql.sp::db_setupDatabase()
L 12/16/2015 - 03:49:45: [SM]   [1]  Line 1128, KZTimer.sp::OnPluginStart()
L 12/16/2015 - 03:49:45: [SM] Plugin encountered error 25: Call was aborted
L 12/16/2015 - 03:49:45: [SM] Native "SetFailState" reported: CFG File not found: addons/sourcemod/configs/csgo_wpaints.cfg
L 12/16/2015 - 03:49:45: [SM] Displaying call stack trace for plugin "franug_weaponpaints.smx":
L 12/16/2015 - 03:49:45: [SM]   [0]  Line 394, franug_weaponpaints.sp::ReadPaints()
L 12/16/2015 - 03:49:45: [SM]   [1]  Line 101, franug_weaponpaints.sp::OnPluginStart()
L 12/16/2015 - 03:49:46: Failed to auto generate config for pugsetup.smx, make sure the directory has write permission.
L 12/16/2015 - 03:50:13: Error log file session closed.
L 12/16/2015 - 03:50:13: SourceMod error session started
L 12/16/2015 - 03:50:13: Info (map "de_dust2") (file "errors_20151216.log")
L 12/16/2015 - 03:50:13: [SM] Plugin encountered error 25: Call was aborted
L 12/16/2015 - 03:50:13: [SM] Native "SetFailState" reported: [KZTimer] Unable to connect to database (Configuration "kztimer" not found)
L 12/16/2015 - 03:50:13: [SM] Displaying call stack trace for plugin "KZTimer.smx":
L 12/16/2015 - 03:50:13: [SM]   [0]  Line 331, kztimer/sql.sp::db_setupDatabase()
L 12/16/2015 - 03:50:13: [SM]   [1]  Line 1128, KZTimer.sp::OnPluginStart()
L 12/16/2015 - 03:50:13: [SM] Plugin encountered error 25: Call was aborted
L 12/16/2015 - 03:50:13: [SM] Native "SetFailState" reported: CFG File not found: addons/sourcemod/configs/csgo_wpaints.cfg
L 12/16/2015 - 03:50:13: [SM] Displaying call stack trace for plugin "franug_weaponpaints.smx":
L 12/16/2015 - 03:50:13: [SM]   [0]  Line 394, franug_weaponpaints.sp::ReadPaints()
L 12/16/2015 - 03:50:13: [SM]   [1]  Line 101, franug_weaponpaints.sp::OnPluginStart()
L 12/16/2015 - 03:50:14: [pugsetup.smx] Missing map file: addons/sourcemod/configs/pugsetup/maps.txt
L 12/16/2015 - 03:50:14: [pugsetup.smx] Missing map file: addons/sourcemod/configs/pugsetup/aim_maps.txt
L 12/16/2015 - 03:50:14: Failed to auto generate config for pugsetup.smx, make sure the directory has write permission.
L 12/16/2015 - 03:50:24: SourceMod error session started
L 12/16/2015 - 03:50:24: Info (map "de_dust2") (file "errors_20151216.log")
L 12/16/2015 - 03:50:24: [SM] Plugin encountered error 25: Call was aborted
L 12/16/2015 - 03:50:24: [SM] Native "SetFailState" reported: [KZTimer] Unable to connect to database (Configuration "kztimer" not found)
L 12/16/2015 - 03:50:24: [SM] Displaying call stack trace for plugin "KZTimer.smx":
L 12/16/2015 - 03:50:24: [SM]   [0]  Line 331, kztimer/sql.sp::db_setupDatabase()
L 12/16/2015 - 03:50:24: [SM]   [1]  Line 1128, KZTimer.sp::OnPluginStart()
L 12/16/2015 - 03:50:24: [SM] Plugin encountered error 25: Call was aborted
L 12/16/2015 - 03:50:24: [SM] Native "SetFailState" reported: CFG File not found: addons/sourcemod/configs/csgo_wpaints.cfg
L 12/16/2015 - 03:50:24: [SM] Displaying call stack trace for plugin "franug_weaponpaints.smx":
L 12/16/2015 - 03:50:24: [SM]   [0]  Line 394, franug_weaponpaints.sp::ReadPaints()
L 12/16/2015 - 03:50:24: [SM]   [1]  Line 101, franug_weaponpaints.sp::OnPluginStart()
L 12/16/2015 - 03:50:25: Failed to auto generate config for pugsetup.smx, make sure the directory has write permission.
L 12/16/2015 - 03:50:40: Error log file session closed.
L 12/16/2015 - 03:50:40: SourceMod error session started
L 12/16/2015 - 03:50:40: Info (map "de_dust2") (file "errors_20151216.log")
L 12/16/2015 - 03:50:40: [SM] Plugin encountered error 25: Call was aborted
L 12/16/2015 - 03:50:40: [SM] Native "SetFailState" reported: [KZTimer] Unable to connect to database (Configuration "kztimer" not found)
L 12/16/2015 - 03:50:40: [SM] Displaying call stack trace for plugin "KZTimer.smx":
L 12/16/2015 - 03:50:40: [SM]   [0]  Line 331, kztimer/sql.sp::db_setupDatabase()
L 12/16/2015 - 03:50:40: [SM]   [1]  Line 1128, KZTimer.sp::OnPluginStart()
L 12/16/2015 - 03:50:40: [SM] Plugin encountered error 25: Call was aborted
L 12/16/2015 - 03:50:40: [SM] Native "SetFailState" reported: CFG File not found: addons/sourcemod/configs/csgo_wpaints.cfg
L 12/16/2015 - 03:50:40: [SM] Displaying call stack trace for plugin "franug_weaponpaints.smx":
L 12/16/2015 - 03:50:40: [SM]   [0]  Line 394, franug_weaponpaints.sp::ReadPaints()
L 12/16/2015 - 03:50:40: [SM]   [1]  Line 101, franug_weaponpaints.sp::OnPluginStart()
L 12/16/2015 - 03:50:40: [pugsetup.smx] Missing map file: addons/sourcemod/configs/pugsetup/maps.txt
L 12/16/2015 - 03:50:40: [pugsetup.smx] Missing map file: addons/sourcemod/configs/pugsetup/aim_maps.txt
L 12/16/2015 - 03:50:41: Failed to auto generate config for pugsetup.smx, make sure the directory has write permission.
L 12/16/2015 - 03:59:15: SourceMod error session started
L 12/16/2015 - 03:59:15: Info (map "de_dust2") (file "errors_20151216.log")
L 12/16/2015 - 03:59:15: [SM] Plugin encountered error 25: Call was aborted
L 12/16/2015 - 03:59:15: [SM] Native "SetFailState" reported: [KZTimer] Unable to connect to database (Configuration "kztimer" not found)
L 12/16/2015 - 03:59:15: [SM] Displaying call stack trace for plugin "KZTimer.smx":
L 12/16/2015 - 03:59:15: [SM]   [0]  Line 331, kztimer/sql.sp::db_setupDatabase()
L 12/16/2015 - 03:59:15: [SM]   [1]  Line 1128, KZTimer.sp::OnPluginStart()
L 12/16/2015 - 03:59:15: [SM] Plugin encountered error 25: Call was aborted
L 12/16/2015 - 03:59:15: [SM] Native "SetFailState" reported: CFG File not found: addons/sourcemod/configs/csgo_wpaints.cfg
L 12/16/2015 - 03:59:15: [SM] Displaying call stack trace for plugin "franug_weaponpaints.smx":
L 12/16/2015 - 03:59:15: [SM]   [0]  Line 394, franug_weaponpaints.sp::ReadPaints()
L 12/16/2015 - 03:59:15: [SM]   [1]  Line 101, franug_weaponpaints.sp::OnPluginStart()
L 12/16/2015 - 03:59:16: Failed to auto generate config for pugsetup.smx, make sure the directory has write permission.
L 12/16/2015 - 03:59:19: Error log file session closed.
L 12/16/2015 - 03:59:19: SourceMod error session started
L 12/16/2015 - 03:59:19: Info (map "de_dust2") (file "errors_20151216.log")
L 12/16/2015 - 03:59:19: [SM] Plugin encountered error 25: Call was aborted
L 12/16/2015 - 03:59:19: [SM] Native "SetFailState" reported: [KZTimer] Unable to connect to database (Configuration "kztimer" not found)
L 12/16/2015 - 03:59:19: [SM] Displaying call stack trace for plugin "KZTimer.smx":
L 12/16/2015 - 03:59:19: [SM]   [0]  Line 331, kztimer/sql.sp::db_setupDatabase()
L 12/16/2015 - 03:59:19: [SM]   [1]  Line 1128, KZTimer.sp::OnPluginStart()
L 12/16/2015 - 03:59:19: [SM] Plugin encountered error 25: Call was aborted
L 12/16/2015 - 03:59:19: [SM] Native "SetFailState" reported: CFG File not found: addons/sourcemod/configs/csgo_wpaints.cfg
L 12/16/2015 - 03:59:19: [SM] Displaying call stack trace for plugin "franug_weaponpaints.smx":
L 12/16/2015 - 03:59:19: [SM]   [0]  Line 394, franug_weaponpaints.sp::ReadPaints()
L 12/16/2015 - 03:59:19: [SM]   [1]  Line 101, franug_weaponpaints.sp::OnPluginStart()
L 12/16/2015 - 03:59:20: Failed to auto generate config for pugsetup.smx, make sure the directory has write permission.
L 12/16/2015 - 03:59:20: [pugsetup.smx] Missing map file: addons/sourcemod/configs/pugsetup/maps.txt
L 12/16/2015 - 03:59:20: [pugsetup.smx] Missing map file: addons/sourcemod/configs/pugsetup/aim_maps.txt
L 12/16/2015 - 04:03:45: SourceMod error session started
L 12/16/2015 - 04:03:45: Info (map "de_dust2") (file "errors_20151216.log")
L 12/16/2015 - 04:03:45: [SM] Plugin encountered error 25: Call was aborted
L 12/16/2015 - 04:03:45: [SM] Native "SetFailState" reported: [KZTimer] Unable to connect to database (Configuration "kztimer" not found)
L 12/16/2015 - 04:03:45: [SM] Displaying call stack trace for plugin "KZTimer.smx":
L 12/16/2015 - 04:03:45: [SM]   [0]  Line 331, kztimer/sql.sp::db_setupDatabase()
L 12/16/2015 - 04:03:45: [SM]   [1]  Line 1128, KZTimer.sp::OnPluginStart()
L 12/16/2015 - 04:03:45: [SM] Plugin encountered error 25: Call was aborted
L 12/16/2015 - 04:03:45: [SM] Native "SetFailState" reported: CFG File not found: addons/sourcemod/configs/csgo_wpaints.cfg
L 12/16/2015 - 04:03:45: [SM] Displaying call stack trace for plugin "franug_weaponpaints.smx":
L 12/16/2015 - 04:03:45: [SM]   [0]  Line 394, franug_weaponpaints.sp::ReadPaints()
L 12/16/2015 - 04:03:45: [SM]   [1]  Line 101, franug_weaponpaints.sp::OnPluginStart()
L 12/16/2015 - 04:03:46: Failed to auto generate config for pugsetup.smx, make sure the directory has write permission.
L 12/16/2015 - 04:04:04: Error log file session closed.
L 12/16/2015 - 04:04:04: SourceMod error session started
L 12/16/2015 - 04:04:04: Info (map "de_dust2") (file "errors_20151216.log")
L 12/16/2015 - 04:04:04: [SM] Plugin encountered error 25: Call was aborted
L 12/16/2015 - 04:04:04: [SM] Native "SetFailState" reported: [KZTimer] Unable to connect to database (Configuration "kztimer" not found)
L 12/16/2015 - 04:04:04: [SM] Displaying call stack trace for plugin "KZTimer.smx":
L 12/16/2015 - 04:04:04: [SM]   [0]  Line 331, kztimer/sql.sp::db_setupDatabase()
L 12/16/2015 - 04:04:04: [SM]   [1]  Line 1128, KZTimer.sp::OnPluginStart()
L 12/16/2015 - 04:04:04: [SM] Plugin encountered error 25: Call was aborted
L 12/16/2015 - 04:04:04: [SM] Native "SetFailState" reported: CFG File not found: addons/sourcemod/configs/csgo_wpaints.cfg
L 12/16/2015 - 04:04:04: [SM] Displaying call stack trace for plugin "franug_weaponpaints.smx":
L 12/16/2015 - 04:04:04: [SM]   [0]  Line 394, franug_weaponpaints.sp::ReadPaints()
L 12/16/2015 - 04:04:04: [SM]   [1]  Line 101, franug_weaponpaints.sp::OnPluginStart()
L 12/16/2015 - 04:04:04: Failed to auto generate config for pugsetup.smx, make sure the directory has write permission.
L 12/16/2015 - 04:04:04: [pugsetup.smx] Missing map file: addons/sourcemod/configs/pugsetup/maps.txt
L 12/16/2015 - 04:04:04: [pugsetup.smx] Missing map file: addons/sourcemod/configs/pugsetup/aim_maps.txt
L 12/16/2015 - 04:11:08: Error log file session closed.
L 12/16/2015 - 04:11:08: SourceMod error session started
L 12/16/2015 - 04:11:08: Info (map "de_inferno") (file "errors_20151216.log")
L 12/16/2015 - 04:11:08: [SM] Plugin encountered error 25: Call was aborted
L 12/16/2015 - 04:11:08: [SM] Native "SetFailState" reported: [KZTimer] Unable to connect to database (Configuration "kztimer" not found)
L 12/16/2015 - 04:11:08: [SM] Displaying call stack trace for plugin "KZTimer.smx":
L 12/16/2015 - 04:11:08: [SM]   [0]  Line 331, kztimer/sql.sp::db_setupDatabase()
L 12/16/2015 - 04:11:08: [SM]   [1]  Line 1128, KZTimer.sp::OnPluginStart()
L 12/16/2015 - 04:11:08: [SM] Plugin encountered error 25: Call was aborted
L 12/16/2015 - 04:11:08: [SM] Native "SetFailState" reported: CFG File not found: addons/sourcemod/configs/csgo_wpaints.cfg
L 12/16/2015 - 04:11:08: [SM] Displaying call stack trace for plugin "franug_weaponpaints.smx":
L 12/16/2015 - 04:11:08: [SM]   [0]  Line 394, franug_weaponpaints.sp::ReadPaints()
L 12/16/2015 - 04:11:08: [SM]   [1]  Line 101, franug_weaponpaints.sp::OnPluginStart()
L 12/16/2015 - 04:11:09: Failed to auto generate config for pugsetup.smx, make sure the directory has write permission.
L 12/16/2015 - 04:11:09: [pugsetup.smx] Missing map file: addons/sourcemod/configs/pugsetup/maps.txt
L 12/16/2015 - 04:11:09: [pugsetup.smx] Missing map file: addons/sourcemod/configs/pugsetup/aim_maps.txt
L 12/16/2015 - 04:13:13: [pugsetup.smx] Failed to open file for reading: cfg/sourcemod/pugsetup/knife.cfg
L 12/16/2015 - 04:13:13: [pugsetup.smx] Failed to save cvar values when executing sourcemod/pugsetup/knife.cfg
L 12/16/2015 - 04:56:27: Error log file session closed.
L 12/16/2015 - 04:56:27: SourceMod error session started
L 12/16/2015 - 04:56:27: Info (map "de_inferno") (file "errors_20151216.log")
L 12/16/2015 - 04:56:27: [SM] Plugin encountered error 25: Call was aborted
L 12/16/2015 - 04:56:27: [SM] Native "SetFailState" reported: [KZTimer] Unable to connect to database (Configuration "kztimer" not found)
L 12/16/2015 - 04:56:27: [SM] Displaying call stack trace for plugin "KZTimer.smx":
L 12/16/2015 - 04:56:27: [SM]   [0]  Line 331, kztimer/sql.sp::db_setupDatabase()
L 12/16/2015 - 04:56:27: [SM]   [1]  Line 1128, KZTimer.sp::OnPluginStart()
L 12/16/2015 - 04:56:27: [SM] Plugin encountered error 25: Call was aborted
L 12/16/2015 - 04:56:27: [SM] Native "SetFailState" reported: CFG File not found: addons/sourcemod/configs/csgo_wpaints.cfg
L 12/16/2015 - 04:56:27: [SM] Displaying call stack trace for plugin "franug_weaponpaints.smx":
L 12/16/2015 - 04:56:27: [SM]   [0]  Line 394, franug_weaponpaints.sp::ReadPaints()
L 12/16/2015 - 04:56:27: [SM]   [1]  Line 101, franug_weaponpaints.sp::OnPluginStart()
L 12/16/2015 - 04:56:28: Failed to auto generate config for pugsetup.smx, make sure the directory has write permission.
L 12/16/2015 - 04:56:28: [pugsetup.smx] Missing map file: addons/sourcemod/configs/pugsetup/maps.txt
L 12/16/2015 - 04:56:28: [pugsetup.smx] Missing map file: addons/sourcemod/configs/pugsetup/aim_maps.txt
L 12/16/2015 - 04:56:39: SourceMod error session started
L 12/16/2015 - 04:56:39: Info (map "surf_beginner_ug") (file "errors_20151216.log")
L 12/16/2015 - 04:56:39: [SM] Plugin encountered error 25: Call was aborted
L 12/16/2015 - 04:56:39: [SM] Native "SetFailState" reported: [KZTimer] Unable to connect to database (Configuration "kztimer" not found)
L 12/16/2015 - 04:56:39: [SM] Displaying call stack trace for plugin "KZTimer.smx":
L 12/16/2015 - 04:56:39: [SM]   [0]  Line 331, kztimer/sql.sp::db_setupDatabase()
L 12/16/2015 - 04:56:39: [SM]   [1]  Line 1128, KZTimer.sp::OnPluginStart()
L 12/16/2015 - 04:56:39: [SM] Plugin encountered error 25: Call was aborted
L 12/16/2015 - 04:56:39: [SM] Native "SetFailState" reported: CFG File not found: addons/sourcemod/configs/csgo_wpaints.cfg
L 12/16/2015 - 04:56:39: [SM] Displaying call stack trace for plugin "franug_weaponpaints.smx":
L 12/16/2015 - 04:56:39: [SM]   [0]  Line 394, franug_weaponpaints.sp::ReadPaints()
L 12/16/2015 - 04:56:39: [SM]   [1]  Line 101, franug_weaponpaints.sp::OnPluginStart()
L 12/16/2015 - 04:56:39: Failed to auto generate config for pugsetup.smx, make sure the directory has write permission.
L 12/16/2015 - 04:57:49: SourceMod error session started
L 12/16/2015 - 04:57:49: Info (map "surf_beginner_ug") (file "errors_20151216.log")
L 12/16/2015 - 04:57:49: [SM] Plugin encountered error 25: Call was aborted
L 12/16/2015 - 04:57:49: [SM] Native "SetFailState" reported: [KZTimer] Unable to connect to database (Configuration "kztimer" not found)
L 12/16/2015 - 04:57:49: [SM] Displaying call stack trace for plugin "KZTimer.smx":
L 12/16/2015 - 04:57:49: [SM]   [0]  Line 331, kztimer/sql.sp::db_setupDatabase()
L 12/16/2015 - 04:57:49: [SM]   [1]  Line 1128, KZTimer.sp::OnPluginStart()
L 12/16/2015 - 04:57:49: [SM] Plugin encountered error 25: Call was aborted
L 12/16/2015 - 04:57:49: [SM] Native "SetFailState" reported: CFG File not found: addons/sourcemod/configs/csgo_wpaints.cfg
L 12/16/2015 - 04:57:49: [SM] Displaying call stack trace for plugin "franug_weaponpaints.smx":
L 12/16/2015 - 04:57:49: [SM]   [0]  Line 394, franug_weaponpaints.sp::ReadPaints()
L 12/16/2015 - 04:57:49: [SM]   [1]  Line 101, franug_weaponpaints.sp::OnPluginStart()
L 12/16/2015 - 04:57:49: Failed to auto generate config for pugsetup.smx, make sure the directory has write permission.
L 12/16/2015 - 04:58:27: Error log file session closed.
L 12/16/2015 - 04:58:27: SourceMod error session started
L 12/16/2015 - 04:58:27: Info (map "surf_beginner_ug") (file "errors_20151216.log")
L 12/16/2015 - 04:58:27: [SM] Plugin encountered error 25: Call was aborted
L 12/16/2015 - 04:58:27: [SM] Native "SetFailState" reported: [KZTimer] Unable to connect to database (Configuration "kztimer" not found)
L 12/16/2015 - 04:58:27: [SM] Displaying call stack trace for plugin "KZTimer.smx":
L 12/16/2015 - 04:58:27: [SM]   [0]  Line 331, kztimer/sql.sp::db_setupDatabase()
L 12/16/2015 - 04:58:27: [SM]   [1]  Line 1128, KZTimer.sp::OnPluginStart()
L 12/16/2015 - 04:58:27: [SM] Plugin encountered error 25: Call was aborted
L 12/16/2015 - 04:58:27: [SM] Native "SetFailState" reported: CFG File not found: addons/sourcemod/configs/csgo_wpaints.cfg
L 12/16/2015 - 04:58:27: [SM] Displaying call stack trace for plugin "franug_weaponpaints.smx":
L 12/16/2015 - 04:58:27: [SM]   [0]  Line 394, franug_weaponpaints.sp::ReadPaints()
L 12/16/2015 - 04:58:27: [SM]   [1]  Line 101, franug_weaponpaints.sp::OnPluginStart()
L 12/16/2015 - 04:58:27: [pugsetup.smx] Missing map file: addons/sourcemod/configs/pugsetup/maps.txt
L 12/16/2015 - 04:58:27: [pugsetup.smx] Missing map file: addons/sourcemod/configs/pugsetup/aim_maps.txt
L 12/16/2015 - 04:58:28: Failed to auto generate config for pugsetup.smx, make sure the directory has write permission.
L 12/16/2015 - 04:58:38: [SM] Native "SDKHook" reported: Entity 2 is invalid
L 12/16/2015 - 04:58:38: [SM] Displaying call stack trace for plugin "ckSurf.smx":
L 12/16/2015 - 04:58:38: [SM]   [0]  Line 252, ckSurf/replay.sp::PlayRecord()
L 12/16/2015 - 04:58:38: [SM]   [1]  Line 379, ckSurf/replay.sp::LoadRecordReplay()
L 12/16/2015 - 04:58:38: [SM]   [2]  Line 346, ckSurf/replay.sp::RefreshBot()
L 12/16/2015 - 04:58:45: Error log file session closed.
L 12/16/2015 - 04:58:45: SourceMod error session started
L 12/16/2015 - 04:58:45: Info (map "surf_rookie") (file "errors_20151216.log")
L 12/16/2015 - 04:58:45: [SM] Plugin encountered error 25: Call was aborted
L 12/16/2015 - 04:58:45: [SM] Native "SetFailState" reported: [KZTimer] Unable to connect to database (Configuration "kztimer" not found)
L 12/16/2015 - 04:58:45: [SM] Displaying call stack trace for plugin "KZTimer.smx":
L 12/16/2015 - 04:58:45: [SM]   [0]  Line 331, kztimer/sql.sp::db_setupDatabase()
L 12/16/2015 - 04:58:45: [SM]   [1]  Line 1128, KZTimer.sp::OnPluginStart()
L 12/16/2015 - 04:58:45: [SM] Plugin encountered error 25: Call was aborted
L 12/16/2015 - 04:58:45: [SM] Native "SetFailState" reported: CFG File not found: addons/sourcemod/configs/csgo_wpaints.cfg
L 12/16/2015 - 04:58:45: [SM] Displaying call stack trace for plugin "franug_weaponpaints.smx":
L 12/16/2015 - 04:58:45: [SM]   [0]  Line 394, franug_weaponpaints.sp::ReadPaints()
L 12/16/2015 - 04:58:45: [SM]   [1]  Line 101, franug_weaponpaints.sp::OnPluginStart()
L 12/16/2015 - 04:58:46: Failed to auto generate config for pugsetup.smx, make sure the directory has write permission.
L 12/16/2015 - 04:58:46: [pugsetup.smx] Missing map file: addons/sourcemod/configs/pugsetup/maps.txt
L 12/16/2015 - 04:58:46: [pugsetup.smx] Missing map file: addons/sourcemod/configs/pugsetup/aim_maps.txt
L 12/16/2015 - 04:58:55: [SM] Native "SDKHook" reported: Entity 2 is invalid
L 12/16/2015 - 04:58:55: [SM] Displaying call stack trace for plugin "ckSurf.smx":
L 12/16/2015 - 04:58:55: [SM]   [0]  Line 252, ckSurf/replay.sp::PlayRecord()
L 12/16/2015 - 04:58:55: [SM]   [1]  Line 379, ckSurf/replay.sp::LoadRecordReplay()
L 12/16/2015 - 04:58:55: [SM]   [2]  Line 346, ckSurf/replay.sp::RefreshBot()
L 12/16/2015 - 05:43:04: SourceMod error session started
L 12/16/2015 - 05:43:04: Info (map "de_dust2") (file "errors_20151216.log")
L 12/16/2015 - 05:43:04: [SM] Plugin encountered error 25: Call was aborted
L 12/16/2015 - 05:43:04: [SM] Native "SetFailState" reported: [KZTimer] Unable to connect to database (Configuration "kztimer" not found)
L 12/16/2015 - 05:43:04: [SM] Displaying call stack trace for plugin "KZTimer.smx":
L 12/16/2015 - 05:43:04: [SM]   [0]  Line 331, kztimer/sql.sp::db_setupDatabase()
L 12/16/2015 - 05:43:04: [SM]   [1]  Line 1128, KZTimer.sp::OnPluginStart()
L 12/16/2015 - 05:43:04: [SM] Plugin encountered error 25: Call was aborted
L 12/16/2015 - 05:43:04: [SM] Native "SetFailState" reported: CFG File not found: addons/sourcemod/configs/csgo_wpaints.cfg
L 12/16/2015 - 05:43:04: [SM] Displaying call stack trace for plugin "franug_weaponpaints.smx":
L 12/16/2015 - 05:43:04: [SM]   [0]  Line 394, franug_weaponpaints.sp::ReadPaints()
L 12/16/2015 - 05:43:04: [SM]   [1]  Line 101, franug_weaponpaints.sp::OnPluginStart()
L 12/16/2015 - 05:43:13: SourceMod error session started
L 12/16/2015 - 05:43:13: Info (map "de_dust2") (file "errors_20151216.log")
L 12/16/2015 - 05:43:13: [SM] Plugin encountered error 25: Call was aborted
L 12/16/2015 - 05:43:13: [SM] Native "SetFailState" reported: [KZTimer] Unable to connect to database (Configuration "kztimer" not found)
L 12/16/2015 - 05:43:13: [SM] Displaying call stack trace for plugin "KZTimer.smx":
L 12/16/2015 - 05:43:13: [SM]   [0]  Line 331, kztimer/sql.sp::db_setupDatabase()
L 12/16/2015 - 05:43:13: [SM]   [1]  Line 1128, KZTimer.sp::OnPluginStart()
L 12/16/2015 - 05:43:13: [SM] Plugin encountered error 25: Call was aborted
L 12/16/2015 - 05:43:13: [SM] Native "SetFailState" reported: CFG File not found: addons/sourcemod/configs/csgo_wpaints.cfg
L 12/16/2015 - 05:43:13: [SM] Displaying call stack trace for plugin "franug_weaponpaints.smx":
L 12/16/2015 - 05:43:13: [SM]   [0]  Line 394, franug_weaponpaints.sp::ReadPaints()
L 12/16/2015 - 05:43:13: [SM]   [1]  Line 101, franug_weaponpaints.sp::OnPluginStart()
L 12/16/2015 - 05:43:31: Error log file session closed.
L 12/16/2015 - 05:43:31: SourceMod error session started
L 12/16/2015 - 05:43:31: Info (map "de_dust2") (file "errors_20151216.log")
L 12/16/2015 - 05:43:31: [SM] Plugin encountered error 25: Call was aborted
L 12/16/2015 - 05:43:31: [SM] Native "SetFailState" reported: [KZTimer] Unable to connect to database (Configuration "kztimer" not found)
L 12/16/2015 - 05:43:31: [SM] Displaying call stack trace for plugin "KZTimer.smx":
L 12/16/2015 - 05:43:31: [SM]   [0]  Line 331, kztimer/sql.sp::db_setupDatabase()
L 12/16/2015 - 05:43:31: [SM]   [1]  Line 1128, KZTimer.sp::OnPluginStart()
L 12/16/2015 - 05:43:31: [SM] Plugin encountered error 25: Call was aborted
L 12/16/2015 - 05:43:31: [SM] Native "SetFailState" reported: CFG File not found: addons/sourcemod/configs/csgo_wpaints.cfg
L 12/16/2015 - 05:43:31: [SM] Displaying call stack trace for plugin "franug_weaponpaints.smx":
L 12/16/2015 - 05:43:31: [SM]   [0]  Line 394, franug_weaponpaints.sp::ReadPaints()
L 12/16/2015 - 05:43:31: [SM]   [1]  Line 101, franug_weaponpaints.sp::OnPluginStart()
L 12/16/2015 - 05:45:33: Error log file session closed.
L 12/16/2015 - 05:45:33: SourceMod error session started
L 12/16/2015 - 05:45:33: Info (map "de_d2night") (file "errors_20151216.log")
L 12/16/2015 - 05:45:33: [SM] Plugin encountered error 25: Call was aborted
L 12/16/2015 - 05:45:33: [SM] Native "SetFailState" reported: [KZTimer] Unable to connect to database (Configuration "kztimer" not found)
L 12/16/2015 - 05:45:33: [SM] Displaying call stack trace for plugin "KZTimer.smx":
L 12/16/2015 - 05:45:33: [SM]   [0]  Line 331, kztimer/sql.sp::db_setupDatabase()
L 12/16/2015 - 05:45:33: [SM]   [1]  Line 1128, KZTimer.sp::OnPluginStart()
L 12/16/2015 - 05:45:33: [SM] Plugin encountered error 25: Call was aborted
L 12/16/2015 - 05:45:33: [SM] Native "SetFailState" reported: CFG File not found: addons/sourcemod/configs/csgo_wpaints.cfg
L 12/16/2015 - 05:45:33: [SM] Displaying call stack trace for plugin "franug_weaponpaints.smx":
L 12/16/2015 - 05:45:33: [SM]   [0]  Line 394, franug_weaponpaints.sp::ReadPaints()
L 12/16/2015 - 05:45:33: [SM]   [1]  Line 101, franug_weaponpaints.sp::OnPluginStart()
L 12/16/2015 - 05:48:55: SourceMod error session started
L 12/16/2015 - 05:48:55: Info (map "surf_beginner_ug") (file "errors_20151216.log")
L 12/16/2015 - 05:48:55: [SM] Plugin encountered error 25: Call was aborted
L 12/16/2015 - 05:48:55: [SM] Native "SetFailState" reported: [KZTimer] Unable to connect to database (Configuration "kztimer" not found)
L 12/16/2015 - 05:48:55: [SM] Displaying call stack trace for plugin "KZTimer.smx":
L 12/16/2015 - 05:48:55: [SM]   [0]  Line 331, kztimer/sql.sp::db_setupDatabase()
L 12/16/2015 - 05:48:55: [SM]   [1]  Line 1128, KZTimer.sp::OnPluginStart()
L 12/16/2015 - 05:48:55: [SM] Plugin encountered error 25: Call was aborted
L 12/16/2015 - 05:48:55: [SM] Native "SetFailState" reported: CFG File not found: addons/sourcemod/configs/csgo_wpaints.cfg
L 12/16/2015 - 05:48:55: [SM] Displaying call stack trace for plugin "franug_weaponpaints.smx":
L 12/16/2015 - 05:48:55: [SM]   [0]  Line 394, franug_weaponpaints.sp::ReadPaints()
L 12/16/2015 - 05:48:55: [SM]   [1]  Line 101, franug_weaponpaints.sp::OnPluginStart()
L 12/16/2015 - 05:49:06: SourceMod error session started
L 12/16/2015 - 05:49:06: Info (map "surf_beginner_ug") (file "errors_20151216.log")
L 12/16/2015 - 05:49:06: [SM] Plugin encountered error 25: Call was aborted
L 12/16/2015 - 05:49:06: [SM] Native "SetFailState" reported: [KZTimer] Unable to connect to database (Configuration "kztimer" not found)
L 12/16/2015 - 05:49:06: [SM] Displaying call stack trace for plugin "KZTimer.smx":
L 12/16/2015 - 05:49:06: [SM]   [0]  Line 331, kztimer/sql.sp::db_setupDatabase()
L 12/16/2015 - 05:49:06: [SM]   [1]  Line 1128, KZTimer.sp::OnPluginStart()
L 12/16/2015 - 05:49:06: [SM] Plugin encountered error 25: Call was aborted
L 12/16/2015 - 05:49:06: [SM] Native "SetFailState" reported: CFG File not found: addons/sourcemod/configs/csgo_wpaints.cfg
L 12/16/2015 - 05:49:06: [SM] Displaying call stack trace for plugin "franug_weaponpaints.smx":
L 12/16/2015 - 05:49:06: [SM]   [0]  Line 394, franug_weaponpaints.sp::ReadPaints()
L 12/16/2015 - 05:49:06: [SM]   [1]  Line 101, franug_weaponpaints.sp::OnPluginStart()
