L 12/04/2015 - 18:21:47: SourceMod error session started
L 12/04/2015 - 18:21:47: Info (map "de_dust2") (file "errors_20151204.log")
L 12/04/2015 - 18:21:47: [SM] Plugin encountered error 25: Call was aborted
L 12/04/2015 - 18:21:47: [SM] Native "SetFailState" reported: CFG File not found: addons/sourcemod/configs/csgo_wpaints.cfg
L 12/04/2015 - 18:21:47: [SM] Displaying call stack trace for plugin "franug_weaponpaints.smx":
L 12/04/2015 - 18:21:47: [SM]   [0]  Line 394, franug_weaponpaints.sp::ReadPaints()
L 12/04/2015 - 18:21:47: [SM]   [1]  Line 101, franug_weaponpaints.sp::OnPluginStart()
L 12/04/2015 - 18:21:49: Failed to auto generate config for pugsetup.smx, make sure the directory has write permission.
L 12/04/2015 - 18:21:58: SourceMod error session started
L 12/04/2015 - 18:21:58: Info (map "de_dust2") (file "errors_20151204.log")
L 12/04/2015 - 18:21:58: [SM] Plugin encountered error 25: Call was aborted
L 12/04/2015 - 18:21:58: [SM] Native "SetFailState" reported: CFG File not found: addons/sourcemod/configs/csgo_wpaints.cfg
L 12/04/2015 - 18:21:58: [SM] Displaying call stack trace for plugin "franug_weaponpaints.smx":
L 12/04/2015 - 18:21:58: [SM]   [0]  Line 394, franug_weaponpaints.sp::ReadPaints()
L 12/04/2015 - 18:21:58: [SM]   [1]  Line 101, franug_weaponpaints.sp::OnPluginStart()
L 12/04/2015 - 18:21:59: Failed to auto generate config for pugsetup.smx, make sure the directory has write permission.
L 12/04/2015 - 18:22:12: Error log file session closed.
L 12/04/2015 - 18:22:12: SourceMod error session started
L 12/04/2015 - 18:22:12: Info (map "de_dust2") (file "errors_20151204.log")
L 12/04/2015 - 18:22:12: [SM] Plugin encountered error 25: Call was aborted
L 12/04/2015 - 18:22:12: [SM] Native "SetFailState" reported: CFG File not found: addons/sourcemod/configs/csgo_wpaints.cfg
L 12/04/2015 - 18:22:12: [SM] Displaying call stack trace for plugin "franug_weaponpaints.smx":
L 12/04/2015 - 18:22:12: [SM]   [0]  Line 394, franug_weaponpaints.sp::ReadPaints()
L 12/04/2015 - 18:22:12: [SM]   [1]  Line 101, franug_weaponpaints.sp::OnPluginStart()
L 12/04/2015 - 18:22:13: [pugsetup.smx] Missing map file: addons/sourcemod/configs/pugsetup/maps.txt
L 12/04/2015 - 18:22:13: [pugsetup.smx] Missing map file: addons/sourcemod/configs/pugsetup/aim_maps.txt
L 12/04/2015 - 18:22:13: Failed to auto generate config for pugsetup.smx, make sure the directory has write permission.
L 12/04/2015 - 18:25:54: SourceMod error session started
L 12/04/2015 - 18:25:54: Info (map "surf_prelude_ksf") (file "errors_20151204.log")
L 12/04/2015 - 18:25:54: [SM] Plugin encountered error 25: Call was aborted
L 12/04/2015 - 18:25:54: [SM] Native "SetFailState" reported: CFG File not found: addons/sourcemod/configs/csgo_wpaints.cfg
L 12/04/2015 - 18:25:54: [SM] Displaying call stack trace for plugin "franug_weaponpaints.smx":
L 12/04/2015 - 18:25:54: [SM]   [0]  Line 394, franug_weaponpaints.sp::ReadPaints()
L 12/04/2015 - 18:25:54: [SM]   [1]  Line 101, franug_weaponpaints.sp::OnPluginStart()
L 12/04/2015 - 18:25:55: Failed to auto generate config for pugsetup.smx, make sure the directory has write permission.
L 12/04/2015 - 18:26:17: SourceMod error session started
L 12/04/2015 - 18:26:17: Info (map "surf_prelude_ksf") (file "errors_20151204.log")
L 12/04/2015 - 18:26:17: [SM] Plugin encountered error 25: Call was aborted
L 12/04/2015 - 18:26:17: [SM] Native "SetFailState" reported: CFG File not found: addons/sourcemod/configs/csgo_wpaints.cfg
L 12/04/2015 - 18:26:17: [SM] Displaying call stack trace for plugin "franug_weaponpaints.smx":
L 12/04/2015 - 18:26:17: [SM]   [0]  Line 394, franug_weaponpaints.sp::ReadPaints()
L 12/04/2015 - 18:26:17: [SM]   [1]  Line 101, franug_weaponpaints.sp::OnPluginStart()
L 12/04/2015 - 18:26:18: Failed to auto generate config for pugsetup.smx, make sure the directory has write permission.
L 12/04/2015 - 18:32:05: Error log file session closed.
L 12/04/2015 - 18:32:05: SourceMod error session started
L 12/04/2015 - 18:32:05: Info (map "surf_prelude_ksf") (file "errors_20151204.log")
L 12/04/2015 - 18:32:05: [SM] Plugin encountered error 25: Call was aborted
L 12/04/2015 - 18:32:05: [SM] Native "SetFailState" reported: CFG File not found: addons/sourcemod/configs/csgo_wpaints.cfg
L 12/04/2015 - 18:32:05: [SM] Displaying call stack trace for plugin "franug_weaponpaints.smx":
L 12/04/2015 - 18:32:05: [SM]   [0]  Line 394, franug_weaponpaints.sp::ReadPaints()
L 12/04/2015 - 18:32:05: [SM]   [1]  Line 101, franug_weaponpaints.sp::OnPluginStart()
L 12/04/2015 - 18:32:06: Failed to auto generate config for pugsetup.smx, make sure the directory has write permission.
L 12/04/2015 - 18:32:06: [pugsetup.smx] Missing map file: addons/sourcemod/configs/pugsetup/maps.txt
L 12/04/2015 - 18:32:06: [pugsetup.smx] Missing map file: addons/sourcemod/configs/pugsetup/aim_maps.txt
L 12/04/2015 - 18:33:26: Error log file session closed.
L 12/04/2015 - 18:33:26: SourceMod error session started
L 12/04/2015 - 18:33:26: Info (map "surf_christmas") (file "errors_20151204.log")
L 12/04/2015 - 18:33:26: [SM] Plugin encountered error 25: Call was aborted
L 12/04/2015 - 18:33:26: [SM] Native "SetFailState" reported: CFG File not found: addons/sourcemod/configs/csgo_wpaints.cfg
L 12/04/2015 - 18:33:26: [SM] Displaying call stack trace for plugin "franug_weaponpaints.smx":
L 12/04/2015 - 18:33:26: [SM]   [0]  Line 394, franug_weaponpaints.sp::ReadPaints()
L 12/04/2015 - 18:33:26: [SM]   [1]  Line 101, franug_weaponpaints.sp::OnPluginStart()
L 12/04/2015 - 18:33:26: Failed to auto generate config for pugsetup.smx, make sure the directory has write permission.
L 12/04/2015 - 18:33:26: [pugsetup.smx] Missing map file: addons/sourcemod/configs/pugsetup/maps.txt
L 12/04/2015 - 18:33:26: [pugsetup.smx] Missing map file: addons/sourcemod/configs/pugsetup/aim_maps.txt
L 12/04/2015 - 18:41:34: SourceMod error session started
L 12/04/2015 - 18:41:34: Info (map "surf_prelude_ksf") (file "errors_20151204.log")
L 12/04/2015 - 18:41:34: [SM] Plugin encountered error 25: Call was aborted
L 12/04/2015 - 18:41:34: [SM] Native "SetFailState" reported: CFG File not found: addons/sourcemod/configs/csgo_wpaints.cfg
L 12/04/2015 - 18:41:34: [SM] Displaying call stack trace for plugin "franug_weaponpaints.smx":
L 12/04/2015 - 18:41:34: [SM]   [0]  Line 394, franug_weaponpaints.sp::ReadPaints()
L 12/04/2015 - 18:41:34: [SM]   [1]  Line 101, franug_weaponpaints.sp::OnPluginStart()
L 12/04/2015 - 18:41:35: Failed to auto generate config for pugsetup.smx, make sure the directory has write permission.
L 12/04/2015 - 18:41:47: Error log file session closed.
L 12/04/2015 - 18:41:47: SourceMod error session started
L 12/04/2015 - 18:41:47: Info (map "surf_prelude_ksf") (file "errors_20151204.log")
L 12/04/2015 - 18:41:47: [SM] Plugin encountered error 25: Call was aborted
L 12/04/2015 - 18:41:47: [SM] Native "SetFailState" reported: CFG File not found: addons/sourcemod/configs/csgo_wpaints.cfg
L 12/04/2015 - 18:41:47: [SM] Displaying call stack trace for plugin "franug_weaponpaints.smx":
L 12/04/2015 - 18:41:47: [SM]   [0]  Line 394, franug_weaponpaints.sp::ReadPaints()
L 12/04/2015 - 18:41:47: [SM]   [1]  Line 101, franug_weaponpaints.sp::OnPluginStart()
L 12/04/2015 - 18:41:47: [pugsetup.smx] Missing map file: addons/sourcemod/configs/pugsetup/maps.txt
L 12/04/2015 - 18:41:47: [pugsetup.smx] Missing map file: addons/sourcemod/configs/pugsetup/aim_maps.txt
L 12/04/2015 - 18:41:47: Failed to auto generate config for pugsetup.smx, make sure the directory has write permission.
L 12/04/2015 - 18:42:10: Error log file session closed.
L 12/04/2015 - 18:42:10: SourceMod error session started
L 12/04/2015 - 18:42:10: Info (map "de_dust2snow") (file "errors_20151204.log")
L 12/04/2015 - 18:42:10: [SM] Plugin encountered error 25: Call was aborted
L 12/04/2015 - 18:42:10: [SM] Native "SetFailState" reported: CFG File not found: addons/sourcemod/configs/csgo_wpaints.cfg
L 12/04/2015 - 18:42:10: [SM] Displaying call stack trace for plugin "franug_weaponpaints.smx":
L 12/04/2015 - 18:42:10: [SM]   [0]  Line 394, franug_weaponpaints.sp::ReadPaints()
L 12/04/2015 - 18:42:10: [SM]   [1]  Line 101, franug_weaponpaints.sp::OnPluginStart()
L 12/04/2015 - 18:42:11: Failed to auto generate config for pugsetup.smx, make sure the directory has write permission.
L 12/04/2015 - 18:42:11: [pugsetup.smx] Missing map file: addons/sourcemod/configs/pugsetup/maps.txt
L 12/04/2015 - 18:42:11: [pugsetup.smx] Missing map file: addons/sourcemod/configs/pugsetup/aim_maps.txt
L 12/04/2015 - 18:45:32: SourceMod error session started
L 12/04/2015 - 18:45:32: Info (map "surf_prelude_ksf") (file "errors_20151204.log")
L 12/04/2015 - 18:45:32: [SM] Plugin encountered error 25: Call was aborted
L 12/04/2015 - 18:45:32: [SM] Native "SetFailState" reported: CFG File not found: addons/sourcemod/configs/csgo_wpaints.cfg
L 12/04/2015 - 18:45:32: [SM] Displaying call stack trace for plugin "franug_weaponpaints.smx":
L 12/04/2015 - 18:45:32: [SM]   [0]  Line 394, franug_weaponpaints.sp::ReadPaints()
L 12/04/2015 - 18:45:32: [SM]   [1]  Line 101, franug_weaponpaints.sp::OnPluginStart()
L 12/04/2015 - 18:45:33: Failed to auto generate config for pugsetup.smx, make sure the directory has write permission.
L 12/04/2015 - 18:45:45: Error log file session closed.
L 12/04/2015 - 18:45:45: SourceMod error session started
L 12/04/2015 - 18:45:45: Info (map "surf_prelude_ksf") (file "errors_20151204.log")
L 12/04/2015 - 18:45:45: [SM] Plugin encountered error 25: Call was aborted
L 12/04/2015 - 18:45:45: [SM] Native "SetFailState" reported: CFG File not found: addons/sourcemod/configs/csgo_wpaints.cfg
L 12/04/2015 - 18:45:45: [SM] Displaying call stack trace for plugin "franug_weaponpaints.smx":
L 12/04/2015 - 18:45:45: [SM]   [0]  Line 394, franug_weaponpaints.sp::ReadPaints()
L 12/04/2015 - 18:45:45: [SM]   [1]  Line 101, franug_weaponpaints.sp::OnPluginStart()
L 12/04/2015 - 18:45:46: Failed to auto generate config for pugsetup.smx, make sure the directory has write permission.
L 12/04/2015 - 18:45:46: [pugsetup.smx] Missing map file: addons/sourcemod/configs/pugsetup/maps.txt
L 12/04/2015 - 18:45:46: [pugsetup.smx] Missing map file: addons/sourcemod/configs/pugsetup/aim_maps.txt
L 12/04/2015 - 18:46:28: SourceMod error session started
L 12/04/2015 - 18:46:28: Info (map "surf_prelude_ksf") (file "errors_20151204.log")
L 12/04/2015 - 18:46:28: [SM] Plugin encountered error 25: Call was aborted
L 12/04/2015 - 18:46:28: [SM] Native "SetFailState" reported: CFG File not found: addons/sourcemod/configs/csgo_wpaints.cfg
L 12/04/2015 - 18:46:28: [SM] Displaying call stack trace for plugin "franug_weaponpaints.smx":
L 12/04/2015 - 18:46:28: [SM]   [0]  Line 394, franug_weaponpaints.sp::ReadPaints()
L 12/04/2015 - 18:46:28: [SM]   [1]  Line 101, franug_weaponpaints.sp::OnPluginStart()
L 12/04/2015 - 18:46:29: Failed to auto generate config for pugsetup.smx, make sure the directory has write permission.
L 12/04/2015 - 18:46:41: Error log file session closed.
L 12/04/2015 - 18:46:41: SourceMod error session started
L 12/04/2015 - 18:46:41: Info (map "surf_prelude_ksf") (file "errors_20151204.log")
L 12/04/2015 - 18:46:41: [SM] Plugin encountered error 25: Call was aborted
L 12/04/2015 - 18:46:41: [SM] Native "SetFailState" reported: CFG File not found: addons/sourcemod/configs/csgo_wpaints.cfg
L 12/04/2015 - 18:46:41: [SM] Displaying call stack trace for plugin "franug_weaponpaints.smx":
L 12/04/2015 - 18:46:41: [SM]   [0]  Line 394, franug_weaponpaints.sp::ReadPaints()
L 12/04/2015 - 18:46:41: [SM]   [1]  Line 101, franug_weaponpaints.sp::OnPluginStart()
L 12/04/2015 - 18:46:42: [pugsetup.smx] Missing map file: addons/sourcemod/configs/pugsetup/maps.txt
L 12/04/2015 - 18:46:42: [pugsetup.smx] Missing map file: addons/sourcemod/configs/pugsetup/aim_maps.txt
L 12/04/2015 - 18:46:42: Failed to auto generate config for pugsetup.smx, make sure the directory has write permission.
L 12/04/2015 - 18:47:05: Error log file session closed.
L 12/04/2015 - 18:47:05: SourceMod error session started
L 12/04/2015 - 18:47:05: Info (map "surf_christmas") (file "errors_20151204.log")
L 12/04/2015 - 18:47:05: [SM] Plugin encountered error 25: Call was aborted
L 12/04/2015 - 18:47:05: [SM] Native "SetFailState" reported: CFG File not found: addons/sourcemod/configs/csgo_wpaints.cfg
L 12/04/2015 - 18:47:05: [SM] Displaying call stack trace for plugin "franug_weaponpaints.smx":
L 12/04/2015 - 18:47:05: [SM]   [0]  Line 394, franug_weaponpaints.sp::ReadPaints()
L 12/04/2015 - 18:47:05: [SM]   [1]  Line 101, franug_weaponpaints.sp::OnPluginStart()
L 12/04/2015 - 18:47:05: Failed to auto generate config for pugsetup.smx, make sure the directory has write permission.
L 12/04/2015 - 18:47:05: [pugsetup.smx] Missing map file: addons/sourcemod/configs/pugsetup/maps.txt
L 12/04/2015 - 18:47:05: [pugsetup.smx] Missing map file: addons/sourcemod/configs/pugsetup/aim_maps.txt
L 12/04/2015 - 19:01:43: SourceMod error session started
L 12/04/2015 - 19:01:43: Info (map "surf_prelude_ksf") (file "errors_20151204.log")
L 12/04/2015 - 19:01:43: [SM] Plugin encountered error 25: Call was aborted
L 12/04/2015 - 19:01:43: [SM] Native "SetFailState" reported: CFG File not found: addons/sourcemod/configs/csgo_wpaints.cfg
L 12/04/2015 - 19:01:43: [SM] Displaying call stack trace for plugin "franug_weaponpaints.smx":
L 12/04/2015 - 19:01:43: [SM]   [0]  Line 394, franug_weaponpaints.sp::ReadPaints()
L 12/04/2015 - 19:01:43: [SM]   [1]  Line 101, franug_weaponpaints.sp::OnPluginStart()
L 12/04/2015 - 19:01:43: Failed to auto generate config for pugsetup.smx, make sure the directory has write permission.
L 12/04/2015 - 19:02:30: Error log file session closed.
L 12/04/2015 - 19:02:30: SourceMod error session started
L 12/04/2015 - 19:02:30: Info (map "surf_prelude_ksf") (file "errors_20151204.log")
L 12/04/2015 - 19:02:30: [SM] Plugin encountered error 25: Call was aborted
L 12/04/2015 - 19:02:30: [SM] Native "SetFailState" reported: CFG File not found: addons/sourcemod/configs/csgo_wpaints.cfg
L 12/04/2015 - 19:02:30: [SM] Displaying call stack trace for plugin "franug_weaponpaints.smx":
L 12/04/2015 - 19:02:30: [SM]   [0]  Line 394, franug_weaponpaints.sp::ReadPaints()
L 12/04/2015 - 19:02:30: [SM]   [1]  Line 101, franug_weaponpaints.sp::OnPluginStart()
L 12/04/2015 - 19:02:31: Failed to auto generate config for pugsetup.smx, make sure the directory has write permission.
L 12/04/2015 - 19:02:31: [pugsetup.smx] Missing map file: addons/sourcemod/configs/pugsetup/maps.txt
L 12/04/2015 - 19:02:31: [pugsetup.smx] Missing map file: addons/sourcemod/configs/pugsetup/aim_maps.txt
L 12/04/2015 - 19:02:55: Error log file session closed.
L 12/04/2015 - 19:02:55: SourceMod error session started
L 12/04/2015 - 19:02:55: Info (map "surf_christmas") (file "errors_20151204.log")
L 12/04/2015 - 19:02:55: [SM] Plugin encountered error 25: Call was aborted
L 12/04/2015 - 19:02:55: [SM] Native "SetFailState" reported: CFG File not found: addons/sourcemod/configs/csgo_wpaints.cfg
L 12/04/2015 - 19:02:55: [SM] Displaying call stack trace for plugin "franug_weaponpaints.smx":
L 12/04/2015 - 19:02:55: [SM]   [0]  Line 394, franug_weaponpaints.sp::ReadPaints()
L 12/04/2015 - 19:02:55: [SM]   [1]  Line 101, franug_weaponpaints.sp::OnPluginStart()
L 12/04/2015 - 19:02:55: Failed to auto generate config for pugsetup.smx, make sure the directory has write permission.
L 12/04/2015 - 19:02:55: [pugsetup.smx] Missing map file: addons/sourcemod/configs/pugsetup/maps.txt
L 12/04/2015 - 19:02:55: [pugsetup.smx] Missing map file: addons/sourcemod/configs/pugsetup/aim_maps.txt
L 12/04/2015 - 19:04:10: SourceMod error session started
L 12/04/2015 - 19:04:10: Info (map "surf_prelude_ksf") (file "errors_20151204.log")
L 12/04/2015 - 19:04:10: [SM] Plugin encountered error 25: Call was aborted
L 12/04/2015 - 19:04:10: [SM] Native "SetFailState" reported: CFG File not found: addons/sourcemod/configs/csgo_wpaints.cfg
L 12/04/2015 - 19:04:10: [SM] Displaying call stack trace for plugin "franug_weaponpaints.smx":
L 12/04/2015 - 19:04:10: [SM]   [0]  Line 394, franug_weaponpaints.sp::ReadPaints()
L 12/04/2015 - 19:04:10: [SM]   [1]  Line 101, franug_weaponpaints.sp::OnPluginStart()
L 12/04/2015 - 19:04:11: Failed to auto generate config for pugsetup.smx, make sure the directory has write permission.
L 12/04/2015 - 19:10:32: Error log file session closed.
L 12/04/2015 - 19:10:32: SourceMod error session started
L 12/04/2015 - 19:10:32: Info (map "surf_prelude_ksf") (file "errors_20151204.log")
L 12/04/2015 - 19:10:32: [SM] Plugin encountered error 25: Call was aborted
L 12/04/2015 - 19:10:32: [SM] Native "SetFailState" reported: CFG File not found: addons/sourcemod/configs/csgo_wpaints.cfg
L 12/04/2015 - 19:10:32: [SM] Displaying call stack trace for plugin "franug_weaponpaints.smx":
L 12/04/2015 - 19:10:32: [SM]   [0]  Line 394, franug_weaponpaints.sp::ReadPaints()
L 12/04/2015 - 19:10:32: [SM]   [1]  Line 101, franug_weaponpaints.sp::OnPluginStart()
L 12/04/2015 - 19:10:32: Failed to auto generate config for pugsetup.smx, make sure the directory has write permission.
L 12/04/2015 - 19:10:32: [pugsetup.smx] Missing map file: addons/sourcemod/configs/pugsetup/maps.txt
L 12/04/2015 - 19:10:32: [pugsetup.smx] Missing map file: addons/sourcemod/configs/pugsetup/aim_maps.txt
L 12/04/2015 - 19:20:02: SourceMod error session started
L 12/04/2015 - 19:20:02: Info (map "surf_prelude_ksf") (file "errors_20151204.log")
L 12/04/2015 - 19:20:02: [SM] Plugin encountered error 25: Call was aborted
L 12/04/2015 - 19:20:02: [SM] Native "SetFailState" reported: CFG File not found: addons/sourcemod/configs/csgo_wpaints.cfg
L 12/04/2015 - 19:20:02: [SM] Displaying call stack trace for plugin "franug_weaponpaints.smx":
L 12/04/2015 - 19:20:02: [SM]   [0]  Line 394, franug_weaponpaints.sp::ReadPaints()
L 12/04/2015 - 19:20:02: [SM]   [1]  Line 101, franug_weaponpaints.sp::OnPluginStart()
L 12/04/2015 - 19:20:03: Failed to auto generate config for pugsetup.smx, make sure the directory has write permission.
L 12/04/2015 - 19:21:06: Error log file session closed.
L 12/04/2015 - 19:21:06: SourceMod error session started
L 12/04/2015 - 19:21:06: Info (map "surf_prelude_ksf") (file "errors_20151204.log")
L 12/04/2015 - 19:21:06: [SM] Plugin encountered error 25: Call was aborted
L 12/04/2015 - 19:21:06: [SM] Native "SetFailState" reported: CFG File not found: addons/sourcemod/configs/csgo_wpaints.cfg
L 12/04/2015 - 19:21:06: [SM] Displaying call stack trace for plugin "franug_weaponpaints.smx":
L 12/04/2015 - 19:21:06: [SM]   [0]  Line 394, franug_weaponpaints.sp::ReadPaints()
L 12/04/2015 - 19:21:06: [SM]   [1]  Line 101, franug_weaponpaints.sp::OnPluginStart()
L 12/04/2015 - 19:21:07: Failed to auto generate config for pugsetup.smx, make sure the directory has write permission.
L 12/04/2015 - 19:21:07: [pugsetup.smx] Missing map file: addons/sourcemod/configs/pugsetup/maps.txt
L 12/04/2015 - 19:21:07: [pugsetup.smx] Missing map file: addons/sourcemod/configs/pugsetup/aim_maps.txt
L 12/04/2015 - 20:08:14: Error log file session closed.
L 12/04/2015 - 20:08:14: SourceMod error session started
L 12/04/2015 - 20:08:14: Info (map "surf_prelude_ksf") (file "errors_20151204.log")
L 12/04/2015 - 20:08:14: [SM] Plugin encountered error 25: Call was aborted
L 12/04/2015 - 20:08:14: [SM] Native "SetFailState" reported: CFG File not found: addons/sourcemod/configs/csgo_wpaints.cfg
L 12/04/2015 - 20:08:14: [SM] Displaying call stack trace for plugin "franug_weaponpaints.smx":
L 12/04/2015 - 20:08:14: [SM]   [0]  Line 394, franug_weaponpaints.sp::ReadPaints()
L 12/04/2015 - 20:08:14: [SM]   [1]  Line 101, franug_weaponpaints.sp::OnPluginStart()
L 12/04/2015 - 20:08:15: Failed to auto generate config for pugsetup.smx, make sure the directory has write permission.
L 12/04/2015 - 20:08:15: [pugsetup.smx] Missing map file: addons/sourcemod/configs/pugsetup/maps.txt
L 12/04/2015 - 20:08:15: [pugsetup.smx] Missing map file: addons/sourcemod/configs/pugsetup/aim_maps.txt
L 12/04/2015 - 20:08:53: Error log file session closed.
L 12/04/2015 - 20:08:53: SourceMod error session started
L 12/04/2015 - 20:08:53: Info (map "surf_animals") (file "errors_20151204.log")
L 12/04/2015 - 20:08:53: [SM] Plugin encountered error 25: Call was aborted
L 12/04/2015 - 20:08:53: [SM] Native "SetFailState" reported: CFG File not found: addons/sourcemod/configs/csgo_wpaints.cfg
L 12/04/2015 - 20:08:53: [SM] Displaying call stack trace for plugin "franug_weaponpaints.smx":
L 12/04/2015 - 20:08:53: [SM]   [0]  Line 394, franug_weaponpaints.sp::ReadPaints()
L 12/04/2015 - 20:08:53: [SM]   [1]  Line 101, franug_weaponpaints.sp::OnPluginStart()
L 12/04/2015 - 20:08:53: Failed to auto generate config for pugsetup.smx, make sure the directory has write permission.
L 12/04/2015 - 20:08:53: [pugsetup.smx] Missing map file: addons/sourcemod/configs/pugsetup/maps.txt
L 12/04/2015 - 20:08:53: [pugsetup.smx] Missing map file: addons/sourcemod/configs/pugsetup/aim_maps.txt
L 12/04/2015 - 20:11:04: Error log file session closed.
L 12/04/2015 - 20:11:04: SourceMod error session started
L 12/04/2015 - 20:11:04: Info (map "surf_cyka") (file "errors_20151204.log")
L 12/04/2015 - 20:11:04: [SM] Plugin encountered error 25: Call was aborted
L 12/04/2015 - 20:11:04: [SM] Native "SetFailState" reported: CFG File not found: addons/sourcemod/configs/csgo_wpaints.cfg
L 12/04/2015 - 20:11:04: [SM] Displaying call stack trace for plugin "franug_weaponpaints.smx":
L 12/04/2015 - 20:11:04: [SM]   [0]  Line 394, franug_weaponpaints.sp::ReadPaints()
L 12/04/2015 - 20:11:04: [SM]   [1]  Line 101, franug_weaponpaints.sp::OnPluginStart()
L 12/04/2015 - 20:11:05: Failed to auto generate config for pugsetup.smx, make sure the directory has write permission.
L 12/04/2015 - 20:11:05: [pugsetup.smx] Missing map file: addons/sourcemod/configs/pugsetup/maps.txt
L 12/04/2015 - 20:11:05: [pugsetup.smx] Missing map file: addons/sourcemod/configs/pugsetup/aim_maps.txt
L 12/04/2015 - 20:13:00: Error log file session closed.
L 12/04/2015 - 20:13:00: SourceMod error session started
L 12/04/2015 - 20:13:00: Info (map "surf_christmas") (file "errors_20151204.log")
L 12/04/2015 - 20:13:00: [SM] Plugin encountered error 25: Call was aborted
L 12/04/2015 - 20:13:00: [SM] Native "SetFailState" reported: CFG File not found: addons/sourcemod/configs/csgo_wpaints.cfg
L 12/04/2015 - 20:13:00: [SM] Displaying call stack trace for plugin "franug_weaponpaints.smx":
L 12/04/2015 - 20:13:00: [SM]   [0]  Line 394, franug_weaponpaints.sp::ReadPaints()
L 12/04/2015 - 20:13:00: [SM]   [1]  Line 101, franug_weaponpaints.sp::OnPluginStart()
L 12/04/2015 - 20:13:00: Failed to auto generate config for pugsetup.smx, make sure the directory has write permission.
L 12/04/2015 - 20:13:00: [pugsetup.smx] Missing map file: addons/sourcemod/configs/pugsetup/maps.txt
L 12/04/2015 - 20:13:00: [pugsetup.smx] Missing map file: addons/sourcemod/configs/pugsetup/aim_maps.txt
L 12/04/2015 - 20:14:36: SourceMod error session started
L 12/04/2015 - 20:14:36: Info (map "surf_prelude_ksf") (file "errors_20151204.log")
L 12/04/2015 - 20:14:36: [SM] Plugin encountered error 25: Call was aborted
L 12/04/2015 - 20:14:36: [SM] Native "SetFailState" reported: CFG File not found: addons/sourcemod/configs/csgo_wpaints.cfg
L 12/04/2015 - 20:14:36: [SM] Displaying call stack trace for plugin "franug_weaponpaints.smx":
L 12/04/2015 - 20:14:36: [SM]   [0]  Line 394, franug_weaponpaints.sp::ReadPaints()
L 12/04/2015 - 20:14:36: [SM]   [1]  Line 101, franug_weaponpaints.sp::OnPluginStart()
L 12/04/2015 - 20:14:37: Failed to auto generate config for pugsetup.smx, make sure the directory has write permission.
L 12/04/2015 - 20:28:08: Error log file session closed.
L 12/04/2015 - 20:28:08: SourceMod error session started
L 12/04/2015 - 20:28:08: Info (map "surf_prelude_ksf") (file "errors_20151204.log")
L 12/04/2015 - 20:28:08: [SM] Plugin encountered error 25: Call was aborted
L 12/04/2015 - 20:28:08: [SM] Native "SetFailState" reported: CFG File not found: addons/sourcemod/configs/csgo_wpaints.cfg
L 12/04/2015 - 20:28:08: [SM] Displaying call stack trace for plugin "franug_weaponpaints.smx":
L 12/04/2015 - 20:28:08: [SM]   [0]  Line 394, franug_weaponpaints.sp::ReadPaints()
L 12/04/2015 - 20:28:08: [SM]   [1]  Line 101, franug_weaponpaints.sp::OnPluginStart()
L 12/04/2015 - 20:28:08: Failed to auto generate config for pugsetup.smx, make sure the directory has write permission.
L 12/04/2015 - 20:28:08: [pugsetup.smx] Missing map file: addons/sourcemod/configs/pugsetup/maps.txt
L 12/04/2015 - 20:28:08: [pugsetup.smx] Missing map file: addons/sourcemod/configs/pugsetup/aim_maps.txt
L 12/04/2015 - 20:28:42: Error log file session closed.
L 12/04/2015 - 20:28:42: SourceMod error session started
L 12/04/2015 - 20:28:42: Info (map "surf_christmas") (file "errors_20151204.log")
L 12/04/2015 - 20:28:42: [SM] Plugin encountered error 25: Call was aborted
L 12/04/2015 - 20:28:42: [SM] Native "SetFailState" reported: CFG File not found: addons/sourcemod/configs/csgo_wpaints.cfg
L 12/04/2015 - 20:28:42: [SM] Displaying call stack trace for plugin "franug_weaponpaints.smx":
L 12/04/2015 - 20:28:42: [SM]   [0]  Line 394, franug_weaponpaints.sp::ReadPaints()
L 12/04/2015 - 20:28:42: [SM]   [1]  Line 101, franug_weaponpaints.sp::OnPluginStart()
L 12/04/2015 - 20:28:43: Failed to auto generate config for pugsetup.smx, make sure the directory has write permission.
L 12/04/2015 - 20:28:43: [pugsetup.smx] Missing map file: addons/sourcemod/configs/pugsetup/maps.txt
L 12/04/2015 - 20:28:43: [pugsetup.smx] Missing map file: addons/sourcemod/configs/pugsetup/aim_maps.txt
L 12/04/2015 - 20:30:14: SourceMod error session started
L 12/04/2015 - 20:30:14: Info (map "surf_prelude_ksf") (file "errors_20151204.log")
L 12/04/2015 - 20:30:14: [SM] Plugin encountered error 25: Call was aborted
L 12/04/2015 - 20:30:14: [SM] Native "SetFailState" reported: CFG File not found: addons/sourcemod/configs/csgo_wpaints.cfg
L 12/04/2015 - 20:30:14: [SM] Displaying call stack trace for plugin "franug_weaponpaints.smx":
L 12/04/2015 - 20:30:14: [SM]   [0]  Line 394, franug_weaponpaints.sp::ReadPaints()
L 12/04/2015 - 20:30:14: [SM]   [1]  Line 101, franug_weaponpaints.sp::OnPluginStart()
L 12/04/2015 - 20:30:15: Failed to auto generate config for pugsetup.smx, make sure the directory has write permission.
L 12/04/2015 - 20:30:25: SourceMod error session started
L 12/04/2015 - 20:30:25: Info (map "surf_prelude_ksf") (file "errors_20151204.log")
L 12/04/2015 - 20:30:25: [SM] Plugin encountered error 25: Call was aborted
L 12/04/2015 - 20:30:25: [SM] Native "SetFailState" reported: CFG File not found: addons/sourcemod/configs/csgo_wpaints.cfg
L 12/04/2015 - 20:30:25: [SM] Displaying call stack trace for plugin "franug_weaponpaints.smx":
L 12/04/2015 - 20:30:25: [SM]   [0]  Line 394, franug_weaponpaints.sp::ReadPaints()
L 12/04/2015 - 20:30:25: [SM]   [1]  Line 101, franug_weaponpaints.sp::OnPluginStart()
L 12/04/2015 - 20:30:26: Failed to auto generate config for pugsetup.smx, make sure the directory has write permission.
L 12/04/2015 - 20:31:37: Error log file session closed.
L 12/04/2015 - 20:31:37: SourceMod error session started
L 12/04/2015 - 20:31:37: Info (map "surf_prelude_ksf") (file "errors_20151204.log")
L 12/04/2015 - 20:31:37: [SM] Plugin encountered error 25: Call was aborted
L 12/04/2015 - 20:31:37: [SM] Native "SetFailState" reported: CFG File not found: addons/sourcemod/configs/csgo_wpaints.cfg
L 12/04/2015 - 20:31:37: [SM] Displaying call stack trace for plugin "franug_weaponpaints.smx":
L 12/04/2015 - 20:31:37: [SM]   [0]  Line 394, franug_weaponpaints.sp::ReadPaints()
L 12/04/2015 - 20:31:37: [SM]   [1]  Line 101, franug_weaponpaints.sp::OnPluginStart()
L 12/04/2015 - 20:31:37: [pugsetup.smx] Missing map file: addons/sourcemod/configs/pugsetup/maps.txt
L 12/04/2015 - 20:31:37: [pugsetup.smx] Missing map file: addons/sourcemod/configs/pugsetup/aim_maps.txt
L 12/04/2015 - 20:31:38: Failed to auto generate config for pugsetup.smx, make sure the directory has write permission.
L 12/04/2015 - 20:31:59: Error log file session closed.
L 12/04/2015 - 20:31:59: SourceMod error session started
L 12/04/2015 - 20:31:59: Info (map "surf_cookiejar") (file "errors_20151204.log")
L 12/04/2015 - 20:31:59: [SM] Plugin encountered error 25: Call was aborted
L 12/04/2015 - 20:31:59: [SM] Native "SetFailState" reported: CFG File not found: addons/sourcemod/configs/csgo_wpaints.cfg
L 12/04/2015 - 20:31:59: [SM] Displaying call stack trace for plugin "franug_weaponpaints.smx":
L 12/04/2015 - 20:31:59: [SM]   [0]  Line 394, franug_weaponpaints.sp::ReadPaints()
L 12/04/2015 - 20:31:59: [SM]   [1]  Line 101, franug_weaponpaints.sp::OnPluginStart()
L 12/04/2015 - 20:31:59: Failed to auto generate config for pugsetup.smx, make sure the directory has write permission.
L 12/04/2015 - 20:31:59: [pugsetup.smx] Missing map file: addons/sourcemod/configs/pugsetup/maps.txt
L 12/04/2015 - 20:31:59: [pugsetup.smx] Missing map file: addons/sourcemod/configs/pugsetup/aim_maps.txt
L 12/04/2015 - 20:36:50: Error log file session closed.
L 12/04/2015 - 20:36:50: SourceMod error session started
L 12/04/2015 - 20:36:50: Info (map "surf_fruits") (file "errors_20151204.log")
L 12/04/2015 - 20:36:50: [SM] Plugin encountered error 25: Call was aborted
L 12/04/2015 - 20:36:50: [SM] Native "SetFailState" reported: CFG File not found: addons/sourcemod/configs/csgo_wpaints.cfg
L 12/04/2015 - 20:36:50: [SM] Displaying call stack trace for plugin "franug_weaponpaints.smx":
L 12/04/2015 - 20:36:50: [SM]   [0]  Line 394, franug_weaponpaints.sp::ReadPaints()
L 12/04/2015 - 20:36:50: [SM]   [1]  Line 101, franug_weaponpaints.sp::OnPluginStart()
L 12/04/2015 - 20:36:50: Failed to auto generate config for pugsetup.smx, make sure the directory has write permission.
L 12/04/2015 - 20:36:50: [pugsetup.smx] Missing map file: addons/sourcemod/configs/pugsetup/maps.txt
L 12/04/2015 - 20:36:50: [pugsetup.smx] Missing map file: addons/sourcemod/configs/pugsetup/aim_maps.txt
L 12/04/2015 - 20:57:13: Error log file session closed.
L 12/04/2015 - 20:57:13: SourceMod error session started
L 12/04/2015 - 20:57:13: Info (map "surf_animals") (file "errors_20151204.log")
L 12/04/2015 - 20:57:13: [SM] Plugin encountered error 25: Call was aborted
L 12/04/2015 - 20:57:13: [SM] Native "SetFailState" reported: CFG File not found: addons/sourcemod/configs/csgo_wpaints.cfg
L 12/04/2015 - 20:57:13: [SM] Displaying call stack trace for plugin "franug_weaponpaints.smx":
L 12/04/2015 - 20:57:13: [SM]   [0]  Line 394, franug_weaponpaints.sp::ReadPaints()
L 12/04/2015 - 20:57:13: [SM]   [1]  Line 101, franug_weaponpaints.sp::OnPluginStart()
L 12/04/2015 - 20:57:13: Failed to auto generate config for pugsetup.smx, make sure the directory has write permission.
L 12/04/2015 - 20:57:13: [pugsetup.smx] Missing map file: addons/sourcemod/configs/pugsetup/maps.txt
L 12/04/2015 - 20:57:13: [pugsetup.smx] Missing map file: addons/sourcemod/configs/pugsetup/aim_maps.txt
L 12/04/2015 - 21:07:30: Error log file session closed.
L 12/04/2015 - 21:07:30: SourceMod error session started
L 12/04/2015 - 21:07:30: Info (map "surf_trance_ksf") (file "errors_20151204.log")
L 12/04/2015 - 21:07:30: [SM] Plugin encountered error 25: Call was aborted
L 12/04/2015 - 21:07:30: [SM] Native "SetFailState" reported: CFG File not found: addons/sourcemod/configs/csgo_wpaints.cfg
L 12/04/2015 - 21:07:30: [SM] Displaying call stack trace for plugin "franug_weaponpaints.smx":
L 12/04/2015 - 21:07:30: [SM]   [0]  Line 394, franug_weaponpaints.sp::ReadPaints()
L 12/04/2015 - 21:07:30: [SM]   [1]  Line 101, franug_weaponpaints.sp::OnPluginStart()
L 12/04/2015 - 21:07:31: Failed to auto generate config for pugsetup.smx, make sure the directory has write permission.
L 12/04/2015 - 21:07:31: [pugsetup.smx] Missing map file: addons/sourcemod/configs/pugsetup/maps.txt
L 12/04/2015 - 21:07:31: [pugsetup.smx] Missing map file: addons/sourcemod/configs/pugsetup/aim_maps.txt
L 12/04/2015 - 21:34:54: Error log file session closed.
L 12/04/2015 - 21:34:54: SourceMod error session started
L 12/04/2015 - 21:34:54: Info (map "surf_trance_ksf") (file "errors_20151204.log")
L 12/04/2015 - 21:34:54: [SM] Plugin encountered error 25: Call was aborted
L 12/04/2015 - 21:34:54: [SM] Native "SetFailState" reported: CFG File not found: addons/sourcemod/configs/csgo_wpaints.cfg
L 12/04/2015 - 21:34:54: [SM] Displaying call stack trace for plugin "franug_weaponpaints.smx":
L 12/04/2015 - 21:34:54: [SM]   [0]  Line 394, franug_weaponpaints.sp::ReadPaints()
L 12/04/2015 - 21:34:54: [SM]   [1]  Line 101, franug_weaponpaints.sp::OnPluginStart()
L 12/04/2015 - 21:34:55: Failed to auto generate config for pugsetup.smx, make sure the directory has write permission.
L 12/04/2015 - 21:34:55: [pugsetup.smx] Missing map file: addons/sourcemod/configs/pugsetup/maps.txt
L 12/04/2015 - 21:34:55: [pugsetup.smx] Missing map file: addons/sourcemod/configs/pugsetup/aim_maps.txt
L 12/04/2015 - 22:10:21: Error log file session closed.
L 12/04/2015 - 22:10:21: SourceMod error session started
L 12/04/2015 - 22:10:21: Info (map "surf_trance_ksf") (file "errors_20151204.log")
L 12/04/2015 - 22:10:21: [SM] Plugin encountered error 25: Call was aborted
L 12/04/2015 - 22:10:21: [SM] Native "SetFailState" reported: CFG File not found: addons/sourcemod/configs/csgo_wpaints.cfg
L 12/04/2015 - 22:10:21: [SM] Displaying call stack trace for plugin "franug_weaponpaints.smx":
L 12/04/2015 - 22:10:21: [SM]   [0]  Line 394, franug_weaponpaints.sp::ReadPaints()
L 12/04/2015 - 22:10:21: [SM]   [1]  Line 101, franug_weaponpaints.sp::OnPluginStart()
L 12/04/2015 - 22:10:22: Failed to auto generate config for pugsetup.smx, make sure the directory has write permission.
L 12/04/2015 - 22:10:22: [pugsetup.smx] Missing map file: addons/sourcemod/configs/pugsetup/maps.txt
L 12/04/2015 - 22:10:22: [pugsetup.smx] Missing map file: addons/sourcemod/configs/pugsetup/aim_maps.txt
L 12/04/2015 - 22:33:48: Error log file session closed.
L 12/04/2015 - 22:33:48: SourceMod error session started
L 12/04/2015 - 22:33:48: Info (map "surf_simpsons_go") (file "errors_20151204.log")
L 12/04/2015 - 22:33:48: [SM] Plugin encountered error 25: Call was aborted
L 12/04/2015 - 22:33:48: [SM] Native "SetFailState" reported: CFG File not found: addons/sourcemod/configs/csgo_wpaints.cfg
L 12/04/2015 - 22:33:48: [SM] Displaying call stack trace for plugin "franug_weaponpaints.smx":
L 12/04/2015 - 22:33:48: [SM]   [0]  Line 394, franug_weaponpaints.sp::ReadPaints()
L 12/04/2015 - 22:33:48: [SM]   [1]  Line 101, franug_weaponpaints.sp::OnPluginStart()
L 12/04/2015 - 22:33:49: Failed to auto generate config for pugsetup.smx, make sure the directory has write permission.
L 12/04/2015 - 22:33:49: [pugsetup.smx] Missing map file: addons/sourcemod/configs/pugsetup/maps.txt
L 12/04/2015 - 22:33:49: [pugsetup.smx] Missing map file: addons/sourcemod/configs/pugsetup/aim_maps.txt
L 12/04/2015 - 22:39:43: Error log file session closed.
L 12/04/2015 - 22:39:43: SourceMod error session started
L 12/04/2015 - 22:39:43: Info (map "surf_aircontrol_ksf") (file "errors_20151204.log")
L 12/04/2015 - 22:39:43: [SM] Plugin encountered error 25: Call was aborted
L 12/04/2015 - 22:39:43: [SM] Native "SetFailState" reported: CFG File not found: addons/sourcemod/configs/csgo_wpaints.cfg
L 12/04/2015 - 22:39:43: [SM] Displaying call stack trace for plugin "franug_weaponpaints.smx":
L 12/04/2015 - 22:39:43: [SM]   [0]  Line 394, franug_weaponpaints.sp::ReadPaints()
L 12/04/2015 - 22:39:43: [SM]   [1]  Line 101, franug_weaponpaints.sp::OnPluginStart()
L 12/04/2015 - 22:39:43: Failed to auto generate config for pugsetup.smx, make sure the directory has write permission.
L 12/04/2015 - 22:39:43: [pugsetup.smx] Missing map file: addons/sourcemod/configs/pugsetup/maps.txt
L 12/04/2015 - 22:39:43: [pugsetup.smx] Missing map file: addons/sourcemod/configs/pugsetup/aim_maps.txt
L 12/04/2015 - 22:50:34: SourceMod error session started
L 12/04/2015 - 22:50:34: Info (map "surf_prelude_ksf") (file "errors_20151204.log")
L 12/04/2015 - 22:50:34: [SM] Plugin encountered error 25: Call was aborted
L 12/04/2015 - 22:50:34: [SM] Native "SetFailState" reported: CFG File not found: addons/sourcemod/configs/csgo_wpaints.cfg
L 12/04/2015 - 22:50:34: [SM] Displaying call stack trace for plugin "franug_weaponpaints.smx":
L 12/04/2015 - 22:50:34: [SM]   [0]  Line 394, franug_weaponpaints.sp::ReadPaints()
L 12/04/2015 - 22:50:34: [SM]   [1]  Line 101, franug_weaponpaints.sp::OnPluginStart()
L 12/04/2015 - 22:50:36: Failed to auto generate config for pugsetup.smx, make sure the directory has write permission.
L 12/04/2015 - 22:51:02: Error log file session closed.
L 12/04/2015 - 22:51:02: SourceMod error session started
L 12/04/2015 - 22:51:02: Info (map "surf_prelude_ksf") (file "errors_20151204.log")
L 12/04/2015 - 22:51:02: [SM] Plugin encountered error 25: Call was aborted
L 12/04/2015 - 22:51:02: [SM] Native "SetFailState" reported: CFG File not found: addons/sourcemod/configs/csgo_wpaints.cfg
L 12/04/2015 - 22:51:02: [SM] Displaying call stack trace for plugin "franug_weaponpaints.smx":
L 12/04/2015 - 22:51:02: [SM]   [0]  Line 394, franug_weaponpaints.sp::ReadPaints()
L 12/04/2015 - 22:51:02: [SM]   [1]  Line 101, franug_weaponpaints.sp::OnPluginStart()
L 12/04/2015 - 22:51:03: Failed to auto generate config for pugsetup.smx, make sure the directory has write permission.
L 12/04/2015 - 22:51:14: [pugsetup.smx] Missing map file: addons/sourcemod/configs/pugsetup/maps.txt
L 12/04/2015 - 22:51:14: [pugsetup.smx] Missing map file: addons/sourcemod/configs/pugsetup/aim_maps.txt
L 12/04/2015 - 22:53:24: Error log file session closed.
L 12/04/2015 - 22:53:25: SourceMod error session started
L 12/04/2015 - 22:53:25: Info (map "surf_aircontrol_ksf") (file "errors_20151204.log")
L 12/04/2015 - 22:53:25: [SM] Plugin encountered error 25: Call was aborted
L 12/04/2015 - 22:53:25: [SM] Native "SetFailState" reported: CFG File not found: addons/sourcemod/configs/csgo_wpaints.cfg
L 12/04/2015 - 22:53:25: [SM] Displaying call stack trace for plugin "franug_weaponpaints.smx":
L 12/04/2015 - 22:53:25: [SM]   [0]  Line 394, franug_weaponpaints.sp::ReadPaints()
L 12/04/2015 - 22:53:25: [SM]   [1]  Line 101, franug_weaponpaints.sp::OnPluginStart()
L 12/04/2015 - 22:53:25: Failed to auto generate config for pugsetup.smx, make sure the directory has write permission.
L 12/04/2015 - 22:53:25: [pugsetup.smx] Missing map file: addons/sourcemod/configs/pugsetup/maps.txt
L 12/04/2015 - 22:53:25: [pugsetup.smx] Missing map file: addons/sourcemod/configs/pugsetup/aim_maps.txt
L 12/04/2015 - 22:55:18: Error log file session closed.
L 12/04/2015 - 22:55:18: SourceMod error session started
L 12/04/2015 - 22:55:18: Info (map "surf_simpsons_go") (file "errors_20151204.log")
L 12/04/2015 - 22:55:18: [SM] Plugin encountered error 25: Call was aborted
L 12/04/2015 - 22:55:18: [SM] Native "SetFailState" reported: CFG File not found: addons/sourcemod/configs/csgo_wpaints.cfg
L 12/04/2015 - 22:55:18: [SM] Displaying call stack trace for plugin "franug_weaponpaints.smx":
L 12/04/2015 - 22:55:18: [SM]   [0]  Line 394, franug_weaponpaints.sp::ReadPaints()
L 12/04/2015 - 22:55:18: [SM]   [1]  Line 101, franug_weaponpaints.sp::OnPluginStart()
L 12/04/2015 - 22:55:18: Failed to auto generate config for pugsetup.smx, make sure the directory has write permission.
L 12/04/2015 - 22:55:18: [pugsetup.smx] Missing map file: addons/sourcemod/configs/pugsetup/maps.txt
L 12/04/2015 - 22:55:18: [pugsetup.smx] Missing map file: addons/sourcemod/configs/pugsetup/aim_maps.txt
L 12/04/2015 - 23:03:45: SourceMod error session started
L 12/04/2015 - 23:03:45: Info (map "surf_prelude_ksf") (file "errors_20151204.log")
L 12/04/2015 - 23:03:45: [SM] Plugin encountered error 25: Call was aborted
L 12/04/2015 - 23:03:45: [SM] Native "SetFailState" reported: CFG File not found: addons/sourcemod/configs/csgo_wpaints.cfg
L 12/04/2015 - 23:03:45: [SM] Displaying call stack trace for plugin "franug_weaponpaints.smx":
L 12/04/2015 - 23:03:45: [SM]   [0]  Line 394, franug_weaponpaints.sp::ReadPaints()
L 12/04/2015 - 23:03:45: [SM]   [1]  Line 101, franug_weaponpaints.sp::OnPluginStart()
L 12/04/2015 - 23:03:46: Failed to auto generate config for pugsetup.smx, make sure the directory has write permission.
L 12/04/2015 - 23:04:18: Error log file session closed.
L 12/04/2015 - 23:04:18: SourceMod error session started
L 12/04/2015 - 23:04:18: Info (map "surf_prelude_ksf") (file "errors_20151204.log")
L 12/04/2015 - 23:04:18: [SM] Plugin encountered error 25: Call was aborted
L 12/04/2015 - 23:04:18: [SM] Native "SetFailState" reported: CFG File not found: addons/sourcemod/configs/csgo_wpaints.cfg
L 12/04/2015 - 23:04:18: [SM] Displaying call stack trace for plugin "franug_weaponpaints.smx":
L 12/04/2015 - 23:04:18: [SM]   [0]  Line 394, franug_weaponpaints.sp::ReadPaints()
L 12/04/2015 - 23:04:18: [SM]   [1]  Line 101, franug_weaponpaints.sp::OnPluginStart()
L 12/04/2015 - 23:04:18: [pugsetup.smx] Missing map file: addons/sourcemod/configs/pugsetup/maps.txt
L 12/04/2015 - 23:04:18: [pugsetup.smx] Missing map file: addons/sourcemod/configs/pugsetup/aim_maps.txt
L 12/04/2015 - 23:04:19: Failed to auto generate config for pugsetup.smx, make sure the directory has write permission.
L 12/04/2015 - 23:14:56: SourceMod error session started
L 12/04/2015 - 23:14:56: Info (map "surf_prelude_ksf") (file "errors_20151204.log")
L 12/04/2015 - 23:14:56: [SM] Plugin encountered error 25: Call was aborted
L 12/04/2015 - 23:14:56: [SM] Native "SetFailState" reported: CFG File not found: addons/sourcemod/configs/csgo_wpaints.cfg
L 12/04/2015 - 23:14:56: [SM] Displaying call stack trace for plugin "franug_weaponpaints.smx":
L 12/04/2015 - 23:14:56: [SM]   [0]  Line 394, franug_weaponpaints.sp::ReadPaints()
L 12/04/2015 - 23:14:56: [SM]   [1]  Line 101, franug_weaponpaints.sp::OnPluginStart()
L 12/04/2015 - 23:14:57: Failed to auto generate config for pugsetup.smx, make sure the directory has write permission.
L 12/04/2015 - 23:15:44: Error log file session closed.
L 12/04/2015 - 23:15:44: SourceMod error session started
L 12/04/2015 - 23:15:44: Info (map "surf_prelude_ksf") (file "errors_20151204.log")
L 12/04/2015 - 23:15:44: [SM] Plugin encountered error 25: Call was aborted
L 12/04/2015 - 23:15:44: [SM] Native "SetFailState" reported: CFG File not found: addons/sourcemod/configs/csgo_wpaints.cfg
L 12/04/2015 - 23:15:44: [SM] Displaying call stack trace for plugin "franug_weaponpaints.smx":
L 12/04/2015 - 23:15:44: [SM]   [0]  Line 394, franug_weaponpaints.sp::ReadPaints()
L 12/04/2015 - 23:15:44: [SM]   [1]  Line 101, franug_weaponpaints.sp::OnPluginStart()
L 12/04/2015 - 23:15:45: Failed to auto generate config for pugsetup.smx, make sure the directory has write permission.
L 12/04/2015 - 23:15:45: [pugsetup.smx] Missing map file: addons/sourcemod/configs/pugsetup/maps.txt
L 12/04/2015 - 23:15:45: [pugsetup.smx] Missing map file: addons/sourcemod/configs/pugsetup/aim_maps.txt
