L 11/29/2015 - 19:38:19: SourceMod error session started
L 11/29/2015 - 19:38:19: Info (map "de_dust2") (file "errors_20151129.log")
L 11/29/2015 - 19:38:19: [SM] Plugin encountered error 25: Call was aborted
L 11/29/2015 - 19:38:19: [SM] Native "SetFailState" reported: CFG File not found: addons\sourcemod\configs\csgo_wpaints.cfg
L 11/29/2015 - 19:38:19: [SM] Displaying call stack trace for plugin "franug_weaponpaints.smx":
L 11/29/2015 - 19:38:19: [SM]   [0]  Line 394, franug_weaponpaints.sp::ReadPaints()
L 11/29/2015 - 19:38:19: [SM]   [1]  Line 101, franug_weaponpaints.sp::OnPluginStart()
L 11/29/2015 - 19:38:19: [admin-flatfile.smx] Error(s) detected parsing addons\sourcemod\configs\admins.cfg
L 11/29/2015 - 19:38:19: [admin-flatfile.smx]  (line 37) A property was declared outside of a section
L 11/29/2015 - 19:38:27: Failed to auto generate config for pugsetup.smx, make sure the directory has write permission.
L 11/29/2015 - 19:38:29: [pugsetup.smx] Missing map file: addons\sourcemod\configs\pugsetup\maps.txt
L 11/29/2015 - 19:38:29: [pugsetup.smx] Missing map file: addons\sourcemod\configs\pugsetup\aim_maps.txt
L 11/29/2015 - 19:39:07: Error log file session closed.
L 11/29/2015 - 19:39:08: SourceMod error session started
L 11/29/2015 - 19:39:08: Info (map "de_dust2") (file "errors_20151129.log")
L 11/29/2015 - 19:39:08: [SM] Plugin encountered error 25: Call was aborted
L 11/29/2015 - 19:39:08: [SM] Native "SetFailState" reported: CFG File not found: addons\sourcemod\configs\csgo_wpaints.cfg
L 11/29/2015 - 19:39:08: [SM] Displaying call stack trace for plugin "franug_weaponpaints.smx":
L 11/29/2015 - 19:39:08: [SM]   [0]  Line 394, franug_weaponpaints.sp::ReadPaints()
L 11/29/2015 - 19:39:08: [SM]   [1]  Line 101, franug_weaponpaints.sp::OnPluginStart()
L 11/29/2015 - 19:39:08: [admin-flatfile.smx] Error(s) detected parsing addons\sourcemod\configs\admins.cfg
L 11/29/2015 - 19:39:08: [admin-flatfile.smx]  (line 37) A property was declared outside of a section
L 11/29/2015 - 19:39:08: Failed to auto generate config for pugsetup.smx, make sure the directory has write permission.
L 11/29/2015 - 19:39:08: [pugsetup.smx] Missing map file: addons\sourcemod\configs\pugsetup\maps.txt
L 11/29/2015 - 19:39:08: [pugsetup.smx] Missing map file: addons\sourcemod\configs\pugsetup\aim_maps.txt
L 11/29/2015 - 19:43:38: Error log file session closed.
L 11/29/2015 - 19:43:39: SourceMod error session started
L 11/29/2015 - 19:43:39: Info (map "de_dust2") (file "errors_20151129.log")
L 11/29/2015 - 19:43:39: [SM] Plugin encountered error 25: Call was aborted
L 11/29/2015 - 19:43:39: [SM] Native "SetFailState" reported: CFG File not found: addons\sourcemod\configs\csgo_wpaints.cfg
L 11/29/2015 - 19:43:39: [SM] Displaying call stack trace for plugin "franug_weaponpaints.smx":
L 11/29/2015 - 19:43:39: [SM]   [0]  Line 394, franug_weaponpaints.sp::ReadPaints()
L 11/29/2015 - 19:43:39: [SM]   [1]  Line 101, franug_weaponpaints.sp::OnPluginStart()
L 11/29/2015 - 19:43:39: [admin-flatfile.smx] Error(s) detected parsing addons\sourcemod\configs\admins.cfg
L 11/29/2015 - 19:43:39: [admin-flatfile.smx]  (line 37) A property was declared outside of a section
L 11/29/2015 - 19:43:41: Failed to auto generate config for pugsetup.smx, make sure the directory has write permission.
L 11/29/2015 - 19:43:42: [pugsetup.smx] Missing map file: addons\sourcemod\configs\pugsetup\maps.txt
L 11/29/2015 - 19:43:42: [pugsetup.smx] Missing map file: addons\sourcemod\configs\pugsetup\aim_maps.txt
L 11/29/2015 - 19:45:25: SourceMod error session started
L 11/29/2015 - 19:45:25: Info (map "de_dust2") (file "errors_20151129.log")
L 11/29/2015 - 19:45:25: [SM] Plugin encountered error 25: Call was aborted
L 11/29/2015 - 19:45:25: [SM] Native "SetFailState" reported: CFG File not found: addons\sourcemod\configs\csgo_wpaints.cfg
L 11/29/2015 - 19:45:25: [SM] Displaying call stack trace for plugin "franug_weaponpaints.smx":
L 11/29/2015 - 19:45:25: [SM]   [0]  Line 394, franug_weaponpaints.sp::ReadPaints()
L 11/29/2015 - 19:45:25: [SM]   [1]  Line 101, franug_weaponpaints.sp::OnPluginStart()
L 11/29/2015 - 19:45:25: [admin-flatfile.smx] Error(s) detected parsing addons\sourcemod\configs\admins.cfg
L 11/29/2015 - 19:45:25: [admin-flatfile.smx]  (line 37) A property was declared outside of a section
L 11/29/2015 - 19:45:31: Failed to auto generate config for pugsetup.smx, make sure the directory has write permission.
L 11/29/2015 - 19:45:33: [pugsetup.smx] Missing map file: addons\sourcemod\configs\pugsetup\maps.txt
L 11/29/2015 - 19:45:33: [pugsetup.smx] Missing map file: addons\sourcemod\configs\pugsetup\aim_maps.txt
L 11/29/2015 - 19:46:39: SourceMod error session started
L 11/29/2015 - 19:46:39: Info (map "de_dust2") (file "errors_20151129.log")
L 11/29/2015 - 19:46:39: [SM] Plugin encountered error 25: Call was aborted
L 11/29/2015 - 19:46:39: [SM] Native "SetFailState" reported: CFG File not found: addons\sourcemod\configs\csgo_wpaints.cfg
L 11/29/2015 - 19:46:39: [SM] Displaying call stack trace for plugin "franug_weaponpaints.smx":
L 11/29/2015 - 19:46:39: [SM]   [0]  Line 394, franug_weaponpaints.sp::ReadPaints()
L 11/29/2015 - 19:46:39: [SM]   [1]  Line 101, franug_weaponpaints.sp::OnPluginStart()
L 11/29/2015 - 19:46:39: [admin-flatfile.smx] Error(s) detected parsing addons\sourcemod\configs\admins.cfg
L 11/29/2015 - 19:46:39: [admin-flatfile.smx]  (line 37) A property was declared outside of a section
L 11/29/2015 - 19:46:42: Failed to auto generate config for pugsetup.smx, make sure the directory has write permission.
L 11/29/2015 - 19:46:43: [pugsetup.smx] Missing map file: addons\sourcemod\configs\pugsetup\maps.txt
L 11/29/2015 - 19:46:43: [pugsetup.smx] Missing map file: addons\sourcemod\configs\pugsetup\aim_maps.txt
L 11/29/2015 - 19:47:13: SourceMod error session started
L 11/29/2015 - 19:47:13: Info (map "de_dust2") (file "errors_20151129.log")
L 11/29/2015 - 19:47:13: [SM] Plugin encountered error 25: Call was aborted
L 11/29/2015 - 19:47:13: [SM] Native "SetFailState" reported: CFG File not found: addons\sourcemod\configs\csgo_wpaints.cfg
L 11/29/2015 - 19:47:13: [SM] Displaying call stack trace for plugin "franug_weaponpaints.smx":
L 11/29/2015 - 19:47:13: [SM]   [0]  Line 394, franug_weaponpaints.sp::ReadPaints()
L 11/29/2015 - 19:47:13: [SM]   [1]  Line 101, franug_weaponpaints.sp::OnPluginStart()
L 11/29/2015 - 19:47:13: [admin-flatfile.smx] Error(s) detected parsing addons\sourcemod\configs\admins.cfg
L 11/29/2015 - 19:47:13: [admin-flatfile.smx]  (line 37) A property was declared outside of a section
L 11/29/2015 - 19:47:15: Failed to auto generate config for pugsetup.smx, make sure the directory has write permission.
L 11/29/2015 - 19:47:16: [pugsetup.smx] Missing map file: addons\sourcemod\configs\pugsetup\maps.txt
L 11/29/2015 - 19:47:16: [pugsetup.smx] Missing map file: addons\sourcemod\configs\pugsetup\aim_maps.txt
L 11/29/2015 - 19:47:36: SourceMod error session started
L 11/29/2015 - 19:47:36: Info (map "de_dust2") (file "errors_20151129.log")
L 11/29/2015 - 19:47:36: [SM] Plugin encountered error 25: Call was aborted
L 11/29/2015 - 19:47:36: [SM] Native "SetFailState" reported: CFG File not found: addons\sourcemod\configs\csgo_wpaints.cfg
L 11/29/2015 - 19:47:36: [SM] Displaying call stack trace for plugin "franug_weaponpaints.smx":
L 11/29/2015 - 19:47:36: [SM]   [0]  Line 394, franug_weaponpaints.sp::ReadPaints()
L 11/29/2015 - 19:47:36: [SM]   [1]  Line 101, franug_weaponpaints.sp::OnPluginStart()
L 11/29/2015 - 19:47:36: [admin-flatfile.smx] Error(s) detected parsing addons\sourcemod\configs\admins.cfg
L 11/29/2015 - 19:47:36: [admin-flatfile.smx]  (line 37) A property was declared outside of a section
L 11/29/2015 - 19:47:37: Failed to auto generate config for pugsetup.smx, make sure the directory has write permission.
L 11/29/2015 - 19:47:37: [pugsetup.smx] Missing map file: addons\sourcemod\configs\pugsetup\maps.txt
L 11/29/2015 - 19:47:37: [pugsetup.smx] Missing map file: addons\sourcemod\configs\pugsetup\aim_maps.txt
L 11/29/2015 - 19:48:03: Error log file session closed.
L 11/29/2015 - 19:48:03: SourceMod error session started
L 11/29/2015 - 19:48:03: Info (map "de_dust2") (file "errors_20151129.log")
L 11/29/2015 - 19:48:03: [SM] Plugin encountered error 25: Call was aborted
L 11/29/2015 - 19:48:03: [SM] Native "SetFailState" reported: CFG File not found: addons\sourcemod\configs\csgo_wpaints.cfg
L 11/29/2015 - 19:48:03: [SM] Displaying call stack trace for plugin "franug_weaponpaints.smx":
L 11/29/2015 - 19:48:03: [SM]   [0]  Line 394, franug_weaponpaints.sp::ReadPaints()
L 11/29/2015 - 19:48:03: [SM]   [1]  Line 101, franug_weaponpaints.sp::OnPluginStart()
L 11/29/2015 - 19:48:03: [admin-flatfile.smx] Error(s) detected parsing addons\sourcemod\configs\admins.cfg
L 11/29/2015 - 19:48:03: [admin-flatfile.smx]  (line 37) A property was declared outside of a section
L 11/29/2015 - 19:48:03: Failed to auto generate config for pugsetup.smx, make sure the directory has write permission.
L 11/29/2015 - 19:48:03: [pugsetup.smx] Missing map file: addons\sourcemod\configs\pugsetup\maps.txt
L 11/29/2015 - 19:48:03: [pugsetup.smx] Missing map file: addons\sourcemod\configs\pugsetup\aim_maps.txt
L 11/29/2015 - 19:48:22: Error log file session closed.
L 11/29/2015 - 19:48:23: SourceMod error session started
L 11/29/2015 - 19:48:23: Info (map "de_dust2snow") (file "errors_20151129.log")
L 11/29/2015 - 19:48:23: [SM] Plugin encountered error 25: Call was aborted
L 11/29/2015 - 19:48:23: [SM] Native "SetFailState" reported: CFG File not found: addons\sourcemod\configs\csgo_wpaints.cfg
L 11/29/2015 - 19:48:23: [SM] Displaying call stack trace for plugin "franug_weaponpaints.smx":
L 11/29/2015 - 19:48:23: [SM]   [0]  Line 394, franug_weaponpaints.sp::ReadPaints()
L 11/29/2015 - 19:48:23: [SM]   [1]  Line 101, franug_weaponpaints.sp::OnPluginStart()
L 11/29/2015 - 19:48:23: [admin-flatfile.smx] Error(s) detected parsing addons\sourcemod\configs\admins.cfg
L 11/29/2015 - 19:48:23: [admin-flatfile.smx]  (line 37) A property was declared outside of a section
L 11/29/2015 - 19:48:23: Failed to auto generate config for pugsetup.smx, make sure the directory has write permission.
L 11/29/2015 - 19:48:23: [pugsetup.smx] Missing map file: addons\sourcemod\configs\pugsetup\maps.txt
L 11/29/2015 - 19:48:23: [pugsetup.smx] Missing map file: addons\sourcemod\configs\pugsetup\aim_maps.txt
L 11/29/2015 - 19:48:59: Error log file session closed.
L 11/29/2015 - 19:48:59: SourceMod error session started
L 11/29/2015 - 19:48:59: Info (map "de_dust2snow") (file "errors_20151129.log")
L 11/29/2015 - 19:48:59: [SM] Plugin encountered error 25: Call was aborted
L 11/29/2015 - 19:48:59: [SM] Native "SetFailState" reported: CFG File not found: addons\sourcemod\configs\csgo_wpaints.cfg
L 11/29/2015 - 19:48:59: [SM] Displaying call stack trace for plugin "franug_weaponpaints.smx":
L 11/29/2015 - 19:48:59: [SM]   [0]  Line 394, franug_weaponpaints.sp::ReadPaints()
L 11/29/2015 - 19:48:59: [SM]   [1]  Line 101, franug_weaponpaints.sp::OnPluginStart()
L 11/29/2015 - 19:48:59: [admin-flatfile.smx] Error(s) detected parsing addons\sourcemod\configs\admins.cfg
L 11/29/2015 - 19:48:59: [admin-flatfile.smx]  (line 37) A property was declared outside of a section
L 11/29/2015 - 19:48:59: Failed to auto generate config for pugsetup.smx, make sure the directory has write permission.
L 11/29/2015 - 19:48:59: [pugsetup.smx] Missing map file: addons\sourcemod\configs\pugsetup\maps.txt
L 11/29/2015 - 19:48:59: [pugsetup.smx] Missing map file: addons\sourcemod\configs\pugsetup\aim_maps.txt
L 11/29/2015 - 19:49:12: SourceMod error session started
L 11/29/2015 - 19:49:12: Info (map "de_dust2") (file "errors_20151129.log")
L 11/29/2015 - 19:49:12: [SM] Plugin encountered error 25: Call was aborted
L 11/29/2015 - 19:49:12: [SM] Native "SetFailState" reported: CFG File not found: addons\sourcemod\configs\csgo_wpaints.cfg
L 11/29/2015 - 19:49:12: [SM] Displaying call stack trace for plugin "franug_weaponpaints.smx":
L 11/29/2015 - 19:49:12: [SM]   [0]  Line 394, franug_weaponpaints.sp::ReadPaints()
L 11/29/2015 - 19:49:12: [SM]   [1]  Line 101, franug_weaponpaints.sp::OnPluginStart()
L 11/29/2015 - 19:49:12: [admin-flatfile.smx] Error(s) detected parsing addons\sourcemod\configs\admins.cfg
L 11/29/2015 - 19:49:12: [admin-flatfile.smx]  (line 37) A property was declared outside of a section
L 11/29/2015 - 19:49:14: Failed to auto generate config for pugsetup.smx, make sure the directory has write permission.
L 11/29/2015 - 19:49:14: [pugsetup.smx] Missing map file: addons\sourcemod\configs\pugsetup\maps.txt
L 11/29/2015 - 19:49:14: [pugsetup.smx] Missing map file: addons\sourcemod\configs\pugsetup\aim_maps.txt
L 11/29/2015 - 19:49:28: Error log file session closed.
L 11/29/2015 - 19:49:28: SourceMod error session started
L 11/29/2015 - 19:49:28: Info (map "de_dust2") (file "errors_20151129.log")
L 11/29/2015 - 19:49:28: [SM] Plugin encountered error 25: Call was aborted
L 11/29/2015 - 19:49:28: [SM] Native "SetFailState" reported: CFG File not found: addons\sourcemod\configs\csgo_wpaints.cfg
L 11/29/2015 - 19:49:28: [SM] Displaying call stack trace for plugin "franug_weaponpaints.smx":
L 11/29/2015 - 19:49:28: [SM]   [0]  Line 394, franug_weaponpaints.sp::ReadPaints()
L 11/29/2015 - 19:49:28: [SM]   [1]  Line 101, franug_weaponpaints.sp::OnPluginStart()
L 11/29/2015 - 19:49:28: [admin-flatfile.smx] Error(s) detected parsing addons\sourcemod\configs\admins.cfg
L 11/29/2015 - 19:49:28: [admin-flatfile.smx]  (line 37) A property was declared outside of a section
L 11/29/2015 - 19:49:29: Failed to auto generate config for pugsetup.smx, make sure the directory has write permission.
L 11/29/2015 - 19:49:29: [pugsetup.smx] Missing map file: addons\sourcemod\configs\pugsetup\maps.txt
L 11/29/2015 - 19:49:29: [pugsetup.smx] Missing map file: addons\sourcemod\configs\pugsetup\aim_maps.txt
L 11/29/2015 - 19:49:43: Error log file session closed.
L 11/29/2015 - 19:49:43: SourceMod error session started
L 11/29/2015 - 19:49:43: Info (map "de_dust2snow") (file "errors_20151129.log")
L 11/29/2015 - 19:49:43: [SM] Plugin encountered error 25: Call was aborted
L 11/29/2015 - 19:49:43: [SM] Native "SetFailState" reported: CFG File not found: addons\sourcemod\configs\csgo_wpaints.cfg
L 11/29/2015 - 19:49:43: [SM] Displaying call stack trace for plugin "franug_weaponpaints.smx":
L 11/29/2015 - 19:49:43: [SM]   [0]  Line 394, franug_weaponpaints.sp::ReadPaints()
L 11/29/2015 - 19:49:43: [SM]   [1]  Line 101, franug_weaponpaints.sp::OnPluginStart()
L 11/29/2015 - 19:49:43: [admin-flatfile.smx] Error(s) detected parsing addons\sourcemod\configs\admins.cfg
L 11/29/2015 - 19:49:43: [admin-flatfile.smx]  (line 37) A property was declared outside of a section
L 11/29/2015 - 19:49:43: Failed to auto generate config for pugsetup.smx, make sure the directory has write permission.
L 11/29/2015 - 19:49:43: [pugsetup.smx] Missing map file: addons\sourcemod\configs\pugsetup\maps.txt
L 11/29/2015 - 19:49:43: [pugsetup.smx] Missing map file: addons\sourcemod\configs\pugsetup\aim_maps.txt
L 11/29/2015 - 19:50:01: Error log file session closed.
L 11/29/2015 - 19:50:01: SourceMod error session started
L 11/29/2015 - 19:50:01: Info (map "de_dust2snow") (file "errors_20151129.log")
L 11/29/2015 - 19:50:01: [SM] Plugin encountered error 25: Call was aborted
L 11/29/2015 - 19:50:01: [SM] Native "SetFailState" reported: CFG File not found: addons\sourcemod\configs\csgo_wpaints.cfg
L 11/29/2015 - 19:50:01: [SM] Displaying call stack trace for plugin "franug_weaponpaints.smx":
L 11/29/2015 - 19:50:01: [SM]   [0]  Line 394, franug_weaponpaints.sp::ReadPaints()
L 11/29/2015 - 19:50:01: [SM]   [1]  Line 101, franug_weaponpaints.sp::OnPluginStart()
L 11/29/2015 - 19:50:01: [admin-flatfile.smx] Error(s) detected parsing addons\sourcemod\configs\admins.cfg
L 11/29/2015 - 19:50:01: [admin-flatfile.smx]  (line 37) A property was declared outside of a section
L 11/29/2015 - 19:50:02: Failed to auto generate config for pugsetup.smx, make sure the directory has write permission.
L 11/29/2015 - 19:50:02: [pugsetup.smx] Missing map file: addons\sourcemod\configs\pugsetup\maps.txt
L 11/29/2015 - 19:50:02: [pugsetup.smx] Missing map file: addons\sourcemod\configs\pugsetup\aim_maps.txt
L 11/29/2015 - 19:50:23: SourceMod error session started
L 11/29/2015 - 19:50:23: Info (map "de_dust2") (file "errors_20151129.log")
L 11/29/2015 - 19:50:23: [SM] Plugin encountered error 25: Call was aborted
L 11/29/2015 - 19:50:23: [SM] Native "SetFailState" reported: CFG File not found: addons\sourcemod\configs\csgo_wpaints.cfg
L 11/29/2015 - 19:50:23: [SM] Displaying call stack trace for plugin "franug_weaponpaints.smx":
L 11/29/2015 - 19:50:23: [SM]   [0]  Line 394, franug_weaponpaints.sp::ReadPaints()
L 11/29/2015 - 19:50:23: [SM]   [1]  Line 101, franug_weaponpaints.sp::OnPluginStart()
L 11/29/2015 - 19:50:24: [admin-flatfile.smx] Error(s) detected parsing addons\sourcemod\configs\admins.cfg
L 11/29/2015 - 19:50:24: [admin-flatfile.smx]  (line 37) A property was declared outside of a section
L 11/29/2015 - 19:50:27: Failed to auto generate config for pugsetup.smx, make sure the directory has write permission.
L 11/29/2015 - 19:50:27: [pugsetup.smx] Missing map file: addons\sourcemod\configs\pugsetup\maps.txt
L 11/29/2015 - 19:50:27: [pugsetup.smx] Missing map file: addons\sourcemod\configs\pugsetup\aim_maps.txt
L 11/29/2015 - 19:52:12: SourceMod error session started
L 11/29/2015 - 19:52:12: Info (map "de_dust") (file "errors_20151129.log")
L 11/29/2015 - 19:52:12: [SM] Plugin encountered error 25: Call was aborted
L 11/29/2015 - 19:52:12: [SM] Native "SetFailState" reported: CFG File not found: addons\sourcemod\configs\csgo_wpaints.cfg
L 11/29/2015 - 19:52:12: [SM] Displaying call stack trace for plugin "franug_weaponpaints.smx":
L 11/29/2015 - 19:52:12: [SM]   [0]  Line 394, franug_weaponpaints.sp::ReadPaints()
L 11/29/2015 - 19:52:12: [SM]   [1]  Line 101, franug_weaponpaints.sp::OnPluginStart()
L 11/29/2015 - 19:52:12: [admin-flatfile.smx] Error(s) detected parsing addons\sourcemod\configs\admins.cfg
L 11/29/2015 - 19:52:12: [admin-flatfile.smx]  (line 37) A property was declared outside of a section
L 11/29/2015 - 19:52:18: Failed to auto generate config for pugsetup.smx, make sure the directory has write permission.
L 11/29/2015 - 19:52:20: [pugsetup.smx] Missing map file: addons\sourcemod\configs\pugsetup\maps.txt
L 11/29/2015 - 19:52:20: [pugsetup.smx] Missing map file: addons\sourcemod\configs\pugsetup\aim_maps.txt
L 11/29/2015 - 19:52:44: SourceMod error session started
L 11/29/2015 - 19:52:44: Info (map "de_dust") (file "errors_20151129.log")
L 11/29/2015 - 19:52:44: [SM] Plugin encountered error 25: Call was aborted
L 11/29/2015 - 19:52:44: [SM] Native "SetFailState" reported: CFG File not found: addons\sourcemod\configs\csgo_wpaints.cfg
L 11/29/2015 - 19:52:44: [SM] Displaying call stack trace for plugin "franug_weaponpaints.smx":
L 11/29/2015 - 19:52:44: [SM]   [0]  Line 394, franug_weaponpaints.sp::ReadPaints()
L 11/29/2015 - 19:52:44: [SM]   [1]  Line 101, franug_weaponpaints.sp::OnPluginStart()
L 11/29/2015 - 19:52:44: [admin-flatfile.smx] Error(s) detected parsing addons\sourcemod\configs\admins.cfg
L 11/29/2015 - 19:52:44: [admin-flatfile.smx]  (line 37) A property was declared outside of a section
L 11/29/2015 - 19:52:48: Failed to auto generate config for pugsetup.smx, make sure the directory has write permission.
L 11/29/2015 - 19:52:50: [pugsetup.smx] Missing map file: addons\sourcemod\configs\pugsetup\maps.txt
L 11/29/2015 - 19:52:50: [pugsetup.smx] Missing map file: addons\sourcemod\configs\pugsetup\aim_maps.txt
L 11/29/2015 - 19:53:43: SourceMod error session started
L 11/29/2015 - 19:53:43: Info (map "de_dust") (file "errors_20151129.log")
L 11/29/2015 - 19:53:43: [SM] Plugin encountered error 25: Call was aborted
L 11/29/2015 - 19:53:43: [SM] Native "SetFailState" reported: CFG File not found: addons\sourcemod\configs\csgo_wpaints.cfg
L 11/29/2015 - 19:53:43: [SM] Displaying call stack trace for plugin "franug_weaponpaints.smx":
L 11/29/2015 - 19:53:43: [SM]   [0]  Line 394, franug_weaponpaints.sp::ReadPaints()
L 11/29/2015 - 19:53:43: [SM]   [1]  Line 101, franug_weaponpaints.sp::OnPluginStart()
L 11/29/2015 - 19:53:43: [admin-flatfile.smx] Error(s) detected parsing addons\sourcemod\configs\admins.cfg
L 11/29/2015 - 19:53:43: [admin-flatfile.smx]  (line 37) A property was declared outside of a section
L 11/29/2015 - 19:53:46: Failed to auto generate config for pugsetup.smx, make sure the directory has write permission.
L 11/29/2015 - 19:53:47: [pugsetup.smx] Missing map file: addons\sourcemod\configs\pugsetup\maps.txt
L 11/29/2015 - 19:53:47: [pugsetup.smx] Missing map file: addons\sourcemod\configs\pugsetup\aim_maps.txt
L 11/29/2015 - 20:00:29: SourceMod error session started
L 11/29/2015 - 20:00:29: Info (map "de_dust") (file "errors_20151129.log")
L 11/29/2015 - 20:00:29: [SM] Plugin encountered error 25: Call was aborted
L 11/29/2015 - 20:00:29: [SM] Native "SetFailState" reported: CFG File not found: addons\sourcemod\configs\csgo_wpaints.cfg
L 11/29/2015 - 20:00:29: [SM] Displaying call stack trace for plugin "franug_weaponpaints.smx":
L 11/29/2015 - 20:00:29: [SM]   [0]  Line 394, franug_weaponpaints.sp::ReadPaints()
L 11/29/2015 - 20:00:29: [SM]   [1]  Line 101, franug_weaponpaints.sp::OnPluginStart()
L 11/29/2015 - 20:00:29: [admin-flatfile.smx] Error(s) detected parsing addons\sourcemod\configs\admins.cfg
L 11/29/2015 - 20:00:29: [admin-flatfile.smx]  (line 37) A property was declared outside of a section
L 11/29/2015 - 20:00:35: Failed to auto generate config for pugsetup.smx, make sure the directory has write permission.
L 11/29/2015 - 20:00:37: [pugsetup.smx] Missing map file: addons\sourcemod\configs\pugsetup\maps.txt
L 11/29/2015 - 20:00:37: [pugsetup.smx] Missing map file: addons\sourcemod\configs\pugsetup\aim_maps.txt
L 11/29/2015 - 20:01:32: SourceMod error session started
L 11/29/2015 - 20:01:32: Info (map "de_dust") (file "errors_20151129.log")
L 11/29/2015 - 20:01:32: [SM] Plugin encountered error 25: Call was aborted
L 11/29/2015 - 20:01:32: [SM] Native "SetFailState" reported: CFG File not found: addons\sourcemod\configs\csgo_wpaints.cfg
L 11/29/2015 - 20:01:32: [SM] Displaying call stack trace for plugin "franug_weaponpaints.smx":
L 11/29/2015 - 20:01:32: [SM]   [0]  Line 394, franug_weaponpaints.sp::ReadPaints()
L 11/29/2015 - 20:01:32: [SM]   [1]  Line 101, franug_weaponpaints.sp::OnPluginStart()
L 11/29/2015 - 20:01:32: [admin-flatfile.smx] Error(s) detected parsing addons\sourcemod\configs\admins.cfg
L 11/29/2015 - 20:01:32: [admin-flatfile.smx]  (line 37) A property was declared outside of a section
L 11/29/2015 - 20:01:33: Failed to auto generate config for pugsetup.smx, make sure the directory has write permission.
L 11/29/2015 - 20:01:35: [pugsetup.smx] Missing map file: addons\sourcemod\configs\pugsetup\maps.txt
L 11/29/2015 - 20:01:35: [pugsetup.smx] Missing map file: addons\sourcemod\configs\pugsetup\aim_maps.txt
L 11/29/2015 - 20:02:03: SourceMod error session started
L 11/29/2015 - 20:02:03: Info (map "de_dust") (file "errors_20151129.log")
L 11/29/2015 - 20:02:03: [SM] Plugin encountered error 25: Call was aborted
L 11/29/2015 - 20:02:03: [SM] Native "SetFailState" reported: CFG File not found: addons\sourcemod\configs\csgo_wpaints.cfg
L 11/29/2015 - 20:02:03: [SM] Displaying call stack trace for plugin "franug_weaponpaints.smx":
L 11/29/2015 - 20:02:03: [SM]   [0]  Line 394, franug_weaponpaints.sp::ReadPaints()
L 11/29/2015 - 20:02:03: [SM]   [1]  Line 101, franug_weaponpaints.sp::OnPluginStart()
L 11/29/2015 - 20:02:03: [admin-flatfile.smx] Error(s) detected parsing addons\sourcemod\configs\admins.cfg
L 11/29/2015 - 20:02:03: [admin-flatfile.smx]  (line 37) A property was declared outside of a section
L 11/29/2015 - 20:02:04: Failed to auto generate config for pugsetup.smx, make sure the directory has write permission.
L 11/29/2015 - 20:02:05: [pugsetup.smx] Missing map file: addons\sourcemod\configs\pugsetup\maps.txt
L 11/29/2015 - 20:02:05: [pugsetup.smx] Missing map file: addons\sourcemod\configs\pugsetup\aim_maps.txt
L 11/29/2015 - 20:02:22: SourceMod error session started
L 11/29/2015 - 20:02:22: Info (map "de_dust") (file "errors_20151129.log")
L 11/29/2015 - 20:02:22: [SM] Plugin encountered error 25: Call was aborted
L 11/29/2015 - 20:02:22: [SM] Native "SetFailState" reported: CFG File not found: addons\sourcemod\configs\csgo_wpaints.cfg
L 11/29/2015 - 20:02:22: [SM] Displaying call stack trace for plugin "franug_weaponpaints.smx":
L 11/29/2015 - 20:02:22: [SM]   [0]  Line 394, franug_weaponpaints.sp::ReadPaints()
L 11/29/2015 - 20:02:22: [SM]   [1]  Line 101, franug_weaponpaints.sp::OnPluginStart()
L 11/29/2015 - 20:02:22: [admin-flatfile.smx] Error(s) detected parsing addons\sourcemod\configs\admins.cfg
L 11/29/2015 - 20:02:22: [admin-flatfile.smx]  (line 37) A property was declared outside of a section
L 11/29/2015 - 20:02:24: Failed to auto generate config for pugsetup.smx, make sure the directory has write permission.
L 11/29/2015 - 20:02:24: [pugsetup.smx] Missing map file: addons\sourcemod\configs\pugsetup\maps.txt
L 11/29/2015 - 20:02:24: [pugsetup.smx] Missing map file: addons\sourcemod\configs\pugsetup\aim_maps.txt
L 11/29/2015 - 20:03:05: SourceMod error session started
L 11/29/2015 - 20:03:05: Info (map "de_dust") (file "errors_20151129.log")
L 11/29/2015 - 20:03:05: [SM] Plugin encountered error 25: Call was aborted
L 11/29/2015 - 20:03:05: [SM] Native "SetFailState" reported: CFG File not found: addons\sourcemod\configs\csgo_wpaints.cfg
L 11/29/2015 - 20:03:05: [SM] Displaying call stack trace for plugin "franug_weaponpaints.smx":
L 11/29/2015 - 20:03:05: [SM]   [0]  Line 394, franug_weaponpaints.sp::ReadPaints()
L 11/29/2015 - 20:03:05: [SM]   [1]  Line 101, franug_weaponpaints.sp::OnPluginStart()
L 11/29/2015 - 20:03:05: [admin-flatfile.smx] Error(s) detected parsing addons\sourcemod\configs\admins.cfg
L 11/29/2015 - 20:03:05: [admin-flatfile.smx]  (line 37) A property was declared outside of a section
L 11/29/2015 - 20:03:06: Failed to auto generate config for pugsetup.smx, make sure the directory has write permission.
L 11/29/2015 - 20:03:06: [pugsetup.smx] Missing map file: addons\sourcemod\configs\pugsetup\maps.txt
L 11/29/2015 - 20:03:06: [pugsetup.smx] Missing map file: addons\sourcemod\configs\pugsetup\aim_maps.txt
L 11/29/2015 - 20:04:32: SourceMod error session started
L 11/29/2015 - 20:04:32: Info (map "de_dust") (file "errors_20151129.log")
L 11/29/2015 - 20:04:32: [SM] Plugin encountered error 25: Call was aborted
L 11/29/2015 - 20:04:32: [SM] Native "SetFailState" reported: CFG File not found: addons\sourcemod\configs\csgo_wpaints.cfg
L 11/29/2015 - 20:04:32: [SM] Displaying call stack trace for plugin "franug_weaponpaints.smx":
L 11/29/2015 - 20:04:32: [SM]   [0]  Line 394, franug_weaponpaints.sp::ReadPaints()
L 11/29/2015 - 20:04:32: [SM]   [1]  Line 101, franug_weaponpaints.sp::OnPluginStart()
L 11/29/2015 - 20:04:32: [admin-flatfile.smx] Error(s) detected parsing addons\sourcemod\configs\admins.cfg
L 11/29/2015 - 20:04:32: [admin-flatfile.smx]  (line 37) A property was declared outside of a section
L 11/29/2015 - 20:04:34: Failed to auto generate config for pugsetup.smx, make sure the directory has write permission.
L 11/29/2015 - 20:04:34: [pugsetup.smx] Missing map file: addons\sourcemod\configs\pugsetup\maps.txt
L 11/29/2015 - 20:04:34: [pugsetup.smx] Missing map file: addons\sourcemod\configs\pugsetup\aim_maps.txt
L 11/29/2015 - 20:06:27: SourceMod error session started
L 11/29/2015 - 20:06:27: Info (map "de_dust") (file "errors_20151129.log")
L 11/29/2015 - 20:06:27: [SM] Plugin encountered error 25: Call was aborted
L 11/29/2015 - 20:06:27: [SM] Native "SetFailState" reported: CFG File not found: addons\sourcemod\configs\csgo_wpaints.cfg
L 11/29/2015 - 20:06:27: [SM] Displaying call stack trace for plugin "franug_weaponpaints.smx":
L 11/29/2015 - 20:06:27: [SM]   [0]  Line 394, franug_weaponpaints.sp::ReadPaints()
L 11/29/2015 - 20:06:27: [SM]   [1]  Line 101, franug_weaponpaints.sp::OnPluginStart()
L 11/29/2015 - 20:06:27: [admin-flatfile.smx] Error(s) detected parsing addons\sourcemod\configs\admins.cfg
L 11/29/2015 - 20:06:27: [admin-flatfile.smx]  (line 37) A property was declared outside of a section
L 11/29/2015 - 20:06:31: Failed to auto generate config for pugsetup.smx, make sure the directory has write permission.
L 11/29/2015 - 20:06:33: [pugsetup.smx] Missing map file: addons\sourcemod\configs\pugsetup\maps.txt
L 11/29/2015 - 20:06:33: [pugsetup.smx] Missing map file: addons\sourcemod\configs\pugsetup\aim_maps.txt
L 11/29/2015 - 20:07:32: SourceMod error session started
L 11/29/2015 - 20:07:32: Info (map "de_dust") (file "errors_20151129.log")
L 11/29/2015 - 20:07:32: [SM] Plugin encountered error 25: Call was aborted
L 11/29/2015 - 20:07:32: [SM] Native "SetFailState" reported: CFG File not found: addons\sourcemod\configs\csgo_wpaints.cfg
L 11/29/2015 - 20:07:32: [SM] Displaying call stack trace for plugin "franug_weaponpaints.smx":
L 11/29/2015 - 20:07:32: [SM]   [0]  Line 394, franug_weaponpaints.sp::ReadPaints()
L 11/29/2015 - 20:07:32: [SM]   [1]  Line 101, franug_weaponpaints.sp::OnPluginStart()
L 11/29/2015 - 20:07:32: [admin-flatfile.smx] Error(s) detected parsing addons\sourcemod\configs\admins.cfg
L 11/29/2015 - 20:07:32: [admin-flatfile.smx]  (line 37) A property was declared outside of a section
L 11/29/2015 - 20:07:34: Failed to auto generate config for pugsetup.smx, make sure the directory has write permission.
L 11/29/2015 - 20:07:34: [pugsetup.smx] Missing map file: addons\sourcemod\configs\pugsetup\maps.txt
L 11/29/2015 - 20:07:34: [pugsetup.smx] Missing map file: addons\sourcemod\configs\pugsetup\aim_maps.txt
L 11/29/2015 - 20:08:38: SourceMod error session started
L 11/29/2015 - 20:08:38: Info (map "de_dust") (file "errors_20151129.log")
L 11/29/2015 - 20:08:38: [SM] Plugin encountered error 25: Call was aborted
L 11/29/2015 - 20:08:38: [SM] Native "SetFailState" reported: CFG File not found: addons\sourcemod\configs\csgo_wpaints.cfg
L 11/29/2015 - 20:08:38: [SM] Displaying call stack trace for plugin "franug_weaponpaints.smx":
L 11/29/2015 - 20:08:38: [SM]   [0]  Line 394, franug_weaponpaints.sp::ReadPaints()
L 11/29/2015 - 20:08:38: [SM]   [1]  Line 101, franug_weaponpaints.sp::OnPluginStart()
L 11/29/2015 - 20:08:38: [admin-flatfile.smx] Error(s) detected parsing addons\sourcemod\configs\admins.cfg
L 11/29/2015 - 20:08:38: [admin-flatfile.smx]  (line 37) A property was declared outside of a section
L 11/29/2015 - 20:08:43: SourceMod error session started
L 11/29/2015 - 20:08:43: Info (map "de_dust") (file "errors_20151129.log")
L 11/29/2015 - 20:08:43: [SM] Plugin encountered error 25: Call was aborted
L 11/29/2015 - 20:08:43: [SM] Native "SetFailState" reported: CFG File not found: addons\sourcemod\configs\csgo_wpaints.cfg
L 11/29/2015 - 20:08:43: [SM] Displaying call stack trace for plugin "franug_weaponpaints.smx":
L 11/29/2015 - 20:08:43: [SM]   [0]  Line 394, franug_weaponpaints.sp::ReadPaints()
L 11/29/2015 - 20:08:43: [SM]   [1]  Line 101, franug_weaponpaints.sp::OnPluginStart()
L 11/29/2015 - 20:08:43: [admin-flatfile.smx] Error(s) detected parsing addons\sourcemod\configs\admins.cfg
L 11/29/2015 - 20:08:43: [admin-flatfile.smx]  (line 37) A property was declared outside of a section
L 11/29/2015 - 20:08:45: Failed to auto generate config for pugsetup.smx, make sure the directory has write permission.
L 11/29/2015 - 20:08:45: [pugsetup.smx] Missing map file: addons\sourcemod\configs\pugsetup\maps.txt
L 11/29/2015 - 20:08:45: [pugsetup.smx] Missing map file: addons\sourcemod\configs\pugsetup\aim_maps.txt
L 11/29/2015 - 20:09:39: SourceMod error session started
L 11/29/2015 - 20:09:39: Info (map "de_dust") (file "errors_20151129.log")
L 11/29/2015 - 20:09:39: [SM] Plugin encountered error 25: Call was aborted
L 11/29/2015 - 20:09:39: [SM] Native "SetFailState" reported: CFG File not found: addons\sourcemod\configs\csgo_wpaints.cfg
L 11/29/2015 - 20:09:39: [SM] Displaying call stack trace for plugin "franug_weaponpaints.smx":
L 11/29/2015 - 20:09:39: [SM]   [0]  Line 394, franug_weaponpaints.sp::ReadPaints()
L 11/29/2015 - 20:09:39: [SM]   [1]  Line 101, franug_weaponpaints.sp::OnPluginStart()
L 11/29/2015 - 20:09:39: [admin-flatfile.smx] Error(s) detected parsing addons\sourcemod\configs\admins.cfg
L 11/29/2015 - 20:09:39: [admin-flatfile.smx]  (line 37) A property was declared outside of a section
L 11/29/2015 - 20:09:40: Failed to auto generate config for pugsetup.smx, make sure the directory has write permission.
L 11/29/2015 - 20:09:40: [pugsetup.smx] Missing map file: addons\sourcemod\configs\pugsetup\maps.txt
L 11/29/2015 - 20:09:40: [pugsetup.smx] Missing map file: addons\sourcemod\configs\pugsetup\aim_maps.txt
L 11/29/2015 - 20:09:59: SourceMod error session started
L 11/29/2015 - 20:09:59: Info (map "de_dust") (file "errors_20151129.log")
L 11/29/2015 - 20:09:59: [SM] Plugin encountered error 25: Call was aborted
L 11/29/2015 - 20:09:59: [SM] Native "SetFailState" reported: CFG File not found: addons\sourcemod\configs\csgo_wpaints.cfg
L 11/29/2015 - 20:09:59: [SM] Displaying call stack trace for plugin "franug_weaponpaints.smx":
L 11/29/2015 - 20:09:59: [SM]   [0]  Line 394, franug_weaponpaints.sp::ReadPaints()
L 11/29/2015 - 20:09:59: [SM]   [1]  Line 101, franug_weaponpaints.sp::OnPluginStart()
L 11/29/2015 - 20:09:59: [admin-flatfile.smx] Error(s) detected parsing addons\sourcemod\configs\admins.cfg
L 11/29/2015 - 20:09:59: [admin-flatfile.smx]  (line 37) A property was declared outside of a section
L 11/29/2015 - 20:10:01: Failed to auto generate config for pugsetup.smx, make sure the directory has write permission.
L 11/29/2015 - 20:10:01: [pugsetup.smx] Missing map file: addons\sourcemod\configs\pugsetup\maps.txt
L 11/29/2015 - 20:10:01: [pugsetup.smx] Missing map file: addons\sourcemod\configs\pugsetup\aim_maps.txt
L 11/29/2015 - 20:13:25: SourceMod error session started
L 11/29/2015 - 20:13:25: Info (map "de_dust") (file "errors_20151129.log")
L 11/29/2015 - 20:13:25: [SM] Plugin encountered error 25: Call was aborted
L 11/29/2015 - 20:13:25: [SM] Native "SetFailState" reported: CFG File not found: addons\sourcemod\configs\csgo_wpaints.cfg
L 11/29/2015 - 20:13:25: [SM] Displaying call stack trace for plugin "franug_weaponpaints.smx":
L 11/29/2015 - 20:13:25: [SM]   [0]  Line 394, franug_weaponpaints.sp::ReadPaints()
L 11/29/2015 - 20:13:25: [SM]   [1]  Line 101, franug_weaponpaints.sp::OnPluginStart()
L 11/29/2015 - 20:13:26: [admin-flatfile.smx] Error(s) detected parsing addons\sourcemod\configs\admins.cfg
L 11/29/2015 - 20:13:26: [admin-flatfile.smx]  (line 37) A property was declared outside of a section
L 11/29/2015 - 20:13:27: Failed to auto generate config for pugsetup.smx, make sure the directory has write permission.
L 11/29/2015 - 20:13:27: [pugsetup.smx] Missing map file: addons\sourcemod\configs\pugsetup\maps.txt
L 11/29/2015 - 20:13:27: [pugsetup.smx] Missing map file: addons\sourcemod\configs\pugsetup\aim_maps.txt
L 11/29/2015 - 20:14:38: SourceMod error session started
L 11/29/2015 - 20:14:38: Info (map "de_dust") (file "errors_20151129.log")
L 11/29/2015 - 20:14:38: [SM] Plugin encountered error 25: Call was aborted
L 11/29/2015 - 20:14:38: [SM] Native "SetFailState" reported: CFG File not found: addons\sourcemod\configs\csgo_wpaints.cfg
L 11/29/2015 - 20:14:38: [SM] Displaying call stack trace for plugin "franug_weaponpaints.smx":
L 11/29/2015 - 20:14:38: [SM]   [0]  Line 394, franug_weaponpaints.sp::ReadPaints()
L 11/29/2015 - 20:14:38: [SM]   [1]  Line 101, franug_weaponpaints.sp::OnPluginStart()
L 11/29/2015 - 20:14:38: [admin-flatfile.smx] Error(s) detected parsing addons\sourcemod\configs\admins.cfg
L 11/29/2015 - 20:14:38: [admin-flatfile.smx]  (line 37) A property was declared outside of a section
L 11/29/2015 - 20:14:39: Failed to auto generate config for pugsetup.smx, make sure the directory has write permission.
L 11/29/2015 - 20:14:39: [pugsetup.smx] Missing map file: addons\sourcemod\configs\pugsetup\maps.txt
L 11/29/2015 - 20:14:39: [pugsetup.smx] Missing map file: addons\sourcemod\configs\pugsetup\aim_maps.txt
L 11/29/2015 - 20:14:51: SourceMod error session started
L 11/29/2015 - 20:14:51: Info (map "de_dust") (file "errors_20151129.log")
L 11/29/2015 - 20:14:51: [SM] Plugin encountered error 25: Call was aborted
L 11/29/2015 - 20:14:51: [SM] Native "SetFailState" reported: CFG File not found: addons\sourcemod\configs\csgo_wpaints.cfg
L 11/29/2015 - 20:14:51: [SM] Displaying call stack trace for plugin "franug_weaponpaints.smx":
L 11/29/2015 - 20:14:51: [SM]   [0]  Line 394, franug_weaponpaints.sp::ReadPaints()
L 11/29/2015 - 20:14:51: [SM]   [1]  Line 101, franug_weaponpaints.sp::OnPluginStart()
L 11/29/2015 - 20:14:51: [admin-flatfile.smx] Error(s) detected parsing addons\sourcemod\configs\admins.cfg
L 11/29/2015 - 20:14:51: [admin-flatfile.smx]  (line 37) A property was declared outside of a section
L 11/29/2015 - 20:14:52: Failed to auto generate config for pugsetup.smx, make sure the directory has write permission.
L 11/29/2015 - 20:14:52: [pugsetup.smx] Missing map file: addons\sourcemod\configs\pugsetup\maps.txt
L 11/29/2015 - 20:14:52: [pugsetup.smx] Missing map file: addons\sourcemod\configs\pugsetup\aim_maps.txt
L 11/29/2015 - 20:16:05: SourceMod error session started
L 11/29/2015 - 20:16:05: Info (map "de_dust") (file "errors_20151129.log")
L 11/29/2015 - 20:16:05: [SM] Plugin encountered error 25: Call was aborted
L 11/29/2015 - 20:16:05: [SM] Native "SetFailState" reported: CFG File not found: addons\sourcemod\configs\csgo_wpaints.cfg
L 11/29/2015 - 20:16:05: [SM] Displaying call stack trace for plugin "franug_weaponpaints.smx":
L 11/29/2015 - 20:16:05: [SM]   [0]  Line 394, franug_weaponpaints.sp::ReadPaints()
L 11/29/2015 - 20:16:05: [SM]   [1]  Line 101, franug_weaponpaints.sp::OnPluginStart()
L 11/29/2015 - 20:16:05: [admin-flatfile.smx] Error(s) detected parsing addons\sourcemod\configs\admins.cfg
L 11/29/2015 - 20:16:05: [admin-flatfile.smx]  (line 37) A property was declared outside of a section
L 11/29/2015 - 20:16:06: Failed to auto generate config for pugsetup.smx, make sure the directory has write permission.
L 11/29/2015 - 20:16:06: [pugsetup.smx] Missing map file: addons\sourcemod\configs\pugsetup\maps.txt
L 11/29/2015 - 20:16:06: [pugsetup.smx] Missing map file: addons\sourcemod\configs\pugsetup\aim_maps.txt
L 11/29/2015 - 20:16:16: SourceMod error session started
L 11/29/2015 - 20:16:16: Info (map "de_dust") (file "errors_20151129.log")
L 11/29/2015 - 20:16:16: [SM] Plugin encountered error 25: Call was aborted
L 11/29/2015 - 20:16:16: [SM] Native "SetFailState" reported: CFG File not found: addons\sourcemod\configs\csgo_wpaints.cfg
L 11/29/2015 - 20:16:16: [SM] Displaying call stack trace for plugin "franug_weaponpaints.smx":
L 11/29/2015 - 20:16:16: [SM]   [0]  Line 394, franug_weaponpaints.sp::ReadPaints()
L 11/29/2015 - 20:16:16: [SM]   [1]  Line 101, franug_weaponpaints.sp::OnPluginStart()
L 11/29/2015 - 20:16:16: [admin-flatfile.smx] Error(s) detected parsing addons\sourcemod\configs\admins.cfg
L 11/29/2015 - 20:16:16: [admin-flatfile.smx]  (line 37) A property was declared outside of a section
L 11/29/2015 - 20:16:17: Failed to auto generate config for pugsetup.smx, make sure the directory has write permission.
L 11/29/2015 - 20:16:17: [pugsetup.smx] Missing map file: addons\sourcemod\configs\pugsetup\maps.txt
L 11/29/2015 - 20:16:17: [pugsetup.smx] Missing map file: addons\sourcemod\configs\pugsetup\aim_maps.txt
L 11/29/2015 - 20:18:06: SourceMod error session started
L 11/29/2015 - 20:18:06: Info (map "de_dust") (file "errors_20151129.log")
L 11/29/2015 - 20:18:06: [SM] Plugin encountered error 25: Call was aborted
L 11/29/2015 - 20:18:06: [SM] Native "SetFailState" reported: CFG File not found: addons\sourcemod\configs\csgo_wpaints.cfg
L 11/29/2015 - 20:18:06: [SM] Displaying call stack trace for plugin "franug_weaponpaints.smx":
L 11/29/2015 - 20:18:06: [SM]   [0]  Line 394, franug_weaponpaints.sp::ReadPaints()
L 11/29/2015 - 20:18:06: [SM]   [1]  Line 101, franug_weaponpaints.sp::OnPluginStart()
L 11/29/2015 - 20:18:06: [admin-flatfile.smx] Error(s) detected parsing addons\sourcemod\configs\admins.cfg
L 11/29/2015 - 20:18:06: [admin-flatfile.smx]  (line 37) A property was declared outside of a section
L 11/29/2015 - 20:18:07: Failed to auto generate config for pugsetup.smx, make sure the directory has write permission.
L 11/29/2015 - 20:18:07: [pugsetup.smx] Missing map file: addons\sourcemod\configs\pugsetup\maps.txt
L 11/29/2015 - 20:18:07: [pugsetup.smx] Missing map file: addons\sourcemod\configs\pugsetup\aim_maps.txt
L 11/29/2015 - 20:19:09: SourceMod error session started
L 11/29/2015 - 20:19:09: Info (map "de_dust") (file "errors_20151129.log")
L 11/29/2015 - 20:19:09: [SM] Plugin encountered error 25: Call was aborted
L 11/29/2015 - 20:19:09: [SM] Native "SetFailState" reported: CFG File not found: addons\sourcemod\configs\csgo_wpaints.cfg
L 11/29/2015 - 20:19:09: [SM] Displaying call stack trace for plugin "franug_weaponpaints.smx":
L 11/29/2015 - 20:19:09: [SM]   [0]  Line 394, franug_weaponpaints.sp::ReadPaints()
L 11/29/2015 - 20:19:09: [SM]   [1]  Line 101, franug_weaponpaints.sp::OnPluginStart()
L 11/29/2015 - 20:19:09: [admin-flatfile.smx] Error(s) detected parsing addons\sourcemod\configs\admins.cfg
L 11/29/2015 - 20:19:09: [admin-flatfile.smx]  (line 37) A property was declared outside of a section
L 11/29/2015 - 20:19:10: Failed to auto generate config for pugsetup.smx, make sure the directory has write permission.
L 11/29/2015 - 20:19:10: [pugsetup.smx] Missing map file: addons\sourcemod\configs\pugsetup\maps.txt
L 11/29/2015 - 20:19:10: [pugsetup.smx] Missing map file: addons\sourcemod\configs\pugsetup\aim_maps.txt
L 11/29/2015 - 20:19:21: SourceMod error session started
L 11/29/2015 - 20:19:21: Info (map "de_dust") (file "errors_20151129.log")
L 11/29/2015 - 20:19:21: [SM] Plugin encountered error 25: Call was aborted
L 11/29/2015 - 20:19:21: [SM] Native "SetFailState" reported: CFG File not found: addons\sourcemod\configs\csgo_wpaints.cfg
L 11/29/2015 - 20:19:21: [SM] Displaying call stack trace for plugin "franug_weaponpaints.smx":
L 11/29/2015 - 20:19:21: [SM]   [0]  Line 394, franug_weaponpaints.sp::ReadPaints()
L 11/29/2015 - 20:19:21: [SM]   [1]  Line 101, franug_weaponpaints.sp::OnPluginStart()
L 11/29/2015 - 20:19:21: [admin-flatfile.smx] Error(s) detected parsing addons\sourcemod\configs\admins.cfg
L 11/29/2015 - 20:19:21: [admin-flatfile.smx]  (line 37) A property was declared outside of a section
L 11/29/2015 - 20:19:22: Failed to auto generate config for pugsetup.smx, make sure the directory has write permission.
L 11/29/2015 - 20:19:22: [pugsetup.smx] Missing map file: addons\sourcemod\configs\pugsetup\maps.txt
L 11/29/2015 - 20:19:22: [pugsetup.smx] Missing map file: addons\sourcemod\configs\pugsetup\aim_maps.txt
L 11/29/2015 - 20:22:10: SourceMod error session started
L 11/29/2015 - 20:22:10: Info (map "de_dust") (file "errors_20151129.log")
L 11/29/2015 - 20:22:10: [SM] Plugin encountered error 25: Call was aborted
L 11/29/2015 - 20:22:10: [SM] Native "SetFailState" reported: CFG File not found: addons\sourcemod\configs\csgo_wpaints.cfg
L 11/29/2015 - 20:22:10: [SM] Displaying call stack trace for plugin "franug_weaponpaints.smx":
L 11/29/2015 - 20:22:10: [SM]   [0]  Line 394, franug_weaponpaints.sp::ReadPaints()
L 11/29/2015 - 20:22:10: [SM]   [1]  Line 101, franug_weaponpaints.sp::OnPluginStart()
L 11/29/2015 - 20:22:10: [admin-flatfile.smx] Error(s) detected parsing addons\sourcemod\configs\admins.cfg
L 11/29/2015 - 20:22:10: [admin-flatfile.smx]  (line 37) A property was declared outside of a section
L 11/29/2015 - 20:22:11: Failed to auto generate config for pugsetup.smx, make sure the directory has write permission.
L 11/29/2015 - 20:22:12: [pugsetup.smx] Missing map file: addons\sourcemod\configs\pugsetup\maps.txt
L 11/29/2015 - 20:22:12: [pugsetup.smx] Missing map file: addons\sourcemod\configs\pugsetup\aim_maps.txt
L 11/29/2015 - 20:22:25: SourceMod error session started
L 11/29/2015 - 20:22:25: Info (map "de_dust") (file "errors_20151129.log")
L 11/29/2015 - 20:22:25: [SM] Plugin encountered error 25: Call was aborted
L 11/29/2015 - 20:22:25: [SM] Native "SetFailState" reported: CFG File not found: addons\sourcemod\configs\csgo_wpaints.cfg
L 11/29/2015 - 20:22:25: [SM] Displaying call stack trace for plugin "franug_weaponpaints.smx":
L 11/29/2015 - 20:22:25: [SM]   [0]  Line 394, franug_weaponpaints.sp::ReadPaints()
L 11/29/2015 - 20:22:25: [SM]   [1]  Line 101, franug_weaponpaints.sp::OnPluginStart()
L 11/29/2015 - 20:22:25: [admin-flatfile.smx] Error(s) detected parsing addons\sourcemod\configs\admins.cfg
L 11/29/2015 - 20:22:25: [admin-flatfile.smx]  (line 37) A property was declared outside of a section
L 11/29/2015 - 20:22:26: Failed to auto generate config for pugsetup.smx, make sure the directory has write permission.
L 11/29/2015 - 20:22:26: [pugsetup.smx] Missing map file: addons\sourcemod\configs\pugsetup\maps.txt
L 11/29/2015 - 20:22:26: [pugsetup.smx] Missing map file: addons\sourcemod\configs\pugsetup\aim_maps.txt
L 11/29/2015 - 20:34:35: SourceMod error session started
L 11/29/2015 - 20:34:35: Info (map "de_dust") (file "errors_20151129.log")
L 11/29/2015 - 20:34:35: [SM] Plugin encountered error 25: Call was aborted
L 11/29/2015 - 20:34:35: [SM] Native "SetFailState" reported: CFG File not found: addons\sourcemod\configs\csgo_wpaints.cfg
L 11/29/2015 - 20:34:35: [SM] Displaying call stack trace for plugin "franug_weaponpaints.smx":
L 11/29/2015 - 20:34:35: [SM]   [0]  Line 394, franug_weaponpaints.sp::ReadPaints()
L 11/29/2015 - 20:34:35: [SM]   [1]  Line 101, franug_weaponpaints.sp::OnPluginStart()
L 11/29/2015 - 20:34:36: [admin-flatfile.smx] Error(s) detected parsing addons\sourcemod\configs\admins.cfg
L 11/29/2015 - 20:34:36: [admin-flatfile.smx]  (line 37) A property was declared outside of a section
L 11/29/2015 - 20:34:43: Failed to auto generate config for pugsetup.smx, make sure the directory has write permission.
L 11/29/2015 - 20:34:45: [pugsetup.smx] Missing map file: addons\sourcemod\configs\pugsetup\maps.txt
L 11/29/2015 - 20:34:45: [pugsetup.smx] Missing map file: addons\sourcemod\configs\pugsetup\aim_maps.txt
L 11/29/2015 - 20:36:26: SourceMod error session started
L 11/29/2015 - 20:36:26: Info (map "de_dust") (file "errors_20151129.log")
L 11/29/2015 - 20:36:26: [SM] Plugin encountered error 25: Call was aborted
L 11/29/2015 - 20:36:26: [SM] Native "SetFailState" reported: CFG File not found: addons\sourcemod\configs\csgo_wpaints.cfg
L 11/29/2015 - 20:36:26: [SM] Displaying call stack trace for plugin "franug_weaponpaints.smx":
L 11/29/2015 - 20:36:26: [SM]   [0]  Line 394, franug_weaponpaints.sp::ReadPaints()
L 11/29/2015 - 20:36:26: [SM]   [1]  Line 101, franug_weaponpaints.sp::OnPluginStart()
L 11/29/2015 - 20:36:26: [admin-flatfile.smx] Error(s) detected parsing addons\sourcemod\configs\admins.cfg
L 11/29/2015 - 20:36:26: [admin-flatfile.smx]  (line 37) A property was declared outside of a section
L 11/29/2015 - 20:36:30: SourceMod error session started
L 11/29/2015 - 20:36:30: Info (map "de_dust") (file "errors_20151129.log")
L 11/29/2015 - 20:36:30: [SM] Plugin encountered error 25: Call was aborted
L 11/29/2015 - 20:36:30: [SM] Native "SetFailState" reported: CFG File not found: addons\sourcemod\configs\csgo_wpaints.cfg
L 11/29/2015 - 20:36:30: [SM] Displaying call stack trace for plugin "franug_weaponpaints.smx":
L 11/29/2015 - 20:36:30: [SM]   [0]  Line 394, franug_weaponpaints.sp::ReadPaints()
L 11/29/2015 - 20:36:30: [SM]   [1]  Line 101, franug_weaponpaints.sp::OnPluginStart()
L 11/29/2015 - 20:36:30: [admin-flatfile.smx] Error(s) detected parsing addons\sourcemod\configs\admins.cfg
L 11/29/2015 - 20:36:30: [admin-flatfile.smx]  (line 37) A property was declared outside of a section
L 11/29/2015 - 20:36:31: Failed to auto generate config for pugsetup.smx, make sure the directory has write permission.
L 11/29/2015 - 20:36:31: [pugsetup.smx] Missing map file: addons\sourcemod\configs\pugsetup\maps.txt
L 11/29/2015 - 20:36:31: [pugsetup.smx] Missing map file: addons\sourcemod\configs\pugsetup\aim_maps.txt
L 11/29/2015 - 20:36:52: SourceMod error session started
L 11/29/2015 - 20:36:52: Info (map "de_dust") (file "errors_20151129.log")
L 11/29/2015 - 20:36:52: [CSTRIKE] Invalid detour address passed - Disabling detour to prevent crashes
L 11/29/2015 - 20:36:52: [CSTRIKE] TerminateRound detour could not be initialized - Disabled OnTerminateRound forward
L 11/29/2015 - 20:36:52: [SM] Plugin encountered error 25: Call was aborted
L 11/29/2015 - 20:36:52: [SM] Native "SetFailState" reported: [ckSurf] Unable to connect to database (Configuration "cksurf" not found)
L 11/29/2015 - 20:36:52: [SM] Displaying call stack trace for plugin "ckSurf.smx":
L 11/29/2015 - 20:36:52: [SM]   [0]  Line 141, ckSurf/sql.sp::db_setupDatabase()
L 11/29/2015 - 20:36:52: [SM]   [1]  Line 2116, C:\ckSurf\ckSurf\csgo\addons\sourcemod\scripting\ckSurf.sp::OnPluginStart()
L 11/29/2015 - 20:36:52: [CSTRIKE] Invalid detour address passed - Disabling detour to prevent crashes
L 11/29/2015 - 20:36:52: [CSTRIKE] TerminateRound detour could not be initialized - Disabled OnTerminateRound forward
L 11/29/2015 - 20:36:52: [CSTRIKE] Invalid detour address passed - Disabling detour to prevent crashes
L 11/29/2015 - 20:36:52: [CSTRIKE] TerminateRound detour could not be initialized - Disabled OnTerminateRound forward
L 11/29/2015 - 20:36:52: [SM] Plugin encountered error 25: Call was aborted
L 11/29/2015 - 20:36:52: [SM] Native "SetFailState" reported: CFG File not found: addons\sourcemod\configs\csgo_wpaints.cfg
L 11/29/2015 - 20:36:52: [SM] Displaying call stack trace for plugin "franug_weaponpaints.smx":
L 11/29/2015 - 20:36:52: [SM]   [0]  Line 394, franug_weaponpaints.sp::ReadPaints()
L 11/29/2015 - 20:36:52: [SM]   [1]  Line 101, franug_weaponpaints.sp::OnPluginStart()
L 11/29/2015 - 20:36:52: [CSTRIKE] Invalid detour address passed - Disabling detour to prevent crashes
L 11/29/2015 - 20:36:52: [CSTRIKE] TerminateRound detour could not be initialized - Disabled OnTerminateRound forward
L 11/29/2015 - 20:36:52: [CSTRIKE] Invalid detour address passed - Disabling detour to prevent crashes
L 11/29/2015 - 20:36:52: [CSTRIKE] TerminateRound detour could not be initialized - Disabled OnTerminateRound forward
L 11/29/2015 - 20:36:52: [CSTRIKE] Invalid detour address passed - Disabling detour to prevent crashes
L 11/29/2015 - 20:36:52: [CSTRIKE] TerminateRound detour could not be initialized - Disabled OnTerminateRound forward
L 11/29/2015 - 20:36:52: [CSTRIKE] Invalid detour address passed - Disabling detour to prevent crashes
L 11/29/2015 - 20:36:52: [CSTRIKE] TerminateRound detour could not be initialized - Disabled OnTerminateRound forward
L 11/29/2015 - 20:36:52: [CSTRIKE] Invalid detour address passed - Disabling detour to prevent crashes
L 11/29/2015 - 20:36:52: [CSTRIKE] TerminateRound detour could not be initialized - Disabled OnTerminateRound forward
L 11/29/2015 - 20:36:52: [CSTRIKE] Invalid detour address passed - Disabling detour to prevent crashes
L 11/29/2015 - 20:36:52: [CSTRIKE] TerminateRound detour could not be initialized - Disabled OnTerminateRound forward
L 11/29/2015 - 20:36:52: [CSTRIKE] Invalid detour address passed - Disabling detour to prevent crashes
L 11/29/2015 - 20:36:52: [CSTRIKE] TerminateRound detour could not be initialized - Disabled OnTerminateRound forward
L 11/29/2015 - 20:36:52: [CSTRIKE] Invalid detour address passed - Disabling detour to prevent crashes
L 11/29/2015 - 20:36:52: [CSTRIKE] TerminateRound detour could not be initialized - Disabled OnTerminateRound forward
L 11/29/2015 - 20:36:52: [CSTRIKE] Invalid detour address passed - Disabling detour to prevent crashes
L 11/29/2015 - 20:36:52: [CSTRIKE] TerminateRound detour could not be initialized - Disabled OnTerminateRound forward
L 11/29/2015 - 20:36:52: [CSTRIKE] Invalid detour address passed - Disabling detour to prevent crashes
L 11/29/2015 - 20:36:52: [CSTRIKE] TerminateRound detour could not be initialized - Disabled OnTerminateRound forward
L 11/29/2015 - 20:36:55: SourceMod error session started
L 11/29/2015 - 20:36:55: Info (map "de_dust") (file "errors_20151129.log")
L 11/29/2015 - 20:36:55: [CSTRIKE] Invalid detour address passed - Disabling detour to prevent crashes
L 11/29/2015 - 20:36:55: [CSTRIKE] TerminateRound detour could not be initialized - Disabled OnTerminateRound forward
L 11/29/2015 - 20:36:55: [SM] Plugin encountered error 25: Call was aborted
L 11/29/2015 - 20:36:55: [SM] Native "SetFailState" reported: [ckSurf] Unable to connect to database (Configuration "cksurf" not found)
L 11/29/2015 - 20:36:55: [SM] Displaying call stack trace for plugin "ckSurf.smx":
L 11/29/2015 - 20:36:55: [SM]   [0]  Line 141, ckSurf/sql.sp::db_setupDatabase()
L 11/29/2015 - 20:36:55: [SM]   [1]  Line 2116, C:\ckSurf\ckSurf\csgo\addons\sourcemod\scripting\ckSurf.sp::OnPluginStart()
L 11/29/2015 - 20:36:55: [CSTRIKE] Invalid detour address passed - Disabling detour to prevent crashes
L 11/29/2015 - 20:36:55: [CSTRIKE] TerminateRound detour could not be initialized - Disabled OnTerminateRound forward
L 11/29/2015 - 20:36:55: [CSTRIKE] Invalid detour address passed - Disabling detour to prevent crashes
L 11/29/2015 - 20:36:55: [CSTRIKE] TerminateRound detour could not be initialized - Disabled OnTerminateRound forward
L 11/29/2015 - 20:36:55: [SM] Plugin encountered error 25: Call was aborted
L 11/29/2015 - 20:36:55: [SM] Native "SetFailState" reported: CFG File not found: addons\sourcemod\configs\csgo_wpaints.cfg
L 11/29/2015 - 20:36:55: [SM] Displaying call stack trace for plugin "franug_weaponpaints.smx":
L 11/29/2015 - 20:36:55: [SM]   [0]  Line 394, franug_weaponpaints.sp::ReadPaints()
L 11/29/2015 - 20:36:55: [SM]   [1]  Line 101, franug_weaponpaints.sp::OnPluginStart()
L 11/29/2015 - 20:36:55: [CSTRIKE] Invalid detour address passed - Disabling detour to prevent crashes
L 11/29/2015 - 20:36:55: [CSTRIKE] TerminateRound detour could not be initialized - Disabled OnTerminateRound forward
L 11/29/2015 - 20:36:55: [CSTRIKE] Invalid detour address passed - Disabling detour to prevent crashes
L 11/29/2015 - 20:36:55: [CSTRIKE] TerminateRound detour could not be initialized - Disabled OnTerminateRound forward
L 11/29/2015 - 20:36:55: [CSTRIKE] Invalid detour address passed - Disabling detour to prevent crashes
L 11/29/2015 - 20:36:55: [CSTRIKE] TerminateRound detour could not be initialized - Disabled OnTerminateRound forward
L 11/29/2015 - 20:36:55: [CSTRIKE] Invalid detour address passed - Disabling detour to prevent crashes
L 11/29/2015 - 20:36:55: [CSTRIKE] TerminateRound detour could not be initialized - Disabled OnTerminateRound forward
L 11/29/2015 - 20:36:55: [CSTRIKE] Invalid detour address passed - Disabling detour to prevent crashes
L 11/29/2015 - 20:36:55: [CSTRIKE] TerminateRound detour could not be initialized - Disabled OnTerminateRound forward
L 11/29/2015 - 20:36:55: [CSTRIKE] Invalid detour address passed - Disabling detour to prevent crashes
L 11/29/2015 - 20:36:55: [CSTRIKE] TerminateRound detour could not be initialized - Disabled OnTerminateRound forward
L 11/29/2015 - 20:36:55: [CSTRIKE] Invalid detour address passed - Disabling detour to prevent crashes
L 11/29/2015 - 20:36:55: [CSTRIKE] TerminateRound detour could not be initialized - Disabled OnTerminateRound forward
L 11/29/2015 - 20:36:55: [CSTRIKE] Invalid detour address passed - Disabling detour to prevent crashes
L 11/29/2015 - 20:36:55: [CSTRIKE] TerminateRound detour could not be initialized - Disabled OnTerminateRound forward
L 11/29/2015 - 20:36:55: [CSTRIKE] Invalid detour address passed - Disabling detour to prevent crashes
L 11/29/2015 - 20:36:55: [CSTRIKE] TerminateRound detour could not be initialized - Disabled OnTerminateRound forward
L 11/29/2015 - 20:36:55: [CSTRIKE] Invalid detour address passed - Disabling detour to prevent crashes
L 11/29/2015 - 20:36:55: [CSTRIKE] TerminateRound detour could not be initialized - Disabled OnTerminateRound forward
L 11/29/2015 - 20:36:57: Failed to auto generate config for pugsetup.smx, make sure the directory has write permission.
L 11/29/2015 - 20:36:57: [pugsetup.smx] Missing map file: addons\sourcemod\configs\pugsetup\maps.txt
L 11/29/2015 - 20:36:57: [pugsetup.smx] Missing map file: addons\sourcemod\configs\pugsetup\aim_maps.txt
L 11/29/2015 - 20:37:55: SourceMod error session started
L 11/29/2015 - 20:37:55: Info (map "de_dust") (file "errors_20151129.log")
L 11/29/2015 - 20:37:55: [SM] Plugin encountered error 25: Call was aborted
L 11/29/2015 - 20:37:55: [SM] Native "SetFailState" reported: [ckSurf] Unable to connect to database (Configuration "cksurf" not found)
L 11/29/2015 - 20:37:55: [SM] Displaying call stack trace for plugin "ckSurf.smx":
L 11/29/2015 - 20:37:55: [SM]   [0]  Line 141, ckSurf/sql.sp::db_setupDatabase()
L 11/29/2015 - 20:37:55: [SM]   [1]  Line 2116, C:\ckSurf\ckSurf\csgo\addons\sourcemod\scripting\ckSurf.sp::OnPluginStart()
L 11/29/2015 - 20:37:55: [SM] Plugin encountered error 25: Call was aborted
L 11/29/2015 - 20:37:55: [SM] Native "SetFailState" reported: CFG File not found: addons\sourcemod\configs\csgo_wpaints.cfg
L 11/29/2015 - 20:37:55: [SM] Displaying call stack trace for plugin "franug_weaponpaints.smx":
L 11/29/2015 - 20:37:55: [SM]   [0]  Line 394, franug_weaponpaints.sp::ReadPaints()
L 11/29/2015 - 20:37:55: [SM]   [1]  Line 101, franug_weaponpaints.sp::OnPluginStart()
L 11/29/2015 - 20:38:00: SourceMod error session started
L 11/29/2015 - 20:38:00: Info (map "de_dust") (file "errors_20151129.log")
L 11/29/2015 - 20:38:00: [SM] Plugin encountered error 25: Call was aborted
L 11/29/2015 - 20:38:00: [SM] Native "SetFailState" reported: [ckSurf] Unable to connect to database (Configuration "cksurf" not found)
L 11/29/2015 - 20:38:00: [SM] Displaying call stack trace for plugin "ckSurf.smx":
L 11/29/2015 - 20:38:00: [SM]   [0]  Line 141, ckSurf/sql.sp::db_setupDatabase()
L 11/29/2015 - 20:38:00: [SM]   [1]  Line 2116, C:\ckSurf\ckSurf\csgo\addons\sourcemod\scripting\ckSurf.sp::OnPluginStart()
L 11/29/2015 - 20:38:00: [SM] Plugin encountered error 25: Call was aborted
L 11/29/2015 - 20:38:00: [SM] Native "SetFailState" reported: CFG File not found: addons\sourcemod\configs\csgo_wpaints.cfg
L 11/29/2015 - 20:38:00: [SM] Displaying call stack trace for plugin "franug_weaponpaints.smx":
L 11/29/2015 - 20:38:00: [SM]   [0]  Line 394, franug_weaponpaints.sp::ReadPaints()
L 11/29/2015 - 20:38:00: [SM]   [1]  Line 101, franug_weaponpaints.sp::OnPluginStart()
L 11/29/2015 - 20:38:01: Failed to auto generate config for pugsetup.smx, make sure the directory has write permission.
L 11/29/2015 - 20:38:01: [pugsetup.smx] Missing map file: addons\sourcemod\configs\pugsetup\maps.txt
L 11/29/2015 - 20:38:01: [pugsetup.smx] Missing map file: addons\sourcemod\configs\pugsetup\aim_maps.txt
L 11/29/2015 - 20:40:36: SourceMod error session started
L 11/29/2015 - 20:40:36: Info (map "de_dust") (file "errors_20151129.log")
L 11/29/2015 - 20:40:36: [SM] Plugin encountered error 25: Call was aborted
L 11/29/2015 - 20:40:36: [SM] Native "SetFailState" reported: [ckSurf] Unable to connect to database (Configuration "cksurf" not found)
L 11/29/2015 - 20:40:36: [SM] Displaying call stack trace for plugin "ckSurf.smx":
L 11/29/2015 - 20:40:36: [SM]   [0]  Line 141, ckSurf/sql.sp::db_setupDatabase()
L 11/29/2015 - 20:40:36: [SM]   [1]  Line 2116, C:\ckSurf\ckSurf\csgo\addons\sourcemod\scripting\ckSurf.sp::OnPluginStart()
L 11/29/2015 - 20:40:36: [SM] Plugin encountered error 25: Call was aborted
L 11/29/2015 - 20:40:36: [SM] Native "SetFailState" reported: CFG File not found: addons\sourcemod\configs\csgo_wpaints.cfg
L 11/29/2015 - 20:40:36: [SM] Displaying call stack trace for plugin "franug_weaponpaints.smx":
L 11/29/2015 - 20:40:36: [SM]   [0]  Line 394, franug_weaponpaints.sp::ReadPaints()
L 11/29/2015 - 20:40:36: [SM]   [1]  Line 101, franug_weaponpaints.sp::OnPluginStart()
L 11/29/2015 - 20:40:37: Failed to auto generate config for pugsetup.smx, make sure the directory has write permission.
L 11/29/2015 - 20:40:37: [pugsetup.smx] Missing map file: addons\sourcemod\configs\pugsetup\maps.txt
L 11/29/2015 - 20:40:37: [pugsetup.smx] Missing map file: addons\sourcemod\configs\pugsetup\aim_maps.txt
L 11/29/2015 - 20:42:42: SourceMod error session started
L 11/29/2015 - 20:42:42: Info (map "de_dust") (file "errors_20151129.log")
L 11/29/2015 - 20:42:42: [SM] Plugin encountered error 25: Call was aborted
L 11/29/2015 - 20:42:42: [SM] Native "SetFailState" reported: [ckSurf] Unable to connect to database (Configuration "cksurf" not found)
L 11/29/2015 - 20:42:42: [SM] Displaying call stack trace for plugin "ckSurf.smx":
L 11/29/2015 - 20:42:42: [SM]   [0]  Line 141, ckSurf/sql.sp::db_setupDatabase()
L 11/29/2015 - 20:42:42: [SM]   [1]  Line 2116, C:\ckSurf\ckSurf\csgo\addons\sourcemod\scripting\ckSurf.sp::OnPluginStart()
L 11/29/2015 - 20:42:42: [SM] Plugin encountered error 25: Call was aborted
L 11/29/2015 - 20:42:42: [SM] Native "SetFailState" reported: CFG File not found: addons\sourcemod\configs\csgo_wpaints.cfg
L 11/29/2015 - 20:42:42: [SM] Displaying call stack trace for plugin "franug_weaponpaints.smx":
L 11/29/2015 - 20:42:42: [SM]   [0]  Line 394, franug_weaponpaints.sp::ReadPaints()
L 11/29/2015 - 20:42:42: [SM]   [1]  Line 101, franug_weaponpaints.sp::OnPluginStart()
L 11/29/2015 - 20:42:43: Failed to auto generate config for pugsetup.smx, make sure the directory has write permission.
L 11/29/2015 - 20:42:43: [pugsetup.smx] Missing map file: addons\sourcemod\configs\pugsetup\maps.txt
L 11/29/2015 - 20:42:43: [pugsetup.smx] Missing map file: addons\sourcemod\configs\pugsetup\aim_maps.txt
L 11/29/2015 - 20:43:11: SourceMod error session started
L 11/29/2015 - 20:43:11: Info (map "de_dust") (file "errors_20151129.log")
L 11/29/2015 - 20:43:11: [SM] Unable to load extension "dbi.sqlite.ext": The process cannot access the file because it is being used by another process.

L 11/29/2015 - 20:43:11: [SM] Unable to load extension "clientprefs.ext": Could not load DB Driver "sqlite"
L 11/29/2015 - 20:43:11: [SM] Plugin encountered error 25: Call was aborted
L 11/29/2015 - 20:43:11: [SM] Native "SetFailState" reported: [ckSurf] Unable to connect to database (Driver "sqlite" not found)
L 11/29/2015 - 20:43:11: [SM] Displaying call stack trace for plugin "ckSurf.smx":
L 11/29/2015 - 20:43:11: [SM]   [0]  Line 141, ckSurf/sql.sp::db_setupDatabase()
L 11/29/2015 - 20:43:11: [SM]   [1]  Line 2116, C:\ckSurf\ckSurf\csgo\addons\sourcemod\scripting\ckSurf.sp::OnPluginStart()
L 11/29/2015 - 20:43:11: [SM] Unable to load plugin "clientprefs.smx": Required extension "Client Preferences" file("clientprefs.ext") not running
L 11/29/2015 - 20:43:11: [SM] Unable to load plugin "franug_weaponpaints.smx": Required extension "Client Preferences" file("clientprefs.ext") not running
L 11/29/2015 - 20:43:11: [SM] Unable to load plugin "sm_knifeupgrade.smx": Required extension "Client Preferences" file("clientprefs.ext") not running
L 11/29/2015 - 20:43:11: [sodstats.smx] [SoD-Rank] Unable to connect to database (Driver "sqlite" not found)
L 11/29/2015 - 20:43:11: [admin-flatfile.smx] Error(s) detected parsing addons\sourcemod\configs\admins.cfg
L 11/29/2015 - 20:43:11: [admin-flatfile.smx]  (line 37) A property was declared outside of a section
L 11/29/2015 - 20:43:12: Failed to auto generate config for pugsetup.smx, make sure the directory has write permission.
L 11/29/2015 - 20:43:12: [pugsetup.smx] Missing map file: addons\sourcemod\configs\pugsetup\maps.txt
L 11/29/2015 - 20:43:12: [pugsetup.smx] Missing map file: addons\sourcemod\configs\pugsetup\aim_maps.txt
L 11/29/2015 - 20:43:48: SourceMod error session started
L 11/29/2015 - 20:43:48: Info (map "de_dust2") (file "errors_20151129.log")
L 11/29/2015 - 20:43:48: [SM] Plugin encountered error 25: Call was aborted
L 11/29/2015 - 20:43:48: [SM] Native "SetFailState" reported: CFG File not found: addons\sourcemod\configs\csgo_wpaints.cfg
L 11/29/2015 - 20:43:48: [SM] Displaying call stack trace for plugin "franug_weaponpaints.smx":
L 11/29/2015 - 20:43:48: [SM]   [0]  Line 394, franug_weaponpaints.sp::ReadPaints()
L 11/29/2015 - 20:43:48: [SM]   [1]  Line 101, franug_weaponpaints.sp::OnPluginStart()
L 11/29/2015 - 20:43:48: [admin-flatfile.smx] Error(s) detected parsing addons\sourcemod\configs\admins.cfg
L 11/29/2015 - 20:43:48: [admin-flatfile.smx]  (line 37) A property was declared outside of a section
L 11/29/2015 - 20:43:49: Failed to auto generate config for pugsetup.smx, make sure the directory has write permission.
L 11/29/2015 - 20:43:49: [pugsetup.smx] Missing map file: addons\sourcemod\configs\pugsetup\maps.txt
L 11/29/2015 - 20:43:49: [pugsetup.smx] Missing map file: addons\sourcemod\configs\pugsetup\aim_maps.txt
L 11/29/2015 - 20:46:17: SourceMod error session started
L 11/29/2015 - 20:46:17: Info (map "de_dust2") (file "errors_20151129.log")
L 11/29/2015 - 20:46:17: [SM] Plugin encountered error 25: Call was aborted
L 11/29/2015 - 20:46:17: [SM] Native "SetFailState" reported: CFG File not found: addons\sourcemod\configs\csgo_wpaints.cfg
L 11/29/2015 - 20:46:17: [SM] Displaying call stack trace for plugin "franug_weaponpaints.smx":
L 11/29/2015 - 20:46:17: [SM]   [0]  Line 394, franug_weaponpaints.sp::ReadPaints()
L 11/29/2015 - 20:46:17: [SM]   [1]  Line 101, franug_weaponpaints.sp::OnPluginStart()
L 11/29/2015 - 20:46:17: [admin-flatfile.smx] Error(s) detected parsing addons\sourcemod\configs\admins.cfg
L 11/29/2015 - 20:46:17: [admin-flatfile.smx]  (line 37) A property was declared outside of a section
L 11/29/2015 - 20:46:18: Failed to auto generate config for pugsetup.smx, make sure the directory has write permission.
L 11/29/2015 - 20:46:18: [pugsetup.smx] Missing map file: addons\sourcemod\configs\pugsetup\maps.txt
L 11/29/2015 - 20:46:18: [pugsetup.smx] Missing map file: addons\sourcemod\configs\pugsetup\aim_maps.txt
L 11/29/2015 - 20:49:31: SourceMod error session started
L 11/29/2015 - 20:49:31: Info (map "de_dust2") (file "errors_20151129.log")
L 11/29/2015 - 20:49:31: [SM] Plugin encountered error 25: Call was aborted
L 11/29/2015 - 20:49:31: [SM] Native "SetFailState" reported: CFG File not found: addons\sourcemod\configs\csgo_wpaints.cfg
L 11/29/2015 - 20:49:31: [SM] Displaying call stack trace for plugin "franug_weaponpaints.smx":
L 11/29/2015 - 20:49:31: [SM]   [0]  Line 394, franug_weaponpaints.sp::ReadPaints()
L 11/29/2015 - 20:49:31: [SM]   [1]  Line 101, franug_weaponpaints.sp::OnPluginStart()
L 11/29/2015 - 20:49:31: [admin-flatfile.smx] Error(s) detected parsing addons\sourcemod\configs\admins.cfg
L 11/29/2015 - 20:49:31: [admin-flatfile.smx]  (line 37) A property was declared outside of a section
L 11/29/2015 - 20:49:32: Failed to auto generate config for pugsetup.smx, make sure the directory has write permission.
L 11/29/2015 - 20:49:32: [pugsetup.smx] Missing map file: addons\sourcemod\configs\pugsetup\maps.txt
L 11/29/2015 - 20:49:32: [pugsetup.smx] Missing map file: addons\sourcemod\configs\pugsetup\aim_maps.txt
L 11/29/2015 - 20:50:04: Error log file session closed.
L 11/29/2015 - 20:50:04: SourceMod error session started
L 11/29/2015 - 20:50:04: Info (map "de_dust2") (file "errors_20151129.log")
L 11/29/2015 - 20:50:04: [SM] Plugin encountered error 25: Call was aborted
L 11/29/2015 - 20:50:04: [SM] Native "SetFailState" reported: CFG File not found: addons\sourcemod\configs\csgo_wpaints.cfg
L 11/29/2015 - 20:50:04: [SM] Displaying call stack trace for plugin "franug_weaponpaints.smx":
L 11/29/2015 - 20:50:04: [SM]   [0]  Line 394, franug_weaponpaints.sp::ReadPaints()
L 11/29/2015 - 20:50:04: [SM]   [1]  Line 101, franug_weaponpaints.sp::OnPluginStart()
L 11/29/2015 - 20:50:04: [admin-flatfile.smx] Error(s) detected parsing addons\sourcemod\configs\admins.cfg
L 11/29/2015 - 20:50:04: [admin-flatfile.smx]  (line 37) A property was declared outside of a section
L 11/29/2015 - 20:50:05: Failed to auto generate config for pugsetup.smx, make sure the directory has write permission.
L 11/29/2015 - 20:50:05: [pugsetup.smx] Missing map file: addons\sourcemod\configs\pugsetup\maps.txt
L 11/29/2015 - 20:50:05: [pugsetup.smx] Missing map file: addons\sourcemod\configs\pugsetup\aim_maps.txt
L 11/29/2015 - 20:56:05: SourceMod error session started
L 11/29/2015 - 20:56:05: Info (map "de_dust2") (file "errors_20151129.log")
L 11/29/2015 - 20:56:05: [SM] Plugin encountered error 25: Call was aborted
L 11/29/2015 - 20:56:05: [SM] Native "SetFailState" reported: CFG File not found: addons\sourcemod\configs\csgo_wpaints.cfg
L 11/29/2015 - 20:56:05: [SM] Displaying call stack trace for plugin "franug_weaponpaints.smx":
L 11/29/2015 - 20:56:05: [SM]   [0]  Line 394, franug_weaponpaints.sp::ReadPaints()
L 11/29/2015 - 20:56:05: [SM]   [1]  Line 101, franug_weaponpaints.sp::OnPluginStart()
L 11/29/2015 - 20:56:05: [admin-flatfile.smx] Error(s) detected parsing addons\sourcemod\configs\admins.cfg
L 11/29/2015 - 20:56:05: [admin-flatfile.smx]  (line 37) A property was declared outside of a section
L 11/29/2015 - 20:56:06: Failed to auto generate config for pugsetup.smx, make sure the directory has write permission.
L 11/29/2015 - 20:56:06: [pugsetup.smx] Missing map file: addons\sourcemod\configs\pugsetup\maps.txt
L 11/29/2015 - 20:56:06: [pugsetup.smx] Missing map file: addons\sourcemod\configs\pugsetup\aim_maps.txt
L 11/29/2015 - 20:56:16: Error log file session closed.
L 11/29/2015 - 20:56:17: SourceMod error session started
L 11/29/2015 - 20:56:17: Info (map "de_dust2") (file "errors_20151129.log")
L 11/29/2015 - 20:56:17: [SM] Plugin encountered error 25: Call was aborted
L 11/29/2015 - 20:56:17: [SM] Native "SetFailState" reported: CFG File not found: addons\sourcemod\configs\csgo_wpaints.cfg
L 11/29/2015 - 20:56:17: [SM] Displaying call stack trace for plugin "franug_weaponpaints.smx":
L 11/29/2015 - 20:56:17: [SM]   [0]  Line 394, franug_weaponpaints.sp::ReadPaints()
L 11/29/2015 - 20:56:17: [SM]   [1]  Line 101, franug_weaponpaints.sp::OnPluginStart()
L 11/29/2015 - 20:56:17: [admin-flatfile.smx] Error(s) detected parsing addons\sourcemod\configs\admins.cfg
L 11/29/2015 - 20:56:17: [admin-flatfile.smx]  (line 37) A property was declared outside of a section
L 11/29/2015 - 20:56:17: Failed to auto generate config for pugsetup.smx, make sure the directory has write permission.
L 11/29/2015 - 20:56:17: [pugsetup.smx] Missing map file: addons\sourcemod\configs\pugsetup\maps.txt
L 11/29/2015 - 20:56:17: [pugsetup.smx] Missing map file: addons\sourcemod\configs\pugsetup\aim_maps.txt
L 11/29/2015 - 20:56:52: Error log file session closed.
L 11/29/2015 - 20:56:52: SourceMod error session started
L 11/29/2015 - 20:56:52: Info (map "de_dust2snow") (file "errors_20151129.log")
L 11/29/2015 - 20:56:52: [SM] Plugin encountered error 25: Call was aborted
L 11/29/2015 - 20:56:52: [SM] Native "SetFailState" reported: CFG File not found: addons\sourcemod\configs\csgo_wpaints.cfg
L 11/29/2015 - 20:56:52: [SM] Displaying call stack trace for plugin "franug_weaponpaints.smx":
L 11/29/2015 - 20:56:52: [SM]   [0]  Line 394, franug_weaponpaints.sp::ReadPaints()
L 11/29/2015 - 20:56:52: [SM]   [1]  Line 101, franug_weaponpaints.sp::OnPluginStart()
L 11/29/2015 - 20:56:52: [admin-flatfile.smx] Error(s) detected parsing addons\sourcemod\configs\admins.cfg
L 11/29/2015 - 20:56:52: [admin-flatfile.smx]  (line 37) A property was declared outside of a section
L 11/29/2015 - 20:56:53: Failed to auto generate config for pugsetup.smx, make sure the directory has write permission.
L 11/29/2015 - 20:56:53: [pugsetup.smx] Missing map file: addons\sourcemod\configs\pugsetup\maps.txt
L 11/29/2015 - 20:56:53: [pugsetup.smx] Missing map file: addons\sourcemod\configs\pugsetup\aim_maps.txt
L 11/29/2015 - 20:59:29: Error log file session closed.
L 11/29/2015 - 20:59:29: SourceMod error session started
L 11/29/2015 - 20:59:29: Info (map "de_dust2snow") (file "errors_20151129.log")
L 11/29/2015 - 20:59:29: [SM] Plugin encountered error 25: Call was aborted
L 11/29/2015 - 20:59:29: [SM] Native "SetFailState" reported: CFG File not found: addons\sourcemod\configs\csgo_wpaints.cfg
L 11/29/2015 - 20:59:29: [SM] Displaying call stack trace for plugin "franug_weaponpaints.smx":
L 11/29/2015 - 20:59:29: [SM]   [0]  Line 394, franug_weaponpaints.sp::ReadPaints()
L 11/29/2015 - 20:59:29: [SM]   [1]  Line 101, franug_weaponpaints.sp::OnPluginStart()
L 11/29/2015 - 20:59:29: [admin-flatfile.smx] Error(s) detected parsing addons\sourcemod\configs\admins.cfg
L 11/29/2015 - 20:59:29: [admin-flatfile.smx]  (line 37) A property was declared outside of a section
L 11/29/2015 - 20:59:29: Failed to auto generate config for pugsetup.smx, make sure the directory has write permission.
L 11/29/2015 - 20:59:29: [pugsetup.smx] Missing map file: addons\sourcemod\configs\pugsetup\maps.txt
L 11/29/2015 - 20:59:29: [pugsetup.smx] Missing map file: addons\sourcemod\configs\pugsetup\aim_maps.txt
L 11/29/2015 - 20:59:54: SourceMod error session started
L 11/29/2015 - 20:59:54: Info (map "de_dust2") (file "errors_20151129.log")
L 11/29/2015 - 20:59:54: [SM] Plugin encountered error 25: Call was aborted
L 11/29/2015 - 20:59:54: [SM] Native "SetFailState" reported: CFG File not found: addons\sourcemod\configs\csgo_wpaints.cfg
L 11/29/2015 - 20:59:54: [SM] Displaying call stack trace for plugin "franug_weaponpaints.smx":
L 11/29/2015 - 20:59:54: [SM]   [0]  Line 394, franug_weaponpaints.sp::ReadPaints()
L 11/29/2015 - 20:59:54: [SM]   [1]  Line 101, franug_weaponpaints.sp::OnPluginStart()
L 11/29/2015 - 20:59:54: [admin-flatfile.smx] Error(s) detected parsing addons\sourcemod\configs\admins.cfg
L 11/29/2015 - 20:59:54: [admin-flatfile.smx]  (line 37) A property was declared outside of a section
L 11/29/2015 - 20:59:56: Failed to auto generate config for pugsetup.smx, make sure the directory has write permission.
L 11/29/2015 - 20:59:56: [pugsetup.smx] Missing map file: addons\sourcemod\configs\pugsetup\maps.txt
L 11/29/2015 - 20:59:56: [pugsetup.smx] Missing map file: addons\sourcemod\configs\pugsetup\aim_maps.txt
L 11/29/2015 - 21:00:18: Error log file session closed.
L 11/29/2015 - 21:00:18: SourceMod error session started
L 11/29/2015 - 21:00:18: Info (map "de_dust2") (file "errors_20151129.log")
L 11/29/2015 - 21:00:18: [SM] Plugin encountered error 25: Call was aborted
L 11/29/2015 - 21:00:18: [SM] Native "SetFailState" reported: CFG File not found: addons\sourcemod\configs\csgo_wpaints.cfg
L 11/29/2015 - 21:00:18: [SM] Displaying call stack trace for plugin "franug_weaponpaints.smx":
L 11/29/2015 - 21:00:18: [SM]   [0]  Line 394, franug_weaponpaints.sp::ReadPaints()
L 11/29/2015 - 21:00:18: [SM]   [1]  Line 101, franug_weaponpaints.sp::OnPluginStart()
L 11/29/2015 - 21:00:18: [admin-flatfile.smx] Error(s) detected parsing addons\sourcemod\configs\admins.cfg
L 11/29/2015 - 21:00:18: [admin-flatfile.smx]  (line 37) A property was declared outside of a section
L 11/29/2015 - 21:00:18: Failed to auto generate config for pugsetup.smx, make sure the directory has write permission.
L 11/29/2015 - 21:00:19: [pugsetup.smx] Missing map file: addons\sourcemod\configs\pugsetup\maps.txt
L 11/29/2015 - 21:00:19: [pugsetup.smx] Missing map file: addons\sourcemod\configs\pugsetup\aim_maps.txt
L 11/29/2015 - 21:01:09: Error log file session closed.
L 11/29/2015 - 21:01:09: SourceMod error session started
L 11/29/2015 - 21:01:09: Info (map "de_dust2snow") (file "errors_20151129.log")
L 11/29/2015 - 21:01:09: [SM] Plugin encountered error 25: Call was aborted
L 11/29/2015 - 21:01:09: [SM] Native "SetFailState" reported: CFG File not found: addons\sourcemod\configs\csgo_wpaints.cfg
L 11/29/2015 - 21:01:09: [SM] Displaying call stack trace for plugin "franug_weaponpaints.smx":
L 11/29/2015 - 21:01:09: [SM]   [0]  Line 394, franug_weaponpaints.sp::ReadPaints()
L 11/29/2015 - 21:01:09: [SM]   [1]  Line 101, franug_weaponpaints.sp::OnPluginStart()
L 11/29/2015 - 21:01:09: [admin-flatfile.smx] Error(s) detected parsing addons\sourcemod\configs\admins.cfg
L 11/29/2015 - 21:01:09: [admin-flatfile.smx]  (line 37) A property was declared outside of a section
L 11/29/2015 - 21:01:10: Failed to auto generate config for pugsetup.smx, make sure the directory has write permission.
L 11/29/2015 - 21:01:10: [pugsetup.smx] Missing map file: addons\sourcemod\configs\pugsetup\maps.txt
L 11/29/2015 - 21:01:10: [pugsetup.smx] Missing map file: addons\sourcemod\configs\pugsetup\aim_maps.txt
L 11/29/2015 - 21:02:18: SourceMod error session started
L 11/29/2015 - 21:02:18: Info (map "de_dust2") (file "errors_20151129.log")
L 11/29/2015 - 21:02:18: [SM] Plugin encountered error 25: Call was aborted
L 11/29/2015 - 21:02:18: [SM] Native "SetFailState" reported: CFG File not found: addons\sourcemod\configs\csgo_wpaints.cfg
L 11/29/2015 - 21:02:18: [SM] Displaying call stack trace for plugin "franug_weaponpaints.smx":
L 11/29/2015 - 21:02:18: [SM]   [0]  Line 394, franug_weaponpaints.sp::ReadPaints()
L 11/29/2015 - 21:02:18: [SM]   [1]  Line 101, franug_weaponpaints.sp::OnPluginStart()
L 11/29/2015 - 21:02:18: [admin-flatfile.smx] Error(s) detected parsing addons\sourcemod\configs\admins.cfg
L 11/29/2015 - 21:02:18: [admin-flatfile.smx]  (line 37) A property was declared outside of a section
L 11/29/2015 - 21:02:19: Failed to auto generate config for pugsetup.smx, make sure the directory has write permission.
L 11/29/2015 - 21:02:20: [pugsetup.smx] Missing map file: addons\sourcemod\configs\pugsetup\maps.txt
L 11/29/2015 - 21:02:20: [pugsetup.smx] Missing map file: addons\sourcemod\configs\pugsetup\aim_maps.txt
L 11/29/2015 - 21:02:34: Error log file session closed.
L 11/29/2015 - 21:02:34: SourceMod error session started
L 11/29/2015 - 21:02:34: Info (map "de_dust2") (file "errors_20151129.log")
L 11/29/2015 - 21:02:34: [SM] Plugin encountered error 25: Call was aborted
L 11/29/2015 - 21:02:34: [SM] Native "SetFailState" reported: CFG File not found: addons\sourcemod\configs\csgo_wpaints.cfg
L 11/29/2015 - 21:02:34: [SM] Displaying call stack trace for plugin "franug_weaponpaints.smx":
L 11/29/2015 - 21:02:34: [SM]   [0]  Line 394, franug_weaponpaints.sp::ReadPaints()
L 11/29/2015 - 21:02:34: [SM]   [1]  Line 101, franug_weaponpaints.sp::OnPluginStart()
L 11/29/2015 - 21:02:34: [admin-flatfile.smx] Error(s) detected parsing addons\sourcemod\configs\admins.cfg
L 11/29/2015 - 21:02:34: [admin-flatfile.smx]  (line 37) A property was declared outside of a section
L 11/29/2015 - 21:02:34: Failed to auto generate config for pugsetup.smx, make sure the directory has write permission.
L 11/29/2015 - 21:02:34: [pugsetup.smx] Missing map file: addons\sourcemod\configs\pugsetup\maps.txt
L 11/29/2015 - 21:02:34: [pugsetup.smx] Missing map file: addons\sourcemod\configs\pugsetup\aim_maps.txt
L 11/29/2015 - 21:22:07: Error log file session closed.
L 11/29/2015 - 21:22:07: SourceMod error session started
L 11/29/2015 - 21:22:07: Info (map "de_cache") (file "errors_20151129.log")
L 11/29/2015 - 21:22:07: [SM] Plugin encountered error 25: Call was aborted
L 11/29/2015 - 21:22:07: [SM] Native "SetFailState" reported: CFG File not found: addons\sourcemod\configs\csgo_wpaints.cfg
L 11/29/2015 - 21:22:07: [SM] Displaying call stack trace for plugin "franug_weaponpaints.smx":
L 11/29/2015 - 21:22:07: [SM]   [0]  Line 394, franug_weaponpaints.sp::ReadPaints()
L 11/29/2015 - 21:22:07: [SM]   [1]  Line 101, franug_weaponpaints.sp::OnPluginStart()
L 11/29/2015 - 21:22:07: [admin-flatfile.smx] Error(s) detected parsing addons\sourcemod\configs\admins.cfg
L 11/29/2015 - 21:22:07: [admin-flatfile.smx]  (line 37) A property was declared outside of a section
L 11/29/2015 - 21:22:08: Failed to auto generate config for pugsetup.smx, make sure the directory has write permission.
L 11/29/2015 - 21:22:08: [pugsetup.smx] Missing map file: addons\sourcemod\configs\pugsetup\maps.txt
L 11/29/2015 - 21:22:08: [pugsetup.smx] Missing map file: addons\sourcemod\configs\pugsetup\aim_maps.txt
L 11/29/2015 - 21:24:23: [pugsetup.smx] Failed to open file for reading: cfg/sourcemod/pugsetup/knife.cfg
L 11/29/2015 - 21:24:23: [pugsetup.smx] Failed to save cvar values when executing sourcemod/pugsetup/knife.cfg
L 11/29/2015 - 22:08:23: Error log file session closed.
L 11/29/2015 - 22:08:23: SourceMod error session started
L 11/29/2015 - 22:08:23: Info (map "de_train") (file "errors_20151129.log")
L 11/29/2015 - 22:08:23: [SM] Plugin encountered error 25: Call was aborted
L 11/29/2015 - 22:08:23: [SM] Native "SetFailState" reported: CFG File not found: addons\sourcemod\configs\csgo_wpaints.cfg
L 11/29/2015 - 22:08:23: [SM] Displaying call stack trace for plugin "franug_weaponpaints.smx":
L 11/29/2015 - 22:08:23: [SM]   [0]  Line 394, franug_weaponpaints.sp::ReadPaints()
L 11/29/2015 - 22:08:23: [SM]   [1]  Line 101, franug_weaponpaints.sp::OnPluginStart()
L 11/29/2015 - 22:08:23: [admin-flatfile.smx] Error(s) detected parsing addons\sourcemod\configs\admins.cfg
L 11/29/2015 - 22:08:23: [admin-flatfile.smx]  (line 37) A property was declared outside of a section
L 11/29/2015 - 22:08:24: Failed to auto generate config for pugsetup.smx, make sure the directory has write permission.
L 11/29/2015 - 22:08:24: [pugsetup.smx] Missing map file: addons\sourcemod\configs\pugsetup\maps.txt
L 11/29/2015 - 22:08:24: [pugsetup.smx] Missing map file: addons\sourcemod\configs\pugsetup\aim_maps.txt
L 11/29/2015 - 22:13:18: Error log file session closed.
L 11/29/2015 - 22:13:18: SourceMod error session started
L 11/29/2015 - 22:13:18: Info (map "de_cbble") (file "errors_20151129.log")
L 11/29/2015 - 22:13:18: [SM] Plugin encountered error 25: Call was aborted
L 11/29/2015 - 22:13:18: [SM] Native "SetFailState" reported: CFG File not found: addons\sourcemod\configs\csgo_wpaints.cfg
L 11/29/2015 - 22:13:18: [SM] Displaying call stack trace for plugin "franug_weaponpaints.smx":
L 11/29/2015 - 22:13:18: [SM]   [0]  Line 394, franug_weaponpaints.sp::ReadPaints()
L 11/29/2015 - 22:13:18: [SM]   [1]  Line 101, franug_weaponpaints.sp::OnPluginStart()
L 11/29/2015 - 22:13:18: [admin-flatfile.smx] Error(s) detected parsing addons\sourcemod\configs\admins.cfg
L 11/29/2015 - 22:13:18: [admin-flatfile.smx]  (line 37) A property was declared outside of a section
L 11/29/2015 - 22:13:18: Failed to auto generate config for pugsetup.smx, make sure the directory has write permission.
L 11/29/2015 - 22:13:18: [pugsetup.smx] Missing map file: addons\sourcemod\configs\pugsetup\maps.txt
L 11/29/2015 - 22:13:18: [pugsetup.smx] Missing map file: addons\sourcemod\configs\pugsetup\aim_maps.txt
L 11/29/2015 - 22:15:18: [pugsetup.smx] Failed to open file for reading: cfg/sourcemod/pugsetup/knife.cfg
L 11/29/2015 - 22:15:18: [pugsetup.smx] Failed to save cvar values when executing sourcemod/pugsetup/knife.cfg
L 11/29/2015 - 22:15:32: Error log file session closed.
L 11/29/2015 - 22:15:32: SourceMod error session started
L 11/29/2015 - 22:15:32: Info (map "de_dust2") (file "errors_20151129.log")
L 11/29/2015 - 22:15:32: [SM] Plugin encountered error 25: Call was aborted
L 11/29/2015 - 22:15:32: [SM] Native "SetFailState" reported: CFG File not found: addons\sourcemod\configs\csgo_wpaints.cfg
L 11/29/2015 - 22:15:32: [SM] Displaying call stack trace for plugin "franug_weaponpaints.smx":
L 11/29/2015 - 22:15:32: [SM]   [0]  Line 394, franug_weaponpaints.sp::ReadPaints()
L 11/29/2015 - 22:15:32: [SM]   [1]  Line 101, franug_weaponpaints.sp::OnPluginStart()
L 11/29/2015 - 22:15:32: [admin-flatfile.smx] Error(s) detected parsing addons\sourcemod\configs\admins.cfg
L 11/29/2015 - 22:15:32: [admin-flatfile.smx]  (line 37) A property was declared outside of a section
L 11/29/2015 - 22:15:33: Failed to auto generate config for pugsetup.smx, make sure the directory has write permission.
L 11/29/2015 - 22:15:33: [pugsetup.smx] Missing map file: addons\sourcemod\configs\pugsetup\maps.txt
L 11/29/2015 - 22:15:33: [pugsetup.smx] Missing map file: addons\sourcemod\configs\pugsetup\aim_maps.txt
L 11/29/2015 - 22:19:38: Error log file session closed.
L 11/29/2015 - 22:19:38: SourceMod error session started
L 11/29/2015 - 22:19:38: Info (map "de_cbble") (file "errors_20151129.log")
L 11/29/2015 - 22:19:38: [SM] Plugin encountered error 25: Call was aborted
L 11/29/2015 - 22:19:38: [SM] Native "SetFailState" reported: CFG File not found: addons\sourcemod\configs\csgo_wpaints.cfg
L 11/29/2015 - 22:19:38: [SM] Displaying call stack trace for plugin "franug_weaponpaints.smx":
L 11/29/2015 - 22:19:38: [SM]   [0]  Line 394, franug_weaponpaints.sp::ReadPaints()
L 11/29/2015 - 22:19:38: [SM]   [1]  Line 101, franug_weaponpaints.sp::OnPluginStart()
L 11/29/2015 - 22:19:38: [admin-flatfile.smx] Error(s) detected parsing addons\sourcemod\configs\admins.cfg
L 11/29/2015 - 22:19:38: [admin-flatfile.smx]  (line 37) A property was declared outside of a section
L 11/29/2015 - 22:19:39: Failed to auto generate config for pugsetup.smx, make sure the directory has write permission.
L 11/29/2015 - 22:19:39: [pugsetup.smx] Missing map file: addons\sourcemod\configs\pugsetup\maps.txt
L 11/29/2015 - 22:19:39: [pugsetup.smx] Missing map file: addons\sourcemod\configs\pugsetup\aim_maps.txt
L 11/29/2015 - 22:21:38: [pugsetup.smx] Failed to open file for reading: cfg/sourcemod/pugsetup/knife.cfg
L 11/29/2015 - 22:21:38: [pugsetup.smx] Failed to save cvar values when executing sourcemod/pugsetup/knife.cfg
L 11/29/2015 - 23:04:40: Error log file session closed.
L 11/29/2015 - 23:04:40: SourceMod error session started
L 11/29/2015 - 23:04:40: Info (map "de_inferno") (file "errors_20151129.log")
L 11/29/2015 - 23:04:40: [SM] Plugin encountered error 25: Call was aborted
L 11/29/2015 - 23:04:40: [SM] Native "SetFailState" reported: CFG File not found: addons\sourcemod\configs\csgo_wpaints.cfg
L 11/29/2015 - 23:04:40: [SM] Displaying call stack trace for plugin "franug_weaponpaints.smx":
L 11/29/2015 - 23:04:40: [SM]   [0]  Line 394, franug_weaponpaints.sp::ReadPaints()
L 11/29/2015 - 23:04:40: [SM]   [1]  Line 101, franug_weaponpaints.sp::OnPluginStart()
L 11/29/2015 - 23:04:40: [admin-flatfile.smx] Error(s) detected parsing addons\sourcemod\configs\admins.cfg
L 11/29/2015 - 23:04:40: [admin-flatfile.smx]  (line 37) A property was declared outside of a section
L 11/29/2015 - 23:04:40: Failed to auto generate config for pugsetup.smx, make sure the directory has write permission.
L 11/29/2015 - 23:04:40: [pugsetup.smx] Missing map file: addons\sourcemod\configs\pugsetup\maps.txt
L 11/29/2015 - 23:04:40: [pugsetup.smx] Missing map file: addons\sourcemod\configs\pugsetup\aim_maps.txt
L 11/29/2015 - 23:17:31: Error log file session closed.
L 11/29/2015 - 23:17:31: SourceMod error session started
L 11/29/2015 - 23:17:31: Info (map "de_cache") (file "errors_20151129.log")
L 11/29/2015 - 23:17:31: [SM] Plugin encountered error 25: Call was aborted
L 11/29/2015 - 23:17:31: [SM] Native "SetFailState" reported: CFG File not found: addons\sourcemod\configs\csgo_wpaints.cfg
L 11/29/2015 - 23:17:31: [SM] Displaying call stack trace for plugin "franug_weaponpaints.smx":
L 11/29/2015 - 23:17:31: [SM]   [0]  Line 394, franug_weaponpaints.sp::ReadPaints()
L 11/29/2015 - 23:17:31: [SM]   [1]  Line 101, franug_weaponpaints.sp::OnPluginStart()
L 11/29/2015 - 23:17:31: [admin-flatfile.smx] Error(s) detected parsing addons\sourcemod\configs\admins.cfg
L 11/29/2015 - 23:17:31: [admin-flatfile.smx]  (line 37) A property was declared outside of a section
L 11/29/2015 - 23:17:31: Failed to auto generate config for pugsetup.smx, make sure the directory has write permission.
L 11/29/2015 - 23:17:31: [pugsetup.smx] Missing map file: addons\sourcemod\configs\pugsetup\maps.txt
L 11/29/2015 - 23:17:31: [pugsetup.smx] Missing map file: addons\sourcemod\configs\pugsetup\aim_maps.txt
L 11/29/2015 - 23:19:23: [pugsetup.smx] Failed to open file for reading: cfg/sourcemod/pugsetup/knife.cfg
L 11/29/2015 - 23:19:23: [pugsetup.smx] Failed to save cvar values when executing sourcemod/pugsetup/knife.cfg
