L 11/24/2015 - 05:45:09: SourceMod error session started
L 11/24/2015 - 05:45:09: Info (map "de_train") (file "errors_20151124.log")
L 11/24/2015 - 05:45:09: Error log file session closed.
L 11/24/2015 - 05:45:11: SourceMod error session started
L 11/24/2015 - 05:45:11: Info (map "de_train") (file "errors_20151124.log")
L 11/24/2015 - 05:45:11: [SM] Plugin encountered error 25: Call was aborted
L 11/24/2015 - 05:45:11: [SM] Native "SetFailState" reported: [ckSurf] Unable to connect to database ([2003]: Can't connect to MySQL server on 'localhost' (10061))
L 11/24/2015 - 05:45:11: [SM] Displaying call stack trace for plugin "ckSurf.smx":
L 11/24/2015 - 05:45:11: [SM]   [0]  Line 141, ckSurf/sql.sp::db_setupDatabase()
L 11/24/2015 - 05:45:11: [SM]   [1]  Line 2116, C:\ckSurf\ckSurf\csgo\addons\sourcemod\scripting\ckSurf.sp::OnPluginStart()
L 11/24/2015 - 05:45:11: [SM] Plugin encountered error 25: Call was aborted
L 11/24/2015 - 05:45:11: [SM] Native "SetFailState" reported: CFG File not found: addons\sourcemod\configs\csgo_wpaints.cfg
L 11/24/2015 - 05:45:11: [SM] Displaying call stack trace for plugin "franug_weaponpaints.smx":
L 11/24/2015 - 05:45:11: [SM]   [0]  Line 394, franug_weaponpaints.sp::ReadPaints()
L 11/24/2015 - 05:45:11: [SM]   [1]  Line 101, franug_weaponpaints.sp::OnPluginStart()
L 11/24/2015 - 05:45:11: [admin-flatfile.smx] Error(s) detected parsing addons\sourcemod\configs\admins.cfg
L 11/24/2015 - 05:45:11: [admin-flatfile.smx]  (line 37) A property was declared outside of a section
L 11/24/2015 - 05:45:14: Failed to auto generate config for pugsetup.smx, make sure the directory has write permission.
L 11/24/2015 - 05:45:18: [pugsetup.smx] Missing map file: addons\sourcemod\configs\pugsetup\maps.txt
L 11/24/2015 - 05:45:18: [pugsetup.smx] Missing map file: addons\sourcemod\configs\pugsetup\aim_maps.txt
L 11/24/2015 - 05:46:13: Error log file session closed.
L 11/24/2015 - 05:46:14: SourceMod error session started
L 11/24/2015 - 05:46:14: Info (map "de_dust2") (file "errors_20151124.log")
L 11/24/2015 - 05:46:14: [SM] Plugin encountered error 25: Call was aborted
L 11/24/2015 - 05:46:14: [SM] Native "SetFailState" reported: [ckSurf] Unable to connect to database ([2003]: Can't connect to MySQL server on 'localhost' (10061))
L 11/24/2015 - 05:46:14: [SM] Displaying call stack trace for plugin "ckSurf.smx":
L 11/24/2015 - 05:46:14: [SM]   [0]  Line 141, ckSurf/sql.sp::db_setupDatabase()
L 11/24/2015 - 05:46:14: [SM]   [1]  Line 2116, C:\ckSurf\ckSurf\csgo\addons\sourcemod\scripting\ckSurf.sp::OnPluginStart()
L 11/24/2015 - 05:46:14: [SM] Plugin encountered error 25: Call was aborted
L 11/24/2015 - 05:46:14: [SM] Native "SetFailState" reported: CFG File not found: addons\sourcemod\configs\csgo_wpaints.cfg
L 11/24/2015 - 05:46:14: [SM] Displaying call stack trace for plugin "franug_weaponpaints.smx":
L 11/24/2015 - 05:46:14: [SM]   [0]  Line 394, franug_weaponpaints.sp::ReadPaints()
L 11/24/2015 - 05:46:14: [SM]   [1]  Line 101, franug_weaponpaints.sp::OnPluginStart()
L 11/24/2015 - 05:46:14: [admin-flatfile.smx] Error(s) detected parsing addons\sourcemod\configs\admins.cfg
L 11/24/2015 - 05:46:14: [admin-flatfile.smx]  (line 37) A property was declared outside of a section
L 11/24/2015 - 05:46:15: Failed to auto generate config for pugsetup.smx, make sure the directory has write permission.
L 11/24/2015 - 05:46:15: [pugsetup.smx] Missing map file: addons\sourcemod\configs\pugsetup\maps.txt
L 11/24/2015 - 05:46:15: [pugsetup.smx] Missing map file: addons\sourcemod\configs\pugsetup\aim_maps.txt
L 11/24/2015 - 05:46:36: Error log file session closed.
L 11/24/2015 - 05:46:37: SourceMod error session started
L 11/24/2015 - 05:46:37: Info (map "surf_aircontrol_ksf") (file "errors_20151124.log")
L 11/24/2015 - 05:46:37: [SM] Plugin encountered error 25: Call was aborted
L 11/24/2015 - 05:46:37: [SM] Native "SetFailState" reported: [ckSurf] Unable to connect to database ([2003]: Can't connect to MySQL server on 'localhost' (10061))
L 11/24/2015 - 05:46:37: [SM] Displaying call stack trace for plugin "ckSurf.smx":
L 11/24/2015 - 05:46:37: [SM]   [0]  Line 141, ckSurf/sql.sp::db_setupDatabase()
L 11/24/2015 - 05:46:37: [SM]   [1]  Line 2116, C:\ckSurf\ckSurf\csgo\addons\sourcemod\scripting\ckSurf.sp::OnPluginStart()
L 11/24/2015 - 05:46:37: [SM] Plugin encountered error 25: Call was aborted
L 11/24/2015 - 05:46:37: [SM] Native "SetFailState" reported: CFG File not found: addons\sourcemod\configs\csgo_wpaints.cfg
L 11/24/2015 - 05:46:37: [SM] Displaying call stack trace for plugin "franug_weaponpaints.smx":
L 11/24/2015 - 05:46:37: [SM]   [0]  Line 394, franug_weaponpaints.sp::ReadPaints()
L 11/24/2015 - 05:46:37: [SM]   [1]  Line 101, franug_weaponpaints.sp::OnPluginStart()
L 11/24/2015 - 05:46:37: [admin-flatfile.smx] Error(s) detected parsing addons\sourcemod\configs\admins.cfg
L 11/24/2015 - 05:46:37: [admin-flatfile.smx]  (line 37) A property was declared outside of a section
L 11/24/2015 - 05:46:37: Failed to auto generate config for pugsetup.smx, make sure the directory has write permission.
L 11/24/2015 - 05:46:37: [pugsetup.smx] Missing map file: addons\sourcemod\configs\pugsetup\maps.txt
L 11/24/2015 - 05:46:37: [pugsetup.smx] Missing map file: addons\sourcemod\configs\pugsetup\aim_maps.txt
L 11/24/2015 - 05:50:45: SourceMod error session started
L 11/24/2015 - 05:50:45: Info (map "de_dust2") (file "errors_20151124.log")
L 11/24/2015 - 05:50:45: [SM] Plugin encountered error 25: Call was aborted
L 11/24/2015 - 05:50:45: [SM] Native "SetFailState" reported: CFG File not found: addons\sourcemod\configs\csgo_wpaints.cfg
L 11/24/2015 - 05:50:45: [SM] Displaying call stack trace for plugin "franug_weaponpaints.smx":
L 11/24/2015 - 05:50:45: [SM]   [0]  Line 394, franug_weaponpaints.sp::ReadPaints()
L 11/24/2015 - 05:50:45: [SM]   [1]  Line 101, franug_weaponpaints.sp::OnPluginStart()
L 11/24/2015 - 05:50:45: [admin-flatfile.smx] Error(s) detected parsing addons\sourcemod\configs\admins.cfg
L 11/24/2015 - 05:50:45: [admin-flatfile.smx]  (line 37) A property was declared outside of a section
L 11/24/2015 - 05:50:51: Failed to auto generate config for pugsetup.smx, make sure the directory has write permission.
L 11/24/2015 - 05:50:52: [pugsetup.smx] Missing map file: addons\sourcemod\configs\pugsetup\maps.txt
L 11/24/2015 - 05:50:52: [pugsetup.smx] Missing map file: addons\sourcemod\configs\pugsetup\aim_maps.txt
L 11/24/2015 - 05:50:57: Error log file session closed.
L 11/24/2015 - 05:50:57: SourceMod error session started
L 11/24/2015 - 05:50:57: Info (map "de_dust2") (file "errors_20151124.log")
L 11/24/2015 - 05:50:57: [SM] Plugin encountered error 25: Call was aborted
L 11/24/2015 - 05:50:57: [SM] Native "SetFailState" reported: CFG File not found: addons\sourcemod\configs\csgo_wpaints.cfg
L 11/24/2015 - 05:50:57: [SM] Displaying call stack trace for plugin "franug_weaponpaints.smx":
L 11/24/2015 - 05:50:57: [SM]   [0]  Line 394, franug_weaponpaints.sp::ReadPaints()
L 11/24/2015 - 05:50:57: [SM]   [1]  Line 101, franug_weaponpaints.sp::OnPluginStart()
L 11/24/2015 - 05:50:57: [admin-flatfile.smx] Error(s) detected parsing addons\sourcemod\configs\admins.cfg
L 11/24/2015 - 05:50:57: [admin-flatfile.smx]  (line 37) A property was declared outside of a section
L 11/24/2015 - 05:50:58: Failed to auto generate config for pugsetup.smx, make sure the directory has write permission.
L 11/24/2015 - 05:50:58: [pugsetup.smx] Missing map file: addons\sourcemod\configs\pugsetup\maps.txt
L 11/24/2015 - 05:50:58: [pugsetup.smx] Missing map file: addons\sourcemod\configs\pugsetup\aim_maps.txt
L 11/24/2015 - 05:51:22: Error log file session closed.
L 11/24/2015 - 05:51:22: SourceMod error session started
L 11/24/2015 - 05:51:22: Info (map "de_dust2") (file "errors_20151124.log")
L 11/24/2015 - 05:51:22: [SM] Plugin encountered error 25: Call was aborted
L 11/24/2015 - 05:51:22: [SM] Native "SetFailState" reported: CFG File not found: addons\sourcemod\configs\csgo_wpaints.cfg
L 11/24/2015 - 05:51:22: [SM] Displaying call stack trace for plugin "franug_weaponpaints.smx":
L 11/24/2015 - 05:51:22: [SM]   [0]  Line 394, franug_weaponpaints.sp::ReadPaints()
L 11/24/2015 - 05:51:22: [SM]   [1]  Line 101, franug_weaponpaints.sp::OnPluginStart()
L 11/24/2015 - 05:51:22: [admin-flatfile.smx] Error(s) detected parsing addons\sourcemod\configs\admins.cfg
L 11/24/2015 - 05:51:22: [admin-flatfile.smx]  (line 37) A property was declared outside of a section
L 11/24/2015 - 05:51:23: Failed to auto generate config for pugsetup.smx, make sure the directory has write permission.
L 11/24/2015 - 05:51:23: [pugsetup.smx] Missing map file: addons\sourcemod\configs\pugsetup\maps.txt
L 11/24/2015 - 05:51:23: [pugsetup.smx] Missing map file: addons\sourcemod\configs\pugsetup\aim_maps.txt
L 11/24/2015 - 05:51:31: Error log file session closed.
L 11/24/2015 - 05:51:31: SourceMod error session started
L 11/24/2015 - 05:51:31: Info (map "surf_aircontrol_ksf") (file "errors_20151124.log")
L 11/24/2015 - 05:51:31: [SM] Plugin encountered error 25: Call was aborted
L 11/24/2015 - 05:51:31: [SM] Native "SetFailState" reported: CFG File not found: addons\sourcemod\configs\csgo_wpaints.cfg
L 11/24/2015 - 05:51:31: [SM] Displaying call stack trace for plugin "franug_weaponpaints.smx":
L 11/24/2015 - 05:51:31: [SM]   [0]  Line 394, franug_weaponpaints.sp::ReadPaints()
L 11/24/2015 - 05:51:31: [SM]   [1]  Line 101, franug_weaponpaints.sp::OnPluginStart()
L 11/24/2015 - 05:51:31: [admin-flatfile.smx] Error(s) detected parsing addons\sourcemod\configs\admins.cfg
L 11/24/2015 - 05:51:31: [admin-flatfile.smx]  (line 37) A property was declared outside of a section
L 11/24/2015 - 05:51:31: Failed to auto generate config for pugsetup.smx, make sure the directory has write permission.
L 11/24/2015 - 05:51:31: [pugsetup.smx] Missing map file: addons\sourcemod\configs\pugsetup\maps.txt
L 11/24/2015 - 05:51:31: [pugsetup.smx] Missing map file: addons\sourcemod\configs\pugsetup\aim_maps.txt
L 11/24/2015 - 05:57:54: SourceMod error session started
L 11/24/2015 - 05:57:54: Info (map "de_dust2") (file "errors_20151124.log")
L 11/24/2015 - 05:57:54: [SM] Plugin encountered error 25: Call was aborted
L 11/24/2015 - 05:57:54: [SM] Native "SetFailState" reported: CFG File not found: addons\sourcemod\configs\csgo_wpaints.cfg
L 11/24/2015 - 05:57:54: [SM] Displaying call stack trace for plugin "franug_weaponpaints.smx":
L 11/24/2015 - 05:57:54: [SM]   [0]  Line 394, franug_weaponpaints.sp::ReadPaints()
L 11/24/2015 - 05:57:54: [SM]   [1]  Line 101, franug_weaponpaints.sp::OnPluginStart()
L 11/24/2015 - 05:57:54: [admin-flatfile.smx] Error(s) detected parsing addons\sourcemod\configs\admins.cfg
L 11/24/2015 - 05:57:54: [admin-flatfile.smx]  (line 37) A property was declared outside of a section
L 11/24/2015 - 05:57:55: Failed to auto generate config for pugsetup.smx, make sure the directory has write permission.
L 11/24/2015 - 05:57:55: [pugsetup.smx] Missing map file: addons\sourcemod\configs\pugsetup\maps.txt
L 11/24/2015 - 05:57:55: [pugsetup.smx] Missing map file: addons\sourcemod\configs\pugsetup\aim_maps.txt
L 11/24/2015 - 19:17:32: SourceMod error session started
L 11/24/2015 - 19:17:32: Info (map "de_dust2") (file "errors_20151124.log")
L 11/24/2015 - 19:17:32: [SM] Plugin encountered error 25: Call was aborted
L 11/24/2015 - 19:17:32: [SM] Native "SetFailState" reported: CFG File not found: addons\sourcemod\configs\csgo_wpaints.cfg
L 11/24/2015 - 19:17:32: [SM] Displaying call stack trace for plugin "franug_weaponpaints.smx":
L 11/24/2015 - 19:17:32: [SM]   [0]  Line 394, franug_weaponpaints.sp::ReadPaints()
L 11/24/2015 - 19:17:32: [SM]   [1]  Line 101, franug_weaponpaints.sp::OnPluginStart()
L 11/24/2015 - 19:17:32: [admin-flatfile.smx] Error(s) detected parsing addons\sourcemod\configs\admins.cfg
L 11/24/2015 - 19:17:32: [admin-flatfile.smx]  (line 37) A property was declared outside of a section
L 11/24/2015 - 19:17:37: Failed to auto generate config for pugsetup.smx, make sure the directory has write permission.
L 11/24/2015 - 19:17:38: [pugsetup.smx] Missing map file: addons\sourcemod\configs\pugsetup\maps.txt
L 11/24/2015 - 19:17:38: [pugsetup.smx] Missing map file: addons\sourcemod\configs\pugsetup\aim_maps.txt
L 11/24/2015 - 19:38:18: Error log file session closed.
L 11/24/2015 - 19:38:19: SourceMod error session started
L 11/24/2015 - 19:38:19: Info (map "de_dust2") (file "errors_20151124.log")
L 11/24/2015 - 19:38:19: [SM] Plugin encountered error 25: Call was aborted
L 11/24/2015 - 19:38:19: [SM] Native "SetFailState" reported: CFG File not found: addons\sourcemod\configs\csgo_wpaints.cfg
L 11/24/2015 - 19:38:19: [SM] Displaying call stack trace for plugin "franug_weaponpaints.smx":
L 11/24/2015 - 19:38:19: [SM]   [0]  Line 394, franug_weaponpaints.sp::ReadPaints()
L 11/24/2015 - 19:38:19: [SM]   [1]  Line 101, franug_weaponpaints.sp::OnPluginStart()
L 11/24/2015 - 19:38:19: [admin-flatfile.smx] Error(s) detected parsing addons\sourcemod\configs\admins.cfg
L 11/24/2015 - 19:38:19: [admin-flatfile.smx]  (line 37) A property was declared outside of a section
L 11/24/2015 - 19:38:19: Failed to auto generate config for pugsetup.smx, make sure the directory has write permission.
L 11/24/2015 - 19:38:19: [pugsetup.smx] Missing map file: addons\sourcemod\configs\pugsetup\maps.txt
L 11/24/2015 - 19:38:19: [pugsetup.smx] Missing map file: addons\sourcemod\configs\pugsetup\aim_maps.txt
L 11/24/2015 - 19:40:36: Error log file session closed.
L 11/24/2015 - 19:40:36: SourceMod error session started
L 11/24/2015 - 19:40:36: Info (map "de_train") (file "errors_20151124.log")
L 11/24/2015 - 19:40:36: [SM] Plugin encountered error 25: Call was aborted
L 11/24/2015 - 19:40:36: [SM] Native "SetFailState" reported: CFG File not found: addons\sourcemod\configs\csgo_wpaints.cfg
L 11/24/2015 - 19:40:36: [SM] Displaying call stack trace for plugin "franug_weaponpaints.smx":
L 11/24/2015 - 19:40:36: [SM]   [0]  Line 394, franug_weaponpaints.sp::ReadPaints()
L 11/24/2015 - 19:40:36: [SM]   [1]  Line 101, franug_weaponpaints.sp::OnPluginStart()
L 11/24/2015 - 19:40:36: [admin-flatfile.smx] Error(s) detected parsing addons\sourcemod\configs\admins.cfg
L 11/24/2015 - 19:40:36: [admin-flatfile.smx]  (line 37) A property was declared outside of a section
L 11/24/2015 - 19:40:37: Failed to auto generate config for pugsetup.smx, make sure the directory has write permission.
L 11/24/2015 - 19:40:37: [pugsetup.smx] Missing map file: addons\sourcemod\configs\pugsetup\maps.txt
L 11/24/2015 - 19:40:37: [pugsetup.smx] Missing map file: addons\sourcemod\configs\pugsetup\aim_maps.txt
L 11/24/2015 - 19:56:01: Error log file session closed.
L 11/24/2015 - 19:56:01: SourceMod error session started
L 11/24/2015 - 19:56:01: Info (map "de_cache") (file "errors_20151124.log")
L 11/24/2015 - 19:56:01: [SM] Plugin encountered error 25: Call was aborted
L 11/24/2015 - 19:56:01: [SM] Native "SetFailState" reported: CFG File not found: addons\sourcemod\configs\csgo_wpaints.cfg
L 11/24/2015 - 19:56:01: [SM] Displaying call stack trace for plugin "franug_weaponpaints.smx":
L 11/24/2015 - 19:56:01: [SM]   [0]  Line 394, franug_weaponpaints.sp::ReadPaints()
L 11/24/2015 - 19:56:01: [SM]   [1]  Line 101, franug_weaponpaints.sp::OnPluginStart()
L 11/24/2015 - 19:56:01: [admin-flatfile.smx] Error(s) detected parsing addons\sourcemod\configs\admins.cfg
L 11/24/2015 - 19:56:01: [admin-flatfile.smx]  (line 37) A property was declared outside of a section
L 11/24/2015 - 19:56:01: Failed to auto generate config for pugsetup.smx, make sure the directory has write permission.
L 11/24/2015 - 19:56:02: [pugsetup.smx] Missing map file: addons\sourcemod\configs\pugsetup\maps.txt
L 11/24/2015 - 19:56:02: [pugsetup.smx] Missing map file: addons\sourcemod\configs\pugsetup\aim_maps.txt
L 11/24/2015 - 19:58:17: [pugsetup.smx] Failed to open file for reading: cfg/sourcemod/pugsetup/knife.cfg
L 11/24/2015 - 19:58:17: [pugsetup.smx] Failed to save cvar values when executing sourcemod/pugsetup/knife.cfg
L 11/24/2015 - 20:37:30: Error log file session closed.
L 11/24/2015 - 20:37:31: SourceMod error session started
L 11/24/2015 - 20:37:31: Info (map "de_inferno") (file "errors_20151124.log")
L 11/24/2015 - 20:37:31: [SM] Plugin encountered error 25: Call was aborted
L 11/24/2015 - 20:37:31: [SM] Native "SetFailState" reported: CFG File not found: addons\sourcemod\configs\csgo_wpaints.cfg
L 11/24/2015 - 20:37:31: [SM] Displaying call stack trace for plugin "franug_weaponpaints.smx":
L 11/24/2015 - 20:37:31: [SM]   [0]  Line 394, franug_weaponpaints.sp::ReadPaints()
L 11/24/2015 - 20:37:31: [SM]   [1]  Line 101, franug_weaponpaints.sp::OnPluginStart()
L 11/24/2015 - 20:37:31: [admin-flatfile.smx] Error(s) detected parsing addons\sourcemod\configs\admins.cfg
L 11/24/2015 - 20:37:31: [admin-flatfile.smx]  (line 37) A property was declared outside of a section
L 11/24/2015 - 20:37:32: Failed to auto generate config for pugsetup.smx, make sure the directory has write permission.
L 11/24/2015 - 20:37:33: [pugsetup.smx] Missing map file: addons\sourcemod\configs\pugsetup\maps.txt
L 11/24/2015 - 20:37:33: [pugsetup.smx] Missing map file: addons\sourcemod\configs\pugsetup\aim_maps.txt
L 11/24/2015 - 20:38:05: Error log file session closed.
L 11/24/2015 - 20:38:05: SourceMod error session started
L 11/24/2015 - 20:38:05: Info (map "de_nuke") (file "errors_20151124.log")
L 11/24/2015 - 20:38:05: [SM] Plugin encountered error 25: Call was aborted
L 11/24/2015 - 20:38:05: [SM] Native "SetFailState" reported: CFG File not found: addons\sourcemod\configs\csgo_wpaints.cfg
L 11/24/2015 - 20:38:05: [SM] Displaying call stack trace for plugin "franug_weaponpaints.smx":
L 11/24/2015 - 20:38:05: [SM]   [0]  Line 394, franug_weaponpaints.sp::ReadPaints()
L 11/24/2015 - 20:38:05: [SM]   [1]  Line 101, franug_weaponpaints.sp::OnPluginStart()
L 11/24/2015 - 20:38:05: [admin-flatfile.smx] Error(s) detected parsing addons\sourcemod\configs\admins.cfg
L 11/24/2015 - 20:38:05: [admin-flatfile.smx]  (line 37) A property was declared outside of a section
L 11/24/2015 - 20:38:06: Failed to auto generate config for pugsetup.smx, make sure the directory has write permission.
L 11/24/2015 - 20:38:06: [pugsetup.smx] Missing map file: addons\sourcemod\configs\pugsetup\maps.txt
L 11/24/2015 - 20:38:06: [pugsetup.smx] Missing map file: addons\sourcemod\configs\pugsetup\aim_maps.txt
L 11/24/2015 - 20:38:36: Error log file session closed.
L 11/24/2015 - 20:38:36: SourceMod error session started
L 11/24/2015 - 20:38:36: Info (map "de_cbble") (file "errors_20151124.log")
L 11/24/2015 - 20:38:36: [SM] Plugin encountered error 25: Call was aborted
L 11/24/2015 - 20:38:36: [SM] Native "SetFailState" reported: CFG File not found: addons\sourcemod\configs\csgo_wpaints.cfg
L 11/24/2015 - 20:38:36: [SM] Displaying call stack trace for plugin "franug_weaponpaints.smx":
L 11/24/2015 - 20:38:36: [SM]   [0]  Line 394, franug_weaponpaints.sp::ReadPaints()
L 11/24/2015 - 20:38:36: [SM]   [1]  Line 101, franug_weaponpaints.sp::OnPluginStart()
L 11/24/2015 - 20:38:36: [admin-flatfile.smx] Error(s) detected parsing addons\sourcemod\configs\admins.cfg
L 11/24/2015 - 20:38:36: [admin-flatfile.smx]  (line 37) A property was declared outside of a section
L 11/24/2015 - 20:38:37: Failed to auto generate config for pugsetup.smx, make sure the directory has write permission.
L 11/24/2015 - 20:38:37: [pugsetup.smx] Missing map file: addons\sourcemod\configs\pugsetup\maps.txt
L 11/24/2015 - 20:38:37: [pugsetup.smx] Missing map file: addons\sourcemod\configs\pugsetup\aim_maps.txt
L 11/24/2015 - 20:38:59: SourceMod error session started
L 11/24/2015 - 20:38:59: Info (map "de_dust2") (file "errors_20151124.log")
L 11/24/2015 - 20:38:59: [SM] Plugin encountered error 25: Call was aborted
L 11/24/2015 - 20:38:59: [SM] Native "SetFailState" reported: CFG File not found: addons\sourcemod\configs\csgo_wpaints.cfg
L 11/24/2015 - 20:38:59: [SM] Displaying call stack trace for plugin "franug_weaponpaints.smx":
L 11/24/2015 - 20:38:59: [SM]   [0]  Line 394, franug_weaponpaints.sp::ReadPaints()
L 11/24/2015 - 20:38:59: [SM]   [1]  Line 101, franug_weaponpaints.sp::OnPluginStart()
L 11/24/2015 - 20:38:59: [admin-flatfile.smx] Error(s) detected parsing addons\sourcemod\configs\admins.cfg
L 11/24/2015 - 20:38:59: [admin-flatfile.smx]  (line 37) A property was declared outside of a section
L 11/24/2015 - 20:39:05: Failed to auto generate config for pugsetup.smx, make sure the directory has write permission.
L 11/24/2015 - 20:39:06: [pugsetup.smx] Missing map file: addons\sourcemod\configs\pugsetup\maps.txt
L 11/24/2015 - 20:39:06: [pugsetup.smx] Missing map file: addons\sourcemod\configs\pugsetup\aim_maps.txt
L 11/24/2015 - 20:39:12: Error log file session closed.
L 11/24/2015 - 20:39:12: SourceMod error session started
L 11/24/2015 - 20:39:12: Info (map "de_dust2") (file "errors_20151124.log")
L 11/24/2015 - 20:39:12: [SM] Plugin encountered error 25: Call was aborted
L 11/24/2015 - 20:39:12: [SM] Native "SetFailState" reported: CFG File not found: addons\sourcemod\configs\csgo_wpaints.cfg
L 11/24/2015 - 20:39:12: [SM] Displaying call stack trace for plugin "franug_weaponpaints.smx":
L 11/24/2015 - 20:39:12: [SM]   [0]  Line 394, franug_weaponpaints.sp::ReadPaints()
L 11/24/2015 - 20:39:12: [SM]   [1]  Line 101, franug_weaponpaints.sp::OnPluginStart()
L 11/24/2015 - 20:39:12: [admin-flatfile.smx] Error(s) detected parsing addons\sourcemod\configs\admins.cfg
L 11/24/2015 - 20:39:12: [admin-flatfile.smx]  (line 37) A property was declared outside of a section
L 11/24/2015 - 20:39:12: Failed to auto generate config for pugsetup.smx, make sure the directory has write permission.
L 11/24/2015 - 20:39:12: [pugsetup.smx] Missing map file: addons\sourcemod\configs\pugsetup\maps.txt
L 11/24/2015 - 20:39:12: [pugsetup.smx] Missing map file: addons\sourcemod\configs\pugsetup\aim_maps.txt
L 11/24/2015 - 21:05:55: Error log file session closed.
L 11/24/2015 - 21:05:55: SourceMod error session started
L 11/24/2015 - 21:05:55: Info (map "de_inferno") (file "errors_20151124.log")
L 11/24/2015 - 21:05:55: [SM] Plugin encountered error 25: Call was aborted
L 11/24/2015 - 21:05:55: [SM] Native "SetFailState" reported: CFG File not found: addons\sourcemod\configs\csgo_wpaints.cfg
L 11/24/2015 - 21:05:55: [SM] Displaying call stack trace for plugin "franug_weaponpaints.smx":
L 11/24/2015 - 21:05:55: [SM]   [0]  Line 394, franug_weaponpaints.sp::ReadPaints()
L 11/24/2015 - 21:05:55: [SM]   [1]  Line 101, franug_weaponpaints.sp::OnPluginStart()
L 11/24/2015 - 21:05:55: [admin-flatfile.smx] Error(s) detected parsing addons\sourcemod\configs\admins.cfg
L 11/24/2015 - 21:05:55: [admin-flatfile.smx]  (line 37) A property was declared outside of a section
L 11/24/2015 - 21:05:55: Failed to auto generate config for pugsetup.smx, make sure the directory has write permission.
L 11/24/2015 - 21:05:55: [pugsetup.smx] Missing map file: addons\sourcemod\configs\pugsetup\maps.txt
L 11/24/2015 - 21:05:55: [pugsetup.smx] Missing map file: addons\sourcemod\configs\pugsetup\aim_maps.txt
L 11/24/2015 - 21:06:24: Error log file session closed.
L 11/24/2015 - 21:06:24: SourceMod error session started
L 11/24/2015 - 21:06:24: Info (map "de_train") (file "errors_20151124.log")
L 11/24/2015 - 21:06:24: [SM] Plugin encountered error 25: Call was aborted
L 11/24/2015 - 21:06:24: [SM] Native "SetFailState" reported: CFG File not found: addons\sourcemod\configs\csgo_wpaints.cfg
L 11/24/2015 - 21:06:24: [SM] Displaying call stack trace for plugin "franug_weaponpaints.smx":
L 11/24/2015 - 21:06:24: [SM]   [0]  Line 394, franug_weaponpaints.sp::ReadPaints()
L 11/24/2015 - 21:06:24: [SM]   [1]  Line 101, franug_weaponpaints.sp::OnPluginStart()
L 11/24/2015 - 21:06:24: [admin-flatfile.smx] Error(s) detected parsing addons\sourcemod\configs\admins.cfg
L 11/24/2015 - 21:06:24: [admin-flatfile.smx]  (line 37) A property was declared outside of a section
L 11/24/2015 - 21:06:25: Failed to auto generate config for pugsetup.smx, make sure the directory has write permission.
L 11/24/2015 - 21:06:25: [pugsetup.smx] Missing map file: addons\sourcemod\configs\pugsetup\maps.txt
L 11/24/2015 - 21:06:25: [pugsetup.smx] Missing map file: addons\sourcemod\configs\pugsetup\aim_maps.txt
L 11/24/2015 - 21:06:52: Error log file session closed.
L 11/24/2015 - 21:06:52: SourceMod error session started
L 11/24/2015 - 21:06:52: Info (map "de_inferno") (file "errors_20151124.log")
L 11/24/2015 - 21:06:52: [SM] Plugin encountered error 25: Call was aborted
L 11/24/2015 - 21:06:52: [SM] Native "SetFailState" reported: CFG File not found: addons\sourcemod\configs\csgo_wpaints.cfg
L 11/24/2015 - 21:06:52: [SM] Displaying call stack trace for plugin "franug_weaponpaints.smx":
L 11/24/2015 - 21:06:52: [SM]   [0]  Line 394, franug_weaponpaints.sp::ReadPaints()
L 11/24/2015 - 21:06:52: [SM]   [1]  Line 101, franug_weaponpaints.sp::OnPluginStart()
L 11/24/2015 - 21:06:52: [admin-flatfile.smx] Error(s) detected parsing addons\sourcemod\configs\admins.cfg
L 11/24/2015 - 21:06:52: [admin-flatfile.smx]  (line 37) A property was declared outside of a section
L 11/24/2015 - 21:06:53: Failed to auto generate config for pugsetup.smx, make sure the directory has write permission.
L 11/24/2015 - 21:06:53: [pugsetup.smx] Missing map file: addons\sourcemod\configs\pugsetup\maps.txt
L 11/24/2015 - 21:06:53: [pugsetup.smx] Missing map file: addons\sourcemod\configs\pugsetup\aim_maps.txt
L 11/24/2015 - 21:09:30: Error log file session closed.
L 11/24/2015 - 21:09:30: SourceMod error session started
L 11/24/2015 - 21:09:30: Info (map "de_dust2") (file "errors_20151124.log")
L 11/24/2015 - 21:09:30: [SM] Plugin encountered error 25: Call was aborted
L 11/24/2015 - 21:09:30: [SM] Native "SetFailState" reported: CFG File not found: addons\sourcemod\configs\csgo_wpaints.cfg
L 11/24/2015 - 21:09:30: [SM] Displaying call stack trace for plugin "franug_weaponpaints.smx":
L 11/24/2015 - 21:09:30: [SM]   [0]  Line 394, franug_weaponpaints.sp::ReadPaints()
L 11/24/2015 - 21:09:30: [SM]   [1]  Line 101, franug_weaponpaints.sp::OnPluginStart()
L 11/24/2015 - 21:09:30: [admin-flatfile.smx] Error(s) detected parsing addons\sourcemod\configs\admins.cfg
L 11/24/2015 - 21:09:30: [admin-flatfile.smx]  (line 37) A property was declared outside of a section
L 11/24/2015 - 21:09:31: Failed to auto generate config for pugsetup.smx, make sure the directory has write permission.
L 11/24/2015 - 21:09:31: [pugsetup.smx] Missing map file: addons\sourcemod\configs\pugsetup\maps.txt
L 11/24/2015 - 21:09:31: [pugsetup.smx] Missing map file: addons\sourcemod\configs\pugsetup\aim_maps.txt
L 11/24/2015 - 21:12:00: Error log file session closed.
L 11/24/2015 - 21:12:00: SourceMod error session started
L 11/24/2015 - 21:12:00: Info (map "de_nuke") (file "errors_20151124.log")
L 11/24/2015 - 21:12:00: [SM] Plugin encountered error 25: Call was aborted
L 11/24/2015 - 21:12:00: [SM] Native "SetFailState" reported: CFG File not found: addons\sourcemod\configs\csgo_wpaints.cfg
L 11/24/2015 - 21:12:00: [SM] Displaying call stack trace for plugin "franug_weaponpaints.smx":
L 11/24/2015 - 21:12:00: [SM]   [0]  Line 394, franug_weaponpaints.sp::ReadPaints()
L 11/24/2015 - 21:12:00: [SM]   [1]  Line 101, franug_weaponpaints.sp::OnPluginStart()
L 11/24/2015 - 21:12:00: [admin-flatfile.smx] Error(s) detected parsing addons\sourcemod\configs\admins.cfg
L 11/24/2015 - 21:12:00: [admin-flatfile.smx]  (line 37) A property was declared outside of a section
L 11/24/2015 - 21:12:01: Failed to auto generate config for pugsetup.smx, make sure the directory has write permission.
L 11/24/2015 - 21:12:01: [pugsetup.smx] Missing map file: addons\sourcemod\configs\pugsetup\maps.txt
L 11/24/2015 - 21:12:01: [pugsetup.smx] Missing map file: addons\sourcemod\configs\pugsetup\aim_maps.txt
L 11/24/2015 - 21:12:28: Error log file session closed.
L 11/24/2015 - 21:12:28: SourceMod error session started
L 11/24/2015 - 21:12:28: Info (map "de_cbble") (file "errors_20151124.log")
L 11/24/2015 - 21:12:28: [SM] Plugin encountered error 25: Call was aborted
L 11/24/2015 - 21:12:28: [SM] Native "SetFailState" reported: CFG File not found: addons\sourcemod\configs\csgo_wpaints.cfg
L 11/24/2015 - 21:12:28: [SM] Displaying call stack trace for plugin "franug_weaponpaints.smx":
L 11/24/2015 - 21:12:28: [SM]   [0]  Line 394, franug_weaponpaints.sp::ReadPaints()
L 11/24/2015 - 21:12:28: [SM]   [1]  Line 101, franug_weaponpaints.sp::OnPluginStart()
L 11/24/2015 - 21:12:28: [admin-flatfile.smx] Error(s) detected parsing addons\sourcemod\configs\admins.cfg
L 11/24/2015 - 21:12:28: [admin-flatfile.smx]  (line 37) A property was declared outside of a section
L 11/24/2015 - 21:12:29: Failed to auto generate config for pugsetup.smx, make sure the directory has write permission.
L 11/24/2015 - 21:12:29: [pugsetup.smx] Missing map file: addons\sourcemod\configs\pugsetup\maps.txt
L 11/24/2015 - 21:12:29: [pugsetup.smx] Missing map file: addons\sourcemod\configs\pugsetup\aim_maps.txt
L 11/24/2015 - 21:12:52: SourceMod error session started
L 11/24/2015 - 21:12:52: Info (map "de_dust2") (file "errors_20151124.log")
L 11/24/2015 - 21:12:52: [SM] Plugin encountered error 25: Call was aborted
L 11/24/2015 - 21:12:52: [SM] Native "SetFailState" reported: CFG File not found: addons\sourcemod\configs\csgo_wpaints.cfg
L 11/24/2015 - 21:12:52: [SM] Displaying call stack trace for plugin "franug_weaponpaints.smx":
L 11/24/2015 - 21:12:52: [SM]   [0]  Line 394, franug_weaponpaints.sp::ReadPaints()
L 11/24/2015 - 21:12:52: [SM]   [1]  Line 101, franug_weaponpaints.sp::OnPluginStart()
L 11/24/2015 - 21:12:52: [admin-flatfile.smx] Error(s) detected parsing addons\sourcemod\configs\admins.cfg
L 11/24/2015 - 21:12:52: [admin-flatfile.smx]  (line 37) A property was declared outside of a section
L 11/24/2015 - 21:12:57: Failed to auto generate config for pugsetup.smx, make sure the directory has write permission.
L 11/24/2015 - 21:12:57: [pugsetup.smx] Missing map file: addons\sourcemod\configs\pugsetup\maps.txt
L 11/24/2015 - 21:12:57: [pugsetup.smx] Missing map file: addons\sourcemod\configs\pugsetup\aim_maps.txt
L 11/24/2015 - 21:13:02: Error log file session closed.
L 11/24/2015 - 21:13:02: SourceMod error session started
L 11/24/2015 - 21:13:02: Info (map "de_dust2") (file "errors_20151124.log")
L 11/24/2015 - 21:13:02: [SM] Plugin encountered error 25: Call was aborted
L 11/24/2015 - 21:13:02: [SM] Native "SetFailState" reported: CFG File not found: addons\sourcemod\configs\csgo_wpaints.cfg
L 11/24/2015 - 21:13:02: [SM] Displaying call stack trace for plugin "franug_weaponpaints.smx":
L 11/24/2015 - 21:13:02: [SM]   [0]  Line 394, franug_weaponpaints.sp::ReadPaints()
L 11/24/2015 - 21:13:02: [SM]   [1]  Line 101, franug_weaponpaints.sp::OnPluginStart()
L 11/24/2015 - 21:13:02: [admin-flatfile.smx] Error(s) detected parsing addons\sourcemod\configs\admins.cfg
L 11/24/2015 - 21:13:02: [admin-flatfile.smx]  (line 37) A property was declared outside of a section
L 11/24/2015 - 21:13:03: Failed to auto generate config for pugsetup.smx, make sure the directory has write permission.
L 11/24/2015 - 21:13:03: [pugsetup.smx] Missing map file: addons\sourcemod\configs\pugsetup\maps.txt
L 11/24/2015 - 21:13:03: [pugsetup.smx] Missing map file: addons\sourcemod\configs\pugsetup\aim_maps.txt
L 11/24/2015 - 21:17:49: [pugsetup.smx] Failed to open file for reading: cfg/sourcemod/pugsetup/knife.cfg
L 11/24/2015 - 21:17:49: [pugsetup.smx] Failed to save cvar values when executing sourcemod/pugsetup/knife.cfg
L 11/24/2015 - 21:57:42: Error log file session closed.
L 11/24/2015 - 21:57:43: SourceMod error session started
L 11/24/2015 - 21:57:43: Info (map "de_train") (file "errors_20151124.log")
L 11/24/2015 - 21:57:43: [SM] Plugin encountered error 25: Call was aborted
L 11/24/2015 - 21:57:43: [SM] Native "SetFailState" reported: CFG File not found: addons\sourcemod\configs\csgo_wpaints.cfg
L 11/24/2015 - 21:57:43: [SM] Displaying call stack trace for plugin "franug_weaponpaints.smx":
L 11/24/2015 - 21:57:43: [SM]   [0]  Line 394, franug_weaponpaints.sp::ReadPaints()
L 11/24/2015 - 21:57:43: [SM]   [1]  Line 101, franug_weaponpaints.sp::OnPluginStart()
L 11/24/2015 - 21:57:43: [admin-flatfile.smx] Error(s) detected parsing addons\sourcemod\configs\admins.cfg
L 11/24/2015 - 21:57:43: [admin-flatfile.smx]  (line 37) A property was declared outside of a section
L 11/24/2015 - 21:57:44: Failed to auto generate config for pugsetup.smx, make sure the directory has write permission.
L 11/24/2015 - 21:57:45: [pugsetup.smx] Missing map file: addons\sourcemod\configs\pugsetup\maps.txt
L 11/24/2015 - 21:57:45: [pugsetup.smx] Missing map file: addons\sourcemod\configs\pugsetup\aim_maps.txt
