L 12/07/2015 - 00:38:54: SourceMod error session started
L 12/07/2015 - 00:38:54: Info (map "kz_frozen_go") (file "errors_20151207.log")
L 12/07/2015 - 00:38:54: Error log file session closed.
L 12/07/2015 - 00:38:54: SourceMod error session started
L 12/07/2015 - 00:38:54: Info (map "kz_frozen_go") (file "errors_20151207.log")
L 12/07/2015 - 00:38:54: [SM] Plugin encountered error 25: Call was aborted
L 12/07/2015 - 00:38:54: [SM] Native "SetFailState" reported: CFG File not found: addons/sourcemod/configs/csgo_wpaints.cfg
L 12/07/2015 - 00:38:54: [SM] Displaying call stack trace for plugin "franug_weaponpaints.smx":
L 12/07/2015 - 00:38:54: [SM]   [0]  Line 394, franug_weaponpaints.sp::ReadPaints()
L 12/07/2015 - 00:38:54: [SM]   [1]  Line 101, franug_weaponpaints.sp::OnPluginStart()
L 12/07/2015 - 00:38:54: Failed to auto generate config for pugsetup.smx, make sure the directory has write permission.
L 12/07/2015 - 00:38:55: [pugsetup.smx] Missing map file: addons/sourcemod/configs/pugsetup/maps.txt
L 12/07/2015 - 00:38:55: [pugsetup.smx] Missing map file: addons/sourcemod/configs/pugsetup/aim_maps.txt
L 12/07/2015 - 00:59:31: SourceMod error session started
L 12/07/2015 - 00:59:31: Info (map "surf_prelude_ksf") (file "errors_20151207.log")
L 12/07/2015 - 00:59:31: [SM] Plugin encountered error 25: Call was aborted
L 12/07/2015 - 00:59:31: [SM] Native "SetFailState" reported: CFG File not found: addons/sourcemod/configs/csgo_wpaints.cfg
L 12/07/2015 - 00:59:31: [SM] Displaying call stack trace for plugin "franug_weaponpaints.smx":
L 12/07/2015 - 00:59:31: [SM]   [0]  Line 394, franug_weaponpaints.sp::ReadPaints()
L 12/07/2015 - 00:59:31: [SM]   [1]  Line 101, franug_weaponpaints.sp::OnPluginStart()
L 12/07/2015 - 00:59:32: Failed to auto generate config for pugsetup.smx, make sure the directory has write permission.
L 12/07/2015 - 01:00:59: SourceMod error session started
L 12/07/2015 - 01:00:59: Info (map "surf_prelude_ksf") (file "errors_20151207.log")
L 12/07/2015 - 01:00:59: [SM] Plugin encountered error 25: Call was aborted
L 12/07/2015 - 01:00:59: [SM] Native "SetFailState" reported: CFG File not found: addons/sourcemod/configs/csgo_wpaints.cfg
L 12/07/2015 - 01:00:59: [SM] Displaying call stack trace for plugin "franug_weaponpaints.smx":
L 12/07/2015 - 01:00:59: [SM]   [0]  Line 394, franug_weaponpaints.sp::ReadPaints()
L 12/07/2015 - 01:00:59: [SM]   [1]  Line 101, franug_weaponpaints.sp::OnPluginStart()
L 12/07/2015 - 01:00:59: Failed to auto generate config for pugsetup.smx, make sure the directory has write permission.
L 12/07/2015 - 01:14:24: Error log file session closed.
L 12/07/2015 - 01:14:24: SourceMod error session started
L 12/07/2015 - 01:14:24: Info (map "surf_prelude_ksf") (file "errors_20151207.log")
L 12/07/2015 - 01:14:24: [SM] Plugin encountered error 25: Call was aborted
L 12/07/2015 - 01:14:24: [SM] Native "SetFailState" reported: CFG File not found: addons/sourcemod/configs/csgo_wpaints.cfg
L 12/07/2015 - 01:14:24: [SM] Displaying call stack trace for plugin "franug_weaponpaints.smx":
L 12/07/2015 - 01:14:24: [SM]   [0]  Line 394, franug_weaponpaints.sp::ReadPaints()
L 12/07/2015 - 01:14:24: [SM]   [1]  Line 101, franug_weaponpaints.sp::OnPluginStart()
L 12/07/2015 - 01:14:25: Failed to auto generate config for pugsetup.smx, make sure the directory has write permission.
L 12/07/2015 - 01:14:25: [pugsetup.smx] Missing map file: addons/sourcemod/configs/pugsetup/maps.txt
L 12/07/2015 - 01:14:25: [pugsetup.smx] Missing map file: addons/sourcemod/configs/pugsetup/aim_maps.txt
L 12/07/2015 - 01:15:26: Error log file session closed.
L 12/07/2015 - 01:15:26: SourceMod error session started
L 12/07/2015 - 01:15:26: Info (map "surf_kitsune") (file "errors_20151207.log")
L 12/07/2015 - 01:15:26: [SM] Plugin encountered error 25: Call was aborted
L 12/07/2015 - 01:15:26: [SM] Native "SetFailState" reported: CFG File not found: addons/sourcemod/configs/csgo_wpaints.cfg
L 12/07/2015 - 01:15:26: [SM] Displaying call stack trace for plugin "franug_weaponpaints.smx":
L 12/07/2015 - 01:15:26: [SM]   [0]  Line 394, franug_weaponpaints.sp::ReadPaints()
L 12/07/2015 - 01:15:26: [SM]   [1]  Line 101, franug_weaponpaints.sp::OnPluginStart()
L 12/07/2015 - 01:15:27: Failed to auto generate config for pugsetup.smx, make sure the directory has write permission.
L 12/07/2015 - 01:15:27: [pugsetup.smx] Missing map file: addons/sourcemod/configs/pugsetup/maps.txt
L 12/07/2015 - 01:15:27: [pugsetup.smx] Missing map file: addons/sourcemod/configs/pugsetup/aim_maps.txt
L 12/07/2015 - 01:29:17: Error log file session closed.
L 12/07/2015 - 01:29:17: SourceMod error session started
L 12/07/2015 - 01:29:17: Info (map "surf_kitsune") (file "errors_20151207.log")
L 12/07/2015 - 01:29:17: [SM] Plugin encountered error 25: Call was aborted
L 12/07/2015 - 01:29:17: [SM] Native "SetFailState" reported: CFG File not found: addons/sourcemod/configs/csgo_wpaints.cfg
L 12/07/2015 - 01:29:17: [SM] Displaying call stack trace for plugin "franug_weaponpaints.smx":
L 12/07/2015 - 01:29:17: [SM]   [0]  Line 394, franug_weaponpaints.sp::ReadPaints()
L 12/07/2015 - 01:29:17: [SM]   [1]  Line 101, franug_weaponpaints.sp::OnPluginStart()
L 12/07/2015 - 01:29:18: Failed to auto generate config for pugsetup.smx, make sure the directory has write permission.
L 12/07/2015 - 01:29:18: [pugsetup.smx] Missing map file: addons/sourcemod/configs/pugsetup/maps.txt
L 12/07/2015 - 01:29:18: [pugsetup.smx] Missing map file: addons/sourcemod/configs/pugsetup/aim_maps.txt
L 12/07/2015 - 01:39:03: Error log file session closed.
L 12/07/2015 - 01:39:03: SourceMod error session started
L 12/07/2015 - 01:39:03: Info (map "surf_abyss_fix") (file "errors_20151207.log")
L 12/07/2015 - 01:39:03: [SM] Plugin encountered error 25: Call was aborted
L 12/07/2015 - 01:39:03: [SM] Native "SetFailState" reported: CFG File not found: addons/sourcemod/configs/csgo_wpaints.cfg
L 12/07/2015 - 01:39:03: [SM] Displaying call stack trace for plugin "franug_weaponpaints.smx":
L 12/07/2015 - 01:39:03: [SM]   [0]  Line 394, franug_weaponpaints.sp::ReadPaints()
L 12/07/2015 - 01:39:03: [SM]   [1]  Line 101, franug_weaponpaints.sp::OnPluginStart()
L 12/07/2015 - 01:39:04: Failed to auto generate config for pugsetup.smx, make sure the directory has write permission.
L 12/07/2015 - 01:39:04: [pugsetup.smx] Missing map file: addons/sourcemod/configs/pugsetup/maps.txt
L 12/07/2015 - 01:39:04: [pugsetup.smx] Missing map file: addons/sourcemod/configs/pugsetup/aim_maps.txt
L 12/07/2015 - 02:32:06: Error log file session closed.
L 12/07/2015 - 02:32:06: SourceMod error session started
L 12/07/2015 - 02:32:06: Info (map "surf_elysium") (file "errors_20151207.log")
L 12/07/2015 - 02:32:06: [SM] Plugin encountered error 25: Call was aborted
L 12/07/2015 - 02:32:06: [SM] Native "SetFailState" reported: CFG File not found: addons/sourcemod/configs/csgo_wpaints.cfg
L 12/07/2015 - 02:32:06: [SM] Displaying call stack trace for plugin "franug_weaponpaints.smx":
L 12/07/2015 - 02:32:06: [SM]   [0]  Line 394, franug_weaponpaints.sp::ReadPaints()
L 12/07/2015 - 02:32:06: [SM]   [1]  Line 101, franug_weaponpaints.sp::OnPluginStart()
L 12/07/2015 - 02:32:07: Failed to auto generate config for pugsetup.smx, make sure the directory has write permission.
L 12/07/2015 - 02:32:07: [pugsetup.smx] Missing map file: addons/sourcemod/configs/pugsetup/maps.txt
L 12/07/2015 - 02:32:07: [pugsetup.smx] Missing map file: addons/sourcemod/configs/pugsetup/aim_maps.txt
L 12/07/2015 - 02:57:09: Error log file session closed.
L 12/07/2015 - 02:57:09: SourceMod error session started
L 12/07/2015 - 02:57:09: Info (map "surf_elysium") (file "errors_20151207.log")
L 12/07/2015 - 02:57:09: [SM] Plugin encountered error 25: Call was aborted
L 12/07/2015 - 02:57:09: [SM] Native "SetFailState" reported: CFG File not found: addons/sourcemod/configs/csgo_wpaints.cfg
L 12/07/2015 - 02:57:09: [SM] Displaying call stack trace for plugin "franug_weaponpaints.smx":
L 12/07/2015 - 02:57:09: [SM]   [0]  Line 394, franug_weaponpaints.sp::ReadPaints()
L 12/07/2015 - 02:57:09: [SM]   [1]  Line 101, franug_weaponpaints.sp::OnPluginStart()
L 12/07/2015 - 02:57:09: Failed to auto generate config for pugsetup.smx, make sure the directory has write permission.
L 12/07/2015 - 02:57:09: [pugsetup.smx] Missing map file: addons/sourcemod/configs/pugsetup/maps.txt
L 12/07/2015 - 02:57:09: [pugsetup.smx] Missing map file: addons/sourcemod/configs/pugsetup/aim_maps.txt
L 12/07/2015 - 03:11:39: Error log file session closed.
L 12/07/2015 - 03:11:39: SourceMod error session started
L 12/07/2015 - 03:11:39: Info (map "surf_elysium") (file "errors_20151207.log")
L 12/07/2015 - 03:11:39: [SM] Plugin encountered error 25: Call was aborted
L 12/07/2015 - 03:11:39: [SM] Native "SetFailState" reported: CFG File not found: addons/sourcemod/configs/csgo_wpaints.cfg
L 12/07/2015 - 03:11:39: [SM] Displaying call stack trace for plugin "franug_weaponpaints.smx":
L 12/07/2015 - 03:11:39: [SM]   [0]  Line 394, franug_weaponpaints.sp::ReadPaints()
L 12/07/2015 - 03:11:39: [SM]   [1]  Line 101, franug_weaponpaints.sp::OnPluginStart()
L 12/07/2015 - 03:11:39: Failed to auto generate config for pugsetup.smx, make sure the directory has write permission.
L 12/07/2015 - 03:11:39: [pugsetup.smx] Missing map file: addons/sourcemod/configs/pugsetup/maps.txt
L 12/07/2015 - 03:11:39: [pugsetup.smx] Missing map file: addons/sourcemod/configs/pugsetup/aim_maps.txt
L 12/07/2015 - 03:12:23: Error log file session closed.
L 12/07/2015 - 03:12:23: SourceMod error session started
L 12/07/2015 - 03:12:23: Info (map "de_dust2snow") (file "errors_20151207.log")
L 12/07/2015 - 03:12:23: [SM] Plugin encountered error 25: Call was aborted
L 12/07/2015 - 03:12:23: [SM] Native "SetFailState" reported: CFG File not found: addons/sourcemod/configs/csgo_wpaints.cfg
L 12/07/2015 - 03:12:23: [SM] Displaying call stack trace for plugin "franug_weaponpaints.smx":
L 12/07/2015 - 03:12:23: [SM]   [0]  Line 394, franug_weaponpaints.sp::ReadPaints()
L 12/07/2015 - 03:12:23: [SM]   [1]  Line 101, franug_weaponpaints.sp::OnPluginStart()
L 12/07/2015 - 03:12:24: Failed to auto generate config for pugsetup.smx, make sure the directory has write permission.
L 12/07/2015 - 03:12:24: [pugsetup.smx] Missing map file: addons/sourcemod/configs/pugsetup/maps.txt
L 12/07/2015 - 03:12:24: [pugsetup.smx] Missing map file: addons/sourcemod/configs/pugsetup/aim_maps.txt
L 12/07/2015 - 03:25:32: Error log file session closed.
L 12/07/2015 - 03:25:32: SourceMod error session started
L 12/07/2015 - 03:25:32: Info (map "de_mirage") (file "errors_20151207.log")
L 12/07/2015 - 03:25:32: [SM] Plugin encountered error 25: Call was aborted
L 12/07/2015 - 03:25:32: [SM] Native "SetFailState" reported: CFG File not found: addons/sourcemod/configs/csgo_wpaints.cfg
L 12/07/2015 - 03:25:32: [SM] Displaying call stack trace for plugin "franug_weaponpaints.smx":
L 12/07/2015 - 03:25:32: [SM]   [0]  Line 394, franug_weaponpaints.sp::ReadPaints()
L 12/07/2015 - 03:25:32: [SM]   [1]  Line 101, franug_weaponpaints.sp::OnPluginStart()
L 12/07/2015 - 03:25:33: Failed to auto generate config for pugsetup.smx, make sure the directory has write permission.
L 12/07/2015 - 03:25:33: [pugsetup.smx] Missing map file: addons/sourcemod/configs/pugsetup/maps.txt
L 12/07/2015 - 03:25:33: [pugsetup.smx] Missing map file: addons/sourcemod/configs/pugsetup/aim_maps.txt
L 12/07/2015 - 03:34:39: SourceMod error session started
L 12/07/2015 - 03:34:39: Info (map "de_dust2") (file "errors_20151207.log")
L 12/07/2015 - 03:34:39: [SM] Plugin encountered error 25: Call was aborted
L 12/07/2015 - 03:34:39: [SM] Native "SetFailState" reported: CFG File not found: addons/sourcemod/configs/csgo_wpaints.cfg
L 12/07/2015 - 03:34:39: [SM] Displaying call stack trace for plugin "franug_weaponpaints.smx":
L 12/07/2015 - 03:34:39: [SM]   [0]  Line 394, franug_weaponpaints.sp::ReadPaints()
L 12/07/2015 - 03:34:39: [SM]   [1]  Line 101, franug_weaponpaints.sp::OnPluginStart()
L 12/07/2015 - 03:34:40: Failed to auto generate config for pugsetup.smx, make sure the directory has write permission.
L 12/07/2015 - 04:19:47: Error log file session closed.
L 12/07/2015 - 04:19:47: SourceMod error session started
L 12/07/2015 - 04:19:47: Info (map "de_dust2") (file "errors_20151207.log")
L 12/07/2015 - 04:19:47: [SM] Plugin encountered error 25: Call was aborted
L 12/07/2015 - 04:19:47: [SM] Native "SetFailState" reported: CFG File not found: addons/sourcemod/configs/csgo_wpaints.cfg
L 12/07/2015 - 04:19:47: [SM] Displaying call stack trace for plugin "franug_weaponpaints.smx":
L 12/07/2015 - 04:19:47: [SM]   [0]  Line 394, franug_weaponpaints.sp::ReadPaints()
L 12/07/2015 - 04:19:47: [SM]   [1]  Line 101, franug_weaponpaints.sp::OnPluginStart()
L 12/07/2015 - 04:19:47: [pugsetup.smx] Missing map file: addons/sourcemod/configs/pugsetup/maps.txt
L 12/07/2015 - 04:19:47: [pugsetup.smx] Missing map file: addons/sourcemod/configs/pugsetup/aim_maps.txt
L 12/07/2015 - 04:19:47: Failed to auto generate config for pugsetup.smx, make sure the directory has write permission.
L 12/07/2015 - 04:33:29: Error log file session closed.
L 12/07/2015 - 04:33:29: SourceMod error session started
L 12/07/2015 - 04:33:29: Info (map "de_overpass") (file "errors_20151207.log")
L 12/07/2015 - 04:33:29: [SM] Plugin encountered error 25: Call was aborted
L 12/07/2015 - 04:33:29: [SM] Native "SetFailState" reported: CFG File not found: addons/sourcemod/configs/csgo_wpaints.cfg
L 12/07/2015 - 04:33:29: [SM] Displaying call stack trace for plugin "franug_weaponpaints.smx":
L 12/07/2015 - 04:33:29: [SM]   [0]  Line 394, franug_weaponpaints.sp::ReadPaints()
L 12/07/2015 - 04:33:29: [SM]   [1]  Line 101, franug_weaponpaints.sp::OnPluginStart()
L 12/07/2015 - 04:33:30: Failed to auto generate config for pugsetup.smx, make sure the directory has write permission.
L 12/07/2015 - 04:33:30: [pugsetup.smx] Missing map file: addons/sourcemod/configs/pugsetup/maps.txt
L 12/07/2015 - 04:33:30: [pugsetup.smx] Missing map file: addons/sourcemod/configs/pugsetup/aim_maps.txt
L 12/07/2015 - 04:36:13: [pugsetup.smx] Failed to open file for reading: cfg/sourcemod/pugsetup/knife.cfg
L 12/07/2015 - 04:36:13: [pugsetup.smx] Failed to save cvar values when executing sourcemod/pugsetup/knife.cfg
L 12/07/2015 - 05:35:26: SourceMod error session started
L 12/07/2015 - 05:35:26: Info (map "surf_prelude_ksf") (file "errors_20151207.log")
L 12/07/2015 - 05:35:26: [SM] Plugin encountered error 25: Call was aborted
L 12/07/2015 - 05:35:26: [SM] Native "SetFailState" reported: CFG File not found: addons/sourcemod/configs/csgo_wpaints.cfg
L 12/07/2015 - 05:35:26: [SM] Displaying call stack trace for plugin "franug_weaponpaints.smx":
L 12/07/2015 - 05:35:26: [SM]   [0]  Line 394, franug_weaponpaints.sp::ReadPaints()
L 12/07/2015 - 05:35:26: [SM]   [1]  Line 101, franug_weaponpaints.sp::OnPluginStart()
L 12/07/2015 - 05:35:27: Failed to auto generate config for pugsetup.smx, make sure the directory has write permission.
L 12/07/2015 - 05:36:20: SourceMod error session started
L 12/07/2015 - 05:36:20: Info (map "surf_prelude_ksf") (file "errors_20151207.log")
L 12/07/2015 - 05:36:20: [SM] Plugin encountered error 25: Call was aborted
L 12/07/2015 - 05:36:20: [SM] Native "SetFailState" reported: CFG File not found: addons/sourcemod/configs/csgo_wpaints.cfg
L 12/07/2015 - 05:36:20: [SM] Displaying call stack trace for plugin "franug_weaponpaints.smx":
L 12/07/2015 - 05:36:20: [SM]   [0]  Line 394, franug_weaponpaints.sp::ReadPaints()
L 12/07/2015 - 05:36:20: [SM]   [1]  Line 101, franug_weaponpaints.sp::OnPluginStart()
L 12/07/2015 - 05:36:21: Failed to auto generate config for pugsetup.smx, make sure the directory has write permission.
L 12/07/2015 - 14:23:03: Error log file session closed.
L 12/07/2015 - 14:23:03: SourceMod error session started
L 12/07/2015 - 14:23:03: Info (map "surf_prelude_ksf") (file "errors_20151207.log")
L 12/07/2015 - 14:23:03: [SM] Plugin encountered error 25: Call was aborted
L 12/07/2015 - 14:23:03: [SM] Native "SetFailState" reported: CFG File not found: addons/sourcemod/configs/csgo_wpaints.cfg
L 12/07/2015 - 14:23:03: [SM] Displaying call stack trace for plugin "franug_weaponpaints.smx":
L 12/07/2015 - 14:23:03: [SM]   [0]  Line 394, franug_weaponpaints.sp::ReadPaints()
L 12/07/2015 - 14:23:03: [SM]   [1]  Line 101, franug_weaponpaints.sp::OnPluginStart()
L 12/07/2015 - 14:23:05: Failed to auto generate config for pugsetup.smx, make sure the directory has write permission.
L 12/07/2015 - 14:23:27: [pugsetup.smx] Missing map file: addons/sourcemod/configs/pugsetup/maps.txt
L 12/07/2015 - 14:23:27: [pugsetup.smx] Missing map file: addons/sourcemod/configs/pugsetup/aim_maps.txt
L 12/07/2015 - 14:23:59: Error log file session closed.
L 12/07/2015 - 14:23:59: SourceMod error session started
L 12/07/2015 - 14:23:59: Info (map "surf_prelude_ksf") (file "errors_20151207.log")
L 12/07/2015 - 14:23:59: [SM] Plugin encountered error 25: Call was aborted
L 12/07/2015 - 14:23:59: [SM] Native "SetFailState" reported: CFG File not found: addons/sourcemod/configs/csgo_wpaints.cfg
L 12/07/2015 - 14:23:59: [SM] Displaying call stack trace for plugin "franug_weaponpaints.smx":
L 12/07/2015 - 14:23:59: [SM]   [0]  Line 394, franug_weaponpaints.sp::ReadPaints()
L 12/07/2015 - 14:23:59: [SM]   [1]  Line 101, franug_weaponpaints.sp::OnPluginStart()
L 12/07/2015 - 14:23:59: Failed to auto generate config for pugsetup.smx, make sure the directory has write permission.
L 12/07/2015 - 14:23:59: [pugsetup.smx] Missing map file: addons/sourcemod/configs/pugsetup/maps.txt
L 12/07/2015 - 14:23:59: [pugsetup.smx] Missing map file: addons/sourcemod/configs/pugsetup/aim_maps.txt
L 12/07/2015 - 14:24:22: Error log file session closed.
L 12/07/2015 - 14:24:22: SourceMod error session started
L 12/07/2015 - 14:24:22: Info (map "surf_prelude_ksf") (file "errors_20151207.log")
L 12/07/2015 - 14:24:22: [SM] Plugin encountered error 25: Call was aborted
L 12/07/2015 - 14:24:22: [SM] Native "SetFailState" reported: CFG File not found: addons/sourcemod/configs/csgo_wpaints.cfg
L 12/07/2015 - 14:24:22: [SM] Displaying call stack trace for plugin "franug_weaponpaints.smx":
L 12/07/2015 - 14:24:22: [SM]   [0]  Line 394, franug_weaponpaints.sp::ReadPaints()
L 12/07/2015 - 14:24:22: [SM]   [1]  Line 101, franug_weaponpaints.sp::OnPluginStart()
L 12/07/2015 - 14:24:23: Failed to auto generate config for pugsetup.smx, make sure the directory has write permission.
L 12/07/2015 - 14:24:23: [pugsetup.smx] Missing map file: addons/sourcemod/configs/pugsetup/maps.txt
L 12/07/2015 - 14:24:23: [pugsetup.smx] Missing map file: addons/sourcemod/configs/pugsetup/aim_maps.txt
L 12/07/2015 - 14:36:35: Error log file session closed.
L 12/07/2015 - 14:36:35: SourceMod error session started
L 12/07/2015 - 14:36:35: Info (map "surf_prelude_ksf") (file "errors_20151207.log")
L 12/07/2015 - 14:36:35: [SM] Plugin encountered error 25: Call was aborted
L 12/07/2015 - 14:36:35: [SM] Native "SetFailState" reported: CFG File not found: addons/sourcemod/configs/csgo_wpaints.cfg
L 12/07/2015 - 14:36:35: [SM] Displaying call stack trace for plugin "franug_weaponpaints.smx":
L 12/07/2015 - 14:36:35: [SM]   [0]  Line 394, franug_weaponpaints.sp::ReadPaints()
L 12/07/2015 - 14:36:35: [SM]   [1]  Line 101, franug_weaponpaints.sp::OnPluginStart()
L 12/07/2015 - 14:36:36: Failed to auto generate config for pugsetup.smx, make sure the directory has write permission.
L 12/07/2015 - 14:36:36: [pugsetup.smx] Missing map file: addons/sourcemod/configs/pugsetup/maps.txt
L 12/07/2015 - 14:36:36: [pugsetup.smx] Missing map file: addons/sourcemod/configs/pugsetup/aim_maps.txt
L 12/07/2015 - 14:48:34: Error log file session closed.
L 12/07/2015 - 14:48:34: SourceMod error session started
L 12/07/2015 - 14:48:34: Info (map "surf_year3000") (file "errors_20151207.log")
L 12/07/2015 - 14:48:34: [SM] Plugin encountered error 25: Call was aborted
L 12/07/2015 - 14:48:34: [SM] Native "SetFailState" reported: CFG File not found: addons/sourcemod/configs/csgo_wpaints.cfg
L 12/07/2015 - 14:48:34: [SM] Displaying call stack trace for plugin "franug_weaponpaints.smx":
L 12/07/2015 - 14:48:34: [SM]   [0]  Line 394, franug_weaponpaints.sp::ReadPaints()
L 12/07/2015 - 14:48:34: [SM]   [1]  Line 101, franug_weaponpaints.sp::OnPluginStart()
L 12/07/2015 - 14:48:51: SourceMod error session started
L 12/07/2015 - 14:48:51: Info (map "surf_prelude_ksf") (file "errors_20151207.log")
L 12/07/2015 - 14:48:51: [SM] Plugin encountered error 25: Call was aborted
L 12/07/2015 - 14:48:51: [SM] Native "SetFailState" reported: CFG File not found: addons/sourcemod/configs/csgo_wpaints.cfg
L 12/07/2015 - 14:48:51: [SM] Displaying call stack trace for plugin "franug_weaponpaints.smx":
L 12/07/2015 - 14:48:51: [SM]   [0]  Line 394, franug_weaponpaints.sp::ReadPaints()
L 12/07/2015 - 14:48:51: [SM]   [1]  Line 101, franug_weaponpaints.sp::OnPluginStart()
L 12/07/2015 - 14:48:52: Failed to auto generate config for pugsetup.smx, make sure the directory has write permission.
L 12/07/2015 - 18:48:54: Error log file session closed.
L 12/07/2015 - 18:48:54: SourceMod error session started
L 12/07/2015 - 18:48:54: Info (map "surf_prelude_ksf") (file "errors_20151207.log")
L 12/07/2015 - 18:48:54: [SM] Plugin encountered error 25: Call was aborted
L 12/07/2015 - 18:48:54: [SM] Native "SetFailState" reported: CFG File not found: addons/sourcemod/configs/csgo_wpaints.cfg
L 12/07/2015 - 18:48:54: [SM] Displaying call stack trace for plugin "franug_weaponpaints.smx":
L 12/07/2015 - 18:48:54: [SM]   [0]  Line 394, franug_weaponpaints.sp::ReadPaints()
L 12/07/2015 - 18:48:54: [SM]   [1]  Line 101, franug_weaponpaints.sp::OnPluginStart()
L 12/07/2015 - 18:48:54: Failed to auto generate config for pugsetup.smx, make sure the directory has write permission.
L 12/07/2015 - 18:48:54: [pugsetup.smx] Missing map file: addons/sourcemod/configs/pugsetup/maps.txt
L 12/07/2015 - 18:48:54: [pugsetup.smx] Missing map file: addons/sourcemod/configs/pugsetup/aim_maps.txt
L 12/07/2015 - 18:51:26: Error log file session closed.
L 12/07/2015 - 18:51:26: SourceMod error session started
L 12/07/2015 - 18:51:26: Info (map "surf_fruits") (file "errors_20151207.log")
L 12/07/2015 - 18:51:26: [SM] Plugin encountered error 25: Call was aborted
L 12/07/2015 - 18:51:26: [SM] Native "SetFailState" reported: CFG File not found: addons/sourcemod/configs/csgo_wpaints.cfg
L 12/07/2015 - 18:51:26: [SM] Displaying call stack trace for plugin "franug_weaponpaints.smx":
L 12/07/2015 - 18:51:26: [SM]   [0]  Line 394, franug_weaponpaints.sp::ReadPaints()
L 12/07/2015 - 18:51:26: [SM]   [1]  Line 101, franug_weaponpaints.sp::OnPluginStart()
L 12/07/2015 - 18:51:27: Failed to auto generate config for pugsetup.smx, make sure the directory has write permission.
L 12/07/2015 - 18:51:27: [pugsetup.smx] Missing map file: addons/sourcemod/configs/pugsetup/maps.txt
L 12/07/2015 - 18:51:27: [pugsetup.smx] Missing map file: addons/sourcemod/configs/pugsetup/aim_maps.txt
L 12/07/2015 - 19:12:55: Error log file session closed.
L 12/07/2015 - 19:12:55: SourceMod error session started
L 12/07/2015 - 19:12:55: Info (map "surf_fruits") (file "errors_20151207.log")
L 12/07/2015 - 19:12:55: [SM] Plugin encountered error 25: Call was aborted
L 12/07/2015 - 19:12:55: [SM] Native "SetFailState" reported: CFG File not found: addons/sourcemod/configs/csgo_wpaints.cfg
L 12/07/2015 - 19:12:55: [SM] Displaying call stack trace for plugin "franug_weaponpaints.smx":
L 12/07/2015 - 19:12:55: [SM]   [0]  Line 394, franug_weaponpaints.sp::ReadPaints()
L 12/07/2015 - 19:12:55: [SM]   [1]  Line 101, franug_weaponpaints.sp::OnPluginStart()
L 12/07/2015 - 19:12:56: Failed to auto generate config for pugsetup.smx, make sure the directory has write permission.
L 12/07/2015 - 19:12:56: [pugsetup.smx] Missing map file: addons/sourcemod/configs/pugsetup/maps.txt
L 12/07/2015 - 19:12:56: [pugsetup.smx] Missing map file: addons/sourcemod/configs/pugsetup/aim_maps.txt
L 12/07/2015 - 19:14:41: Error log file session closed.
L 12/07/2015 - 19:14:41: SourceMod error session started
L 12/07/2015 - 19:14:41: Info (map "de_dust2snow") (file "errors_20151207.log")
L 12/07/2015 - 19:14:41: [SM] Plugin encountered error 25: Call was aborted
L 12/07/2015 - 19:14:41: [SM] Native "SetFailState" reported: CFG File not found: addons/sourcemod/configs/csgo_wpaints.cfg
L 12/07/2015 - 19:14:41: [SM] Displaying call stack trace for plugin "franug_weaponpaints.smx":
L 12/07/2015 - 19:14:41: [SM]   [0]  Line 394, franug_weaponpaints.sp::ReadPaints()
L 12/07/2015 - 19:14:41: [SM]   [1]  Line 101, franug_weaponpaints.sp::OnPluginStart()
L 12/07/2015 - 19:14:41: Failed to auto generate config for pugsetup.smx, make sure the directory has write permission.
L 12/07/2015 - 19:14:42: [pugsetup.smx] Missing map file: addons/sourcemod/configs/pugsetup/maps.txt
L 12/07/2015 - 19:14:42: [pugsetup.smx] Missing map file: addons/sourcemod/configs/pugsetup/aim_maps.txt
L 12/07/2015 - 19:15:50: SourceMod error session started
L 12/07/2015 - 19:15:50: Info (map "de_dust2") (file "errors_20151207.log")
L 12/07/2015 - 19:15:50: [SM] Plugin encountered error 25: Call was aborted
L 12/07/2015 - 19:15:50: [SM] Native "SetFailState" reported: CFG File not found: addons/sourcemod/configs/csgo_wpaints.cfg
L 12/07/2015 - 19:15:50: [SM] Displaying call stack trace for plugin "franug_weaponpaints.smx":
L 12/07/2015 - 19:15:50: [SM]   [0]  Line 394, franug_weaponpaints.sp::ReadPaints()
L 12/07/2015 - 19:15:50: [SM]   [1]  Line 101, franug_weaponpaints.sp::OnPluginStart()
L 12/07/2015 - 19:15:51: Failed to auto generate config for pugsetup.smx, make sure the directory has write permission.
L 12/07/2015 - 19:16:04: Error log file session closed.
L 12/07/2015 - 19:16:04: SourceMod error session started
L 12/07/2015 - 19:16:04: Info (map "de_dust2") (file "errors_20151207.log")
L 12/07/2015 - 19:16:04: [SM] Plugin encountered error 25: Call was aborted
L 12/07/2015 - 19:16:04: [SM] Native "SetFailState" reported: CFG File not found: addons/sourcemod/configs/csgo_wpaints.cfg
L 12/07/2015 - 19:16:04: [SM] Displaying call stack trace for plugin "franug_weaponpaints.smx":
L 12/07/2015 - 19:16:04: [SM]   [0]  Line 394, franug_weaponpaints.sp::ReadPaints()
L 12/07/2015 - 19:16:04: [SM]   [1]  Line 101, franug_weaponpaints.sp::OnPluginStart()
L 12/07/2015 - 19:16:04: Failed to auto generate config for pugsetup.smx, make sure the directory has write permission.
L 12/07/2015 - 19:16:04: [pugsetup.smx] Missing map file: addons/sourcemod/configs/pugsetup/maps.txt
L 12/07/2015 - 19:16:04: [pugsetup.smx] Missing map file: addons/sourcemod/configs/pugsetup/aim_maps.txt
L 12/07/2015 - 19:17:42: Error log file session closed.
L 12/07/2015 - 19:17:42: SourceMod error session started
L 12/07/2015 - 19:17:42: Info (map "de_d2night") (file "errors_20151207.log")
L 12/07/2015 - 19:17:42: [SM] Plugin encountered error 25: Call was aborted
L 12/07/2015 - 19:17:42: [SM] Native "SetFailState" reported: CFG File not found: addons/sourcemod/configs/csgo_wpaints.cfg
L 12/07/2015 - 19:17:42: [SM] Displaying call stack trace for plugin "franug_weaponpaints.smx":
L 12/07/2015 - 19:17:42: [SM]   [0]  Line 394, franug_weaponpaints.sp::ReadPaints()
L 12/07/2015 - 19:17:42: [SM]   [1]  Line 101, franug_weaponpaints.sp::OnPluginStart()
L 12/07/2015 - 19:17:43: Failed to auto generate config for pugsetup.smx, make sure the directory has write permission.
L 12/07/2015 - 19:17:43: [pugsetup.smx] Missing map file: addons/sourcemod/configs/pugsetup/maps.txt
L 12/07/2015 - 19:17:43: [pugsetup.smx] Missing map file: addons/sourcemod/configs/pugsetup/aim_maps.txt
L 12/07/2015 - 19:21:23: Error log file session closed.
L 12/07/2015 - 19:21:23: SourceMod error session started
L 12/07/2015 - 19:21:23: Info (map "de_cache") (file "errors_20151207.log")
L 12/07/2015 - 19:21:23: [SM] Plugin encountered error 25: Call was aborted
L 12/07/2015 - 19:21:23: [SM] Native "SetFailState" reported: CFG File not found: addons/sourcemod/configs/csgo_wpaints.cfg
L 12/07/2015 - 19:21:23: [SM] Displaying call stack trace for plugin "franug_weaponpaints.smx":
L 12/07/2015 - 19:21:23: [SM]   [0]  Line 394, franug_weaponpaints.sp::ReadPaints()
L 12/07/2015 - 19:21:23: [SM]   [1]  Line 101, franug_weaponpaints.sp::OnPluginStart()
L 12/07/2015 - 19:21:24: Failed to auto generate config for pugsetup.smx, make sure the directory has write permission.
L 12/07/2015 - 19:21:24: [pugsetup.smx] Missing map file: addons/sourcemod/configs/pugsetup/maps.txt
L 12/07/2015 - 19:21:24: [pugsetup.smx] Missing map file: addons/sourcemod/configs/pugsetup/aim_maps.txt
L 12/07/2015 - 19:22:01: Error log file session closed.
L 12/07/2015 - 19:22:03: SourceMod error session started
L 12/07/2015 - 19:22:03: Info (map "de_d2night") (file "errors_20151207.log")
L 12/07/2015 - 19:22:03: [SM] Plugin encountered error 25: Call was aborted
L 12/07/2015 - 19:22:03: [SM] Native "SetFailState" reported: CFG File not found: addons/sourcemod/configs/csgo_wpaints.cfg
L 12/07/2015 - 19:22:03: [SM] Displaying call stack trace for plugin "franug_weaponpaints.smx":
L 12/07/2015 - 19:22:03: [SM]   [0]  Line 394, franug_weaponpaints.sp::ReadPaints()
L 12/07/2015 - 19:22:03: [SM]   [1]  Line 101, franug_weaponpaints.sp::OnPluginStart()
L 12/07/2015 - 19:22:03: Failed to auto generate config for pugsetup.smx, make sure the directory has write permission.
L 12/07/2015 - 19:22:03: [pugsetup.smx] Missing map file: addons/sourcemod/configs/pugsetup/maps.txt
L 12/07/2015 - 19:22:03: [pugsetup.smx] Missing map file: addons/sourcemod/configs/pugsetup/aim_maps.txt
L 12/07/2015 - 20:04:21: Error log file session closed.
L 12/07/2015 - 20:04:21: SourceMod error session started
L 12/07/2015 - 20:04:21: Info (map "de_cbble") (file "errors_20151207.log")
L 12/07/2015 - 20:04:21: [SM] Plugin encountered error 25: Call was aborted
L 12/07/2015 - 20:04:21: [SM] Native "SetFailState" reported: CFG File not found: addons/sourcemod/configs/csgo_wpaints.cfg
L 12/07/2015 - 20:04:21: [SM] Displaying call stack trace for plugin "franug_weaponpaints.smx":
L 12/07/2015 - 20:04:21: [SM]   [0]  Line 394, franug_weaponpaints.sp::ReadPaints()
L 12/07/2015 - 20:04:21: [SM]   [1]  Line 101, franug_weaponpaints.sp::OnPluginStart()
L 12/07/2015 - 20:04:22: Failed to auto generate config for pugsetup.smx, make sure the directory has write permission.
L 12/07/2015 - 20:04:22: [pugsetup.smx] Missing map file: addons/sourcemod/configs/pugsetup/maps.txt
L 12/07/2015 - 20:04:22: [pugsetup.smx] Missing map file: addons/sourcemod/configs/pugsetup/aim_maps.txt
L 12/07/2015 - 20:06:29: [pugsetup.smx] Failed to open file for reading: cfg/sourcemod/pugsetup/knife.cfg
L 12/07/2015 - 20:06:29: [pugsetup.smx] Failed to save cvar values when executing sourcemod/pugsetup/knife.cfg
L 12/07/2015 - 20:17:08: SourceMod error session started
L 12/07/2015 - 20:17:08: Info (map "de_dust2") (file "errors_20151207.log")
L 12/07/2015 - 20:17:08: [SM] Plugin encountered error 25: Call was aborted
L 12/07/2015 - 20:17:08: [SM] Native "SetFailState" reported: CFG File not found: addons/sourcemod/configs/csgo_wpaints.cfg
L 12/07/2015 - 20:17:08: [SM] Displaying call stack trace for plugin "franug_weaponpaints.smx":
L 12/07/2015 - 20:17:08: [SM]   [0]  Line 394, franug_weaponpaints.sp::ReadPaints()
L 12/07/2015 - 20:17:08: [SM]   [1]  Line 101, franug_weaponpaints.sp::OnPluginStart()
L 12/07/2015 - 20:17:09: Failed to auto generate config for pugsetup.smx, make sure the directory has write permission.
L 12/07/2015 - 20:17:31: Error log file session closed.
L 12/07/2015 - 20:17:31: SourceMod error session started
L 12/07/2015 - 20:17:31: Info (map "de_dust2") (file "errors_20151207.log")
L 12/07/2015 - 20:17:31: [SM] Plugin encountered error 25: Call was aborted
L 12/07/2015 - 20:17:31: [SM] Native "SetFailState" reported: CFG File not found: addons/sourcemod/configs/csgo_wpaints.cfg
L 12/07/2015 - 20:17:31: [SM] Displaying call stack trace for plugin "franug_weaponpaints.smx":
L 12/07/2015 - 20:17:31: [SM]   [0]  Line 394, franug_weaponpaints.sp::ReadPaints()
L 12/07/2015 - 20:17:31: [SM]   [1]  Line 101, franug_weaponpaints.sp::OnPluginStart()
L 12/07/2015 - 20:17:31: [pugsetup.smx] Missing map file: addons/sourcemod/configs/pugsetup/maps.txt
L 12/07/2015 - 20:17:31: [pugsetup.smx] Missing map file: addons/sourcemod/configs/pugsetup/aim_maps.txt
L 12/07/2015 - 20:17:32: Failed to auto generate config for pugsetup.smx, make sure the directory has write permission.
L 12/07/2015 - 20:18:01: Error log file session closed.
L 12/07/2015 - 20:18:01: SourceMod error session started
L 12/07/2015 - 20:18:01: Info (map "de_dust2") (file "errors_20151207.log")
L 12/07/2015 - 20:18:01: [SM] Plugin encountered error 25: Call was aborted
L 12/07/2015 - 20:18:01: [SM] Native "SetFailState" reported: CFG File not found: addons/sourcemod/configs/csgo_wpaints.cfg
L 12/07/2015 - 20:18:01: [SM] Displaying call stack trace for plugin "franug_weaponpaints.smx":
L 12/07/2015 - 20:18:01: [SM]   [0]  Line 394, franug_weaponpaints.sp::ReadPaints()
L 12/07/2015 - 20:18:01: [SM]   [1]  Line 101, franug_weaponpaints.sp::OnPluginStart()
L 12/07/2015 - 20:18:01: Failed to auto generate config for pugsetup.smx, make sure the directory has write permission.
L 12/07/2015 - 20:18:01: [pugsetup.smx] Missing map file: addons/sourcemod/configs/pugsetup/maps.txt
L 12/07/2015 - 20:18:01: [pugsetup.smx] Missing map file: addons/sourcemod/configs/pugsetup/aim_maps.txt
L 12/07/2015 - 21:52:41: Error log file session closed.
L 12/07/2015 - 21:52:41: SourceMod error session started
L 12/07/2015 - 21:52:41: Info (map "de_dust2") (file "errors_20151207.log")
L 12/07/2015 - 21:52:41: [SM] Plugin encountered error 25: Call was aborted
L 12/07/2015 - 21:52:41: [SM] Native "SetFailState" reported: CFG File not found: addons/sourcemod/configs/csgo_wpaints.cfg
L 12/07/2015 - 21:52:41: [SM] Displaying call stack trace for plugin "franug_weaponpaints.smx":
L 12/07/2015 - 21:52:41: [SM]   [0]  Line 394, franug_weaponpaints.sp::ReadPaints()
L 12/07/2015 - 21:52:41: [SM]   [1]  Line 101, franug_weaponpaints.sp::OnPluginStart()
L 12/07/2015 - 21:52:42: Failed to auto generate config for pugsetup.smx, make sure the directory has write permission.
L 12/07/2015 - 21:52:42: [pugsetup.smx] Missing map file: addons/sourcemod/configs/pugsetup/maps.txt
L 12/07/2015 - 21:52:42: [pugsetup.smx] Missing map file: addons/sourcemod/configs/pugsetup/aim_maps.txt
L 12/07/2015 - 21:55:07: SourceMod error session started
L 12/07/2015 - 21:55:07: Info (map "surf_prelude_ksf") (file "errors_20151207.log")
L 12/07/2015 - 21:55:07: [SM] Plugin encountered error 25: Call was aborted
L 12/07/2015 - 21:55:07: [SM] Native "SetFailState" reported: CFG File not found: addons/sourcemod/configs/csgo_wpaints.cfg
L 12/07/2015 - 21:55:07: [SM] Displaying call stack trace for plugin "franug_weaponpaints.smx":
L 12/07/2015 - 21:55:07: [SM]   [0]  Line 394, franug_weaponpaints.sp::ReadPaints()
L 12/07/2015 - 21:55:07: [SM]   [1]  Line 101, franug_weaponpaints.sp::OnPluginStart()
L 12/07/2015 - 21:55:08: Failed to auto generate config for pugsetup.smx, make sure the directory has write permission.
L 12/07/2015 - 21:59:20: Error log file session closed.
L 12/07/2015 - 21:59:20: SourceMod error session started
L 12/07/2015 - 21:59:20: Info (map "surf_prelude_ksf") (file "errors_20151207.log")
L 12/07/2015 - 21:59:20: [SM] Plugin encountered error 25: Call was aborted
L 12/07/2015 - 21:59:20: [SM] Native "SetFailState" reported: CFG File not found: addons/sourcemod/configs/csgo_wpaints.cfg
L 12/07/2015 - 21:59:20: [SM] Displaying call stack trace for plugin "franug_weaponpaints.smx":
L 12/07/2015 - 21:59:20: [SM]   [0]  Line 394, franug_weaponpaints.sp::ReadPaints()
L 12/07/2015 - 21:59:20: [SM]   [1]  Line 101, franug_weaponpaints.sp::OnPluginStart()
L 12/07/2015 - 21:59:21: Failed to auto generate config for pugsetup.smx, make sure the directory has write permission.
L 12/07/2015 - 21:59:21: [pugsetup.smx] Missing map file: addons/sourcemod/configs/pugsetup/maps.txt
L 12/07/2015 - 21:59:21: [pugsetup.smx] Missing map file: addons/sourcemod/configs/pugsetup/aim_maps.txt
L 12/07/2015 - 22:07:29: Error log file session closed.
L 12/07/2015 - 22:07:29: SourceMod error session started
L 12/07/2015 - 22:07:29: Info (map "surf_cubic") (file "errors_20151207.log")
L 12/07/2015 - 22:07:29: [SM] Plugin encountered error 25: Call was aborted
L 12/07/2015 - 22:07:29: [SM] Native "SetFailState" reported: CFG File not found: addons/sourcemod/configs/csgo_wpaints.cfg
L 12/07/2015 - 22:07:29: [SM] Displaying call stack trace for plugin "franug_weaponpaints.smx":
L 12/07/2015 - 22:07:29: [SM]   [0]  Line 394, franug_weaponpaints.sp::ReadPaints()
L 12/07/2015 - 22:07:29: [SM]   [1]  Line 101, franug_weaponpaints.sp::OnPluginStart()
L 12/07/2015 - 22:07:29: Failed to auto generate config for pugsetup.smx, make sure the directory has write permission.
L 12/07/2015 - 22:07:29: [pugsetup.smx] Missing map file: addons/sourcemod/configs/pugsetup/maps.txt
L 12/07/2015 - 22:07:29: [pugsetup.smx] Missing map file: addons/sourcemod/configs/pugsetup/aim_maps.txt
L 12/07/2015 - 22:53:49: Error log file session closed.
L 12/07/2015 - 22:53:49: SourceMod error session started
L 12/07/2015 - 22:53:49: Info (map "surf_cubic") (file "errors_20151207.log")
L 12/07/2015 - 22:53:49: [SM] Plugin encountered error 25: Call was aborted
L 12/07/2015 - 22:53:49: [SM] Native "SetFailState" reported: CFG File not found: addons/sourcemod/configs/csgo_wpaints.cfg
L 12/07/2015 - 22:53:49: [SM] Displaying call stack trace for plugin "franug_weaponpaints.smx":
L 12/07/2015 - 22:53:49: [SM]   [0]  Line 394, franug_weaponpaints.sp::ReadPaints()
L 12/07/2015 - 22:53:49: [SM]   [1]  Line 101, franug_weaponpaints.sp::OnPluginStart()
L 12/07/2015 - 22:53:50: Failed to auto generate config for pugsetup.smx, make sure the directory has write permission.
L 12/07/2015 - 22:53:50: [pugsetup.smx] Missing map file: addons/sourcemod/configs/pugsetup/maps.txt
L 12/07/2015 - 22:53:50: [pugsetup.smx] Missing map file: addons/sourcemod/configs/pugsetup/aim_maps.txt
