L 11/15/2015 - 00:02:43: SourceMod log file session started (file "L20151115.log") (Version "1.7.2-dev+5201")
L 11/15/2015 - 00:02:43: -------- Mapchange to de_dust2 --------
L 11/15/2015 - 00:31:54: SourceMod log file session started (file "L20151115.log") (Version "1.7.2-dev+5201")
L 11/15/2015 - 00:31:54: -------- Mapchange to de_dust2 --------
L 11/15/2015 - 18:55:23: SourceMod log file session started (file "L20151115.log") (Version "1.7.2-dev+5201")
L 11/15/2015 - 18:55:23: -------- Mapchange to de_dust2 --------
L 11/15/2015 - 18:56:03: SourceMod log file session started (file "L20151115.log") (Version "1.7.2-dev+5201")
L 11/15/2015 - 18:56:03: -------- Mapchange to de_dust2 --------
L 11/15/2015 - 18:56:47: -------- Mapchange to de_dust2 --------
L 11/15/2015 - 18:57:13: SourceMod log file session started (file "L20151115.log") (Version "1.7.2-dev+5201")
L 11/15/2015 - 18:57:13: -------- Mapchange to de_dust2 --------
L 11/15/2015 - 18:57:34: -------- Mapchange to de_dust2 --------
L 11/15/2015 - 20:27:13: SourceMod log file session started (file "L20151115.log") (Version "1.7.2-dev+5201")
L 11/15/2015 - 20:27:13: -------- Mapchange to de_dust2 --------
L 11/15/2015 - 20:27:53: -------- Mapchange to de_dust2 --------
L 11/15/2015 - 20:32:30: -------- Mapchange to de_cbble --------
L 11/15/2015 - 20:54:12: -------- Mapchange to de_cbble --------
L 11/15/2015 - 21:10:53: [SM] Changed map to "de_train"
L 11/15/2015 - 21:11:00: -------- Mapchange to de_train --------
L 11/15/2015 - 21:21:03: SourceMod log file session started (file "L20151115.log") (Version "1.7.2-dev+5201")
L 11/15/2015 - 21:21:03: -------- Mapchange to de_dust2 --------
L 11/15/2015 - 21:21:52: -------- Mapchange to de_dust2 --------
L 11/15/2015 - 21:26:26: SourceMod log file session started (file "L20151115.log") (Version "1.7.2-dev+5201")
L 11/15/2015 - 21:26:26: -------- Mapchange to de_dust2 --------
L 11/15/2015 - 21:30:53: -------- Mapchange to de_dust2 --------
L 11/15/2015 - 21:31:58: -------- Mapchange to de_inferno --------
L 11/15/2015 - 21:32:47: -------- Mapchange to de_inferno --------
L 11/15/2015 - 21:33:34: -------- Mapchange to de_nuke --------
L 11/15/2015 - 21:46:53: SourceMod log file session started (file "L20151115.log") (Version "1.7.2-dev+5201")
L 11/15/2015 - 21:46:53: -------- Mapchange to de_dust2 --------
