L 12/14/2015 - 00:48:54: SourceMod log file session started (file "L20151214.log") (Version "1.7.2")
L 12/14/2015 - 00:48:54: -------- Mapchange to kz_frozen_go --------
L 12/14/2015 - 01:53:06: -------- Mapchange to kz_frozen_go --------
L 12/14/2015 - 04:34:59: -------- Mapchange to kz_frozen_go --------
L 12/14/2015 - 04:43:28: -------- Mapchange to kz_frozen_go --------
L 12/14/2015 - 04:56:04: -------- Mapchange to kz_frozen_go --------
L 12/14/2015 - 20:22:22: -------- Mapchange to kz_frozen_go --------
L 12/14/2015 - 21:55:00: -------- Mapchange to kz_frozen_go --------
L 12/14/2015 - 22:12:44: -------- Mapchange to kz_frozen_go --------
L 12/14/2015 - 22:13:08: [basecommands.smx] "✪ Steve<35><STEAM_1:1:56910207><>" changed map to "surf"
L 12/14/2015 - 22:13:11: [SM] Changed map to "surf"
L 12/14/2015 - 22:13:12: -------- Mapchange to surf_wood --------
L 12/14/2015 - 22:13:13: [basecommands.smx] "Console<0><Console><Console>" changed cvar (cvar "sv_enablebunnyhopping") (value "1")
L 12/14/2015 - 22:14:37: [basecommands.smx] "✪ Steve<35><STEAM_1:1:56910207><>" changed map to "classics"
L 12/14/2015 - 22:14:41: [SM] Changed map to "classics"
L 12/14/2015 - 22:14:44: -------- Mapchange to surf_classics2 --------
L 12/14/2015 - 22:14:44: [basecommands.smx] "Console<0><Console><Console>" changed cvar (cvar "sv_enablebunnyhopping") (value "1")
L 12/14/2015 - 23:00:14: -------- Mapchange to surf_classics2 --------
L 12/14/2015 - 23:00:15: [basecommands.smx] "Console<0><Console><Console>" changed cvar (cvar "sv_enablebunnyhopping") (value "1")
L 12/14/2015 - 23:40:09: -------- Mapchange to surf_classics2 --------
L 12/14/2015 - 23:40:10: [basecommands.smx] "Console<0><Console><Console>" changed cvar (cvar "sv_enablebunnyhopping") (value "1")
L 12/14/2015 - 23:45:55: [basecommands.smx] "Claymoore<37><STEAM_1:0:47584314><>" changed map to "fruit"
L 12/14/2015 - 23:45:58: [SM] Changed map to "fruit"
L 12/14/2015 - 23:46:00: -------- Mapchange to surf_fruits --------
L 12/14/2015 - 23:46:01: [basecommands.smx] "Console<0><Console><Console>" changed cvar (cvar "sv_enablebunnyhopping") (value "1")
