L 11/13/2015 - 01:28:13: SourceMod log file session started (file "L20151113.log") (Version "1.7.2-dev+5201")
L 11/13/2015 - 01:28:13: -------- Mapchange to de_dust2 --------
L 11/13/2015 - 01:28:18: SourceMod log file session started (file "L20151113.log") (Version "1.7.2-dev+5201")
L 11/13/2015 - 01:28:18: -------- Mapchange to de_dust2 --------
L 11/13/2015 - 01:28:20: [UPDATER] Successfully updated gamedata file "sm-cstrike.games/game.csgo.txt"
L 11/13/2015 - 01:28:20: [UPDATER] Successfully updated gamedata file "core.games/engine.ep2.txt"
L 11/13/2015 - 01:28:20: [UPDATER] Successfully updated gamedata file "sdkhooks.games/game.kz.txt"
L 11/13/2015 - 01:28:20: [UPDATER] Successfully updated gamedata file "sdkhooks.games/game.fof.txt"
L 11/13/2015 - 01:28:20: [UPDATER] Successfully updated gamedata file "sdkhooks.games/engine.csgo.txt"
L 11/13/2015 - 01:28:20: [UPDATER] Successfully updated gamedata file "sdkhooks.games/game.modularcombat.txt"
L 11/13/2015 - 01:28:20: [UPDATER] Successfully updated gamedata file "sdkhooks.games/game.cstrike.txt"
L 11/13/2015 - 01:28:20: [UPDATER] Successfully updated gamedata file "sdkhooks.games/engine.ep2v.txt"
L 11/13/2015 - 01:28:20: [UPDATER] Successfully updated gamedata file "sdkhooks.games/master.games.txt"
L 11/13/2015 - 01:28:20: [UPDATER] Successfully updated gamedata file "sdkhooks.games/engine.insurgency.txt"
L 11/13/2015 - 01:28:20: [UPDATER] Successfully updated gamedata file "sm-tf2.games.txt"
L 11/13/2015 - 01:28:20: [UPDATER] Successfully updated gamedata file "sdktools.games/game.neotokyo.txt"
L 11/13/2015 - 01:28:20: [UPDATER] Successfully updated gamedata file "sdktools.games/game.hl2mp.txt"
L 11/13/2015 - 01:28:20: [UPDATER] Successfully updated gamedata file "sdktools.games/game.kz.txt"
L 11/13/2015 - 01:28:20: [UPDATER] Successfully updated gamedata file "sdktools.games/game.fof.txt"
L 11/13/2015 - 01:28:20: [UPDATER] Successfully updated gamedata file "sdktools.games/engine.ep1.txt"
L 11/13/2015 - 01:28:20: [UPDATER] Successfully updated gamedata file "sdktools.games/engine.csgo.txt"
L 11/13/2015 - 01:28:20: [UPDATER] Successfully updated gamedata file "sdktools.games/engine.ep2.txt"
L 11/13/2015 - 01:28:20: [UPDATER] Successfully updated gamedata file "sdktools.games/game.modularcombat.txt"
L 11/13/2015 - 01:28:20: [UPDATER] Successfully updated gamedata file "sdktools.games/game.cstrike.txt"
L 11/13/2015 - 01:28:20: [UPDATER] Successfully updated gamedata file "sdktools.games/game.dod.txt"
L 11/13/2015 - 01:28:20: [UPDATER] Successfully updated gamedata file "sdktools.games/master.games.txt"
L 11/13/2015 - 01:28:20: [UPDATER] Successfully updated gamedata file "sdktools.games/engine.insurgency.txt"
L 11/13/2015 - 01:28:20: [UPDATER] SourceMod has been updated, please reload it or restart your server.
L 11/13/2015 - 01:36:12: SourceMod log file session started (file "L20151113.log") (Version "1.7.2-dev+5201")
L 11/13/2015 - 01:36:12: -------- Mapchange to de_dust2 --------
L 11/13/2015 - 01:36:25: -------- Mapchange to de_dust2 --------
L 11/13/2015 - 01:39:11: -------- Mapchange to de_dust2 --------
L 11/13/2015 - 01:45:29: SourceMod log file session started (file "L20151113.log") (Version "1.7.2-dev+5201")
L 11/13/2015 - 01:45:29: -------- Mapchange to de_dust2 --------
L 11/13/2015 - 01:45:42: -------- Mapchange to de_dust2 --------
L 11/13/2015 - 01:57:09: SourceMod log file session started (file "L20151113.log") (Version "1.7.2-dev+5201")
L 11/13/2015 - 01:57:09: -------- Mapchange to de_dust2 --------
L 11/13/2015 - 01:57:18: -------- Mapchange to de_dust2 --------
L 11/13/2015 - 02:00:17: SourceMod log file session started (file "L20151113.log") (Version "1.7.2-dev+5201")
L 11/13/2015 - 02:00:17: -------- Mapchange to de_dust2 --------
L 11/13/2015 - 02:00:33: SourceMod log file session started (file "L20151113.log") (Version "1.7.2-dev+5201")
L 11/13/2015 - 02:00:33: -------- Mapchange to de_dust2 --------
L 11/13/2015 - 02:00:43: -------- Mapchange to de_dust2 --------
L 11/13/2015 - 02:06:17: SourceMod log file session started (file "L20151113.log") (Version "1.7.2-dev+5201")
L 11/13/2015 - 02:06:17: -------- Mapchange to de_dust2 --------
L 11/13/2015 - 02:06:52: -------- Mapchange to de_dust2 --------
L 11/13/2015 - 02:07:18: SourceMod log file session started (file "L20151113.log") (Version "1.7.2-dev+5201")
L 11/13/2015 - 02:07:18: -------- Mapchange to de_dust2 --------
L 11/13/2015 - 02:07:45: SourceMod log file session started (file "L20151113.log") (Version "1.7.2-dev+5201")
L 11/13/2015 - 02:07:45: -------- Mapchange to de_dust2 --------
L 11/13/2015 - 02:07:53: -------- Mapchange to de_dust2 --------
L 11/13/2015 - 02:08:16: -------- Mapchange to de_dust2 --------
L 11/13/2015 - 02:19:14: SourceMod log file session started (file "L20151113.log") (Version "1.7.2-dev+5201")
L 11/13/2015 - 02:19:14: -------- Mapchange to de_dust2 --------
L 11/13/2015 - 02:19:22: -------- Mapchange to de_dust2 --------
L 11/13/2015 - 02:51:44: [SM] Changed map to "de_train"
L 11/13/2015 - 02:51:52: -------- Mapchange to de_train --------
L 11/13/2015 - 02:57:03: -------- Mapchange to de_cache --------
L 11/13/2015 - 02:58:01: -------- Mapchange to de_zoo --------
L 11/13/2015 - 02:59:54: SourceMod log file session started (file "L20151113.log") (Version "1.7.2-dev+5201")
L 11/13/2015 - 02:59:54: -------- Mapchange to de_dust2 --------
L 11/13/2015 - 03:00:09: -------- Mapchange to de_dust2 --------
L 11/13/2015 - 03:00:32: -------- Mapchange to de_dust2 --------
L 11/13/2015 - 03:02:04: -------- Mapchange to de_dust2 --------
L 11/13/2015 - 03:03:17: -------- Mapchange to de_mirage --------
L 11/13/2015 - 03:25:55: SourceMod log file session started (file "L20151113.log") (Version "1.7.2-dev+5201")
L 11/13/2015 - 03:25:55: -------- Mapchange to de_dust2 --------
L 11/13/2015 - 03:26:01: SourceMod log file session started (file "L20151113.log") (Version "1.7.2-dev+5201")
L 11/13/2015 - 03:26:01: -------- Mapchange to de_dust2 --------
L 11/13/2015 - 03:33:09: SourceMod log file session started (file "L20151113.log") (Version "1.7.2-dev+5201")
L 11/13/2015 - 03:33:09: -------- Mapchange to de_dust2 --------
L 11/13/2015 - 03:33:51: -------- Mapchange to de_dust2 --------
L 11/13/2015 - 13:38:23: -------- Mapchange to de_dust2 --------
L 11/13/2015 - 13:47:54: SourceMod log file session started (file "L20151113.log") (Version "1.7.2-dev+5201")
L 11/13/2015 - 13:47:54: -------- Mapchange to de_dust2 --------
L 11/13/2015 - 13:49:09: -------- Mapchange to surf_aircontrol_ksf --------
L 11/13/2015 - 13:49:22: SourceMod log file session started (file "L20151113.log") (Version "1.7.2-dev+5201")
L 11/13/2015 - 13:49:22: -------- Mapchange to de_dust2 --------
L 11/13/2015 - 13:49:40: -------- Mapchange to de_dust2 --------
L 11/13/2015 - 13:53:40: SourceMod log file session started (file "L20151113.log") (Version "1.7.2-dev+5201")
L 11/13/2015 - 13:53:40: -------- Mapchange to de_dust2 --------
L 11/13/2015 - 13:55:48: SourceMod log file session started (file "L20151113.log") (Version "1.7.2-dev+5201")
L 11/13/2015 - 13:55:48: -------- Mapchange to de_dust2 --------
L 11/13/2015 - 13:59:30: -------- Mapchange to de_dust2 --------
L 11/13/2015 - 14:07:49: -------- Mapchange to surf_aircontrol_ksf --------
L 11/13/2015 - 14:07:57: SourceMod log file session started (file "L20151113.log") (Version "1.7.2-dev+5201")
L 11/13/2015 - 14:07:57: -------- Mapchange to de_dust2 --------
L 11/13/2015 - 14:09:04: -------- Mapchange to de_dust2 --------
L 11/13/2015 - 14:10:12: -------- Mapchange to surf_aircontrol_ksf --------
L 11/13/2015 - 14:10:20: SourceMod log file session started (file "L20151113.log") (Version "1.7.2-dev+5201")
L 11/13/2015 - 14:10:20: -------- Mapchange to de_dust2 --------
L 11/13/2015 - 14:11:34: -------- Mapchange to de_dust2 --------
L 11/13/2015 - 14:12:53: -------- Mapchange to de_mirage --------
L 11/13/2015 - 14:56:04: SourceMod log file session started (file "L20151113.log") (Version "1.7.2-dev+5201")
L 11/13/2015 - 14:56:04: -------- Mapchange to de_dust2 --------
L 11/13/2015 - 15:06:32: -------- Mapchange to de_dust2 --------
L 11/13/2015 - 15:12:08: [basecommands.smx] "Console<0><Console><Console>" changed cvar (cvar "sv_enablebunnyhopping") (value "1")
L 11/13/2015 - 15:12:08: [basecommands.smx] "Console<0><Console><Console>" changed cvar (cvar "net_maxfilesize") (value "64")
L 11/13/2015 - 15:13:15: -------- Mapchange to surf_aircontrol_ksf --------
L 11/13/2015 - 15:13:15: [basecommands.smx] "Console<0><Console><Console>" changed cvar (cvar "sv_enablebunnyhopping") (value "1")
L 11/13/2015 - 15:13:15: [basecommands.smx] "Console<0><Console><Console>" changed cvar (cvar "net_maxfilesize") (value "64")
L 11/13/2015 - 15:13:27: SourceMod log file session started (file "L20151113.log") (Version "1.7.2-dev+5201")
L 11/13/2015 - 15:13:27: -------- Mapchange to de_dust2 --------
L 11/13/2015 - 15:15:13: -------- Mapchange to de_dust2 --------
L 11/13/2015 - 15:41:13: SourceMod log file session started (file "L20151113.log") (Version "1.7.2-dev+5201")
L 11/13/2015 - 15:41:13: -------- Mapchange to de_dust2 --------
L 11/13/2015 - 15:42:39: SourceMod log file session started (file "L20151113.log") (Version "1.7.2-dev+5201")
L 11/13/2015 - 15:42:39: -------- Mapchange to de_dust2 --------
L 11/13/2015 - 15:43:39: -------- Mapchange to de_dust2 --------
L 11/13/2015 - 15:51:17: -------- Mapchange to de_mirage --------
L 11/13/2015 - 15:56:08: SourceMod log file session started (file "L20151113.log") (Version "1.7.2-dev+5201")
L 11/13/2015 - 15:56:08: -------- Mapchange to de_dust2 --------
L 11/13/2015 - 15:56:58: -------- Mapchange to de_dust2 --------
L 11/13/2015 - 16:01:34: -------- Mapchange to de_mirage --------
L 11/13/2015 - 16:05:00: -------- Mapchange to de_dust2 --------
L 11/13/2015 - 16:16:41: SourceMod log file session started (file "L20151113.log") (Version "1.7.2-dev+5201")
L 11/13/2015 - 16:16:41: -------- Mapchange to de_dust2 --------
L 11/13/2015 - 16:16:52: -------- Mapchange to de_dust2 --------
L 11/13/2015 - 16:33:29: -------- Mapchange to de_dust2 --------
L 11/13/2015 - 16:34:43: -------- Mapchange to de_dust2 --------
L 11/13/2015 - 22:38:48: -------- Mapchange to de_dust2 --------
L 11/13/2015 - 22:46:54: -------- Mapchange to de_dust2 --------
L 11/13/2015 - 22:47:42: -------- Mapchange to de_dust2 --------
L 11/13/2015 - 23:24:26: -------- Mapchange to de_dust2 --------
L 11/13/2015 - 23:30:24: -------- Mapchange to de_mirage --------
